[0.116s] Invoking command in '/home/pi/gps/Python-GPS-m8p-d/ros2_gps_ws/src/sensor_interfaces/build/sensor_interfaces': CMAKE_PREFIX_PATH=/opt/ros/humble /usr/bin/cmake /home/pi/gps/Python-GPS-m8p-d/ros2_gps_ws/src/sensor_interfaces -DCMAKE_INSTALL_PREFIX=/home/pi/gps/Python-GPS-m8p-d/ros2_gps_ws/src/sensor_interfaces/install/sensor_interfaces
[1.844s] -- The C compiler identification is GNU 11.2.0
[3.312s] -- The CXX compiler identification is GNU 11.2.0
[3.379s] -- Detecting C compiler ABI info
[4.222s] -- Detecting C compiler ABI info - done
[4.279s] -- Check for working C compiler: /usr/bin/cc - skipped
[4.283s] -- Detecting C compile features
[4.289s] -- Detecting C compile features - done
[4.316s] -- Detecting CXX compiler ABI info
[5.012s] -- Detecting CXX compiler ABI info - done
[5.070s] -- Check for working CXX compiler: /usr/bin/c++ - skipped
[5.073s] -- Detecting CXX compile features
[5.078s] -- Detecting CXX compile features - done
[5.153s] -- Found ament_cmake: 1.3.2 (/opt/ros/humble/share/ament_cmake/cmake)
[6.815s] -- Found Python3: /usr/bin/python3.10 (found version "3.10.4") found components: Interpreter 
[7.861s] -- Found rosidl_default_generators: 1.2.0 (/opt/ros/humble/share/rosidl_default_generators/cmake)
[7.919s] -- Using all available rosidl_typesupport_c: rosidl_typesupport_fastrtps_c;rosidl_typesupport_introspection_c
[8.045s] -- Found rosidl_adapter: 3.1.3 (/opt/ros/humble/share/rosidl_adapter/cmake)
[8.622s] -- Using all available rosidl_typesupport_cpp: rosidl_typesupport_fastrtps_cpp;rosidl_typesupport_introspection_cpp
[10.709s] [31mCMake Error at /opt/ros/humble/share/rosidl_adapter/cmake/rosidl_adapt_interfaces.cmake:59 (message):
[10.710s]   execute_process(/usr/bin/python3.10 -m rosidl_adapter --package-name
[10.712s]   sensor_interfaces --arguments-file
[10.713s]   /home/pi/gps/Python-GPS-m8p-d/ros2_gps_ws/src/sensor_interfaces/build/sensor_interfaces/rosidl_adapter__arguments__sensor_interfaces.json
[10.714s]   --output-dir
[10.715s]   /home/pi/gps/Python-GPS-m8p-d/ros2_gps_ws/src/sensor_interfaces/build/sensor_interfaces/rosidl_adapter/sensor_interfaces
[10.715s]   --output-file
[10.716s]   /home/pi/gps/Python-GPS-m8p-d/ros2_gps_ws/src/sensor_interfaces/build/sensor_interfaces/rosidl_adapter/sensor_interfaces.idls)
[10.718s]   returned error code 1:
[10.720s] 
[10.721s]   Traceback (most recent call last):
[10.723s] 
[10.724s]     File "/usr/lib/python3.10/runpy.py", line 196, in _run_module_as_main
[10.726s]       return _run_code(code, main_globals, None,
[10.728s]     File "/usr/lib/python3.10/runpy.py", line 86, in _run_code
[10.729s]       exec(code, run_globals)
[10.731s]     File "/opt/ros/humble/local/lib/python3.10/dist-packages/rosidl_adapter/__main__.py", line 19, in <module>
[10.732s]       sys.exit(main())
[10.733s]     File "/opt/ros/humble/local/lib/python3.10/dist-packages/rosidl_adapter/main.py", line 53, in main
[10.734s]       abs_idl_file = convert_to_idl(
[10.735s]     File "/opt/ros/humble/local/lib/python3.10/dist-packages/rosidl_adapter/__init__.py", line 24, in convert_to_idl
[10.737s]       return convert_srv_to_idl(
[10.738s]     File "/opt/ros/humble/local/lib/python3.10/dist-packages/rosidl_adapter/srv/__init__.py", line 28, in convert_srv_to_idl
[10.739s]       srv = parse_service_string(package_name, input_file.stem, content)
[10.740s]     File "/opt/ros/humble/local/lib/python3.10/dist-packages/rosidl_adapter/parser.py", line 850, in parse_service_string
[10.741s]       raise InvalidServiceSpecification(
[10.742s] 
[10.743s]   rosidl_adapter.parser.InvalidServiceSpecification: Could not find separator
[10.744s]   '---' between request and response
[10.746s] 
[10.747s] Call Stack (most recent call first):
[10.748s]   /opt/ros/humble/share/rosidl_cmake/cmake/rosidl_generate_interfaces.cmake:130 (rosidl_adapt_interfaces)
[10.749s]   CMakeLists.txt:16 (rosidl_generate_interfaces)
[10.750s] 
[10.752s] [0m
[10.755s] -- Configuring incomplete, errors occurred!
[10.759s] See also "/home/pi/gps/Python-GPS-m8p-d/ros2_gps_ws/src/sensor_interfaces/build/sensor_interfaces/CMakeFiles/CMakeOutput.log".
[10.763s] Invoked command in '/home/pi/gps/Python-GPS-m8p-d/ros2_gps_ws/src/sensor_interfaces/build/sensor_interfaces' returned '1': CMAKE_PREFIX_PATH=/opt/ros/humble /usr/bin/cmake /home/pi/gps/Python-GPS-m8p-d/ros2_gps_ws/src/sensor_interfaces -DCMAKE_INSTALL_PREFIX=/home/pi/gps/Python-GPS-m8p-d/ros2_gps_ws/src/sensor_interfaces/install/sensor_interfaces
