[1.362s] DEBUG:colcon:Command line arguments: ['/usr/bin/colcon', 'build', '--packages-select', 'gps_msgs']
[1.363s] DEBUG:colcon:Parsed command line arguments: Namespace(log_base=None, log_level=None, verb_name='build', build_base='build', install_base='install', merge_install=False, symlink_install=False, test_result_base=None, continue_on_error=False, executor='parallel', parallel_workers=4, event_handlers=None, ignore_user_meta=False, metas=['./colcon.meta'], base_paths=['.'], packages_ignore=None, packages_ignore_regex=None, paths=None, packages_up_to=None, packages_up_to_regex=None, packages_above=None, packages_above_and_dependencies=None, packages_above_depth=None, packages_select_by_dep=None, packages_skip_by_dep=None, packages_skip_up_to=None, packages_select_build_failed=False, packages_skip_build_finished=False, packages_select_test_failures=False, packages_skip_test_passed=False, packages_select=['gps_msgs'], packages_skip=None, packages_select_regex=None, packages_skip_regex=None, packages_start=None, packages_end=None, allow_overriding=[], cmake_args=None, cmake_target=None, cmake_target_skip_unavailable=False, cmake_clean_cache=False, cmake_clean_first=False, cmake_force_configure=False, ament_cmake_args=None, catkin_cmake_args=None, catkin_skip_building_tests=False, verb_parser=<colcon_defaults.argument_parser.defaults.DefaultArgumentsDecorator object at 0xffff89a175e0>, verb_extension=<colcon_core.verb.build.BuildVerb object at 0xffff89a17070>, main=<bound method BuildVerb.main of <colcon_core.verb.build.BuildVerb object at 0xffff89a17070>>)
[1.621s] Level 1:colcon.colcon_core.package_discovery:discover_packages(colcon_meta) check parameters
[1.621s] Level 1:colcon.colcon_core.package_discovery:discover_packages(recursive) check parameters
[1.622s] Level 1:colcon.colcon_core.package_discovery:discover_packages(ignore) check parameters
[1.622s] Level 1:colcon.colcon_core.package_discovery:discover_packages(path) check parameters
[1.622s] Level 1:colcon.colcon_core.package_discovery:discover_packages(colcon_meta) discover
[1.623s] Level 1:colcon.colcon_core.package_discovery:discover_packages(recursive) discover
[1.623s] INFO:colcon.colcon_core.package_discovery:Crawling recursively for packages in '/home/pi/gps/Python-GPS-m8p-d/ros2_gps_ws'
[1.624s] Level 1:colcon.colcon_core.package_identification:_identify(.) by extensions ['ignore', 'ignore_ament_install']
[1.625s] Level 1:colcon.colcon_core.package_identification:_identify(.) by extension 'ignore'
[1.625s] Level 1:colcon.colcon_core.package_identification:_identify(.) by extension 'ignore_ament_install'
[1.626s] Level 1:colcon.colcon_core.package_identification:_identify(.) by extensions ['colcon_pkg']
[1.626s] Level 1:colcon.colcon_core.package_identification:_identify(.) by extension 'colcon_pkg'
[1.626s] Level 1:colcon.colcon_core.package_identification:_identify(.) by extensions ['colcon_meta']
[1.627s] Level 1:colcon.colcon_core.package_identification:_identify(.) by extension 'colcon_meta'
[1.627s] Level 1:colcon.colcon_core.package_identification:_identify(.) by extensions ['ros']
[1.627s] Level 1:colcon.colcon_core.package_identification:_identify(.) by extension 'ros'
[1.718s] Level 1:colcon.colcon_core.package_identification:_identify(.) by extensions ['cmake', 'python']
[1.719s] Level 1:colcon.colcon_core.package_identification:_identify(.) by extension 'cmake'
[1.719s] Level 1:colcon.colcon_core.package_identification:_identify(.) by extension 'python'
[1.720s] Level 1:colcon.colcon_core.package_identification:_identify(.) by extensions ['python_setup_py']
[1.720s] Level 1:colcon.colcon_core.package_identification:_identify(.) by extension 'python_setup_py'
[1.721s] Level 1:colcon.colcon_core.package_identification:_identify(build) by extensions ['ignore', 'ignore_ament_install']
[1.722s] Level 1:colcon.colcon_core.package_identification:_identify(build) by extension 'ignore'
[1.722s] Level 1:colcon.colcon_core.package_identification:_identify(build) ignored
[1.724s] Level 1:colcon.colcon_core.package_identification:_identify(install) by extensions ['ignore', 'ignore_ament_install']
[1.724s] Level 1:colcon.colcon_core.package_identification:_identify(install) by extension 'ignore'
[1.725s] Level 1:colcon.colcon_core.package_identification:_identify(install) ignored
[1.726s] Level 1:colcon.colcon_core.package_identification:_identify(log) by extensions ['ignore', 'ignore_ament_install']
[1.727s] Level 1:colcon.colcon_core.package_identification:_identify(log) by extension 'ignore'
[1.727s] Level 1:colcon.colcon_core.package_identification:_identify(log) ignored
[1.728s] Level 1:colcon.colcon_core.package_identification:_identify(src) by extensions ['ignore', 'ignore_ament_install']
[1.729s] Level 1:colcon.colcon_core.package_identification:_identify(src) by extension 'ignore'
[1.729s] Level 1:colcon.colcon_core.package_identification:_identify(src) by extension 'ignore_ament_install'
[1.730s] Level 1:colcon.colcon_core.package_identification:_identify(src) by extensions ['colcon_pkg']
[1.730s] Level 1:colcon.colcon_core.package_identification:_identify(src) by extension 'colcon_pkg'
[1.730s] Level 1:colcon.colcon_core.package_identification:_identify(src) by extensions ['colcon_meta']
[1.731s] Level 1:colcon.colcon_core.package_identification:_identify(src) by extension 'colcon_meta'
[1.731s] Level 1:colcon.colcon_core.package_identification:_identify(src) by extensions ['ros']
[1.731s] Level 1:colcon.colcon_core.package_identification:_identify(src) by extension 'ros'
[1.732s] Level 1:colcon.colcon_core.package_identification:_identify(src) by extensions ['cmake', 'python']
[1.732s] Level 1:colcon.colcon_core.package_identification:_identify(src) by extension 'cmake'
[1.733s] Level 1:colcon.colcon_core.package_identification:_identify(src) by extension 'python'
[1.733s] Level 1:colcon.colcon_core.package_identification:_identify(src) by extensions ['python_setup_py']
[1.734s] Level 1:colcon.colcon_core.package_identification:_identify(src) by extension 'python_setup_py'
[1.735s] Level 1:colcon.colcon_core.package_identification:_identify(src/gps_umd) by extensions ['ignore', 'ignore_ament_install']
[1.735s] Level 1:colcon.colcon_core.package_identification:_identify(src/gps_umd) by extension 'ignore'
[1.736s] Level 1:colcon.colcon_core.package_identification:_identify(src/gps_umd) by extension 'ignore_ament_install'
[1.736s] Level 1:colcon.colcon_core.package_identification:_identify(src/gps_umd) by extensions ['colcon_pkg']
[1.737s] Level 1:colcon.colcon_core.package_identification:_identify(src/gps_umd) by extension 'colcon_pkg'
[1.737s] Level 1:colcon.colcon_core.package_identification:_identify(src/gps_umd) by extensions ['colcon_meta']
[1.737s] Level 1:colcon.colcon_core.package_identification:_identify(src/gps_umd) by extension 'colcon_meta'
[1.738s] Level 1:colcon.colcon_core.package_identification:_identify(src/gps_umd) by extensions ['ros']
[1.738s] Level 1:colcon.colcon_core.package_identification:_identify(src/gps_umd) by extension 'ros'
[1.739s] Level 1:colcon.colcon_core.package_identification:_identify(src/gps_umd) by extensions ['cmake', 'python']
[1.739s] Level 1:colcon.colcon_core.package_identification:_identify(src/gps_umd) by extension 'cmake'
[1.739s] Level 1:colcon.colcon_core.package_identification:_identify(src/gps_umd) by extension 'python'
[1.740s] Level 1:colcon.colcon_core.package_identification:_identify(src/gps_umd) by extensions ['python_setup_py']
[1.740s] Level 1:colcon.colcon_core.package_identification:_identify(src/gps_umd) by extension 'python_setup_py'
[1.741s] Level 1:colcon.colcon_core.package_identification:_identify(src/gps_umd/build) by extensions ['ignore', 'ignore_ament_install']
[1.742s] Level 1:colcon.colcon_core.package_identification:_identify(src/gps_umd/build) by extension 'ignore'
[1.742s] Level 1:colcon.colcon_core.package_identification:_identify(src/gps_umd/build) ignored
[1.743s] Level 1:colcon.colcon_core.package_identification:_identify(src/gps_umd/gps_msgs) by extensions ['ignore', 'ignore_ament_install']
[1.744s] Level 1:colcon.colcon_core.package_identification:_identify(src/gps_umd/gps_msgs) by extension 'ignore'
[1.745s] Level 1:colcon.colcon_core.package_identification:_identify(src/gps_umd/gps_msgs) by extension 'ignore_ament_install'
[1.745s] Level 1:colcon.colcon_core.package_identification:_identify(src/gps_umd/gps_msgs) by extensions ['colcon_pkg']
[1.745s] Level 1:colcon.colcon_core.package_identification:_identify(src/gps_umd/gps_msgs) by extension 'colcon_pkg'
[1.746s] Level 1:colcon.colcon_core.package_identification:_identify(src/gps_umd/gps_msgs) by extensions ['colcon_meta']
[1.746s] Level 1:colcon.colcon_core.package_identification:_identify(src/gps_umd/gps_msgs) by extension 'colcon_meta'
[1.747s] Level 1:colcon.colcon_core.package_identification:_identify(src/gps_umd/gps_msgs) by extensions ['ros']
[1.747s] Level 1:colcon.colcon_core.package_identification:_identify(src/gps_umd/gps_msgs) by extension 'ros'
[1.774s] DEBUG:colcon.colcon_core.package_identification:Package 'src/gps_umd/gps_msgs' with type 'ros.ament_cmake' and name 'gps_msgs'
[1.775s] Level 1:colcon.colcon_core.package_identification:_identify(src/gps_umd/gps_tools) by extensions ['ignore', 'ignore_ament_install']
[1.776s] Level 1:colcon.colcon_core.package_identification:_identify(src/gps_umd/gps_tools) by extension 'ignore'
[1.777s] Level 1:colcon.colcon_core.package_identification:_identify(src/gps_umd/gps_tools) by extension 'ignore_ament_install'
[1.777s] Level 1:colcon.colcon_core.package_identification:_identify(src/gps_umd/gps_tools) by extensions ['colcon_pkg']
[1.777s] Level 1:colcon.colcon_core.package_identification:_identify(src/gps_umd/gps_tools) by extension 'colcon_pkg'
[1.778s] Level 1:colcon.colcon_core.package_identification:_identify(src/gps_umd/gps_tools) by extensions ['colcon_meta']
[1.778s] Level 1:colcon.colcon_core.package_identification:_identify(src/gps_umd/gps_tools) by extension 'colcon_meta'
[1.779s] Level 1:colcon.colcon_core.package_identification:_identify(src/gps_umd/gps_tools) by extensions ['ros']
[1.779s] Level 1:colcon.colcon_core.package_identification:_identify(src/gps_umd/gps_tools) by extension 'ros'
[1.787s] DEBUG:colcon.colcon_core.package_identification:Package 'src/gps_umd/gps_tools' with type 'ros.ament_cmake' and name 'gps_tools'
[1.789s] Level 1:colcon.colcon_core.package_identification:_identify(src/gps_umd/gps_umd) by extensions ['ignore', 'ignore_ament_install']
[1.789s] Level 1:colcon.colcon_core.package_identification:_identify(src/gps_umd/gps_umd) by extension 'ignore'
[1.790s] Level 1:colcon.colcon_core.package_identification:_identify(src/gps_umd/gps_umd) by extension 'ignore_ament_install'
[1.790s] Level 1:colcon.colcon_core.package_identification:_identify(src/gps_umd/gps_umd) by extensions ['colcon_pkg']
[1.791s] Level 1:colcon.colcon_core.package_identification:_identify(src/gps_umd/gps_umd) by extension 'colcon_pkg'
[1.791s] Level 1:colcon.colcon_core.package_identification:_identify(src/gps_umd/gps_umd) by extensions ['colcon_meta']
[1.791s] Level 1:colcon.colcon_core.package_identification:_identify(src/gps_umd/gps_umd) by extension 'colcon_meta'
[1.792s] Level 1:colcon.colcon_core.package_identification:_identify(src/gps_umd/gps_umd) by extensions ['ros']
[1.792s] Level 1:colcon.colcon_core.package_identification:_identify(src/gps_umd/gps_umd) by extension 'ros'
[1.796s] DEBUG:colcon.colcon_core.package_identification:Package 'src/gps_umd/gps_umd' with type 'ros.catkin' and name 'gps_umd'
[1.798s] Level 1:colcon.colcon_core.package_identification:_identify(src/gps_umd/gpsd_client) by extensions ['ignore', 'ignore_ament_install']
[1.798s] Level 1:colcon.colcon_core.package_identification:_identify(src/gps_umd/gpsd_client) by extension 'ignore'
[1.799s] Level 1:colcon.colcon_core.package_identification:_identify(src/gps_umd/gpsd_client) by extension 'ignore_ament_install'
[1.799s] Level 1:colcon.colcon_core.package_identification:_identify(src/gps_umd/gpsd_client) by extensions ['colcon_pkg']
[1.800s] Level 1:colcon.colcon_core.package_identification:_identify(src/gps_umd/gpsd_client) by extension 'colcon_pkg'
[1.800s] Level 1:colcon.colcon_core.package_identification:_identify(src/gps_umd/gpsd_client) by extensions ['colcon_meta']
[1.800s] Level 1:colcon.colcon_core.package_identification:_identify(src/gps_umd/gpsd_client) by extension 'colcon_meta'
[1.801s] Level 1:colcon.colcon_core.package_identification:_identify(src/gps_umd/gpsd_client) by extensions ['ros']
[1.801s] Level 1:colcon.colcon_core.package_identification:_identify(src/gps_umd/gpsd_client) by extension 'ros'
[1.809s] DEBUG:colcon.colcon_core.package_identification:Package 'src/gps_umd/gpsd_client' with type 'ros.ament_cmake' and name 'gpsd_client'
[1.811s] Level 1:colcon.colcon_core.package_identification:_identify(src/gps_umd/install) by extensions ['ignore', 'ignore_ament_install']
[1.811s] Level 1:colcon.colcon_core.package_identification:_identify(src/gps_umd/install) by extension 'ignore'
[1.812s] Level 1:colcon.colcon_core.package_identification:_identify(src/gps_umd/install) ignored
[1.813s] Level 1:colcon.colcon_core.package_identification:_identify(src/gps_umd/log) by extensions ['ignore', 'ignore_ament_install']
[1.814s] Level 1:colcon.colcon_core.package_identification:_identify(src/gps_umd/log) by extension 'ignore'
[1.814s] Level 1:colcon.colcon_core.package_identification:_identify(src/gps_umd/log) ignored
[1.815s] Level 1:colcon.colcon_core.package_identification:_identify(src/more_interfaces) by extensions ['ignore', 'ignore_ament_install']
[1.816s] Level 1:colcon.colcon_core.package_identification:_identify(src/more_interfaces) by extension 'ignore'
[1.816s] Level 1:colcon.colcon_core.package_identification:_identify(src/more_interfaces) by extension 'ignore_ament_install'
[1.817s] Level 1:colcon.colcon_core.package_identification:_identify(src/more_interfaces) by extensions ['colcon_pkg']
[1.817s] Level 1:colcon.colcon_core.package_identification:_identify(src/more_interfaces) by extension 'colcon_pkg'
[1.817s] Level 1:colcon.colcon_core.package_identification:_identify(src/more_interfaces) by extensions ['colcon_meta']
[1.818s] Level 1:colcon.colcon_core.package_identification:_identify(src/more_interfaces) by extension 'colcon_meta'
[1.818s] Level 1:colcon.colcon_core.package_identification:_identify(src/more_interfaces) by extensions ['ros']
[1.818s] Level 1:colcon.colcon_core.package_identification:_identify(src/more_interfaces) by extension 'ros'
[1.819s] Level 1:colcon.colcon_core.package_identification:_identify(src/more_interfaces) by extensions ['cmake', 'python']
[1.819s] Level 1:colcon.colcon_core.package_identification:_identify(src/more_interfaces) by extension 'cmake'
[1.820s] Level 1:colcon.colcon_core.package_identification:_identify(src/more_interfaces) by extension 'python'
[1.820s] Level 1:colcon.colcon_core.package_identification:_identify(src/more_interfaces) by extensions ['python_setup_py']
[1.821s] Level 1:colcon.colcon_core.package_identification:_identify(src/more_interfaces) by extension 'python_setup_py'
[1.822s] Level 1:colcon.colcon_core.package_identification:_identify(src/more_interfaces/msg) by extensions ['ignore', 'ignore_ament_install']
[1.822s] Level 1:colcon.colcon_core.package_identification:_identify(src/more_interfaces/msg) by extension 'ignore'
[1.823s] Level 1:colcon.colcon_core.package_identification:_identify(src/more_interfaces/msg) by extension 'ignore_ament_install'
[1.823s] Level 1:colcon.colcon_core.package_identification:_identify(src/more_interfaces/msg) by extensions ['colcon_pkg']
[1.824s] Level 1:colcon.colcon_core.package_identification:_identify(src/more_interfaces/msg) by extension 'colcon_pkg'
[1.824s] Level 1:colcon.colcon_core.package_identification:_identify(src/more_interfaces/msg) by extensions ['colcon_meta']
[1.824s] Level 1:colcon.colcon_core.package_identification:_identify(src/more_interfaces/msg) by extension 'colcon_meta'
[1.825s] Level 1:colcon.colcon_core.package_identification:_identify(src/more_interfaces/msg) by extensions ['ros']
[1.825s] Level 1:colcon.colcon_core.package_identification:_identify(src/more_interfaces/msg) by extension 'ros'
[1.826s] Level 1:colcon.colcon_core.package_identification:_identify(src/more_interfaces/msg) by extensions ['cmake', 'python']
[1.826s] Level 1:colcon.colcon_core.package_identification:_identify(src/more_interfaces/msg) by extension 'cmake'
[1.827s] Level 1:colcon.colcon_core.package_identification:_identify(src/more_interfaces/msg) by extension 'python'
[1.827s] Level 1:colcon.colcon_core.package_identification:_identify(src/more_interfaces/msg) by extensions ['python_setup_py']
[1.827s] Level 1:colcon.colcon_core.package_identification:_identify(src/more_interfaces/msg) by extension 'python_setup_py'
[1.828s] Level 1:colcon.colcon_core.package_identification:_identify(src/sensor_data) by extensions ['ignore', 'ignore_ament_install']
[1.829s] Level 1:colcon.colcon_core.package_identification:_identify(src/sensor_data) by extension 'ignore'
[1.830s] Level 1:colcon.colcon_core.package_identification:_identify(src/sensor_data) by extension 'ignore_ament_install'
[1.830s] Level 1:colcon.colcon_core.package_identification:_identify(src/sensor_data) by extensions ['colcon_pkg']
[1.830s] Level 1:colcon.colcon_core.package_identification:_identify(src/sensor_data) by extension 'colcon_pkg'
[1.831s] Level 1:colcon.colcon_core.package_identification:_identify(src/sensor_data) by extensions ['colcon_meta']
[1.831s] Level 1:colcon.colcon_core.package_identification:_identify(src/sensor_data) by extension 'colcon_meta'
[1.832s] Level 1:colcon.colcon_core.package_identification:_identify(src/sensor_data) by extensions ['ros']
[1.832s] Level 1:colcon.colcon_core.package_identification:_identify(src/sensor_data) by extension 'ros'
[1.837s] DEBUG:colcon.colcon_core.package_identification:Package 'src/sensor_data' with type 'ros.ament_python' and name 'sensor_data'
[1.837s] Level 1:colcon.colcon_core.package_discovery:discover_packages(recursive) using defaults
[1.838s] Level 1:colcon.colcon_core.package_discovery:discover_packages(ignore) discover
[1.838s] Level 1:colcon.colcon_core.package_discovery:discover_packages(ignore) using defaults
[1.838s] Level 1:colcon.colcon_core.package_discovery:discover_packages(path) discover
[1.838s] Level 1:colcon.colcon_core.package_discovery:discover_packages(path) using defaults
[2.020s] INFO:colcon.colcon_core.package_selection:Skipping not selected package 'sensor_data' in 'src/sensor_data'
[2.021s] INFO:colcon.colcon_core.package_selection:Skipping not selected package 'gps_tools' in 'src/gps_umd/gps_tools'
[2.021s] INFO:colcon.colcon_core.package_selection:Skipping not selected package 'gpsd_client' in 'src/gps_umd/gpsd_client'
[2.021s] INFO:colcon.colcon_core.package_selection:Skipping not selected package 'gps_umd' in 'src/gps_umd/gps_umd'
[2.027s] Level 1:colcon.colcon_core.package_discovery:discover_packages(prefix_path) check parameters
[2.028s] Level 1:colcon.colcon_core.package_discovery:discover_packages(prefix_path) discover
[2.063s] DEBUG:colcon.colcon_installed_package_information.package_discovery:Found 270 installed packages in /opt/ros/humble
[2.077s] Level 1:colcon.colcon_core.package_discovery:discover_packages(prefix_path) using defaults
[2.664s] Level 5:colcon.colcon_core.verb:set package 'gps_msgs' build argument 'cmake_args' from command line to 'None'
[2.664s] Level 5:colcon.colcon_core.verb:set package 'gps_msgs' build argument 'cmake_target' from command line to 'None'
[2.664s] Level 5:colcon.colcon_core.verb:set package 'gps_msgs' build argument 'cmake_target_skip_unavailable' from command line to 'False'
[2.665s] Level 5:colcon.colcon_core.verb:set package 'gps_msgs' build argument 'cmake_clean_cache' from command line to 'False'
[2.665s] Level 5:colcon.colcon_core.verb:set package 'gps_msgs' build argument 'cmake_clean_first' from command line to 'False'
[2.665s] Level 5:colcon.colcon_core.verb:set package 'gps_msgs' build argument 'cmake_force_configure' from command line to 'False'
[2.665s] Level 5:colcon.colcon_core.verb:set package 'gps_msgs' build argument 'ament_cmake_args' from command line to 'None'
[2.665s] Level 5:colcon.colcon_core.verb:set package 'gps_msgs' build argument 'catkin_cmake_args' from command line to 'None'
[2.666s] Level 5:colcon.colcon_core.verb:set package 'gps_msgs' build argument 'catkin_skip_building_tests' from command line to 'False'
[2.666s] DEBUG:colcon.colcon_core.verb:Building package 'gps_msgs' with the following arguments: {'ament_cmake_args': None, 'build_base': '/home/pi/gps/Python-GPS-m8p-d/ros2_gps_ws/build/gps_msgs', 'catkin_cmake_args': None, 'catkin_skip_building_tests': False, 'cmake_args': None, 'cmake_clean_cache': False, 'cmake_clean_first': False, 'cmake_force_configure': False, 'cmake_target': None, 'cmake_target_skip_unavailable': False, 'install_base': '/home/pi/gps/Python-GPS-m8p-d/ros2_gps_ws/install/gps_msgs', 'merge_install': False, 'path': '/home/pi/gps/Python-GPS-m8p-d/ros2_gps_ws/src/gps_umd/gps_msgs', 'symlink_install': False, 'test_result_base': None}
[2.672s] INFO:colcon.colcon_core.executor:Executing jobs using 'parallel' executor
[2.704s] DEBUG:colcon.colcon_parallel_executor.executor.parallel:run_until_complete
[2.705s] INFO:colcon.colcon_ros.task.ament_cmake.build:Building ROS package in '/home/pi/gps/Python-GPS-m8p-d/ros2_gps_ws/src/gps_umd/gps_msgs' with build type 'ament_cmake'
[2.706s] INFO:colcon.colcon_cmake.task.cmake.build:Building CMake package in '/home/pi/gps/Python-GPS-m8p-d/ros2_gps_ws/src/gps_umd/gps_msgs'
[2.744s] INFO:colcon.colcon_core.plugin_system:Skipping extension 'colcon_core.shell.bat': Not used on non-Windows systems
[2.746s] INFO:colcon.colcon_core.shell:Skip shell extension 'powershell' for command environment: Not usable outside of PowerShell
[2.746s] DEBUG:colcon.colcon_core.shell:Skip shell extension 'dsv' for command environment
[2.823s] DEBUG:colcon.colcon_core.event_handler.log_command:Invoking command in '/home/pi/gps/Python-GPS-m8p-d/ros2_gps_ws/build/gps_msgs': CMAKE_PREFIX_PATH=/opt/ros/humble /usr/bin/cmake /home/pi/gps/Python-GPS-m8p-d/ros2_gps_ws/src/gps_umd/gps_msgs -DCMAKE_INSTALL_PREFIX=/home/pi/gps/Python-GPS-m8p-d/ros2_gps_ws/install/gps_msgs
[13.359s] DEBUG:colcon.colcon_core.event_handler.log_command:Invoked command in '/home/pi/gps/Python-GPS-m8p-d/ros2_gps_ws/build/gps_msgs' returned '0': CMAKE_PREFIX_PATH=/opt/ros/humble /usr/bin/cmake /home/pi/gps/Python-GPS-m8p-d/ros2_gps_ws/src/gps_umd/gps_msgs -DCMAKE_INSTALL_PREFIX=/home/pi/gps/Python-GPS-m8p-d/ros2_gps_ws/install/gps_msgs
[13.380s] DEBUG:colcon.colcon_core.event_handler.log_command:Invoking command in '/home/pi/gps/Python-GPS-m8p-d/ros2_gps_ws/build/gps_msgs': CMAKE_PREFIX_PATH=/opt/ros/humble /usr/bin/cmake --build /home/pi/gps/Python-GPS-m8p-d/ros2_gps_ws/build/gps_msgs -- -j4 -l4
[13.791s] DEBUG:colcon.colcon_core.event_handler.log_command:Invoked command in '/home/pi/gps/Python-GPS-m8p-d/ros2_gps_ws/build/gps_msgs' returned '2': CMAKE_PREFIX_PATH=/opt/ros/humble /usr/bin/cmake --build /home/pi/gps/Python-GPS-m8p-d/ros2_gps_ws/build/gps_msgs -- -j4 -l4
[14.586s] Level 1:colcon.colcon_core.environment:create_environment_scripts_only(gps_msgs)
[14.625s] Level 1:colcon.colcon_core.environment:checking '/home/pi/gps/Python-GPS-m8p-d/ros2_gps_ws/install/gps_msgs' for CMake module files
[14.633s] Level 1:colcon.colcon_core.environment:checking '/home/pi/gps/Python-GPS-m8p-d/ros2_gps_ws/install/gps_msgs' for CMake config files
[14.640s] Level 1:colcon.colcon_core.shell:create_environment_hook('gps_msgs', 'cmake_prefix_path')
[14.653s] INFO:colcon.colcon_core.shell:Creating environment hook '/home/pi/gps/Python-GPS-m8p-d/ros2_gps_ws/install/gps_msgs/share/gps_msgs/hook/cmake_prefix_path.ps1'
[14.658s] INFO:colcon.colcon_core.shell:Creating environment descriptor '/home/pi/gps/Python-GPS-m8p-d/ros2_gps_ws/install/gps_msgs/share/gps_msgs/hook/cmake_prefix_path.dsv'
[14.662s] INFO:colcon.colcon_core.shell:Creating environment hook '/home/pi/gps/Python-GPS-m8p-d/ros2_gps_ws/install/gps_msgs/share/gps_msgs/hook/cmake_prefix_path.sh'
[14.670s] Level 1:colcon.colcon_core.environment:checking '/home/pi/gps/Python-GPS-m8p-d/ros2_gps_ws/install/gps_msgs/lib'
[14.672s] Level 1:colcon.colcon_core.shell:create_environment_hook('gps_msgs', 'ld_library_path_lib')
[14.682s] INFO:colcon.colcon_core.shell:Creating environment hook '/home/pi/gps/Python-GPS-m8p-d/ros2_gps_ws/install/gps_msgs/share/gps_msgs/hook/ld_library_path_lib.ps1'
[14.685s] INFO:colcon.colcon_core.shell:Creating environment descriptor '/home/pi/gps/Python-GPS-m8p-d/ros2_gps_ws/install/gps_msgs/share/gps_msgs/hook/ld_library_path_lib.dsv'
[14.689s] INFO:colcon.colcon_core.shell:Creating environment hook '/home/pi/gps/Python-GPS-m8p-d/ros2_gps_ws/install/gps_msgs/share/gps_msgs/hook/ld_library_path_lib.sh'
[14.692s] Level 1:colcon.colcon_core.environment:checking '/home/pi/gps/Python-GPS-m8p-d/ros2_gps_ws/install/gps_msgs/bin'
[14.693s] Level 1:colcon.colcon_core.environment:checking '/home/pi/gps/Python-GPS-m8p-d/ros2_gps_ws/install/gps_msgs/lib/pkgconfig/gps_msgs.pc'
[14.696s] Level 1:colcon.colcon_core.environment:checking '/home/pi/gps/Python-GPS-m8p-d/ros2_gps_ws/install/gps_msgs/lib/python3.10/site-packages'
[14.698s] Level 1:colcon.colcon_core.environment:checking '/home/pi/gps/Python-GPS-m8p-d/ros2_gps_ws/install/gps_msgs/bin'
[14.709s] INFO:colcon.colcon_core.shell:Creating package script '/home/pi/gps/Python-GPS-m8p-d/ros2_gps_ws/install/gps_msgs/share/gps_msgs/package.ps1'
[14.716s] INFO:colcon.colcon_core.shell:Creating package descriptor '/home/pi/gps/Python-GPS-m8p-d/ros2_gps_ws/install/gps_msgs/share/gps_msgs/package.dsv'
[14.722s] INFO:colcon.colcon_core.shell:Creating package script '/home/pi/gps/Python-GPS-m8p-d/ros2_gps_ws/install/gps_msgs/share/gps_msgs/package.sh'
[14.729s] INFO:colcon.colcon_core.shell:Creating package script '/home/pi/gps/Python-GPS-m8p-d/ros2_gps_ws/install/gps_msgs/share/gps_msgs/package.bash'
[14.737s] INFO:colcon.colcon_core.shell:Creating package script '/home/pi/gps/Python-GPS-m8p-d/ros2_gps_ws/install/gps_msgs/share/gps_msgs/package.zsh'
[14.744s] Level 1:colcon.colcon_core.environment:create_file_with_runtime_dependencies(/home/pi/gps/Python-GPS-m8p-d/ros2_gps_ws/install/gps_msgs/share/colcon-core/packages/gps_msgs)
[14.757s] DEBUG:colcon.colcon_parallel_executor.executor.parallel:closing loop
[14.759s] DEBUG:colcon.colcon_parallel_executor.executor.parallel:loop closed
[14.759s] DEBUG:colcon.colcon_parallel_executor.executor.parallel:run_until_complete finished with '2'
[14.760s] DEBUG:colcon.colcon_core.event_reactor:joining thread
[14.819s] INFO:colcon.colcon_core.plugin_system:Skipping extension 'colcon_notification.desktop_notification.notify_send': Could not find 'notify-send'
[14.819s] INFO:colcon.colcon_core.plugin_system:Skipping extension 'colcon_notification.desktop_notification.terminal_notifier': Not used on non-Darwin systems
[14.820s] INFO:colcon.colcon_core.plugin_system:Skipping extension 'colcon_notification.desktop_notification.win32': Not used on non-Windows systems
[14.820s] INFO:colcon.colcon_notification.desktop_notification:Sending desktop notification using 'notify2'
[14.826s] DEBUG:colcon.colcon_notification.desktop_notification.notify2:Failed to initialize notify2: org.freedesktop.DBus.Error.ServiceUnknown: The name org.freedesktop.Notifications was not provided by any .service files
[14.827s] DEBUG:colcon.colcon_core.event_reactor:joined thread
[14.840s] INFO:colcon.colcon_core.shell:Creating prefix script '/home/pi/gps/Python-GPS-m8p-d/ros2_gps_ws/install/local_setup.ps1'
[14.848s] INFO:colcon.colcon_core.shell:Creating prefix util module '/home/pi/gps/Python-GPS-m8p-d/ros2_gps_ws/install/_local_setup_util_ps1.py'
[14.859s] INFO:colcon.colcon_core.shell:Creating prefix chain script '/home/pi/gps/Python-GPS-m8p-d/ros2_gps_ws/install/setup.ps1'
[14.870s] INFO:colcon.colcon_core.shell:Creating prefix script '/home/pi/gps/Python-GPS-m8p-d/ros2_gps_ws/install/local_setup.sh'
[14.875s] INFO:colcon.colcon_core.shell:Creating prefix util module '/home/pi/gps/Python-GPS-m8p-d/ros2_gps_ws/install/_local_setup_util_sh.py'
[14.879s] INFO:colcon.colcon_core.shell:Creating prefix chain script '/home/pi/gps/Python-GPS-m8p-d/ros2_gps_ws/install/setup.sh'
[14.914s] INFO:colcon.colcon_core.shell:Creating prefix script '/home/pi/gps/Python-GPS-m8p-d/ros2_gps_ws/install/local_setup.bash'
[14.923s] INFO:colcon.colcon_core.shell:Creating prefix chain script '/home/pi/gps/Python-GPS-m8p-d/ros2_gps_ws/install/setup.bash'
[14.934s] INFO:colcon.colcon_core.shell:Creating prefix script '/home/pi/gps/Python-GPS-m8p-d/ros2_gps_ws/install/local_setup.zsh'
[14.938s] INFO:colcon.colcon_core.shell:Creating prefix chain script '/home/pi/gps/Python-GPS-m8p-d/ros2_gps_ws/install/setup.zsh'
