running develop
Removing /home/pi/gps/Python-GPS-m8p-d/ros2_gps_ws/install/sensor_data/lib/python3.10/site-packages/sensor-data.egg-link (link to .)
running egg_info
writing ../../build/sensor_data/sensor_data.egg-info/PKG-INFO
writing dependency_links to ../../build/sensor_data/sensor_data.egg-info/dependency_links.txt
writing entry points to ../../build/sensor_data/sensor_data.egg-info/entry_points.txt
writing requirements to ../../build/sensor_data/sensor_data.egg-info/requires.txt
writing top-level names to ../../build/sensor_data/sensor_data.egg-info/top_level.txt
reading manifest file '../../build/sensor_data/sensor_data.egg-info/SOURCES.txt'
writing manifest file '../../build/sensor_data/sensor_data.egg-info/SOURCES.txt'
running build
running build_py
copying sensor_data/subscriber_member_function.py -> /home/pi/gps/Python-GPS-m8p-d/ros2_gps_ws/build/sensor_data/build/lib/sensor_data
copying sensor_data/publisher_member_function.py -> /home/pi/gps/Python-GPS-m8p-d/ros2_gps_ws/build/sensor_data/build/lib/sensor_data
running install
running install_lib
creating /home/pi/gps/Python-GPS-m8p-d/ros2_gps_ws/install/sensor_data/lib/python3.10/site-packages/sensor_data
copying /home/pi/gps/Python-GPS-m8p-d/ros2_gps_ws/build/sensor_data/build/lib/sensor_data/subscriber_member_function.py -> /home/pi/gps/Python-GPS-m8p-d/ros2_gps_ws/install/sensor_data/lib/python3.10/site-packages/sensor_data
copying /home/pi/gps/Python-GPS-m8p-d/ros2_gps_ws/build/sensor_data/build/lib/sensor_data/publish_data.py -> /home/pi/gps/Python-GPS-m8p-d/ros2_gps_ws/install/sensor_data/lib/python3.10/site-packages/sensor_data
copying /home/pi/gps/Python-GPS-m8p-d/ros2_gps_ws/build/sensor_data/build/lib/sensor_data/my_first_node.py -> /home/pi/gps/Python-GPS-m8p-d/ros2_gps_ws/install/sensor_data/lib/python3.10/site-packages/sensor_data
copying /home/pi/gps/Python-GPS-m8p-d/ros2_gps_ws/build/sensor_data/build/lib/sensor_data/__init__.py -> /home/pi/gps/Python-GPS-m8p-d/ros2_gps_ws/install/sensor_data/lib/python3.10/site-packages/sensor_data
copying /home/pi/gps/Python-GPS-m8p-d/ros2_gps_ws/build/sensor_data/build/lib/sensor_data/publisher_member_function.py -> /home/pi/gps/Python-GPS-m8p-d/ros2_gps_ws/install/sensor_data/lib/python3.10/site-packages/sensor_data
byte-compiling /home/pi/gps/Python-GPS-m8p-d/ros2_gps_ws/install/sensor_data/lib/python3.10/site-packages/sensor_data/subscriber_member_function.py to subscriber_member_function.cpython-310.pyc
byte-compiling /home/pi/gps/Python-GPS-m8p-d/ros2_gps_ws/install/sensor_data/lib/python3.10/site-packages/sensor_data/publish_data.py to publish_data.cpython-310.pyc
byte-compiling /home/pi/gps/Python-GPS-m8p-d/ros2_gps_ws/install/sensor_data/lib/python3.10/site-packages/sensor_data/my_first_node.py to my_first_node.cpython-310.pyc
byte-compiling /home/pi/gps/Python-GPS-m8p-d/ros2_gps_ws/install/sensor_data/lib/python3.10/site-packages/sensor_data/__init__.py to __init__.cpython-310.pyc
byte-compiling /home/pi/gps/Python-GPS-m8p-d/ros2_gps_ws/install/sensor_data/lib/python3.10/site-packages/sensor_data/publisher_member_function.py to publisher_member_function.cpython-310.pyc
running install_data
copying package.xml -> /home/pi/gps/Python-GPS-m8p-d/ros2_gps_ws/install/sensor_data/share/sensor_data
running install_egg_info
Copying ../../build/sensor_data/sensor_data.egg-info to /home/pi/gps/Python-GPS-m8p-d/ros2_gps_ws/install/sensor_data/lib/python3.10/site-packages/sensor_data-0.0.0-py3.10.egg-info
running install_scripts
Installing listener script to /home/pi/gps/Python-GPS-m8p-d/ros2_gps_ws/install/sensor_data/lib/sensor_data
Installing talker script to /home/pi/gps/Python-GPS-m8p-d/ros2_gps_ws/install/sensor_data/lib/sensor_data
writing list of installed files to '/home/pi/gps/Python-GPS-m8p-d/ros2_gps_ws/build/sensor_data/install.log'
