[0.251s] Invoking command in '/home/pi/gps/Python-GPS-m8p-d/ros2_gps_ws/src/build/gps_msgs': CMAKE_PREFIX_PATH=/home/pi/gps/Python-GPS-m8p-d/ros2_gps_ws/install/sensor_data:/opt/ros/humble /usr/bin/cmake /home/pi/gps/Python-GPS-m8p-d/ros2_gps_ws/src/gps_umd/gps_msgs -DAMENT_CMAKE_SYMLINK_INSTALL=1 -DCMAKE_INSTALL_PREFIX=/home/pi/gps/Python-GPS-m8p-d/ros2_gps_ws/src/install/gps_msgs
[3.878s] -- The C compiler identification is GNU 11.2.0
[5.395s] -- The CXX compiler identification is GNU 11.2.0
[5.530s] -- Detecting C compiler ABI info
[6.958s] -- Detecting C compiler ABI info - done
[7.022s] -- Check for working C compiler: /usr/bin/cc - skipped
[7.025s] -- Detecting C compile features
[7.031s] -- Detecting C compile features - done
[7.066s] -- Detecting CXX compiler ABI info
[9.054s] -- Detecting CXX compiler ABI info - done
[9.142s] -- Check for working CXX compiler: /usr/bin/c++ - skipped
[9.149s] -- Detecting CXX compile features
[9.155s] -- Detecting CXX compile features - done
[9.372s] -- Found ament_cmake: 1.3.2 (/opt/ros/humble/share/ament_cmake/cmake)
[11.446s] -- Found Python3: /usr/bin/python3.10 (found version "3.10.4") found components: Interpreter 
[12.504s] -- Override CMake install command with custom implementation using symlinks instead of copying resources
[13.193s] -- Found rosidl_default_generators: 1.2.0 (/opt/ros/humble/share/rosidl_default_generators/cmake)
[13.283s] -- Using all available rosidl_typesupport_c: rosidl_typesupport_fastrtps_c;rosidl_typesupport_introspection_c
[13.432s] -- Found rosidl_adapter: 3.1.3 (/opt/ros/humble/share/rosidl_adapter/cmake)
[14.215s] -- Using all available rosidl_typesupport_cpp: rosidl_typesupport_fastrtps_cpp;rosidl_typesupport_introspection_cpp
[14.815s] -- Found std_msgs: 4.2.2 (/opt/ros/humble/share/std_msgs/cmake)
[19.577s] -- Found ament_cmake_ros: 0.10.0 (/opt/ros/humble/share/ament_cmake_ros/cmake)
[22.060s] -- Using all available rosidl_typesupport_c: rosidl_typesupport_fastrtps_c;rosidl_typesupport_introspection_c
[24.943s] -- Using all available rosidl_typesupport_cpp: rosidl_typesupport_fastrtps_cpp;rosidl_typesupport_introspection_cpp
[25.167s] -- Found PythonInterp: /usr/bin/python3 (found suitable version "3.10.4", minimum required is "3.6") 
[25.205s] -- Found python_cmake_module: 0.10.0 (/opt/ros/humble/share/python_cmake_module/cmake)
[25.530s] -- Found PythonLibs: /usr/lib/aarch64-linux-gnu/libpython3.10.so (found suitable version "3.10.4", minimum required is "3.5") 
[25.531s] -- Using PYTHON_EXECUTABLE: /usr/bin/python3
[25.533s] -- Using PYTHON_INCLUDE_DIRS: /usr/include/python3.10
[25.535s] -- Using PYTHON_LIBRARIES: /usr/lib/aarch64-linux-gnu/libpython3.10.so
[25.742s] -- Found PythonExtra: .so  
[26.494s] -- Configuring done
[27.117s] -- Generating done
[27.164s] -- Build files have been written to: /home/pi/gps/Python-GPS-m8p-d/ros2_gps_ws/src/build/gps_msgs
[27.390s] Invoked command in '/home/pi/gps/Python-GPS-m8p-d/ros2_gps_ws/src/build/gps_msgs' returned '0': CMAKE_PREFIX_PATH=/home/pi/gps/Python-GPS-m8p-d/ros2_gps_ws/install/sensor_data:/opt/ros/humble /usr/bin/cmake /home/pi/gps/Python-GPS-m8p-d/ros2_gps_ws/src/gps_umd/gps_msgs -DAMENT_CMAKE_SYMLINK_INSTALL=1 -DCMAKE_INSTALL_PREFIX=/home/pi/gps/Python-GPS-m8p-d/ros2_gps_ws/src/install/gps_msgs
[27.415s] Invoking command in '/home/pi/gps/Python-GPS-m8p-d/ros2_gps_ws/src/build/gps_msgs': CMAKE_PREFIX_PATH=/home/pi/gps/Python-GPS-m8p-d/ros2_gps_ws/install/sensor_data:/opt/ros/humble /usr/bin/cmake --build /home/pi/gps/Python-GPS-m8p-d/ros2_gps_ws/src/build/gps_msgs -- -j4 -l4
[28.097s] [  2%] [34m[1mGenerating C code for ROS interfaces[0m
[28.357s] [  2%] Built target ament_cmake_python_symlink_gps_msgs
[28.380s] [  5%] [34m[1mGenerating C++ code for ROS interfaces[0m
[36.563s] running egg_info
[36.568s] creating gps_msgs.egg-info
[36.572s] writing gps_msgs.egg-info/PKG-INFO
[36.576s] writing dependency_links to gps_msgs.egg-info/dependency_links.txt
[36.579s] writing top-level names to gps_msgs.egg-info/top_level.txt
[36.585s] writing manifest file 'gps_msgs.egg-info/SOURCES.txt'
[36.609s] reading manifest file 'gps_msgs.egg-info/SOURCES.txt'
[36.622s] writing manifest file 'gps_msgs.egg-info/SOURCES.txt'
[37.536s] [  5%] Built target ament_cmake_python_build_gps_msgs_egg
[45.782s] [  5%] Built target gps_msgs__cpp
[46.028s] [ 10%] [34m[1mGenerating C++ introspection for ROS interfaces[0m
[46.032s] [ 12%] [34m[1mGenerating C++ type support dispatch for ROS interfaces[0m
[46.047s] [ 12%] [34m[1mGenerating C++ type support for eProsima Fast-RTPS[0m
[46.087s] [ 15%] [32mBuilding C object CMakeFiles/gps_msgs__rosidl_generator_c.dir/rosidl_generator_c/gps_msgs/msg/detail/gps_fix__functions.c.o[0m
[49.736s] [ 17%] [32mBuilding C object CMakeFiles/gps_msgs__rosidl_generator_c.dir/rosidl_generator_c/gps_msgs/msg/detail/gps_status__functions.c.o[0m
[53.939s] [ 20%] [32m[1mLinking C shared library libgps_msgs__rosidl_generator_c.so[0m
[58.786s] [ 20%] Built target gps_msgs__rosidl_generator_c
[59.639s] [ 23%] [34m[1mGenerating C type support for eProsima Fast-RTPS[0m
[64.888s] [ 25%] [32mBuilding CXX object CMakeFiles/gps_msgs__rosidl_typesupport_introspection_cpp.dir/rosidl_typesupport_introspection_cpp/gps_msgs/msg/detail/gps_fix__type_support.cpp.o[0m
[64.927s] [ 28%] [32mBuilding CXX object CMakeFiles/gps_msgs__rosidl_typesupport_cpp.dir/rosidl_typesupport_cpp/gps_msgs/msg/gps_fix__type_support.cpp.o[0m
[64.946s] [ 30%] [32mBuilding CXX object CMakeFiles/gps_msgs__rosidl_typesupport_fastrtps_cpp.dir/rosidl_typesupport_fastrtps_cpp/gps_msgs/msg/detail/dds_fastrtps/gps_fix__type_support.cpp.o[0m
