[2.220s] DEBUG:colcon:Command line arguments: ['/usr/bin/colcon', 'build', '--symlink-install']
[2.220s] DEBUG:colcon:Parsed command line arguments: Namespace(log_base=None, log_level=None, verb_name='build', build_base='build', install_base='install', merge_install=False, symlink_install=True, test_result_base=None, continue_on_error=False, executor='parallel', parallel_workers=4, event_handlers=None, ignore_user_meta=False, metas=['./colcon.meta'], base_paths=['.'], packages_ignore=None, packages_ignore_regex=None, paths=None, packages_up_to=None, packages_up_to_regex=None, packages_above=None, packages_above_and_dependencies=None, packages_above_depth=None, packages_select_by_dep=None, packages_skip_by_dep=None, packages_skip_up_to=None, packages_select_build_failed=False, packages_skip_build_finished=False, packages_select_test_failures=False, packages_skip_test_passed=False, packages_select=None, packages_skip=None, packages_select_regex=None, packages_skip_regex=None, packages_start=None, packages_end=None, allow_overriding=[], cmake_args=None, cmake_target=None, cmake_target_skip_unavailable=False, cmake_clean_cache=False, cmake_clean_first=False, cmake_force_configure=False, ament_cmake_args=None, catkin_cmake_args=None, catkin_skip_building_tests=False, verb_parser=<colcon_defaults.argument_parser.defaults.DefaultArgumentsDecorator object at 0xffff8d027310>, verb_extension=<colcon_core.verb.build.BuildVerb object at 0xffff8d026da0>, main=<bound method BuildVerb.main of <colcon_core.verb.build.BuildVerb object at 0xffff8d026da0>>)
[2.680s] Level 1:colcon.colcon_core.package_discovery:discover_packages(colcon_meta) check parameters
[2.681s] Level 1:colcon.colcon_core.package_discovery:discover_packages(recursive) check parameters
[2.681s] Level 1:colcon.colcon_core.package_discovery:discover_packages(ignore) check parameters
[2.682s] Level 1:colcon.colcon_core.package_discovery:discover_packages(path) check parameters
[2.682s] Level 1:colcon.colcon_core.package_discovery:discover_packages(colcon_meta) discover
[2.683s] Level 1:colcon.colcon_core.package_discovery:discover_packages(recursive) discover
[2.684s] INFO:colcon.colcon_core.package_discovery:Crawling recursively for packages in '/home/pi/gps/Python-GPS-m8p-d/ros2_gps_ws/src'
[2.685s] Level 1:colcon.colcon_core.package_identification:_identify(.) by extensions ['ignore', 'ignore_ament_install']
[2.686s] Level 1:colcon.colcon_core.package_identification:_identify(.) by extension 'ignore'
[2.687s] Level 1:colcon.colcon_core.package_identification:_identify(.) by extension 'ignore_ament_install'
[2.688s] Level 1:colcon.colcon_core.package_identification:_identify(.) by extensions ['colcon_pkg']
[2.689s] Level 1:colcon.colcon_core.package_identification:_identify(.) by extension 'colcon_pkg'
[2.689s] Level 1:colcon.colcon_core.package_identification:_identify(.) by extensions ['colcon_meta']
[2.690s] Level 1:colcon.colcon_core.package_identification:_identify(.) by extension 'colcon_meta'
[2.691s] Level 1:colcon.colcon_core.package_identification:_identify(.) by extensions ['ros']
[2.692s] Level 1:colcon.colcon_core.package_identification:_identify(.) by extension 'ros'
[2.840s] Level 1:colcon.colcon_core.package_identification:_identify(.) by extensions ['cmake', 'python']
[2.841s] Level 1:colcon.colcon_core.package_identification:_identify(.) by extension 'cmake'
[2.842s] Level 1:colcon.colcon_core.package_identification:_identify(.) by extension 'python'
[2.843s] Level 1:colcon.colcon_core.package_identification:_identify(.) by extensions ['python_setup_py']
[2.843s] Level 1:colcon.colcon_core.package_identification:_identify(.) by extension 'python_setup_py'
[2.845s] Level 1:colcon.colcon_core.package_identification:_identify(build) by extensions ['ignore', 'ignore_ament_install']
[2.847s] Level 1:colcon.colcon_core.package_identification:_identify(build) by extension 'ignore'
[2.848s] Level 1:colcon.colcon_core.package_identification:_identify(build) ignored
[2.850s] Level 1:colcon.colcon_core.package_identification:_identify(gps_umd) by extensions ['ignore', 'ignore_ament_install']
[2.851s] Level 1:colcon.colcon_core.package_identification:_identify(gps_umd) by extension 'ignore'
[2.852s] Level 1:colcon.colcon_core.package_identification:_identify(gps_umd) by extension 'ignore_ament_install'
[2.853s] Level 1:colcon.colcon_core.package_identification:_identify(gps_umd) by extensions ['colcon_pkg']
[2.854s] Level 1:colcon.colcon_core.package_identification:_identify(gps_umd) by extension 'colcon_pkg'
[2.855s] Level 1:colcon.colcon_core.package_identification:_identify(gps_umd) by extensions ['colcon_meta']
[2.855s] Level 1:colcon.colcon_core.package_identification:_identify(gps_umd) by extension 'colcon_meta'
[2.856s] Level 1:colcon.colcon_core.package_identification:_identify(gps_umd) by extensions ['ros']
[2.857s] Level 1:colcon.colcon_core.package_identification:_identify(gps_umd) by extension 'ros'
[2.858s] Level 1:colcon.colcon_core.package_identification:_identify(gps_umd) by extensions ['cmake', 'python']
[2.859s] Level 1:colcon.colcon_core.package_identification:_identify(gps_umd) by extension 'cmake'
[2.859s] Level 1:colcon.colcon_core.package_identification:_identify(gps_umd) by extension 'python'
[2.860s] Level 1:colcon.colcon_core.package_identification:_identify(gps_umd) by extensions ['python_setup_py']
[2.861s] Level 1:colcon.colcon_core.package_identification:_identify(gps_umd) by extension 'python_setup_py'
[2.863s] Level 1:colcon.colcon_core.package_identification:_identify(gps_umd/build) by extensions ['ignore', 'ignore_ament_install']
[2.865s] Level 1:colcon.colcon_core.package_identification:_identify(gps_umd/build) by extension 'ignore'
[2.866s] Level 1:colcon.colcon_core.package_identification:_identify(gps_umd/build) ignored
[2.867s] Level 1:colcon.colcon_core.package_identification:_identify(gps_umd/gps_msgs) by extensions ['ignore', 'ignore_ament_install']
[2.869s] Level 1:colcon.colcon_core.package_identification:_identify(gps_umd/gps_msgs) by extension 'ignore'
[2.870s] Level 1:colcon.colcon_core.package_identification:_identify(gps_umd/gps_msgs) by extension 'ignore_ament_install'
[2.871s] Level 1:colcon.colcon_core.package_identification:_identify(gps_umd/gps_msgs) by extensions ['colcon_pkg']
[2.871s] Level 1:colcon.colcon_core.package_identification:_identify(gps_umd/gps_msgs) by extension 'colcon_pkg'
[2.872s] Level 1:colcon.colcon_core.package_identification:_identify(gps_umd/gps_msgs) by extensions ['colcon_meta']
[2.873s] Level 1:colcon.colcon_core.package_identification:_identify(gps_umd/gps_msgs) by extension 'colcon_meta'
[2.874s] Level 1:colcon.colcon_core.package_identification:_identify(gps_umd/gps_msgs) by extensions ['ros']
[2.874s] Level 1:colcon.colcon_core.package_identification:_identify(gps_umd/gps_msgs) by extension 'ros'
[2.917s] DEBUG:colcon.colcon_core.package_identification:Package 'gps_umd/gps_msgs' with type 'ros.ament_cmake' and name 'gps_msgs'
[2.919s] Level 1:colcon.colcon_core.package_identification:_identify(gps_umd/gps_tools) by extensions ['ignore', 'ignore_ament_install']
[2.920s] Level 1:colcon.colcon_core.package_identification:_identify(gps_umd/gps_tools) by extension 'ignore'
[2.922s] Level 1:colcon.colcon_core.package_identification:_identify(gps_umd/gps_tools) by extension 'ignore_ament_install'
[2.923s] Level 1:colcon.colcon_core.package_identification:_identify(gps_umd/gps_tools) by extensions ['colcon_pkg']
[2.924s] Level 1:colcon.colcon_core.package_identification:_identify(gps_umd/gps_tools) by extension 'colcon_pkg'
[2.925s] Level 1:colcon.colcon_core.package_identification:_identify(gps_umd/gps_tools) by extensions ['colcon_meta']
[2.926s] Level 1:colcon.colcon_core.package_identification:_identify(gps_umd/gps_tools) by extension 'colcon_meta'
[2.928s] Level 1:colcon.colcon_core.package_identification:_identify(gps_umd/gps_tools) by extensions ['ros']
[2.929s] Level 1:colcon.colcon_core.package_identification:_identify(gps_umd/gps_tools) by extension 'ros'
[2.941s] DEBUG:colcon.colcon_core.package_identification:Package 'gps_umd/gps_tools' with type 'ros.ament_cmake' and name 'gps_tools'
[2.943s] Level 1:colcon.colcon_core.package_identification:_identify(gps_umd/gps_umd) by extensions ['ignore', 'ignore_ament_install']
[2.944s] Level 1:colcon.colcon_core.package_identification:_identify(gps_umd/gps_umd) by extension 'ignore'
[2.946s] Level 1:colcon.colcon_core.package_identification:_identify(gps_umd/gps_umd) by extension 'ignore_ament_install'
[2.947s] Level 1:colcon.colcon_core.package_identification:_identify(gps_umd/gps_umd) by extensions ['colcon_pkg']
[2.948s] Level 1:colcon.colcon_core.package_identification:_identify(gps_umd/gps_umd) by extension 'colcon_pkg'
[2.949s] Level 1:colcon.colcon_core.package_identification:_identify(gps_umd/gps_umd) by extensions ['colcon_meta']
[2.950s] Level 1:colcon.colcon_core.package_identification:_identify(gps_umd/gps_umd) by extension 'colcon_meta'
[2.951s] Level 1:colcon.colcon_core.package_identification:_identify(gps_umd/gps_umd) by extensions ['ros']
[2.952s] Level 1:colcon.colcon_core.package_identification:_identify(gps_umd/gps_umd) by extension 'ros'
[2.961s] DEBUG:colcon.colcon_core.package_identification:Package 'gps_umd/gps_umd' with type 'ros.catkin' and name 'gps_umd'
[2.962s] Level 1:colcon.colcon_core.package_identification:_identify(gps_umd/gpsd_client) by extensions ['ignore', 'ignore_ament_install']
[2.964s] Level 1:colcon.colcon_core.package_identification:_identify(gps_umd/gpsd_client) by extension 'ignore'
[2.965s] Level 1:colcon.colcon_core.package_identification:_identify(gps_umd/gpsd_client) by extension 'ignore_ament_install'
[2.966s] Level 1:colcon.colcon_core.package_identification:_identify(gps_umd/gpsd_client) by extensions ['colcon_pkg']
[2.967s] Level 1:colcon.colcon_core.package_identification:_identify(gps_umd/gpsd_client) by extension 'colcon_pkg'
[2.968s] Level 1:colcon.colcon_core.package_identification:_identify(gps_umd/gpsd_client) by extensions ['colcon_meta']
[2.969s] Level 1:colcon.colcon_core.package_identification:_identify(gps_umd/gpsd_client) by extension 'colcon_meta'
[2.970s] Level 1:colcon.colcon_core.package_identification:_identify(gps_umd/gpsd_client) by extensions ['ros']
[2.971s] Level 1:colcon.colcon_core.package_identification:_identify(gps_umd/gpsd_client) by extension 'ros'
[2.984s] DEBUG:colcon.colcon_core.package_identification:Package 'gps_umd/gpsd_client' with type 'ros.ament_cmake' and name 'gpsd_client'
[2.987s] Level 1:colcon.colcon_core.package_identification:_identify(gps_umd/install) by extensions ['ignore', 'ignore_ament_install']
[2.989s] Level 1:colcon.colcon_core.package_identification:_identify(gps_umd/install) by extension 'ignore'
[2.990s] Level 1:colcon.colcon_core.package_identification:_identify(gps_umd/install) ignored
[2.992s] Level 1:colcon.colcon_core.package_identification:_identify(gps_umd/log) by extensions ['ignore', 'ignore_ament_install']
[2.994s] Level 1:colcon.colcon_core.package_identification:_identify(gps_umd/log) by extension 'ignore'
[2.996s] Level 1:colcon.colcon_core.package_identification:_identify(gps_umd/log) ignored
[2.998s] Level 1:colcon.colcon_core.package_identification:_identify(install) by extensions ['ignore', 'ignore_ament_install']
[2.999s] Level 1:colcon.colcon_core.package_identification:_identify(install) by extension 'ignore'
[3.000s] Level 1:colcon.colcon_core.package_identification:_identify(install) ignored
[3.002s] Level 1:colcon.colcon_core.package_identification:_identify(log) by extensions ['ignore', 'ignore_ament_install']
[3.004s] Level 1:colcon.colcon_core.package_identification:_identify(log) by extension 'ignore'
[3.005s] Level 1:colcon.colcon_core.package_identification:_identify(log) ignored
[3.007s] Level 1:colcon.colcon_core.package_identification:_identify(more_interfaces) by extensions ['ignore', 'ignore_ament_install']
[3.008s] Level 1:colcon.colcon_core.package_identification:_identify(more_interfaces) by extension 'ignore'
[3.009s] Level 1:colcon.colcon_core.package_identification:_identify(more_interfaces) by extension 'ignore_ament_install'
[3.011s] Level 1:colcon.colcon_core.package_identification:_identify(more_interfaces) by extensions ['colcon_pkg']
[3.012s] Level 1:colcon.colcon_core.package_identification:_identify(more_interfaces) by extension 'colcon_pkg'
[3.013s] Level 1:colcon.colcon_core.package_identification:_identify(more_interfaces) by extensions ['colcon_meta']
[3.014s] Level 1:colcon.colcon_core.package_identification:_identify(more_interfaces) by extension 'colcon_meta'
[3.015s] Level 1:colcon.colcon_core.package_identification:_identify(more_interfaces) by extensions ['ros']
[3.016s] Level 1:colcon.colcon_core.package_identification:_identify(more_interfaces) by extension 'ros'
[3.018s] Level 1:colcon.colcon_core.package_identification:_identify(more_interfaces) by extensions ['cmake', 'python']
[3.018s] Level 1:colcon.colcon_core.package_identification:_identify(more_interfaces) by extension 'cmake'
[3.020s] Level 1:colcon.colcon_core.package_identification:_identify(more_interfaces) by extension 'python'
[3.021s] Level 1:colcon.colcon_core.package_identification:_identify(more_interfaces) by extensions ['python_setup_py']
[3.022s] Level 1:colcon.colcon_core.package_identification:_identify(more_interfaces) by extension 'python_setup_py'
[3.024s] Level 1:colcon.colcon_core.package_identification:_identify(more_interfaces/msg) by extensions ['ignore', 'ignore_ament_install']
[3.026s] Level 1:colcon.colcon_core.package_identification:_identify(more_interfaces/msg) by extension 'ignore'
[3.027s] Level 1:colcon.colcon_core.package_identification:_identify(more_interfaces/msg) by extension 'ignore_ament_install'
[3.029s] Level 1:colcon.colcon_core.package_identification:_identify(more_interfaces/msg) by extensions ['colcon_pkg']
[3.029s] Level 1:colcon.colcon_core.package_identification:_identify(more_interfaces/msg) by extension 'colcon_pkg'
[3.031s] Level 1:colcon.colcon_core.package_identification:_identify(more_interfaces/msg) by extensions ['colcon_meta']
[3.032s] Level 1:colcon.colcon_core.package_identification:_identify(more_interfaces/msg) by extension 'colcon_meta'
[3.033s] Level 1:colcon.colcon_core.package_identification:_identify(more_interfaces/msg) by extensions ['ros']
[3.033s] Level 1:colcon.colcon_core.package_identification:_identify(more_interfaces/msg) by extension 'ros'
[3.035s] Level 1:colcon.colcon_core.package_identification:_identify(more_interfaces/msg) by extensions ['cmake', 'python']
[3.035s] Level 1:colcon.colcon_core.package_identification:_identify(more_interfaces/msg) by extension 'cmake'
[3.036s] Level 1:colcon.colcon_core.package_identification:_identify(more_interfaces/msg) by extension 'python'
[3.037s] Level 1:colcon.colcon_core.package_identification:_identify(more_interfaces/msg) by extensions ['python_setup_py']
[3.038s] Level 1:colcon.colcon_core.package_identification:_identify(more_interfaces/msg) by extension 'python_setup_py'
[3.039s] Level 1:colcon.colcon_core.package_identification:_identify(sensor_data) by extensions ['ignore', 'ignore_ament_install']
[3.040s] Level 1:colcon.colcon_core.package_identification:_identify(sensor_data) by extension 'ignore'
[3.041s] Level 1:colcon.colcon_core.package_identification:_identify(sensor_data) by extension 'ignore_ament_install'
[3.042s] Level 1:colcon.colcon_core.package_identification:_identify(sensor_data) by extensions ['colcon_pkg']
[3.043s] Level 1:colcon.colcon_core.package_identification:_identify(sensor_data) by extension 'colcon_pkg'
[3.044s] Level 1:colcon.colcon_core.package_identification:_identify(sensor_data) by extensions ['colcon_meta']
[3.044s] Level 1:colcon.colcon_core.package_identification:_identify(sensor_data) by extension 'colcon_meta'
[3.045s] Level 1:colcon.colcon_core.package_identification:_identify(sensor_data) by extensions ['ros']
[3.046s] Level 1:colcon.colcon_core.package_identification:_identify(sensor_data) by extension 'ros'
[3.053s] DEBUG:colcon.colcon_core.package_identification:Package 'sensor_data' with type 'ros.ament_python' and name 'sensor_data'
[3.053s] Level 1:colcon.colcon_core.package_discovery:discover_packages(recursive) using defaults
[3.054s] Level 1:colcon.colcon_core.package_discovery:discover_packages(ignore) discover
[3.055s] Level 1:colcon.colcon_core.package_discovery:discover_packages(ignore) using defaults
[3.055s] Level 1:colcon.colcon_core.package_discovery:discover_packages(path) discover
[3.056s] Level 1:colcon.colcon_core.package_discovery:discover_packages(path) using defaults
[3.383s] Level 1:colcon.colcon_core.package_discovery:discover_packages(prefix_path) check parameters
[3.384s] Level 1:colcon.colcon_core.package_discovery:discover_packages(prefix_path) discover
[3.408s] WARNING:colcon.colcon_core.prefix_path.colcon:The path '/home/pi/gps/Python-GPS-m8p-d/ros2_gps_ws/install' in the environment variable COLCON_PREFIX_PATH doesn't exist
[3.409s] WARNING:colcon.colcon_ros.prefix_path.ament:The path '/home/pi/gps/Python-GPS-m8p-d/ros2_gps_ws/install/sensor_data' in the environment variable AMENT_PREFIX_PATH doesn't exist
[3.451s] DEBUG:colcon.colcon_installed_package_information.package_discovery:Found 270 installed packages in /opt/ros/humble
[3.466s] Level 1:colcon.colcon_core.package_discovery:discover_packages(prefix_path) using defaults
[4.435s] Level 5:colcon.colcon_core.verb:set package 'gps_msgs' build argument 'cmake_args' from command line to 'None'
[4.435s] Level 5:colcon.colcon_core.verb:set package 'gps_msgs' build argument 'cmake_target' from command line to 'None'
[4.436s] Level 5:colcon.colcon_core.verb:set package 'gps_msgs' build argument 'cmake_target_skip_unavailable' from command line to 'False'
[4.436s] Level 5:colcon.colcon_core.verb:set package 'gps_msgs' build argument 'cmake_clean_cache' from command line to 'False'
[4.436s] Level 5:colcon.colcon_core.verb:set package 'gps_msgs' build argument 'cmake_clean_first' from command line to 'False'
[4.437s] Level 5:colcon.colcon_core.verb:set package 'gps_msgs' build argument 'cmake_force_configure' from command line to 'False'
[4.437s] Level 5:colcon.colcon_core.verb:set package 'gps_msgs' build argument 'ament_cmake_args' from command line to 'None'
[4.437s] Level 5:colcon.colcon_core.verb:set package 'gps_msgs' build argument 'catkin_cmake_args' from command line to 'None'
[4.438s] Level 5:colcon.colcon_core.verb:set package 'gps_msgs' build argument 'catkin_skip_building_tests' from command line to 'False'
[4.438s] DEBUG:colcon.colcon_core.verb:Building package 'gps_msgs' with the following arguments: {'ament_cmake_args': None, 'build_base': '/home/pi/gps/Python-GPS-m8p-d/ros2_gps_ws/src/build/gps_msgs', 'catkin_cmake_args': None, 'catkin_skip_building_tests': False, 'cmake_args': None, 'cmake_clean_cache': False, 'cmake_clean_first': False, 'cmake_force_configure': False, 'cmake_target': None, 'cmake_target_skip_unavailable': False, 'install_base': '/home/pi/gps/Python-GPS-m8p-d/ros2_gps_ws/src/install/gps_msgs', 'merge_install': False, 'path': '/home/pi/gps/Python-GPS-m8p-d/ros2_gps_ws/src/gps_umd/gps_msgs', 'symlink_install': True, 'test_result_base': None}
[4.448s] Level 5:colcon.colcon_core.verb:set package 'sensor_data' build argument 'cmake_args' from command line to 'None'
[4.448s] Level 5:colcon.colcon_core.verb:set package 'sensor_data' build argument 'cmake_target' from command line to 'None'
[4.449s] Level 5:colcon.colcon_core.verb:set package 'sensor_data' build argument 'cmake_target_skip_unavailable' from command line to 'False'
[4.449s] Level 5:colcon.colcon_core.verb:set package 'sensor_data' build argument 'cmake_clean_cache' from command line to 'False'
[4.450s] Level 5:colcon.colcon_core.verb:set package 'sensor_data' build argument 'cmake_clean_first' from command line to 'False'
[4.451s] Level 5:colcon.colcon_core.verb:set package 'sensor_data' build argument 'cmake_force_configure' from command line to 'False'
[4.451s] Level 5:colcon.colcon_core.verb:set package 'sensor_data' build argument 'ament_cmake_args' from command line to 'None'
[4.452s] Level 5:colcon.colcon_core.verb:set package 'sensor_data' build argument 'catkin_cmake_args' from command line to 'None'
[4.452s] Level 5:colcon.colcon_core.verb:set package 'sensor_data' build argument 'catkin_skip_building_tests' from command line to 'False'
[4.452s] DEBUG:colcon.colcon_core.verb:Building package 'sensor_data' with the following arguments: {'ament_cmake_args': None, 'build_base': '/home/pi/gps/Python-GPS-m8p-d/ros2_gps_ws/src/build/sensor_data', 'catkin_cmake_args': None, 'catkin_skip_building_tests': False, 'cmake_args': None, 'cmake_clean_cache': False, 'cmake_clean_first': False, 'cmake_force_configure': False, 'cmake_target': None, 'cmake_target_skip_unavailable': False, 'install_base': '/home/pi/gps/Python-GPS-m8p-d/ros2_gps_ws/src/install/sensor_data', 'merge_install': False, 'path': '/home/pi/gps/Python-GPS-m8p-d/ros2_gps_ws/src/sensor_data', 'symlink_install': True, 'test_result_base': None}
[4.462s] Level 5:colcon.colcon_core.verb:set package 'gps_tools' build argument 'cmake_args' from command line to 'None'
[4.463s] Level 5:colcon.colcon_core.verb:set package 'gps_tools' build argument 'cmake_target' from command line to 'None'
[4.463s] Level 5:colcon.colcon_core.verb:set package 'gps_tools' build argument 'cmake_target_skip_unavailable' from command line to 'False'
[4.464s] Level 5:colcon.colcon_core.verb:set package 'gps_tools' build argument 'cmake_clean_cache' from command line to 'False'
[4.464s] Level 5:colcon.colcon_core.verb:set package 'gps_tools' build argument 'cmake_clean_first' from command line to 'False'
[4.464s] Level 5:colcon.colcon_core.verb:set package 'gps_tools' build argument 'cmake_force_configure' from command line to 'False'
[4.464s] Level 5:colcon.colcon_core.verb:set package 'gps_tools' build argument 'ament_cmake_args' from command line to 'None'
[4.465s] Level 5:colcon.colcon_core.verb:set package 'gps_tools' build argument 'catkin_cmake_args' from command line to 'None'
[4.465s] Level 5:colcon.colcon_core.verb:set package 'gps_tools' build argument 'catkin_skip_building_tests' from command line to 'False'
[4.465s] DEBUG:colcon.colcon_core.verb:Building package 'gps_tools' with the following arguments: {'ament_cmake_args': None, 'build_base': '/home/pi/gps/Python-GPS-m8p-d/ros2_gps_ws/src/build/gps_tools', 'catkin_cmake_args': None, 'catkin_skip_building_tests': False, 'cmake_args': None, 'cmake_clean_cache': False, 'cmake_clean_first': False, 'cmake_force_configure': False, 'cmake_target': None, 'cmake_target_skip_unavailable': False, 'install_base': '/home/pi/gps/Python-GPS-m8p-d/ros2_gps_ws/src/install/gps_tools', 'merge_install': False, 'path': '/home/pi/gps/Python-GPS-m8p-d/ros2_gps_ws/src/gps_umd/gps_tools', 'symlink_install': True, 'test_result_base': None}
[4.474s] Level 5:colcon.colcon_core.verb:set package 'gpsd_client' build argument 'cmake_args' from command line to 'None'
[4.475s] Level 5:colcon.colcon_core.verb:set package 'gpsd_client' build argument 'cmake_target' from command line to 'None'
[4.475s] Level 5:colcon.colcon_core.verb:set package 'gpsd_client' build argument 'cmake_target_skip_unavailable' from command line to 'False'
[4.475s] Level 5:colcon.colcon_core.verb:set package 'gpsd_client' build argument 'cmake_clean_cache' from command line to 'False'
[4.476s] Level 5:colcon.colcon_core.verb:set package 'gpsd_client' build argument 'cmake_clean_first' from command line to 'False'
[4.476s] Level 5:colcon.colcon_core.verb:set package 'gpsd_client' build argument 'cmake_force_configure' from command line to 'False'
[4.476s] Level 5:colcon.colcon_core.verb:set package 'gpsd_client' build argument 'ament_cmake_args' from command line to 'None'
[4.477s] Level 5:colcon.colcon_core.verb:set package 'gpsd_client' build argument 'catkin_cmake_args' from command line to 'None'
[4.477s] Level 5:colcon.colcon_core.verb:set package 'gpsd_client' build argument 'catkin_skip_building_tests' from command line to 'False'
[4.477s] DEBUG:colcon.colcon_core.verb:Building package 'gpsd_client' with the following arguments: {'ament_cmake_args': None, 'build_base': '/home/pi/gps/Python-GPS-m8p-d/ros2_gps_ws/src/build/gpsd_client', 'catkin_cmake_args': None, 'catkin_skip_building_tests': False, 'cmake_args': None, 'cmake_clean_cache': False, 'cmake_clean_first': False, 'cmake_force_configure': False, 'cmake_target': None, 'cmake_target_skip_unavailable': False, 'install_base': '/home/pi/gps/Python-GPS-m8p-d/ros2_gps_ws/src/install/gpsd_client', 'merge_install': False, 'path': '/home/pi/gps/Python-GPS-m8p-d/ros2_gps_ws/src/gps_umd/gpsd_client', 'symlink_install': True, 'test_result_base': None}
[4.486s] Level 5:colcon.colcon_core.verb:set package 'gps_umd' build argument 'cmake_args' from command line to 'None'
[4.487s] Level 5:colcon.colcon_core.verb:set package 'gps_umd' build argument 'cmake_target' from command line to 'None'
[4.487s] Level 5:colcon.colcon_core.verb:set package 'gps_umd' build argument 'cmake_target_skip_unavailable' from command line to 'False'
[4.487s] Level 5:colcon.colcon_core.verb:set package 'gps_umd' build argument 'cmake_clean_cache' from command line to 'False'
[4.487s] Level 5:colcon.colcon_core.verb:set package 'gps_umd' build argument 'cmake_clean_first' from command line to 'False'
[4.488s] Level 5:colcon.colcon_core.verb:set package 'gps_umd' build argument 'cmake_force_configure' from command line to 'False'
[4.488s] Level 5:colcon.colcon_core.verb:set package 'gps_umd' build argument 'ament_cmake_args' from command line to 'None'
[4.488s] Level 5:colcon.colcon_core.verb:set package 'gps_umd' build argument 'catkin_cmake_args' from command line to 'None'
[4.489s] Level 5:colcon.colcon_core.verb:set package 'gps_umd' build argument 'catkin_skip_building_tests' from command line to 'False'
[4.489s] DEBUG:colcon.colcon_core.verb:Building package 'gps_umd' with the following arguments: {'ament_cmake_args': None, 'build_base': '/home/pi/gps/Python-GPS-m8p-d/ros2_gps_ws/src/build/gps_umd', 'catkin_cmake_args': None, 'catkin_skip_building_tests': False, 'cmake_args': None, 'cmake_clean_cache': False, 'cmake_clean_first': False, 'cmake_force_configure': False, 'cmake_target': None, 'cmake_target_skip_unavailable': False, 'install_base': '/home/pi/gps/Python-GPS-m8p-d/ros2_gps_ws/src/install/gps_umd', 'merge_install': False, 'path': '/home/pi/gps/Python-GPS-m8p-d/ros2_gps_ws/src/gps_umd/gps_umd', 'symlink_install': True, 'test_result_base': None}
[4.495s] INFO:colcon.colcon_core.executor:Executing jobs using 'parallel' executor
[4.527s] DEBUG:colcon.colcon_parallel_executor.executor.parallel:run_until_complete
[4.530s] INFO:colcon.colcon_ros.task.ament_cmake.build:Building ROS package in '/home/pi/gps/Python-GPS-m8p-d/ros2_gps_ws/src/gps_umd/gps_msgs' with build type 'ament_cmake'
[4.531s] INFO:colcon.colcon_cmake.task.cmake.build:Building CMake package in '/home/pi/gps/Python-GPS-m8p-d/ros2_gps_ws/src/gps_umd/gps_msgs'
[4.596s] INFO:colcon.colcon_core.plugin_system:Skipping extension 'colcon_core.shell.bat': Not used on non-Windows systems
[4.599s] INFO:colcon.colcon_core.shell:Skip shell extension 'powershell' for command environment: Not usable outside of PowerShell
[4.600s] DEBUG:colcon.colcon_core.shell:Skip shell extension 'dsv' for command environment
[4.656s] INFO:colcon.colcon_ros.task.ament_python.build:Building ROS package in '/home/pi/gps/Python-GPS-m8p-d/ros2_gps_ws/src/sensor_data' with build type 'ament_python'
[4.658s] Level 1:colcon.colcon_core.shell:create_environment_hook('sensor_data', 'ament_prefix_path')
[4.677s] INFO:colcon.colcon_core.shell:Creating environment hook '/home/pi/gps/Python-GPS-m8p-d/ros2_gps_ws/src/install/sensor_data/share/sensor_data/hook/ament_prefix_path.ps1'
[4.688s] INFO:colcon.colcon_core.shell:Creating environment descriptor '/home/pi/gps/Python-GPS-m8p-d/ros2_gps_ws/src/install/sensor_data/share/sensor_data/hook/ament_prefix_path.dsv'
[4.699s] INFO:colcon.colcon_core.shell:Creating environment hook '/home/pi/gps/Python-GPS-m8p-d/ros2_gps_ws/src/install/sensor_data/share/sensor_data/hook/ament_prefix_path.sh'
[4.729s] INFO:colcon.colcon_core.shell:Skip shell extension 'powershell' for command environment: Not usable outside of PowerShell
[4.730s] DEBUG:colcon.colcon_core.shell:Skip shell extension 'dsv' for command environment
[4.789s] DEBUG:colcon.colcon_core.event_handler.log_command:Invoking command in '/home/pi/gps/Python-GPS-m8p-d/ros2_gps_ws/src/build/gps_msgs': CMAKE_PREFIX_PATH=/home/pi/gps/Python-GPS-m8p-d/ros2_gps_ws/install/sensor_data:/opt/ros/humble /usr/bin/cmake /home/pi/gps/Python-GPS-m8p-d/ros2_gps_ws/src/gps_umd/gps_msgs -DAMENT_CMAKE_SYMLINK_INSTALL=1 -DCMAKE_INSTALL_PREFIX=/home/pi/gps/Python-GPS-m8p-d/ros2_gps_ws/src/install/gps_msgs
[10.466s] INFO:colcon.colcon_core.task.python.build:Building Python package in '/home/pi/gps/Python-GPS-m8p-d/ros2_gps_ws/src/sensor_data'
[10.484s] INFO:colcon.colcon_core.shell:Skip shell extension 'powershell' for command environment: Not usable outside of PowerShell
[10.485s] DEBUG:colcon.colcon_core.shell:Skip shell extension 'dsv' for command environment
[17.775s] DEBUG:colcon.colcon_core.task.python.build:While undoing a previous installation files outside the Python library path are being ignored: /home/pi/gps/Python-GPS-m8p-d/ros2_gps_ws/src/install/sensor_data/share/ament_index/resource_index/packages/sensor_data
[17.775s] DEBUG:colcon.colcon_core.task.python.build:While undoing a previous installation files outside the Python library path are being ignored: /home/pi/gps/Python-GPS-m8p-d/ros2_gps_ws/src/install/sensor_data/share/sensor_data/package.xml
[17.780s] DEBUG:colcon.colcon_core.task.python.build:While undoing a previous installation files outside the Python library path are being ignored: /home/pi/gps/Python-GPS-m8p-d/ros2_gps_ws/src/install/sensor_data/lib/sensor_data/test_node
[17.812s] DEBUG:colcon.colcon_core.event_handler.log_command:Invoking command in '/home/pi/gps/Python-GPS-m8p-d/ros2_gps_ws/src/build/sensor_data': PYTHONPATH=/home/pi/gps/Python-GPS-m8p-d/ros2_gps_ws/src/install/sensor_data/lib/python3.10/site-packages:${PYTHONPATH} /usr/bin/python3 setup.py develop --prefix /home/pi/gps/Python-GPS-m8p-d/ros2_gps_ws/src/install/sensor_data --editable --build-directory /home/pi/gps/Python-GPS-m8p-d/ros2_gps_ws/src/build/sensor_data/build --no-deps install_data --install-dir /home/pi/gps/Python-GPS-m8p-d/ros2_gps_ws/src/install/sensor_data
[24.616s] Level 1:colcon.colcon_core.shell:create_environment_hook('sensor_data', 'pythonpath_develop')
[24.631s] INFO:colcon.colcon_core.shell:Creating environment hook '/home/pi/gps/Python-GPS-m8p-d/ros2_gps_ws/src/build/sensor_data/share/sensor_data/hook/pythonpath_develop.ps1'
[24.632s] DEBUG:colcon.colcon_core.event_handler.log_command:Invoked command in '/home/pi/gps/Python-GPS-m8p-d/ros2_gps_ws/src/build/sensor_data' returned '0': PYTHONPATH=/home/pi/gps/Python-GPS-m8p-d/ros2_gps_ws/src/install/sensor_data/lib/python3.10/site-packages:${PYTHONPATH} /usr/bin/python3 setup.py develop --prefix /home/pi/gps/Python-GPS-m8p-d/ros2_gps_ws/src/install/sensor_data --editable --build-directory /home/pi/gps/Python-GPS-m8p-d/ros2_gps_ws/src/build/sensor_data/build --no-deps install_data --install-dir /home/pi/gps/Python-GPS-m8p-d/ros2_gps_ws/src/install/sensor_data
[24.646s] INFO:colcon.colcon_core.shell:Creating environment descriptor '/home/pi/gps/Python-GPS-m8p-d/ros2_gps_ws/src/build/sensor_data/share/sensor_data/hook/pythonpath_develop.dsv'
[24.662s] INFO:colcon.colcon_core.shell:Creating environment hook '/home/pi/gps/Python-GPS-m8p-d/ros2_gps_ws/src/build/sensor_data/share/sensor_data/hook/pythonpath_develop.sh'
[24.771s] Level 1:colcon.colcon_core.environment:checking '/home/pi/gps/Python-GPS-m8p-d/ros2_gps_ws/src/install/sensor_data' for CMake module files
[24.777s] Level 1:colcon.colcon_core.environment:checking '/home/pi/gps/Python-GPS-m8p-d/ros2_gps_ws/src/install/sensor_data' for CMake config files
[24.788s] Level 1:colcon.colcon_core.environment:checking '/home/pi/gps/Python-GPS-m8p-d/ros2_gps_ws/src/install/sensor_data/lib'
[24.791s] Level 1:colcon.colcon_core.environment:checking '/home/pi/gps/Python-GPS-m8p-d/ros2_gps_ws/src/install/sensor_data/bin'
[24.793s] Level 1:colcon.colcon_core.environment:checking '/home/pi/gps/Python-GPS-m8p-d/ros2_gps_ws/src/install/sensor_data/lib/pkgconfig/sensor_data.pc'
[24.797s] Level 1:colcon.colcon_core.environment:checking '/home/pi/gps/Python-GPS-m8p-d/ros2_gps_ws/src/install/sensor_data/lib/python3.10/site-packages'
[24.798s] Level 1:colcon.colcon_core.shell:create_environment_hook('sensor_data', 'pythonpath')
[24.816s] INFO:colcon.colcon_core.shell:Creating environment hook '/home/pi/gps/Python-GPS-m8p-d/ros2_gps_ws/src/install/sensor_data/share/sensor_data/hook/pythonpath.ps1'
[24.825s] INFO:colcon.colcon_core.shell:Creating environment descriptor '/home/pi/gps/Python-GPS-m8p-d/ros2_gps_ws/src/install/sensor_data/share/sensor_data/hook/pythonpath.dsv'
[24.831s] INFO:colcon.colcon_core.shell:Creating environment hook '/home/pi/gps/Python-GPS-m8p-d/ros2_gps_ws/src/install/sensor_data/share/sensor_data/hook/pythonpath.sh'
[24.839s] Level 1:colcon.colcon_core.environment:checking '/home/pi/gps/Python-GPS-m8p-d/ros2_gps_ws/src/install/sensor_data/bin'
[24.840s] Level 1:colcon.colcon_core.environment:create_environment_scripts_only(sensor_data)
[24.854s] INFO:colcon.colcon_core.shell:Creating package script '/home/pi/gps/Python-GPS-m8p-d/ros2_gps_ws/src/install/sensor_data/share/sensor_data/package.ps1'
[24.863s] INFO:colcon.colcon_core.shell:Creating package descriptor '/home/pi/gps/Python-GPS-m8p-d/ros2_gps_ws/src/install/sensor_data/share/sensor_data/package.dsv'
[24.883s] INFO:colcon.colcon_core.shell:Creating package script '/home/pi/gps/Python-GPS-m8p-d/ros2_gps_ws/src/install/sensor_data/share/sensor_data/package.sh'
[24.892s] INFO:colcon.colcon_core.shell:Creating package script '/home/pi/gps/Python-GPS-m8p-d/ros2_gps_ws/src/install/sensor_data/share/sensor_data/package.bash'
[24.904s] INFO:colcon.colcon_core.shell:Creating package script '/home/pi/gps/Python-GPS-m8p-d/ros2_gps_ws/src/install/sensor_data/share/sensor_data/package.zsh'
[24.920s] Level 1:colcon.colcon_core.environment:create_file_with_runtime_dependencies(/home/pi/gps/Python-GPS-m8p-d/ros2_gps_ws/src/install/sensor_data/share/colcon-core/packages/sensor_data)
[31.928s] DEBUG:colcon.colcon_core.event_handler.log_command:Invoked command in '/home/pi/gps/Python-GPS-m8p-d/ros2_gps_ws/src/build/gps_msgs' returned '0': CMAKE_PREFIX_PATH=/home/pi/gps/Python-GPS-m8p-d/ros2_gps_ws/install/sensor_data:/opt/ros/humble /usr/bin/cmake /home/pi/gps/Python-GPS-m8p-d/ros2_gps_ws/src/gps_umd/gps_msgs -DAMENT_CMAKE_SYMLINK_INSTALL=1 -DCMAKE_INSTALL_PREFIX=/home/pi/gps/Python-GPS-m8p-d/ros2_gps_ws/src/install/gps_msgs
[31.953s] DEBUG:colcon.colcon_core.event_handler.log_command:Invoking command in '/home/pi/gps/Python-GPS-m8p-d/ros2_gps_ws/src/build/gps_msgs': CMAKE_PREFIX_PATH=/home/pi/gps/Python-GPS-m8p-d/ros2_gps_ws/install/sensor_data:/opt/ros/humble /usr/bin/cmake --build /home/pi/gps/Python-GPS-m8p-d/ros2_gps_ws/src/build/gps_msgs -- -j4 -l4
