[2.635s] DEBUG:colcon:Command line arguments: ['/usr/bin/colcon', 'build']
[2.637s] DEBUG:colcon:Parsed command line arguments: Namespace(log_base=None, log_level=None, verb_name='build', build_base='build', install_base='install', merge_install=False, symlink_install=False, test_result_base=None, continue_on_error=False, executor='parallel', parallel_workers=4, event_handlers=None, ignore_user_meta=False, metas=['./colcon.meta'], base_paths=['.'], packages_ignore=None, packages_ignore_regex=None, paths=None, packages_up_to=None, packages_up_to_regex=None, packages_above=None, packages_above_and_dependencies=None, packages_above_depth=None, packages_select_by_dep=None, packages_skip_by_dep=None, packages_skip_up_to=None, packages_select_build_failed=False, packages_skip_build_finished=False, packages_select_test_failures=False, packages_skip_test_passed=False, packages_select=None, packages_skip=None, packages_select_regex=None, packages_skip_regex=None, packages_start=None, packages_end=None, allow_overriding=[], cmake_args=None, cmake_target=None, cmake_target_skip_unavailable=False, cmake_clean_cache=False, cmake_clean_first=False, cmake_force_configure=False, ament_cmake_args=None, catkin_cmake_args=None, catkin_skip_building_tests=False, verb_parser=<colcon_defaults.argument_parser.defaults.DefaultArgumentsDecorator object at 0xffff961c3160>, verb_extension=<colcon_core.verb.build.BuildVerb object at 0xffff961c2bf0>, main=<bound method BuildVerb.main of <colcon_core.verb.build.BuildVerb object at 0xffff961c2bf0>>)
[3.469s] Level 1:colcon.colcon_core.package_discovery:discover_packages(colcon_meta) check parameters
[3.470s] Level 1:colcon.colcon_core.package_discovery:discover_packages(recursive) check parameters
[3.471s] Level 1:colcon.colcon_core.package_discovery:discover_packages(ignore) check parameters
[3.471s] Level 1:colcon.colcon_core.package_discovery:discover_packages(path) check parameters
[3.471s] Level 1:colcon.colcon_core.package_discovery:discover_packages(colcon_meta) discover
[3.472s] Level 1:colcon.colcon_core.package_discovery:discover_packages(recursive) discover
[3.472s] INFO:colcon.colcon_core.package_discovery:Crawling recursively for packages in '/home/pi/gps/Python-GPS-m8p-d/ros2_gps_ws/src'
[3.473s] Level 1:colcon.colcon_core.package_identification:_identify(.) by extensions ['ignore', 'ignore_ament_install']
[3.474s] Level 1:colcon.colcon_core.package_identification:_identify(.) by extension 'ignore'
[3.475s] Level 1:colcon.colcon_core.package_identification:_identify(.) by extension 'ignore_ament_install'
[3.475s] Level 1:colcon.colcon_core.package_identification:_identify(.) by extensions ['colcon_pkg']
[3.476s] Level 1:colcon.colcon_core.package_identification:_identify(.) by extension 'colcon_pkg'
[3.476s] Level 1:colcon.colcon_core.package_identification:_identify(.) by extensions ['colcon_meta']
[3.477s] Level 1:colcon.colcon_core.package_identification:_identify(.) by extension 'colcon_meta'
[3.477s] Level 1:colcon.colcon_core.package_identification:_identify(.) by extensions ['ros']
[3.477s] Level 1:colcon.colcon_core.package_identification:_identify(.) by extension 'ros'
[3.678s] Level 1:colcon.colcon_core.package_identification:_identify(.) by extensions ['cmake', 'python']
[3.678s] Level 1:colcon.colcon_core.package_identification:_identify(.) by extension 'cmake'
[3.679s] Level 1:colcon.colcon_core.package_identification:_identify(.) by extension 'python'
[3.679s] Level 1:colcon.colcon_core.package_identification:_identify(.) by extensions ['python_setup_py']
[3.679s] Level 1:colcon.colcon_core.package_identification:_identify(.) by extension 'python_setup_py'
[3.680s] Level 1:colcon.colcon_core.package_identification:_identify(build) by extensions ['ignore', 'ignore_ament_install']
[3.681s] Level 1:colcon.colcon_core.package_identification:_identify(build) by extension 'ignore'
[3.682s] Level 1:colcon.colcon_core.package_identification:_identify(build) ignored
[3.683s] Level 1:colcon.colcon_core.package_identification:_identify(install) by extensions ['ignore', 'ignore_ament_install']
[3.684s] Level 1:colcon.colcon_core.package_identification:_identify(install) by extension 'ignore'
[3.684s] Level 1:colcon.colcon_core.package_identification:_identify(install) ignored
[3.685s] Level 1:colcon.colcon_core.package_identification:_identify(log) by extensions ['ignore', 'ignore_ament_install']
[3.686s] Level 1:colcon.colcon_core.package_identification:_identify(log) by extension 'ignore'
[3.687s] Level 1:colcon.colcon_core.package_identification:_identify(log) ignored
[3.688s] Level 1:colcon.colcon_core.package_identification:_identify(sensor_data) by extensions ['ignore', 'ignore_ament_install']
[3.689s] Level 1:colcon.colcon_core.package_identification:_identify(sensor_data) by extension 'ignore'
[3.690s] Level 1:colcon.colcon_core.package_identification:_identify(sensor_data) by extension 'ignore_ament_install'
[3.690s] Level 1:colcon.colcon_core.package_identification:_identify(sensor_data) by extensions ['colcon_pkg']
[3.691s] Level 1:colcon.colcon_core.package_identification:_identify(sensor_data) by extension 'colcon_pkg'
[3.692s] Level 1:colcon.colcon_core.package_identification:_identify(sensor_data) by extensions ['colcon_meta']
[3.692s] Level 1:colcon.colcon_core.package_identification:_identify(sensor_data) by extension 'colcon_meta'
[3.693s] Level 1:colcon.colcon_core.package_identification:_identify(sensor_data) by extensions ['ros']
[3.693s] Level 1:colcon.colcon_core.package_identification:_identify(sensor_data) by extension 'ros'
[3.789s] DEBUG:colcon.colcon_core.package_identification:Package 'sensor_data' with type 'ros.ament_python' and name 'sensor_data'
[3.790s] Level 1:colcon.colcon_core.package_discovery:discover_packages(recursive) using defaults
[3.790s] Level 1:colcon.colcon_core.package_discovery:discover_packages(ignore) discover
[3.790s] Level 1:colcon.colcon_core.package_discovery:discover_packages(ignore) using defaults
[3.791s] Level 1:colcon.colcon_core.package_discovery:discover_packages(path) discover
[3.791s] Level 1:colcon.colcon_core.package_discovery:discover_packages(path) using defaults
[4.371s] Level 1:colcon.colcon_core.package_discovery:discover_packages(prefix_path) check parameters
[4.372s] Level 1:colcon.colcon_core.package_discovery:discover_packages(prefix_path) discover
[4.447s] DEBUG:colcon.colcon_installed_package_information.package_discovery:Found 1 installed packages in /home/pi/gps/Python-GPS-m8p-d/ros2_gps_ws/install
[4.498s] DEBUG:colcon.colcon_installed_package_information.package_discovery:Found 270 installed packages in /opt/ros/humble
[4.513s] Level 1:colcon.colcon_core.package_discovery:discover_packages(prefix_path) using defaults
[6.214s] Level 5:colcon.colcon_core.verb:set package 'sensor_data' build argument 'cmake_args' from command line to 'None'
[6.215s] Level 5:colcon.colcon_core.verb:set package 'sensor_data' build argument 'cmake_target' from command line to 'None'
[6.220s] Level 5:colcon.colcon_core.verb:set package 'sensor_data' build argument 'cmake_target_skip_unavailable' from command line to 'False'
[6.221s] Level 5:colcon.colcon_core.verb:set package 'sensor_data' build argument 'cmake_clean_cache' from command line to 'False'
[6.222s] Level 5:colcon.colcon_core.verb:set package 'sensor_data' build argument 'cmake_clean_first' from command line to 'False'
[6.223s] Level 5:colcon.colcon_core.verb:set package 'sensor_data' build argument 'cmake_force_configure' from command line to 'False'
[6.223s] Level 5:colcon.colcon_core.verb:set package 'sensor_data' build argument 'ament_cmake_args' from command line to 'None'
[6.225s] Level 5:colcon.colcon_core.verb:set package 'sensor_data' build argument 'catkin_cmake_args' from command line to 'None'
[6.226s] Level 5:colcon.colcon_core.verb:set package 'sensor_data' build argument 'catkin_skip_building_tests' from command line to 'False'
[6.227s] DEBUG:colcon.colcon_core.verb:Building package 'sensor_data' with the following arguments: {'ament_cmake_args': None, 'build_base': '/home/pi/gps/Python-GPS-m8p-d/ros2_gps_ws/src/build/sensor_data', 'catkin_cmake_args': None, 'catkin_skip_building_tests': False, 'cmake_args': None, 'cmake_clean_cache': False, 'cmake_clean_first': False, 'cmake_force_configure': False, 'cmake_target': None, 'cmake_target_skip_unavailable': False, 'install_base': '/home/pi/gps/Python-GPS-m8p-d/ros2_gps_ws/src/install/sensor_data', 'merge_install': False, 'path': '/home/pi/gps/Python-GPS-m8p-d/ros2_gps_ws/src/sensor_data', 'symlink_install': False, 'test_result_base': None}
[6.236s] INFO:colcon.colcon_core.executor:Executing jobs using 'parallel' executor
[6.311s] DEBUG:colcon.colcon_parallel_executor.executor.parallel:run_until_complete
[6.346s] INFO:colcon.colcon_ros.task.ament_python.build:Building ROS package in '/home/pi/gps/Python-GPS-m8p-d/ros2_gps_ws/src/sensor_data' with build type 'ament_python'
[6.348s] Level 1:colcon.colcon_core.shell:create_environment_hook('sensor_data', 'ament_prefix_path')
[6.511s] INFO:colcon.colcon_core.plugin_system:Skipping extension 'colcon_core.shell.bat': Not used on non-Windows systems
[6.513s] INFO:colcon.colcon_core.shell:Creating environment hook '/home/pi/gps/Python-GPS-m8p-d/ros2_gps_ws/src/install/sensor_data/share/sensor_data/hook/ament_prefix_path.ps1'
[6.562s] INFO:colcon.colcon_core.shell:Creating environment descriptor '/home/pi/gps/Python-GPS-m8p-d/ros2_gps_ws/src/install/sensor_data/share/sensor_data/hook/ament_prefix_path.dsv'
[6.571s] INFO:colcon.colcon_core.shell:Creating environment hook '/home/pi/gps/Python-GPS-m8p-d/ros2_gps_ws/src/install/sensor_data/share/sensor_data/hook/ament_prefix_path.sh'
[6.599s] INFO:colcon.colcon_core.shell:Skip shell extension 'powershell' for command environment: Not usable outside of PowerShell
[6.601s] DEBUG:colcon.colcon_core.shell:Skip shell extension 'dsv' for command environment
[45.679s] INFO:colcon.colcon_core.task.python.build:Building Python package in '/home/pi/gps/Python-GPS-m8p-d/ros2_gps_ws/src/sensor_data'
[45.696s] INFO:colcon.colcon_core.shell:Skip shell extension 'powershell' for command environment: Not usable outside of PowerShell
[45.696s] DEBUG:colcon.colcon_core.shell:Skip shell extension 'dsv' for command environment
[783.747s] DEBUG:colcon.colcon_core.event_handler.log_command:Invoking command in '/home/pi/gps/Python-GPS-m8p-d/ros2_gps_ws/src/sensor_data': PYTHONPATH=/home/pi/gps/Python-GPS-m8p-d/ros2_gps_ws/src/install/sensor_data/lib/python3.10/site-packages:${PYTHONPATH} /usr/bin/python3 setup.py egg_info --egg-base ../build/sensor_data build --build-base /home/pi/gps/Python-GPS-m8p-d/ros2_gps_ws/src/build/sensor_data/build install --prefix /home/pi/gps/Python-GPS-m8p-d/ros2_gps_ws/src/install/sensor_data --record /home/pi/gps/Python-GPS-m8p-d/ros2_gps_ws/src/build/sensor_data/install.log --single-version-externally-managed
[794.020s] DEBUG:colcon.colcon_core.event_handler.log_command:Invoked command in '/home/pi/gps/Python-GPS-m8p-d/ros2_gps_ws/src/sensor_data' returned '0': PYTHONPATH=/home/pi/gps/Python-GPS-m8p-d/ros2_gps_ws/src/install/sensor_data/lib/python3.10/site-packages:${PYTHONPATH} /usr/bin/python3 setup.py egg_info --egg-base ../build/sensor_data build --build-base /home/pi/gps/Python-GPS-m8p-d/ros2_gps_ws/src/build/sensor_data/build install --prefix /home/pi/gps/Python-GPS-m8p-d/ros2_gps_ws/src/install/sensor_data --record /home/pi/gps/Python-GPS-m8p-d/ros2_gps_ws/src/build/sensor_data/install.log --single-version-externally-managed
[794.102s] Level 1:colcon.colcon_core.environment:checking '/home/pi/gps/Python-GPS-m8p-d/ros2_gps_ws/src/install/sensor_data' for CMake module files
[794.107s] Level 1:colcon.colcon_core.environment:checking '/home/pi/gps/Python-GPS-m8p-d/ros2_gps_ws/src/install/sensor_data' for CMake config files
[794.116s] Level 1:colcon.colcon_core.environment:checking '/home/pi/gps/Python-GPS-m8p-d/ros2_gps_ws/src/install/sensor_data/lib'
[794.118s] Level 1:colcon.colcon_core.environment:checking '/home/pi/gps/Python-GPS-m8p-d/ros2_gps_ws/src/install/sensor_data/bin'
[794.118s] Level 1:colcon.colcon_core.environment:checking '/home/pi/gps/Python-GPS-m8p-d/ros2_gps_ws/src/install/sensor_data/lib/pkgconfig/sensor_data.pc'
[794.121s] Level 1:colcon.colcon_core.environment:checking '/home/pi/gps/Python-GPS-m8p-d/ros2_gps_ws/src/install/sensor_data/lib/python3.10/site-packages'
[794.122s] Level 1:colcon.colcon_core.shell:create_environment_hook('sensor_data', 'pythonpath')
[794.133s] INFO:colcon.colcon_core.shell:Creating environment hook '/home/pi/gps/Python-GPS-m8p-d/ros2_gps_ws/src/install/sensor_data/share/sensor_data/hook/pythonpath.ps1'
[794.140s] INFO:colcon.colcon_core.shell:Creating environment descriptor '/home/pi/gps/Python-GPS-m8p-d/ros2_gps_ws/src/install/sensor_data/share/sensor_data/hook/pythonpath.dsv'
[794.147s] INFO:colcon.colcon_core.shell:Creating environment hook '/home/pi/gps/Python-GPS-m8p-d/ros2_gps_ws/src/install/sensor_data/share/sensor_data/hook/pythonpath.sh'
[794.154s] Level 1:colcon.colcon_core.environment:checking '/home/pi/gps/Python-GPS-m8p-d/ros2_gps_ws/src/install/sensor_data/bin'
[794.155s] Level 1:colcon.colcon_core.environment:create_environment_scripts_only(sensor_data)
[794.168s] INFO:colcon.colcon_core.shell:Creating package script '/home/pi/gps/Python-GPS-m8p-d/ros2_gps_ws/src/install/sensor_data/share/sensor_data/package.ps1'
[794.175s] INFO:colcon.colcon_core.shell:Creating package descriptor '/home/pi/gps/Python-GPS-m8p-d/ros2_gps_ws/src/install/sensor_data/share/sensor_data/package.dsv'
[794.181s] INFO:colcon.colcon_core.shell:Creating package script '/home/pi/gps/Python-GPS-m8p-d/ros2_gps_ws/src/install/sensor_data/share/sensor_data/package.sh'
[794.190s] INFO:colcon.colcon_core.shell:Creating package script '/home/pi/gps/Python-GPS-m8p-d/ros2_gps_ws/src/install/sensor_data/share/sensor_data/package.bash'
[794.200s] INFO:colcon.colcon_core.shell:Creating package script '/home/pi/gps/Python-GPS-m8p-d/ros2_gps_ws/src/install/sensor_data/share/sensor_data/package.zsh'
[794.215s] Level 1:colcon.colcon_core.environment:create_file_with_runtime_dependencies(/home/pi/gps/Python-GPS-m8p-d/ros2_gps_ws/src/install/sensor_data/share/colcon-core/packages/sensor_data)
[794.221s] DEBUG:colcon.colcon_parallel_executor.executor.parallel:closing loop
[794.223s] DEBUG:colcon.colcon_parallel_executor.executor.parallel:loop closed
[794.224s] DEBUG:colcon.colcon_parallel_executor.executor.parallel:run_until_complete finished with '0'
[794.225s] DEBUG:colcon.colcon_core.event_reactor:joining thread
[794.396s] INFO:colcon.colcon_core.plugin_system:Skipping extension 'colcon_notification.desktop_notification.notify_send': Could not find 'notify-send'
[794.397s] INFO:colcon.colcon_core.plugin_system:Skipping extension 'colcon_notification.desktop_notification.terminal_notifier': Not used on non-Darwin systems
[794.398s] INFO:colcon.colcon_core.plugin_system:Skipping extension 'colcon_notification.desktop_notification.win32': Not used on non-Windows systems
[794.399s] INFO:colcon.colcon_notification.desktop_notification:Sending desktop notification using 'notify2'
[794.462s] DEBUG:colcon.colcon_notification.desktop_notification.notify2:Failed to initialize notify2: org.freedesktop.DBus.Error.ServiceUnknown: The name org.freedesktop.Notifications was not provided by any .service files
[794.463s] DEBUG:colcon.colcon_core.event_reactor:joined thread
[794.478s] INFO:colcon.colcon_core.shell:Creating prefix script '/home/pi/gps/Python-GPS-m8p-d/ros2_gps_ws/src/install/local_setup.ps1'
[794.487s] INFO:colcon.colcon_core.shell:Creating prefix util module '/home/pi/gps/Python-GPS-m8p-d/ros2_gps_ws/src/install/_local_setup_util_ps1.py'
[794.501s] INFO:colcon.colcon_core.shell:Creating prefix chain script '/home/pi/gps/Python-GPS-m8p-d/ros2_gps_ws/src/install/setup.ps1'
[794.514s] INFO:colcon.colcon_core.shell:Creating prefix script '/home/pi/gps/Python-GPS-m8p-d/ros2_gps_ws/src/install/local_setup.sh'
[794.521s] INFO:colcon.colcon_core.shell:Creating prefix util module '/home/pi/gps/Python-GPS-m8p-d/ros2_gps_ws/src/install/_local_setup_util_sh.py'
[794.526s] INFO:colcon.colcon_core.shell:Creating prefix chain script '/home/pi/gps/Python-GPS-m8p-d/ros2_gps_ws/src/install/setup.sh'
[794.538s] INFO:colcon.colcon_core.shell:Creating prefix script '/home/pi/gps/Python-GPS-m8p-d/ros2_gps_ws/src/install/local_setup.bash'
[794.543s] INFO:colcon.colcon_core.shell:Creating prefix chain script '/home/pi/gps/Python-GPS-m8p-d/ros2_gps_ws/src/install/setup.bash'
[794.556s] INFO:colcon.colcon_core.shell:Creating prefix script '/home/pi/gps/Python-GPS-m8p-d/ros2_gps_ws/src/install/local_setup.zsh'
[794.561s] INFO:colcon.colcon_core.shell:Creating prefix chain script '/home/pi/gps/Python-GPS-m8p-d/ros2_gps_ws/src/install/setup.zsh'
