[8.231s] Invoking command in '/home/pi/gps/Python-GPS-m8p-d/ros2_gps_ws/build/sensor_data': AMENT_PREFIX_PATH=/home/pi/gps/Python-GPS-m8p-d/ros2_gps_ws/install/gps_msgs:${AMENT_PREFIX_PATH} CMAKE_PREFIX_PATH=/home/pi/gps/Python-GPS-m8p-d/ros2_gps_ws/install/gps_msgs LD_LIBRARY_PATH=/home/pi/gps/Python-GPS-m8p-d/ros2_gps_ws/install/gps_msgs/lib:${LD_LIBRARY_PATH} PYTHONPATH=/home/pi/gps/Python-GPS-m8p-d/ros2_gps_ws/install/sensor_data/lib/python3.10/site-packages:/home/pi/gps/Python-GPS-m8p-d/ros2_gps_ws/install/gps_msgs/local/lib/python3.10/dist-packages:${PYTHONPATH} /usr/bin/python3 setup.py develop --prefix /home/pi/gps/Python-GPS-m8p-d/ros2_gps_ws/install/sensor_data --uninstall --editable --build-directory /home/pi/gps/Python-GPS-m8p-d/ros2_gps_ws/build/sensor_data/build
[11.893s] running develop
[14.372s] Invoked command in '/home/pi/gps/Python-GPS-m8p-d/ros2_gps_ws/build/sensor_data' returned '0': AMENT_PREFIX_PATH=/home/pi/gps/Python-GPS-m8p-d/ros2_gps_ws/install/gps_msgs:${AMENT_PREFIX_PATH} CMAKE_PREFIX_PATH=/home/pi/gps/Python-GPS-m8p-d/ros2_gps_ws/install/gps_msgs LD_LIBRARY_PATH=/home/pi/gps/Python-GPS-m8p-d/ros2_gps_ws/install/gps_msgs/lib:${LD_LIBRARY_PATH} PYTHONPATH=/home/pi/gps/Python-GPS-m8p-d/ros2_gps_ws/install/sensor_data/lib/python3.10/site-packages:/home/pi/gps/Python-GPS-m8p-d/ros2_gps_ws/install/gps_msgs/local/lib/python3.10/dist-packages:${PYTHONPATH} /usr/bin/python3 setup.py develop --prefix /home/pi/gps/Python-GPS-m8p-d/ros2_gps_ws/install/sensor_data --uninstall --editable --build-directory /home/pi/gps/Python-GPS-m8p-d/ros2_gps_ws/build/sensor_data/build
[14.388s] Invoking command in '/home/pi/gps/Python-GPS-m8p-d/ros2_gps_ws/src/sensor_data': AMENT_PREFIX_PATH=/home/pi/gps/Python-GPS-m8p-d/ros2_gps_ws/install/gps_msgs:${AMENT_PREFIX_PATH} CMAKE_PREFIX_PATH=/home/pi/gps/Python-GPS-m8p-d/ros2_gps_ws/install/gps_msgs LD_LIBRARY_PATH=/home/pi/gps/Python-GPS-m8p-d/ros2_gps_ws/install/gps_msgs/lib:${LD_LIBRARY_PATH} PYTHONPATH=/home/pi/gps/Python-GPS-m8p-d/ros2_gps_ws/install/sensor_data/lib/python3.10/site-packages:/home/pi/gps/Python-GPS-m8p-d/ros2_gps_ws/install/gps_msgs/local/lib/python3.10/dist-packages:${PYTHONPATH} /usr/bin/python3 setup.py egg_info --egg-base ../../build/sensor_data build --build-base /home/pi/gps/Python-GPS-m8p-d/ros2_gps_ws/build/sensor_data/build install --prefix /home/pi/gps/Python-GPS-m8p-d/ros2_gps_ws/install/sensor_data --record /home/pi/gps/Python-GPS-m8p-d/ros2_gps_ws/build/sensor_data/install.log --single-version-externally-managed
[17.296s] running egg_info
[17.301s] writing ../../build/sensor_data/sensor_data.egg-info/PKG-INFO
[17.304s] writing dependency_links to ../../build/sensor_data/sensor_data.egg-info/dependency_links.txt
[17.306s] writing entry points to ../../build/sensor_data/sensor_data.egg-info/entry_points.txt
[17.308s] writing requirements to ../../build/sensor_data/sensor_data.egg-info/requires.txt
[17.310s] writing top-level names to ../../build/sensor_data/sensor_data.egg-info/top_level.txt
[17.351s] reading manifest file '../../build/sensor_data/sensor_data.egg-info/SOURCES.txt'
[17.361s] writing manifest file '../../build/sensor_data/sensor_data.egg-info/SOURCES.txt'
[17.364s] running build
[17.365s] running build_py
[17.375s] running install
[17.378s] running install_lib
[17.395s] byte-compiling /home/pi/gps/Python-GPS-m8p-d/ros2_gps_ws/install/sensor_data/lib/python3.10/site-packages/sensor_data/subscriber_member_function.py to subscriber_member_function.cpython-310.pyc
[17.404s] running install_data
[17.412s] running install_egg_info
[17.426s] removing '/home/pi/gps/Python-GPS-m8p-d/ros2_gps_ws/install/sensor_data/lib/python3.10/site-packages/sensor_data-0.0.0-py3.10.egg-info' (and everything under it)
[17.431s] Copying ../../build/sensor_data/sensor_data.egg-info to /home/pi/gps/Python-GPS-m8p-d/ros2_gps_ws/install/sensor_data/lib/python3.10/site-packages/sensor_data-0.0.0-py3.10.egg-info
[17.445s] running install_scripts
[17.614s] Installing listener script to /home/pi/gps/Python-GPS-m8p-d/ros2_gps_ws/install/sensor_data/lib/sensor_data
[17.616s] Installing talker script to /home/pi/gps/Python-GPS-m8p-d/ros2_gps_ws/install/sensor_data/lib/sensor_data
[17.618s] writing list of installed files to '/home/pi/gps/Python-GPS-m8p-d/ros2_gps_ws/build/sensor_data/install.log'
[17.888s] Invoked command in '/home/pi/gps/Python-GPS-m8p-d/ros2_gps_ws/src/sensor_data' returned '0': AMENT_PREFIX_PATH=/home/pi/gps/Python-GPS-m8p-d/ros2_gps_ws/install/gps_msgs:${AMENT_PREFIX_PATH} CMAKE_PREFIX_PATH=/home/pi/gps/Python-GPS-m8p-d/ros2_gps_ws/install/gps_msgs LD_LIBRARY_PATH=/home/pi/gps/Python-GPS-m8p-d/ros2_gps_ws/install/gps_msgs/lib:${LD_LIBRARY_PATH} PYTHONPATH=/home/pi/gps/Python-GPS-m8p-d/ros2_gps_ws/install/sensor_data/lib/python3.10/site-packages:/home/pi/gps/Python-GPS-m8p-d/ros2_gps_ws/install/gps_msgs/local/lib/python3.10/dist-packages:${PYTHONPATH} /usr/bin/python3 setup.py egg_info --egg-base ../../build/sensor_data build --build-base /home/pi/gps/Python-GPS-m8p-d/ros2_gps_ws/build/sensor_data/build install --prefix /home/pi/gps/Python-GPS-m8p-d/ros2_gps_ws/install/sensor_data --record /home/pi/gps/Python-GPS-m8p-d/ros2_gps_ws/build/sensor_data/install.log --single-version-externally-managed
