[2.093s] DEBUG:colcon:Command line arguments: ['/usr/bin/colcon', 'build', '--symlink-install', '--packages-select', 'gps_msgs']
[2.094s] DEBUG:colcon:Parsed command line arguments: Namespace(log_base=None, log_level=None, verb_name='build', build_base='build', install_base='install', merge_install=False, symlink_install=True, test_result_base=None, continue_on_error=False, executor='parallel', parallel_workers=4, event_handlers=None, ignore_user_meta=False, metas=['./colcon.meta'], base_paths=['.'], packages_ignore=None, packages_ignore_regex=None, paths=None, packages_up_to=None, packages_up_to_regex=None, packages_above=None, packages_above_and_dependencies=None, packages_above_depth=None, packages_select_by_dep=None, packages_skip_by_dep=None, packages_skip_up_to=None, packages_select_build_failed=False, packages_skip_build_finished=False, packages_select_test_failures=False, packages_skip_test_passed=False, packages_select=['gps_msgs'], packages_skip=None, packages_select_regex=None, packages_skip_regex=None, packages_start=None, packages_end=None, allow_overriding=[], cmake_args=None, cmake_target=None, cmake_target_skip_unavailable=False, cmake_clean_cache=False, cmake_clean_first=False, cmake_force_configure=False, ament_cmake_args=None, catkin_cmake_args=None, catkin_skip_building_tests=False, verb_parser=<colcon_defaults.argument_parser.defaults.DefaultArgumentsDecorator object at 0xffff8b1d72e0>, verb_extension=<colcon_core.verb.build.BuildVerb object at 0xffff8b1d6d70>, main=<bound method BuildVerb.main of <colcon_core.verb.build.BuildVerb object at 0xffff8b1d6d70>>)
[2.545s] Level 1:colcon.colcon_core.package_discovery:discover_packages(colcon_meta) check parameters
[2.546s] Level 1:colcon.colcon_core.package_discovery:discover_packages(recursive) check parameters
[2.546s] Level 1:colcon.colcon_core.package_discovery:discover_packages(ignore) check parameters
[2.546s] Level 1:colcon.colcon_core.package_discovery:discover_packages(path) check parameters
[2.546s] Level 1:colcon.colcon_core.package_discovery:discover_packages(colcon_meta) discover
[2.547s] Level 1:colcon.colcon_core.package_discovery:discover_packages(recursive) discover
[2.547s] INFO:colcon.colcon_core.package_discovery:Crawling recursively for packages in '/home/pi/gps/Python-GPS-m8p-d/ros2_gps_ws'
[2.548s] Level 1:colcon.colcon_core.package_identification:_identify(.) by extensions ['ignore', 'ignore_ament_install']
[2.549s] Level 1:colcon.colcon_core.package_identification:_identify(.) by extension 'ignore'
[2.549s] Level 1:colcon.colcon_core.package_identification:_identify(.) by extension 'ignore_ament_install'
[2.550s] Level 1:colcon.colcon_core.package_identification:_identify(.) by extensions ['colcon_pkg']
[2.550s] Level 1:colcon.colcon_core.package_identification:_identify(.) by extension 'colcon_pkg'
[2.551s] Level 1:colcon.colcon_core.package_identification:_identify(.) by extensions ['colcon_meta']
[2.551s] Level 1:colcon.colcon_core.package_identification:_identify(.) by extension 'colcon_meta'
[2.552s] Level 1:colcon.colcon_core.package_identification:_identify(.) by extensions ['ros']
[2.552s] Level 1:colcon.colcon_core.package_identification:_identify(.) by extension 'ros'
[2.697s] Level 1:colcon.colcon_core.package_identification:_identify(.) by extensions ['cmake', 'python']
[2.697s] Level 1:colcon.colcon_core.package_identification:_identify(.) by extension 'cmake'
[2.698s] Level 1:colcon.colcon_core.package_identification:_identify(.) by extension 'python'
[2.698s] Level 1:colcon.colcon_core.package_identification:_identify(.) by extensions ['python_setup_py']
[2.698s] Level 1:colcon.colcon_core.package_identification:_identify(.) by extension 'python_setup_py'
[2.700s] Level 1:colcon.colcon_core.package_identification:_identify(build) by extensions ['ignore', 'ignore_ament_install']
[2.700s] Level 1:colcon.colcon_core.package_identification:_identify(build) by extension 'ignore'
[2.701s] Level 1:colcon.colcon_core.package_identification:_identify(build) ignored
[2.702s] Level 1:colcon.colcon_core.package_identification:_identify(install) by extensions ['ignore', 'ignore_ament_install']
[2.703s] Level 1:colcon.colcon_core.package_identification:_identify(install) by extension 'ignore'
[2.704s] Level 1:colcon.colcon_core.package_identification:_identify(install) ignored
[2.705s] Level 1:colcon.colcon_core.package_identification:_identify(log) by extensions ['ignore', 'ignore_ament_install']
[2.705s] Level 1:colcon.colcon_core.package_identification:_identify(log) by extension 'ignore'
[2.706s] Level 1:colcon.colcon_core.package_identification:_identify(log) ignored
[2.707s] Level 1:colcon.colcon_core.package_identification:_identify(src) by extensions ['ignore', 'ignore_ament_install']
[2.707s] Level 1:colcon.colcon_core.package_identification:_identify(src) by extension 'ignore'
[2.708s] Level 1:colcon.colcon_core.package_identification:_identify(src) by extension 'ignore_ament_install'
[2.708s] Level 1:colcon.colcon_core.package_identification:_identify(src) by extensions ['colcon_pkg']
[2.709s] Level 1:colcon.colcon_core.package_identification:_identify(src) by extension 'colcon_pkg'
[2.709s] Level 1:colcon.colcon_core.package_identification:_identify(src) by extensions ['colcon_meta']
[2.709s] Level 1:colcon.colcon_core.package_identification:_identify(src) by extension 'colcon_meta'
[2.710s] Level 1:colcon.colcon_core.package_identification:_identify(src) by extensions ['ros']
[2.710s] Level 1:colcon.colcon_core.package_identification:_identify(src) by extension 'ros'
[2.711s] Level 1:colcon.colcon_core.package_identification:_identify(src) by extensions ['cmake', 'python']
[2.711s] Level 1:colcon.colcon_core.package_identification:_identify(src) by extension 'cmake'
[2.712s] Level 1:colcon.colcon_core.package_identification:_identify(src) by extension 'python'
[2.712s] Level 1:colcon.colcon_core.package_identification:_identify(src) by extensions ['python_setup_py']
[2.712s] Level 1:colcon.colcon_core.package_identification:_identify(src) by extension 'python_setup_py'
[2.715s] Level 1:colcon.colcon_core.package_identification:_identify(src/gps_umd) by extensions ['ignore', 'ignore_ament_install']
[2.716s] Level 1:colcon.colcon_core.package_identification:_identify(src/gps_umd) by extension 'ignore'
[2.716s] Level 1:colcon.colcon_core.package_identification:_identify(src/gps_umd) by extension 'ignore_ament_install'
[2.717s] Level 1:colcon.colcon_core.package_identification:_identify(src/gps_umd) by extensions ['colcon_pkg']
[2.717s] Level 1:colcon.colcon_core.package_identification:_identify(src/gps_umd) by extension 'colcon_pkg'
[2.718s] Level 1:colcon.colcon_core.package_identification:_identify(src/gps_umd) by extensions ['colcon_meta']
[2.718s] Level 1:colcon.colcon_core.package_identification:_identify(src/gps_umd) by extension 'colcon_meta'
[2.718s] Level 1:colcon.colcon_core.package_identification:_identify(src/gps_umd) by extensions ['ros']
[2.719s] Level 1:colcon.colcon_core.package_identification:_identify(src/gps_umd) by extension 'ros'
[2.720s] Level 1:colcon.colcon_core.package_identification:_identify(src/gps_umd) by extensions ['cmake', 'python']
[2.720s] Level 1:colcon.colcon_core.package_identification:_identify(src/gps_umd) by extension 'cmake'
[2.720s] Level 1:colcon.colcon_core.package_identification:_identify(src/gps_umd) by extension 'python'
[2.721s] Level 1:colcon.colcon_core.package_identification:_identify(src/gps_umd) by extensions ['python_setup_py']
[2.721s] Level 1:colcon.colcon_core.package_identification:_identify(src/gps_umd) by extension 'python_setup_py'
[2.731s] Level 1:colcon.colcon_core.package_identification:_identify(src/gps_umd/build) by extensions ['ignore', 'ignore_ament_install']
[2.732s] Level 1:colcon.colcon_core.package_identification:_identify(src/gps_umd/build) by extension 'ignore'
[2.732s] Level 1:colcon.colcon_core.package_identification:_identify(src/gps_umd/build) ignored
[2.735s] Level 1:colcon.colcon_core.package_identification:_identify(src/gps_umd/gps_msgs) by extensions ['ignore', 'ignore_ament_install']
[2.736s] Level 1:colcon.colcon_core.package_identification:_identify(src/gps_umd/gps_msgs) by extension 'ignore'
[2.737s] Level 1:colcon.colcon_core.package_identification:_identify(src/gps_umd/gps_msgs) by extension 'ignore_ament_install'
[2.738s] Level 1:colcon.colcon_core.package_identification:_identify(src/gps_umd/gps_msgs) by extensions ['colcon_pkg']
[2.739s] Level 1:colcon.colcon_core.package_identification:_identify(src/gps_umd/gps_msgs) by extension 'colcon_pkg'
[2.740s] Level 1:colcon.colcon_core.package_identification:_identify(src/gps_umd/gps_msgs) by extensions ['colcon_meta']
[2.740s] Level 1:colcon.colcon_core.package_identification:_identify(src/gps_umd/gps_msgs) by extension 'colcon_meta'
[2.741s] Level 1:colcon.colcon_core.package_identification:_identify(src/gps_umd/gps_msgs) by extensions ['ros']
[2.741s] Level 1:colcon.colcon_core.package_identification:_identify(src/gps_umd/gps_msgs) by extension 'ros'
[2.778s] DEBUG:colcon.colcon_core.package_identification:Package 'src/gps_umd/gps_msgs' with type 'ros.ament_cmake' and name 'gps_msgs'
[2.781s] Level 1:colcon.colcon_core.package_identification:_identify(src/gps_umd/gps_tools) by extensions ['ignore', 'ignore_ament_install']
[2.782s] Level 1:colcon.colcon_core.package_identification:_identify(src/gps_umd/gps_tools) by extension 'ignore'
[2.783s] Level 1:colcon.colcon_core.package_identification:_identify(src/gps_umd/gps_tools) by extension 'ignore_ament_install'
[2.783s] Level 1:colcon.colcon_core.package_identification:_identify(src/gps_umd/gps_tools) by extensions ['colcon_pkg']
[2.784s] Level 1:colcon.colcon_core.package_identification:_identify(src/gps_umd/gps_tools) by extension 'colcon_pkg'
[2.784s] Level 1:colcon.colcon_core.package_identification:_identify(src/gps_umd/gps_tools) by extensions ['colcon_meta']
[2.784s] Level 1:colcon.colcon_core.package_identification:_identify(src/gps_umd/gps_tools) by extension 'colcon_meta'
[2.785s] Level 1:colcon.colcon_core.package_identification:_identify(src/gps_umd/gps_tools) by extensions ['ros']
[2.785s] Level 1:colcon.colcon_core.package_identification:_identify(src/gps_umd/gps_tools) by extension 'ros'
[2.796s] DEBUG:colcon.colcon_core.package_identification:Package 'src/gps_umd/gps_tools' with type 'ros.ament_cmake' and name 'gps_tools'
[2.798s] Level 1:colcon.colcon_core.package_identification:_identify(src/gps_umd/gps_umd) by extensions ['ignore', 'ignore_ament_install']
[2.799s] Level 1:colcon.colcon_core.package_identification:_identify(src/gps_umd/gps_umd) by extension 'ignore'
[2.800s] Level 1:colcon.colcon_core.package_identification:_identify(src/gps_umd/gps_umd) by extension 'ignore_ament_install'
[2.800s] Level 1:colcon.colcon_core.package_identification:_identify(src/gps_umd/gps_umd) by extensions ['colcon_pkg']
[2.800s] Level 1:colcon.colcon_core.package_identification:_identify(src/gps_umd/gps_umd) by extension 'colcon_pkg'
[2.801s] Level 1:colcon.colcon_core.package_identification:_identify(src/gps_umd/gps_umd) by extensions ['colcon_meta']
[2.801s] Level 1:colcon.colcon_core.package_identification:_identify(src/gps_umd/gps_umd) by extension 'colcon_meta'
[2.802s] Level 1:colcon.colcon_core.package_identification:_identify(src/gps_umd/gps_umd) by extensions ['ros']
[2.802s] Level 1:colcon.colcon_core.package_identification:_identify(src/gps_umd/gps_umd) by extension 'ros'
[2.808s] DEBUG:colcon.colcon_core.package_identification:Package 'src/gps_umd/gps_umd' with type 'ros.catkin' and name 'gps_umd'
[2.811s] Level 1:colcon.colcon_core.package_identification:_identify(src/gps_umd/gpsd_client) by extensions ['ignore', 'ignore_ament_install']
[2.812s] Level 1:colcon.colcon_core.package_identification:_identify(src/gps_umd/gpsd_client) by extension 'ignore'
[2.812s] Level 1:colcon.colcon_core.package_identification:_identify(src/gps_umd/gpsd_client) by extension 'ignore_ament_install'
[2.813s] Level 1:colcon.colcon_core.package_identification:_identify(src/gps_umd/gpsd_client) by extensions ['colcon_pkg']
[2.813s] Level 1:colcon.colcon_core.package_identification:_identify(src/gps_umd/gpsd_client) by extension 'colcon_pkg'
[2.814s] Level 1:colcon.colcon_core.package_identification:_identify(src/gps_umd/gpsd_client) by extensions ['colcon_meta']
[2.814s] Level 1:colcon.colcon_core.package_identification:_identify(src/gps_umd/gpsd_client) by extension 'colcon_meta'
[2.814s] Level 1:colcon.colcon_core.package_identification:_identify(src/gps_umd/gpsd_client) by extensions ['ros']
[2.815s] Level 1:colcon.colcon_core.package_identification:_identify(src/gps_umd/gpsd_client) by extension 'ros'
[2.825s] DEBUG:colcon.colcon_core.package_identification:Package 'src/gps_umd/gpsd_client' with type 'ros.ament_cmake' and name 'gpsd_client'
[2.828s] Level 1:colcon.colcon_core.package_identification:_identify(src/gps_umd/install) by extensions ['ignore', 'ignore_ament_install']
[2.829s] Level 1:colcon.colcon_core.package_identification:_identify(src/gps_umd/install) by extension 'ignore'
[2.829s] Level 1:colcon.colcon_core.package_identification:_identify(src/gps_umd/install) ignored
[2.832s] Level 1:colcon.colcon_core.package_identification:_identify(src/gps_umd/log) by extensions ['ignore', 'ignore_ament_install']
[2.833s] Level 1:colcon.colcon_core.package_identification:_identify(src/gps_umd/log) by extension 'ignore'
[2.834s] Level 1:colcon.colcon_core.package_identification:_identify(src/gps_umd/log) ignored
[2.836s] Level 1:colcon.colcon_core.package_identification:_identify(src/more_interfaces) by extensions ['ignore', 'ignore_ament_install']
[2.837s] Level 1:colcon.colcon_core.package_identification:_identify(src/more_interfaces) by extension 'ignore'
[2.837s] Level 1:colcon.colcon_core.package_identification:_identify(src/more_interfaces) by extension 'ignore_ament_install'
[2.838s] Level 1:colcon.colcon_core.package_identification:_identify(src/more_interfaces) by extensions ['colcon_pkg']
[2.838s] Level 1:colcon.colcon_core.package_identification:_identify(src/more_interfaces) by extension 'colcon_pkg'
[2.838s] Level 1:colcon.colcon_core.package_identification:_identify(src/more_interfaces) by extensions ['colcon_meta']
[2.839s] Level 1:colcon.colcon_core.package_identification:_identify(src/more_interfaces) by extension 'colcon_meta'
[2.839s] Level 1:colcon.colcon_core.package_identification:_identify(src/more_interfaces) by extensions ['ros']
[2.840s] Level 1:colcon.colcon_core.package_identification:_identify(src/more_interfaces) by extension 'ros'
[2.841s] Level 1:colcon.colcon_core.package_identification:_identify(src/more_interfaces) by extensions ['cmake', 'python']
[2.841s] Level 1:colcon.colcon_core.package_identification:_identify(src/more_interfaces) by extension 'cmake'
[2.841s] Level 1:colcon.colcon_core.package_identification:_identify(src/more_interfaces) by extension 'python'
[2.842s] Level 1:colcon.colcon_core.package_identification:_identify(src/more_interfaces) by extensions ['python_setup_py']
[2.842s] Level 1:colcon.colcon_core.package_identification:_identify(src/more_interfaces) by extension 'python_setup_py'
[2.845s] Level 1:colcon.colcon_core.package_identification:_identify(src/more_interfaces/msg) by extensions ['ignore', 'ignore_ament_install']
[2.845s] Level 1:colcon.colcon_core.package_identification:_identify(src/more_interfaces/msg) by extension 'ignore'
[2.846s] Level 1:colcon.colcon_core.package_identification:_identify(src/more_interfaces/msg) by extension 'ignore_ament_install'
[2.847s] Level 1:colcon.colcon_core.package_identification:_identify(src/more_interfaces/msg) by extensions ['colcon_pkg']
[2.847s] Level 1:colcon.colcon_core.package_identification:_identify(src/more_interfaces/msg) by extension 'colcon_pkg'
[2.847s] Level 1:colcon.colcon_core.package_identification:_identify(src/more_interfaces/msg) by extensions ['colcon_meta']
[2.848s] Level 1:colcon.colcon_core.package_identification:_identify(src/more_interfaces/msg) by extension 'colcon_meta'
[2.848s] Level 1:colcon.colcon_core.package_identification:_identify(src/more_interfaces/msg) by extensions ['ros']
[2.849s] Level 1:colcon.colcon_core.package_identification:_identify(src/more_interfaces/msg) by extension 'ros'
[2.849s] Level 1:colcon.colcon_core.package_identification:_identify(src/more_interfaces/msg) by extensions ['cmake', 'python']
[2.850s] Level 1:colcon.colcon_core.package_identification:_identify(src/more_interfaces/msg) by extension 'cmake'
[2.850s] Level 1:colcon.colcon_core.package_identification:_identify(src/more_interfaces/msg) by extension 'python'
[2.851s] Level 1:colcon.colcon_core.package_identification:_identify(src/more_interfaces/msg) by extensions ['python_setup_py']
[2.851s] Level 1:colcon.colcon_core.package_identification:_identify(src/more_interfaces/msg) by extension 'python_setup_py'
[2.854s] Level 1:colcon.colcon_core.package_identification:_identify(src/sensor_data) by extensions ['ignore', 'ignore_ament_install']
[2.855s] Level 1:colcon.colcon_core.package_identification:_identify(src/sensor_data) by extension 'ignore'
[2.855s] Level 1:colcon.colcon_core.package_identification:_identify(src/sensor_data) by extension 'ignore_ament_install'
[2.856s] Level 1:colcon.colcon_core.package_identification:_identify(src/sensor_data) by extensions ['colcon_pkg']
[2.856s] Level 1:colcon.colcon_core.package_identification:_identify(src/sensor_data) by extension 'colcon_pkg'
[2.857s] Level 1:colcon.colcon_core.package_identification:_identify(src/sensor_data) by extensions ['colcon_meta']
[2.857s] Level 1:colcon.colcon_core.package_identification:_identify(src/sensor_data) by extension 'colcon_meta'
[2.857s] Level 1:colcon.colcon_core.package_identification:_identify(src/sensor_data) by extensions ['ros']
[2.858s] Level 1:colcon.colcon_core.package_identification:_identify(src/sensor_data) by extension 'ros'
[2.864s] DEBUG:colcon.colcon_core.package_identification:Package 'src/sensor_data' with type 'ros.ament_python' and name 'sensor_data'
[2.865s] Level 1:colcon.colcon_core.package_discovery:discover_packages(recursive) using defaults
[2.866s] Level 1:colcon.colcon_core.package_discovery:discover_packages(ignore) discover
[2.866s] Level 1:colcon.colcon_core.package_discovery:discover_packages(ignore) using defaults
[2.866s] Level 1:colcon.colcon_core.package_discovery:discover_packages(path) discover
[2.866s] Level 1:colcon.colcon_core.package_discovery:discover_packages(path) using defaults
[3.129s] INFO:colcon.colcon_core.package_selection:Skipping not selected package 'sensor_data' in 'src/sensor_data'
[3.130s] INFO:colcon.colcon_core.package_selection:Skipping not selected package 'gps_tools' in 'src/gps_umd/gps_tools'
[3.130s] INFO:colcon.colcon_core.package_selection:Skipping not selected package 'gpsd_client' in 'src/gps_umd/gpsd_client'
[3.130s] INFO:colcon.colcon_core.package_selection:Skipping not selected package 'gps_umd' in 'src/gps_umd/gps_umd'
[3.138s] Level 1:colcon.colcon_core.package_discovery:discover_packages(prefix_path) check parameters
[3.139s] Level 1:colcon.colcon_core.package_discovery:discover_packages(prefix_path) discover
[3.189s] DEBUG:colcon.colcon_installed_package_information.package_discovery:Found 270 installed packages in /opt/ros/humble
[3.203s] Level 1:colcon.colcon_core.package_discovery:discover_packages(prefix_path) using defaults
[3.800s] Level 5:colcon.colcon_core.verb:set package 'gps_msgs' build argument 'cmake_args' from command line to 'None'
[3.800s] Level 5:colcon.colcon_core.verb:set package 'gps_msgs' build argument 'cmake_target' from command line to 'None'
[3.801s] Level 5:colcon.colcon_core.verb:set package 'gps_msgs' build argument 'cmake_target_skip_unavailable' from command line to 'False'
[3.801s] Level 5:colcon.colcon_core.verb:set package 'gps_msgs' build argument 'cmake_clean_cache' from command line to 'False'
[3.801s] Level 5:colcon.colcon_core.verb:set package 'gps_msgs' build argument 'cmake_clean_first' from command line to 'False'
[3.801s] Level 5:colcon.colcon_core.verb:set package 'gps_msgs' build argument 'cmake_force_configure' from command line to 'False'
[3.801s] Level 5:colcon.colcon_core.verb:set package 'gps_msgs' build argument 'ament_cmake_args' from command line to 'None'
[3.802s] Level 5:colcon.colcon_core.verb:set package 'gps_msgs' build argument 'catkin_cmake_args' from command line to 'None'
[3.802s] Level 5:colcon.colcon_core.verb:set package 'gps_msgs' build argument 'catkin_skip_building_tests' from command line to 'False'
[3.802s] DEBUG:colcon.colcon_core.verb:Building package 'gps_msgs' with the following arguments: {'ament_cmake_args': None, 'build_base': '/home/pi/gps/Python-GPS-m8p-d/ros2_gps_ws/build/gps_msgs', 'catkin_cmake_args': None, 'catkin_skip_building_tests': False, 'cmake_args': None, 'cmake_clean_cache': False, 'cmake_clean_first': False, 'cmake_force_configure': False, 'cmake_target': None, 'cmake_target_skip_unavailable': False, 'install_base': '/home/pi/gps/Python-GPS-m8p-d/ros2_gps_ws/install/gps_msgs', 'merge_install': False, 'path': '/home/pi/gps/Python-GPS-m8p-d/ros2_gps_ws/src/gps_umd/gps_msgs', 'symlink_install': True, 'test_result_base': None}
[3.808s] INFO:colcon.colcon_core.executor:Executing jobs using 'parallel' executor
[3.840s] DEBUG:colcon.colcon_parallel_executor.executor.parallel:run_until_complete
[3.841s] INFO:colcon.colcon_ros.task.ament_cmake.build:Building ROS package in '/home/pi/gps/Python-GPS-m8p-d/ros2_gps_ws/src/gps_umd/gps_msgs' with build type 'ament_cmake'
[3.842s] INFO:colcon.colcon_cmake.task.cmake.build:Building CMake package in '/home/pi/gps/Python-GPS-m8p-d/ros2_gps_ws/src/gps_umd/gps_msgs'
[3.907s] INFO:colcon.colcon_core.plugin_system:Skipping extension 'colcon_core.shell.bat': Not used on non-Windows systems
[3.909s] INFO:colcon.colcon_core.shell:Skip shell extension 'powershell' for command environment: Not usable outside of PowerShell
[3.909s] DEBUG:colcon.colcon_core.shell:Skip shell extension 'dsv' for command environment
[3.991s] DEBUG:colcon.colcon_core.event_handler.log_command:Invoking command in '/home/pi/gps/Python-GPS-m8p-d/ros2_gps_ws/build/gps_msgs': CMAKE_PREFIX_PATH=/opt/ros/humble /usr/bin/cmake /home/pi/gps/Python-GPS-m8p-d/ros2_gps_ws/src/gps_umd/gps_msgs -DAMENT_CMAKE_SYMLINK_INSTALL=1 -DCMAKE_INSTALL_PREFIX=/home/pi/gps/Python-GPS-m8p-d/ros2_gps_ws/install/gps_msgs
[16.951s] DEBUG:colcon.colcon_core.event_handler.log_command:Invoked command in '/home/pi/gps/Python-GPS-m8p-d/ros2_gps_ws/build/gps_msgs' returned '0': CMAKE_PREFIX_PATH=/opt/ros/humble /usr/bin/cmake /home/pi/gps/Python-GPS-m8p-d/ros2_gps_ws/src/gps_umd/gps_msgs -DAMENT_CMAKE_SYMLINK_INSTALL=1 -DCMAKE_INSTALL_PREFIX=/home/pi/gps/Python-GPS-m8p-d/ros2_gps_ws/install/gps_msgs
[16.972s] DEBUG:colcon.colcon_core.event_handler.log_command:Invoking command in '/home/pi/gps/Python-GPS-m8p-d/ros2_gps_ws/build/gps_msgs': CMAKE_PREFIX_PATH=/opt/ros/humble /usr/bin/cmake --build /home/pi/gps/Python-GPS-m8p-d/ros2_gps_ws/build/gps_msgs -- -j4 -l4
[17.794s] DEBUG:colcon.colcon_core.event_handler.log_command:Invoked command in '/home/pi/gps/Python-GPS-m8p-d/ros2_gps_ws/build/gps_msgs' returned '2': CMAKE_PREFIX_PATH=/opt/ros/humble /usr/bin/cmake --build /home/pi/gps/Python-GPS-m8p-d/ros2_gps_ws/build/gps_msgs -- -j4 -l4
[18.593s] Level 1:colcon.colcon_core.environment:create_environment_scripts_only(gps_msgs)
[18.669s] Level 1:colcon.colcon_core.environment:checking '/home/pi/gps/Python-GPS-m8p-d/ros2_gps_ws/install/gps_msgs' for CMake module files
[18.683s] Level 1:colcon.colcon_core.environment:checking '/home/pi/gps/Python-GPS-m8p-d/ros2_gps_ws/install/gps_msgs' for CMake config files
[18.701s] Level 1:colcon.colcon_core.shell:create_environment_hook('gps_msgs', 'cmake_prefix_path')
[18.716s] INFO:colcon.colcon_core.shell:Creating environment hook '/home/pi/gps/Python-GPS-m8p-d/ros2_gps_ws/install/gps_msgs/share/gps_msgs/hook/cmake_prefix_path.ps1'
[18.724s] INFO:colcon.colcon_core.shell:Creating environment descriptor '/home/pi/gps/Python-GPS-m8p-d/ros2_gps_ws/install/gps_msgs/share/gps_msgs/hook/cmake_prefix_path.dsv'
[18.740s] INFO:colcon.colcon_core.shell:Creating environment hook '/home/pi/gps/Python-GPS-m8p-d/ros2_gps_ws/install/gps_msgs/share/gps_msgs/hook/cmake_prefix_path.sh'
[18.764s] Level 1:colcon.colcon_core.environment:checking '/home/pi/gps/Python-GPS-m8p-d/ros2_gps_ws/install/gps_msgs/lib'
[18.766s] Level 1:colcon.colcon_core.shell:create_environment_hook('gps_msgs', 'ld_library_path_lib')
[18.778s] INFO:colcon.colcon_core.shell:Creating environment hook '/home/pi/gps/Python-GPS-m8p-d/ros2_gps_ws/install/gps_msgs/share/gps_msgs/hook/ld_library_path_lib.ps1'
[18.781s] INFO:colcon.colcon_core.shell:Creating environment descriptor '/home/pi/gps/Python-GPS-m8p-d/ros2_gps_ws/install/gps_msgs/share/gps_msgs/hook/ld_library_path_lib.dsv'
[18.785s] INFO:colcon.colcon_core.shell:Creating environment hook '/home/pi/gps/Python-GPS-m8p-d/ros2_gps_ws/install/gps_msgs/share/gps_msgs/hook/ld_library_path_lib.sh'
[18.788s] Level 1:colcon.colcon_core.environment:checking '/home/pi/gps/Python-GPS-m8p-d/ros2_gps_ws/install/gps_msgs/bin'
[18.789s] Level 1:colcon.colcon_core.environment:checking '/home/pi/gps/Python-GPS-m8p-d/ros2_gps_ws/install/gps_msgs/lib/pkgconfig/gps_msgs.pc'
[18.791s] Level 1:colcon.colcon_core.environment:checking '/home/pi/gps/Python-GPS-m8p-d/ros2_gps_ws/install/gps_msgs/lib/python3.10/site-packages'
[18.793s] Level 1:colcon.colcon_core.environment:checking '/home/pi/gps/Python-GPS-m8p-d/ros2_gps_ws/install/gps_msgs/bin'
[18.805s] INFO:colcon.colcon_core.shell:Creating package script '/home/pi/gps/Python-GPS-m8p-d/ros2_gps_ws/install/gps_msgs/share/gps_msgs/package.ps1'
[18.813s] INFO:colcon.colcon_core.shell:Creating package descriptor '/home/pi/gps/Python-GPS-m8p-d/ros2_gps_ws/install/gps_msgs/share/gps_msgs/package.dsv'
[18.820s] INFO:colcon.colcon_core.shell:Creating package script '/home/pi/gps/Python-GPS-m8p-d/ros2_gps_ws/install/gps_msgs/share/gps_msgs/package.sh'
[18.828s] INFO:colcon.colcon_core.shell:Creating package script '/home/pi/gps/Python-GPS-m8p-d/ros2_gps_ws/install/gps_msgs/share/gps_msgs/package.bash'
[18.840s] INFO:colcon.colcon_core.shell:Creating package script '/home/pi/gps/Python-GPS-m8p-d/ros2_gps_ws/install/gps_msgs/share/gps_msgs/package.zsh'
[18.862s] Level 1:colcon.colcon_core.environment:create_file_with_runtime_dependencies(/home/pi/gps/Python-GPS-m8p-d/ros2_gps_ws/install/gps_msgs/share/colcon-core/packages/gps_msgs)
[18.877s] DEBUG:colcon.colcon_parallel_executor.executor.parallel:closing loop
[18.878s] DEBUG:colcon.colcon_parallel_executor.executor.parallel:loop closed
[18.879s] DEBUG:colcon.colcon_parallel_executor.executor.parallel:run_until_complete finished with '2'
[18.880s] DEBUG:colcon.colcon_core.event_reactor:joining thread
[18.954s] INFO:colcon.colcon_core.plugin_system:Skipping extension 'colcon_notification.desktop_notification.notify_send': Could not find 'notify-send'
[18.955s] INFO:colcon.colcon_core.plugin_system:Skipping extension 'colcon_notification.desktop_notification.terminal_notifier': Not used on non-Darwin systems
[18.956s] INFO:colcon.colcon_core.plugin_system:Skipping extension 'colcon_notification.desktop_notification.win32': Not used on non-Windows systems
[18.956s] INFO:colcon.colcon_notification.desktop_notification:Sending desktop notification using 'notify2'
[19.012s] DEBUG:colcon.colcon_notification.desktop_notification.notify2:Failed to initialize notify2: org.freedesktop.DBus.Error.ServiceUnknown: The name org.freedesktop.Notifications was not provided by any .service files
[19.013s] DEBUG:colcon.colcon_core.event_reactor:joined thread
[19.027s] INFO:colcon.colcon_core.shell:Creating prefix script '/home/pi/gps/Python-GPS-m8p-d/ros2_gps_ws/install/local_setup.ps1'
[19.036s] INFO:colcon.colcon_core.shell:Creating prefix util module '/home/pi/gps/Python-GPS-m8p-d/ros2_gps_ws/install/_local_setup_util_ps1.py'
[19.051s] INFO:colcon.colcon_core.shell:Creating prefix chain script '/home/pi/gps/Python-GPS-m8p-d/ros2_gps_ws/install/setup.ps1'
[19.065s] INFO:colcon.colcon_core.shell:Creating prefix script '/home/pi/gps/Python-GPS-m8p-d/ros2_gps_ws/install/local_setup.sh'
[19.073s] INFO:colcon.colcon_core.shell:Creating prefix util module '/home/pi/gps/Python-GPS-m8p-d/ros2_gps_ws/install/_local_setup_util_sh.py'
[19.078s] INFO:colcon.colcon_core.shell:Creating prefix chain script '/home/pi/gps/Python-GPS-m8p-d/ros2_gps_ws/install/setup.sh'
[19.090s] INFO:colcon.colcon_core.shell:Creating prefix script '/home/pi/gps/Python-GPS-m8p-d/ros2_gps_ws/install/local_setup.bash'
[19.096s] INFO:colcon.colcon_core.shell:Creating prefix chain script '/home/pi/gps/Python-GPS-m8p-d/ros2_gps_ws/install/setup.bash'
[19.108s] INFO:colcon.colcon_core.shell:Creating prefix script '/home/pi/gps/Python-GPS-m8p-d/ros2_gps_ws/install/local_setup.zsh'
[19.114s] INFO:colcon.colcon_core.shell:Creating prefix chain script '/home/pi/gps/Python-GPS-m8p-d/ros2_gps_ws/install/setup.zsh'
