[16.563s] DEBUG:colcon:Command line arguments: ['/usr/bin/colcon', 'build', '--packages-select', 'sensor_data']
[16.568s] DEBUG:colcon:Parsed command line arguments: Namespace(log_base=None, log_level=None, verb_name='build', build_base='build', install_base='install', merge_install=False, symlink_install=False, test_result_base=None, continue_on_error=False, executor='parallel', parallel_workers=4, event_handlers=None, ignore_user_meta=False, metas=['./colcon.meta'], base_paths=['.'], packages_ignore=None, packages_ignore_regex=None, paths=None, packages_up_to=None, packages_up_to_regex=None, packages_above=None, packages_above_and_dependencies=None, packages_above_depth=None, packages_select_by_dep=None, packages_skip_by_dep=None, packages_skip_up_to=None, packages_select_build_failed=False, packages_skip_build_finished=False, packages_select_test_failures=False, packages_skip_test_passed=False, packages_select=['sensor_data'], packages_skip=None, packages_select_regex=None, packages_skip_regex=None, packages_start=None, packages_end=None, allow_overriding=[], cmake_args=None, cmake_target=None, cmake_target_skip_unavailable=False, cmake_clean_cache=False, cmake_clean_first=False, cmake_force_configure=False, ament_cmake_args=None, catkin_cmake_args=None, catkin_skip_building_tests=False, verb_parser=<colcon_defaults.argument_parser.defaults.DefaultArgumentsDecorator object at 0xffff7f497400>, verb_extension=<colcon_core.verb.build.BuildVerb object at 0xffff7f496e90>, main=<bound method BuildVerb.main of <colcon_core.verb.build.BuildVerb object at 0xffff7f496e90>>)
[17.385s] Level 1:colcon.colcon_core.package_discovery:discover_packages(colcon_meta) check parameters
[17.386s] Level 1:colcon.colcon_core.package_discovery:discover_packages(recursive) check parameters
[17.387s] Level 1:colcon.colcon_core.package_discovery:discover_packages(ignore) check parameters
[17.388s] Level 1:colcon.colcon_core.package_discovery:discover_packages(path) check parameters
[17.388s] Level 1:colcon.colcon_core.package_discovery:discover_packages(colcon_meta) discover
[17.389s] Level 1:colcon.colcon_core.package_discovery:discover_packages(recursive) discover
[17.390s] INFO:colcon.colcon_core.package_discovery:Crawling recursively for packages in '/home/pi/gps/Python-GPS-m8p-d/ros2_gps_ws'
[17.391s] Level 1:colcon.colcon_core.package_identification:_identify(.) by extensions ['ignore', 'ignore_ament_install']
[17.393s] Level 1:colcon.colcon_core.package_identification:_identify(.) by extension 'ignore'
[17.394s] Level 1:colcon.colcon_core.package_identification:_identify(.) by extension 'ignore_ament_install'
[17.395s] Level 1:colcon.colcon_core.package_identification:_identify(.) by extensions ['colcon_pkg']
[17.395s] Level 1:colcon.colcon_core.package_identification:_identify(.) by extension 'colcon_pkg'
[17.396s] Level 1:colcon.colcon_core.package_identification:_identify(.) by extensions ['colcon_meta']
[17.396s] Level 1:colcon.colcon_core.package_identification:_identify(.) by extension 'colcon_meta'
[17.397s] Level 1:colcon.colcon_core.package_identification:_identify(.) by extensions ['ros']
[17.397s] Level 1:colcon.colcon_core.package_identification:_identify(.) by extension 'ros'
[17.672s] Level 1:colcon.colcon_core.package_identification:_identify(.) by extensions ['cmake', 'python']
[17.673s] Level 1:colcon.colcon_core.package_identification:_identify(.) by extension 'cmake'
[17.674s] Level 1:colcon.colcon_core.package_identification:_identify(.) by extension 'python'
[17.675s] Level 1:colcon.colcon_core.package_identification:_identify(.) by extensions ['python_setup_py']
[17.675s] Level 1:colcon.colcon_core.package_identification:_identify(.) by extension 'python_setup_py'
[17.677s] Level 1:colcon.colcon_core.package_identification:_identify(build) by extensions ['ignore', 'ignore_ament_install']
[17.679s] Level 1:colcon.colcon_core.package_identification:_identify(build) by extension 'ignore'
[17.680s] Level 1:colcon.colcon_core.package_identification:_identify(build) ignored
[17.681s] Level 1:colcon.colcon_core.package_identification:_identify(install) by extensions ['ignore', 'ignore_ament_install']
[17.682s] Level 1:colcon.colcon_core.package_identification:_identify(install) by extension 'ignore'
[17.683s] Level 1:colcon.colcon_core.package_identification:_identify(install) ignored
[17.685s] Level 1:colcon.colcon_core.package_identification:_identify(log) by extensions ['ignore', 'ignore_ament_install']
[17.686s] Level 1:colcon.colcon_core.package_identification:_identify(log) by extension 'ignore'
[17.687s] Level 1:colcon.colcon_core.package_identification:_identify(log) ignored
[17.689s] Level 1:colcon.colcon_core.package_identification:_identify(src) by extensions ['ignore', 'ignore_ament_install']
[17.690s] Level 1:colcon.colcon_core.package_identification:_identify(src) by extension 'ignore'
[17.691s] Level 1:colcon.colcon_core.package_identification:_identify(src) by extension 'ignore_ament_install'
[17.691s] Level 1:colcon.colcon_core.package_identification:_identify(src) by extensions ['colcon_pkg']
[17.692s] Level 1:colcon.colcon_core.package_identification:_identify(src) by extension 'colcon_pkg'
[17.693s] Level 1:colcon.colcon_core.package_identification:_identify(src) by extensions ['colcon_meta']
[17.694s] Level 1:colcon.colcon_core.package_identification:_identify(src) by extension 'colcon_meta'
[17.695s] Level 1:colcon.colcon_core.package_identification:_identify(src) by extensions ['ros']
[17.696s] Level 1:colcon.colcon_core.package_identification:_identify(src) by extension 'ros'
[17.698s] Level 1:colcon.colcon_core.package_identification:_identify(src) by extensions ['cmake', 'python']
[17.699s] Level 1:colcon.colcon_core.package_identification:_identify(src) by extension 'cmake'
[17.701s] Level 1:colcon.colcon_core.package_identification:_identify(src) by extension 'python'
[17.702s] Level 1:colcon.colcon_core.package_identification:_identify(src) by extensions ['python_setup_py']
[17.704s] Level 1:colcon.colcon_core.package_identification:_identify(src) by extension 'python_setup_py'
[17.707s] Level 1:colcon.colcon_core.package_identification:_identify(src/gps_umd) by extensions ['ignore', 'ignore_ament_install']
[17.709s] Level 1:colcon.colcon_core.package_identification:_identify(src/gps_umd) by extension 'ignore'
[17.711s] Level 1:colcon.colcon_core.package_identification:_identify(src/gps_umd) by extension 'ignore_ament_install'
[17.712s] Level 1:colcon.colcon_core.package_identification:_identify(src/gps_umd) by extensions ['colcon_pkg']
[17.714s] Level 1:colcon.colcon_core.package_identification:_identify(src/gps_umd) by extension 'colcon_pkg'
[17.715s] Level 1:colcon.colcon_core.package_identification:_identify(src/gps_umd) by extensions ['colcon_meta']
[17.716s] Level 1:colcon.colcon_core.package_identification:_identify(src/gps_umd) by extension 'colcon_meta'
[17.716s] Level 1:colcon.colcon_core.package_identification:_identify(src/gps_umd) by extensions ['ros']
[17.717s] Level 1:colcon.colcon_core.package_identification:_identify(src/gps_umd) by extension 'ros'
[17.719s] Level 1:colcon.colcon_core.package_identification:_identify(src/gps_umd) by extensions ['cmake', 'python']
[17.720s] Level 1:colcon.colcon_core.package_identification:_identify(src/gps_umd) by extension 'cmake'
[17.721s] Level 1:colcon.colcon_core.package_identification:_identify(src/gps_umd) by extension 'python'
[17.722s] Level 1:colcon.colcon_core.package_identification:_identify(src/gps_umd) by extensions ['python_setup_py']
[17.723s] Level 1:colcon.colcon_core.package_identification:_identify(src/gps_umd) by extension 'python_setup_py'
[17.726s] Level 1:colcon.colcon_core.package_identification:_identify(src/gps_umd/build) by extensions ['ignore', 'ignore_ament_install']
[17.727s] Level 1:colcon.colcon_core.package_identification:_identify(src/gps_umd/build) by extension 'ignore'
[17.732s] Level 1:colcon.colcon_core.package_identification:_identify(src/gps_umd/build) ignored
[17.740s] Level 1:colcon.colcon_core.package_identification:_identify(src/gps_umd/gps_msgs) by extensions ['ignore', 'ignore_ament_install']
[17.741s] Level 1:colcon.colcon_core.package_identification:_identify(src/gps_umd/gps_msgs) by extension 'ignore'
[17.743s] Level 1:colcon.colcon_core.package_identification:_identify(src/gps_umd/gps_msgs) by extension 'ignore_ament_install'
[17.744s] Level 1:colcon.colcon_core.package_identification:_identify(src/gps_umd/gps_msgs) by extensions ['colcon_pkg']
[17.745s] Level 1:colcon.colcon_core.package_identification:_identify(src/gps_umd/gps_msgs) by extension 'colcon_pkg'
[17.746s] Level 1:colcon.colcon_core.package_identification:_identify(src/gps_umd/gps_msgs) by extensions ['colcon_meta']
[17.747s] Level 1:colcon.colcon_core.package_identification:_identify(src/gps_umd/gps_msgs) by extension 'colcon_meta'
[17.748s] Level 1:colcon.colcon_core.package_identification:_identify(src/gps_umd/gps_msgs) by extensions ['ros']
[17.749s] Level 1:colcon.colcon_core.package_identification:_identify(src/gps_umd/gps_msgs) by extension 'ros'
[17.827s] DEBUG:colcon.colcon_core.package_identification:Package 'src/gps_umd/gps_msgs' with type 'ros.ament_cmake' and name 'gps_msgs'
[17.858s] Level 1:colcon.colcon_core.package_identification:_identify(src/gps_umd/gps_tools) by extensions ['ignore', 'ignore_ament_install']
[17.860s] Level 1:colcon.colcon_core.package_identification:_identify(src/gps_umd/gps_tools) by extension 'ignore'
[17.861s] Level 1:colcon.colcon_core.package_identification:_identify(src/gps_umd/gps_tools) by extension 'ignore_ament_install'
[17.862s] Level 1:colcon.colcon_core.package_identification:_identify(src/gps_umd/gps_tools) by extensions ['colcon_pkg']
[17.862s] Level 1:colcon.colcon_core.package_identification:_identify(src/gps_umd/gps_tools) by extension 'colcon_pkg'
[17.863s] Level 1:colcon.colcon_core.package_identification:_identify(src/gps_umd/gps_tools) by extensions ['colcon_meta']
[17.864s] Level 1:colcon.colcon_core.package_identification:_identify(src/gps_umd/gps_tools) by extension 'colcon_meta'
[17.865s] Level 1:colcon.colcon_core.package_identification:_identify(src/gps_umd/gps_tools) by extensions ['ros']
[17.866s] Level 1:colcon.colcon_core.package_identification:_identify(src/gps_umd/gps_tools) by extension 'ros'
[18.100s] DEBUG:colcon.colcon_core.package_identification:Package 'src/gps_umd/gps_tools' with type 'ros.ament_cmake' and name 'gps_tools'
[18.168s] Level 1:colcon.colcon_core.package_identification:_identify(src/gps_umd/gps_umd) by extensions ['ignore', 'ignore_ament_install']
[18.170s] Level 1:colcon.colcon_core.package_identification:_identify(src/gps_umd/gps_umd) by extension 'ignore'
[18.171s] Level 1:colcon.colcon_core.package_identification:_identify(src/gps_umd/gps_umd) by extension 'ignore_ament_install'
[18.172s] Level 1:colcon.colcon_core.package_identification:_identify(src/gps_umd/gps_umd) by extensions ['colcon_pkg']
[18.173s] Level 1:colcon.colcon_core.package_identification:_identify(src/gps_umd/gps_umd) by extension 'colcon_pkg'
[18.175s] Level 1:colcon.colcon_core.package_identification:_identify(src/gps_umd/gps_umd) by extensions ['colcon_meta']
[18.177s] Level 1:colcon.colcon_core.package_identification:_identify(src/gps_umd/gps_umd) by extension 'colcon_meta'
[18.179s] Level 1:colcon.colcon_core.package_identification:_identify(src/gps_umd/gps_umd) by extensions ['ros']
[18.181s] Level 1:colcon.colcon_core.package_identification:_identify(src/gps_umd/gps_umd) by extension 'ros'
[18.207s] DEBUG:colcon.colcon_core.package_identification:Package 'src/gps_umd/gps_umd' with type 'ros.catkin' and name 'gps_umd'
[18.242s] Level 1:colcon.colcon_core.package_identification:_identify(src/gps_umd/gpsd_client) by extensions ['ignore', 'ignore_ament_install']
[18.244s] Level 1:colcon.colcon_core.package_identification:_identify(src/gps_umd/gpsd_client) by extension 'ignore'
[18.245s] Level 1:colcon.colcon_core.package_identification:_identify(src/gps_umd/gpsd_client) by extension 'ignore_ament_install'
[18.247s] Level 1:colcon.colcon_core.package_identification:_identify(src/gps_umd/gpsd_client) by extensions ['colcon_pkg']
[18.247s] Level 1:colcon.colcon_core.package_identification:_identify(src/gps_umd/gpsd_client) by extension 'colcon_pkg'
[18.248s] Level 1:colcon.colcon_core.package_identification:_identify(src/gps_umd/gpsd_client) by extensions ['colcon_meta']
[18.249s] Level 1:colcon.colcon_core.package_identification:_identify(src/gps_umd/gpsd_client) by extension 'colcon_meta'
[18.250s] Level 1:colcon.colcon_core.package_identification:_identify(src/gps_umd/gpsd_client) by extensions ['ros']
[18.250s] Level 1:colcon.colcon_core.package_identification:_identify(src/gps_umd/gpsd_client) by extension 'ros'
[18.296s] DEBUG:colcon.colcon_core.package_identification:Package 'src/gps_umd/gpsd_client' with type 'ros.ament_cmake' and name 'gpsd_client'
[18.301s] Level 1:colcon.colcon_core.package_identification:_identify(src/gps_umd/install) by extensions ['ignore', 'ignore_ament_install']
[18.302s] Level 1:colcon.colcon_core.package_identification:_identify(src/gps_umd/install) by extension 'ignore'
[18.303s] Level 1:colcon.colcon_core.package_identification:_identify(src/gps_umd/install) ignored
[18.306s] Level 1:colcon.colcon_core.package_identification:_identify(src/gps_umd/log) by extensions ['ignore', 'ignore_ament_install']
[18.308s] Level 1:colcon.colcon_core.package_identification:_identify(src/gps_umd/log) by extension 'ignore'
[18.309s] Level 1:colcon.colcon_core.package_identification:_identify(src/gps_umd/log) ignored
[18.316s] Level 1:colcon.colcon_core.package_identification:_identify(src/more_interfaces) by extensions ['ignore', 'ignore_ament_install']
[18.318s] Level 1:colcon.colcon_core.package_identification:_identify(src/more_interfaces) by extension 'ignore'
[18.319s] Level 1:colcon.colcon_core.package_identification:_identify(src/more_interfaces) by extension 'ignore_ament_install'
[18.320s] Level 1:colcon.colcon_core.package_identification:_identify(src/more_interfaces) by extensions ['colcon_pkg']
[18.320s] Level 1:colcon.colcon_core.package_identification:_identify(src/more_interfaces) by extension 'colcon_pkg'
[18.322s] Level 1:colcon.colcon_core.package_identification:_identify(src/more_interfaces) by extensions ['colcon_meta']
[18.323s] Level 1:colcon.colcon_core.package_identification:_identify(src/more_interfaces) by extension 'colcon_meta'
[18.324s] Level 1:colcon.colcon_core.package_identification:_identify(src/more_interfaces) by extensions ['ros']
[18.325s] Level 1:colcon.colcon_core.package_identification:_identify(src/more_interfaces) by extension 'ros'
[18.327s] Level 1:colcon.colcon_core.package_identification:_identify(src/more_interfaces) by extensions ['cmake', 'python']
[18.328s] Level 1:colcon.colcon_core.package_identification:_identify(src/more_interfaces) by extension 'cmake'
[18.329s] Level 1:colcon.colcon_core.package_identification:_identify(src/more_interfaces) by extension 'python'
[18.330s] Level 1:colcon.colcon_core.package_identification:_identify(src/more_interfaces) by extensions ['python_setup_py']
[18.331s] Level 1:colcon.colcon_core.package_identification:_identify(src/more_interfaces) by extension 'python_setup_py'
[18.336s] Level 1:colcon.colcon_core.package_identification:_identify(src/more_interfaces/msg) by extensions ['ignore', 'ignore_ament_install']
[18.337s] Level 1:colcon.colcon_core.package_identification:_identify(src/more_interfaces/msg) by extension 'ignore'
[18.339s] Level 1:colcon.colcon_core.package_identification:_identify(src/more_interfaces/msg) by extension 'ignore_ament_install'
[18.340s] Level 1:colcon.colcon_core.package_identification:_identify(src/more_interfaces/msg) by extensions ['colcon_pkg']
[18.341s] Level 1:colcon.colcon_core.package_identification:_identify(src/more_interfaces/msg) by extension 'colcon_pkg'
[18.343s] Level 1:colcon.colcon_core.package_identification:_identify(src/more_interfaces/msg) by extensions ['colcon_meta']
[18.344s] Level 1:colcon.colcon_core.package_identification:_identify(src/more_interfaces/msg) by extension 'colcon_meta'
[18.345s] Level 1:colcon.colcon_core.package_identification:_identify(src/more_interfaces/msg) by extensions ['ros']
[18.346s] Level 1:colcon.colcon_core.package_identification:_identify(src/more_interfaces/msg) by extension 'ros'
[18.349s] Level 1:colcon.colcon_core.package_identification:_identify(src/more_interfaces/msg) by extensions ['cmake', 'python']
[18.350s] Level 1:colcon.colcon_core.package_identification:_identify(src/more_interfaces/msg) by extension 'cmake'
[18.352s] Level 1:colcon.colcon_core.package_identification:_identify(src/more_interfaces/msg) by extension 'python'
[18.353s] Level 1:colcon.colcon_core.package_identification:_identify(src/more_interfaces/msg) by extensions ['python_setup_py']
[18.354s] Level 1:colcon.colcon_core.package_identification:_identify(src/more_interfaces/msg) by extension 'python_setup_py'
[18.356s] Level 1:colcon.colcon_core.package_identification:_identify(src/sensor_data) by extensions ['ignore', 'ignore_ament_install']
[18.357s] Level 1:colcon.colcon_core.package_identification:_identify(src/sensor_data) by extension 'ignore'
[18.359s] Level 1:colcon.colcon_core.package_identification:_identify(src/sensor_data) by extension 'ignore_ament_install'
[18.360s] Level 1:colcon.colcon_core.package_identification:_identify(src/sensor_data) by extensions ['colcon_pkg']
[18.361s] Level 1:colcon.colcon_core.package_identification:_identify(src/sensor_data) by extension 'colcon_pkg'
[18.362s] Level 1:colcon.colcon_core.package_identification:_identify(src/sensor_data) by extensions ['colcon_meta']
[18.363s] Level 1:colcon.colcon_core.package_identification:_identify(src/sensor_data) by extension 'colcon_meta'
[18.364s] Level 1:colcon.colcon_core.package_identification:_identify(src/sensor_data) by extensions ['ros']
[18.364s] Level 1:colcon.colcon_core.package_identification:_identify(src/sensor_data) by extension 'ros'
[18.382s] DEBUG:colcon.colcon_core.package_identification:Found ROS schema reference in package manifest in 'src/sensor_data'
[18.383s] WARNING:colcon.colcon_core.package_identification:Failed to parse ROS package manifest in 'src/sensor_data': Error(s) in package 'src/sensor_data/package.xml':
Error(s):
- The generic dependency on 'rclpy' is redundant with: exec_depend
[18.385s] Level 1:colcon.colcon_core.package_identification:_identify(src/sensor_data) by extensions ['cmake', 'python']
[18.386s] Level 1:colcon.colcon_core.package_identification:_identify(src/sensor_data) by extension 'cmake'
[18.387s] Level 1:colcon.colcon_core.package_identification:_identify(src/sensor_data) by extension 'python'
[18.392s] DEBUG:colcon.colcon_core.package_identification:Python package in 'src/sensor_data' passes arguments to the setup() function which requires a different identification extension than 'python'
[18.394s] Level 1:colcon.colcon_core.package_identification:_identify(src/sensor_data) by extensions ['python_setup_py']
[18.395s] Level 1:colcon.colcon_core.package_identification:_identify(src/sensor_data) by extension 'python_setup_py'
[735.779s] DEBUG:colcon.colcon_core.package_identification:Package 'src/sensor_data' with type 'python' and name 'sensor_data'
[735.783s] Level 1:colcon.colcon_core.package_discovery:discover_packages(recursive) using defaults
[735.785s] Level 1:colcon.colcon_core.package_discovery:discover_packages(ignore) discover
[735.786s] Level 1:colcon.colcon_core.package_discovery:discover_packages(ignore) using defaults
[735.793s] Level 1:colcon.colcon_core.package_discovery:discover_packages(path) discover
[735.794s] Level 1:colcon.colcon_core.package_discovery:discover_packages(path) using defaults
[737.607s] INFO:colcon.colcon_core.package_selection:Skipping not selected package 'gps_msgs' in 'src/gps_umd/gps_msgs'
[737.610s] INFO:colcon.colcon_core.package_selection:Skipping not selected package 'gps_tools' in 'src/gps_umd/gps_tools'
[737.618s] INFO:colcon.colcon_core.package_selection:Skipping not selected package 'gpsd_client' in 'src/gps_umd/gpsd_client'
[737.619s] INFO:colcon.colcon_core.package_selection:Skipping not selected package 'gps_umd' in 'src/gps_umd/gps_umd'
[737.653s] Level 1:colcon.colcon_core.package_discovery:discover_packages(prefix_path) check parameters
[737.658s] Level 1:colcon.colcon_core.package_discovery:discover_packages(prefix_path) discover
[737.824s] DEBUG:colcon.colcon_installed_package_information.package_discovery:Found 270 installed packages in /opt/ros/humble
[737.909s] Level 1:colcon.colcon_core.package_discovery:discover_packages(prefix_path) using defaults
[741.212s] Level 5:colcon.colcon_core.verb:set package 'sensor_data' build argument 'cmake_args' from command line to 'None'
[741.213s] Level 5:colcon.colcon_core.verb:set package 'sensor_data' build argument 'cmake_target' from command line to 'None'
[741.214s] Level 5:colcon.colcon_core.verb:set package 'sensor_data' build argument 'cmake_target_skip_unavailable' from command line to 'False'
[741.215s] Level 5:colcon.colcon_core.verb:set package 'sensor_data' build argument 'cmake_clean_cache' from command line to 'False'
[741.216s] Level 5:colcon.colcon_core.verb:set package 'sensor_data' build argument 'cmake_clean_first' from command line to 'False'
[741.216s] Level 5:colcon.colcon_core.verb:set package 'sensor_data' build argument 'cmake_force_configure' from command line to 'False'
[741.217s] Level 5:colcon.colcon_core.verb:set package 'sensor_data' build argument 'ament_cmake_args' from command line to 'None'
[741.218s] Level 5:colcon.colcon_core.verb:set package 'sensor_data' build argument 'catkin_cmake_args' from command line to 'None'
[741.219s] Level 5:colcon.colcon_core.verb:set package 'sensor_data' build argument 'catkin_skip_building_tests' from command line to 'False'
[741.220s] DEBUG:colcon.colcon_core.verb:Building package 'sensor_data' with the following arguments: {'ament_cmake_args': None, 'build_base': '/home/pi/gps/Python-GPS-m8p-d/ros2_gps_ws/build/sensor_data', 'catkin_cmake_args': None, 'catkin_skip_building_tests': False, 'cmake_args': None, 'cmake_clean_cache': False, 'cmake_clean_first': False, 'cmake_force_configure': False, 'cmake_target': None, 'cmake_target_skip_unavailable': False, 'install_base': '/home/pi/gps/Python-GPS-m8p-d/ros2_gps_ws/install/sensor_data', 'merge_install': False, 'path': '/home/pi/gps/Python-GPS-m8p-d/ros2_gps_ws/src/sensor_data', 'symlink_install': False, 'test_result_base': None}
[741.233s] INFO:colcon.colcon_core.executor:Executing jobs using 'parallel' executor
[741.833s] DEBUG:colcon.colcon_parallel_executor.executor.parallel:run_until_complete
[741.863s] INFO:colcon.colcon_core.task.python.build:Building Python package in '/home/pi/gps/Python-GPS-m8p-d/ros2_gps_ws/src/sensor_data'
[742.531s] INFO:colcon.colcon_core.plugin_system:Skipping extension 'colcon_core.shell.bat': Not used on non-Windows systems
[742.535s] INFO:colcon.colcon_core.shell:Skip shell extension 'powershell' for command environment: Not usable outside of PowerShell
[742.536s] DEBUG:colcon.colcon_core.shell:Skip shell extension 'dsv' for command environment
[769.066s] DEBUG:colcon.colcon_core.event_handler.log_command:Invoking command in '/home/pi/gps/Python-GPS-m8p-d/ros2_gps_ws/src/sensor_data': PYTHONPATH=/home/pi/gps/Python-GPS-m8p-d/ros2_gps_ws/install/sensor_data/lib/python3.10/site-packages:${PYTHONPATH} /usr/bin/python3 setup.py egg_info --egg-base ../../build/sensor_data build --build-base /home/pi/gps/Python-GPS-m8p-d/ros2_gps_ws/build/sensor_data/build install --prefix /home/pi/gps/Python-GPS-m8p-d/ros2_gps_ws/install/sensor_data --record /home/pi/gps/Python-GPS-m8p-d/ros2_gps_ws/build/sensor_data/install.log --single-version-externally-managed
[788.493s] DEBUG:colcon.colcon_core.event_handler.log_command:Invoked command in '/home/pi/gps/Python-GPS-m8p-d/ros2_gps_ws/src/sensor_data' returned '0': PYTHONPATH=/home/pi/gps/Python-GPS-m8p-d/ros2_gps_ws/install/sensor_data/lib/python3.10/site-packages:${PYTHONPATH} /usr/bin/python3 setup.py egg_info --egg-base ../../build/sensor_data build --build-base /home/pi/gps/Python-GPS-m8p-d/ros2_gps_ws/build/sensor_data/build install --prefix /home/pi/gps/Python-GPS-m8p-d/ros2_gps_ws/install/sensor_data --record /home/pi/gps/Python-GPS-m8p-d/ros2_gps_ws/build/sensor_data/install.log --single-version-externally-managed
[788.614s] Level 1:colcon.colcon_core.environment:checking '/home/pi/gps/Python-GPS-m8p-d/ros2_gps_ws/install/sensor_data' for CMake module files
[788.622s] Level 1:colcon.colcon_core.environment:checking '/home/pi/gps/Python-GPS-m8p-d/ros2_gps_ws/install/sensor_data' for CMake config files
[788.653s] Level 1:colcon.colcon_core.environment:checking '/home/pi/gps/Python-GPS-m8p-d/ros2_gps_ws/install/sensor_data/lib'
[788.656s] Level 1:colcon.colcon_core.environment:checking '/home/pi/gps/Python-GPS-m8p-d/ros2_gps_ws/install/sensor_data/bin'
[788.658s] Level 1:colcon.colcon_core.environment:checking '/home/pi/gps/Python-GPS-m8p-d/ros2_gps_ws/install/sensor_data/lib/pkgconfig/sensor_data.pc'
[788.661s] Level 1:colcon.colcon_core.environment:checking '/home/pi/gps/Python-GPS-m8p-d/ros2_gps_ws/install/sensor_data/lib/python3.10/site-packages'
[788.663s] Level 1:colcon.colcon_core.shell:create_environment_hook('sensor_data', 'pythonpath')
[788.684s] INFO:colcon.colcon_core.shell:Creating environment hook '/home/pi/gps/Python-GPS-m8p-d/ros2_gps_ws/install/sensor_data/share/sensor_data/hook/pythonpath.ps1'
[788.700s] INFO:colcon.colcon_core.shell:Creating environment descriptor '/home/pi/gps/Python-GPS-m8p-d/ros2_gps_ws/install/sensor_data/share/sensor_data/hook/pythonpath.dsv'
[788.724s] INFO:colcon.colcon_core.shell:Creating environment hook '/home/pi/gps/Python-GPS-m8p-d/ros2_gps_ws/install/sensor_data/share/sensor_data/hook/pythonpath.sh'
[788.752s] Level 1:colcon.colcon_core.environment:checking '/home/pi/gps/Python-GPS-m8p-d/ros2_gps_ws/install/sensor_data/bin'
[788.753s] Level 1:colcon.colcon_core.environment:create_environment_scripts_only(sensor_data)
[788.769s] INFO:colcon.colcon_core.shell:Creating package script '/home/pi/gps/Python-GPS-m8p-d/ros2_gps_ws/install/sensor_data/share/sensor_data/package.ps1'
[788.781s] INFO:colcon.colcon_core.shell:Creating package descriptor '/home/pi/gps/Python-GPS-m8p-d/ros2_gps_ws/install/sensor_data/share/sensor_data/package.dsv'
[788.792s] INFO:colcon.colcon_core.shell:Creating package script '/home/pi/gps/Python-GPS-m8p-d/ros2_gps_ws/install/sensor_data/share/sensor_data/package.sh'
[788.819s] INFO:colcon.colcon_core.shell:Creating package script '/home/pi/gps/Python-GPS-m8p-d/ros2_gps_ws/install/sensor_data/share/sensor_data/package.bash'
[788.837s] INFO:colcon.colcon_core.shell:Creating package script '/home/pi/gps/Python-GPS-m8p-d/ros2_gps_ws/install/sensor_data/share/sensor_data/package.zsh'
[788.854s] Level 1:colcon.colcon_core.environment:create_file_with_runtime_dependencies(/home/pi/gps/Python-GPS-m8p-d/ros2_gps_ws/install/sensor_data/share/colcon-core/packages/sensor_data)
[788.858s] DEBUG:colcon.colcon_parallel_executor.executor.parallel:closing loop
[788.864s] DEBUG:colcon.colcon_parallel_executor.executor.parallel:loop closed
[788.866s] DEBUG:colcon.colcon_parallel_executor.executor.parallel:run_until_complete finished with '0'
[788.867s] DEBUG:colcon.colcon_core.event_reactor:joining thread
[789.169s] INFO:colcon.colcon_core.plugin_system:Skipping extension 'colcon_notification.desktop_notification.notify_send': Could not find 'notify-send'
[789.170s] INFO:colcon.colcon_core.plugin_system:Skipping extension 'colcon_notification.desktop_notification.terminal_notifier': Not used on non-Darwin systems
[789.172s] INFO:colcon.colcon_core.plugin_system:Skipping extension 'colcon_notification.desktop_notification.win32': Not used on non-Windows systems
[789.173s] INFO:colcon.colcon_notification.desktop_notification:Sending desktop notification using 'notify2'
[789.762s] DEBUG:colcon.colcon_notification.desktop_notification.notify2:Failed to initialize notify2: org.freedesktop.DBus.Error.ServiceUnknown: The name org.freedesktop.Notifications was not provided by any .service files
[789.763s] DEBUG:colcon.colcon_core.event_reactor:joined thread
[789.783s] INFO:colcon.colcon_core.shell:Creating prefix script '/home/pi/gps/Python-GPS-m8p-d/ros2_gps_ws/install/local_setup.ps1'
[789.800s] INFO:colcon.colcon_core.shell:Creating prefix util module '/home/pi/gps/Python-GPS-m8p-d/ros2_gps_ws/install/_local_setup_util_ps1.py'
[789.822s] INFO:colcon.colcon_core.shell:Creating prefix chain script '/home/pi/gps/Python-GPS-m8p-d/ros2_gps_ws/install/setup.ps1'
[789.839s] INFO:colcon.colcon_core.shell:Creating prefix script '/home/pi/gps/Python-GPS-m8p-d/ros2_gps_ws/install/local_setup.sh'
[789.848s] INFO:colcon.colcon_core.shell:Creating prefix util module '/home/pi/gps/Python-GPS-m8p-d/ros2_gps_ws/install/_local_setup_util_sh.py'
[789.854s] INFO:colcon.colcon_core.shell:Creating prefix chain script '/home/pi/gps/Python-GPS-m8p-d/ros2_gps_ws/install/setup.sh'
[789.871s] INFO:colcon.colcon_core.shell:Creating prefix script '/home/pi/gps/Python-GPS-m8p-d/ros2_gps_ws/install/local_setup.bash'
[789.883s] INFO:colcon.colcon_core.shell:Creating prefix chain script '/home/pi/gps/Python-GPS-m8p-d/ros2_gps_ws/install/setup.bash'
[789.901s] INFO:colcon.colcon_core.shell:Creating prefix script '/home/pi/gps/Python-GPS-m8p-d/ros2_gps_ws/install/local_setup.zsh'
[789.912s] INFO:colcon.colcon_core.shell:Creating prefix chain script '/home/pi/gps/Python-GPS-m8p-d/ros2_gps_ws/install/setup.zsh'
