[1.361s] DEBUG:colcon:Command line arguments: ['/usr/bin/colcon', 'build', '--packages-select', 'sensor_data']
[1.361s] DEBUG:colcon:Parsed command line arguments: Namespace(log_base=None, log_level=None, verb_name='build', build_base='build', install_base='install', merge_install=False, symlink_install=False, test_result_base=None, continue_on_error=False, executor='parallel', parallel_workers=4, event_handlers=None, ignore_user_meta=False, metas=['./colcon.meta'], base_paths=['.'], packages_ignore=None, packages_ignore_regex=None, paths=None, packages_up_to=None, packages_up_to_regex=None, packages_above=None, packages_above_and_dependencies=None, packages_above_depth=None, packages_select_by_dep=None, packages_skip_by_dep=None, packages_skip_up_to=None, packages_select_build_failed=False, packages_skip_build_finished=False, packages_select_test_failures=False, packages_skip_test_passed=False, packages_select=['sensor_data'], packages_skip=None, packages_select_regex=None, packages_skip_regex=None, packages_start=None, packages_end=None, allow_overriding=[], cmake_args=None, cmake_target=None, cmake_target_skip_unavailable=False, cmake_clean_cache=False, cmake_clean_first=False, cmake_force_configure=False, ament_cmake_args=None, catkin_cmake_args=None, catkin_skip_building_tests=False, verb_parser=<colcon_defaults.argument_parser.defaults.DefaultArgumentsDecorator object at 0xffffabb80100>, verb_extension=<colcon_core.verb.build.BuildVerb object at 0xffffabb53b50>, main=<bound method BuildVerb.main of <colcon_core.verb.build.BuildVerb object at 0xffffabb53b50>>)
[1.617s] Level 1:colcon.colcon_core.package_discovery:discover_packages(colcon_meta) check parameters
[1.617s] Level 1:colcon.colcon_core.package_discovery:discover_packages(recursive) check parameters
[1.618s] Level 1:colcon.colcon_core.package_discovery:discover_packages(ignore) check parameters
[1.618s] Level 1:colcon.colcon_core.package_discovery:discover_packages(path) check parameters
[1.618s] Level 1:colcon.colcon_core.package_discovery:discover_packages(colcon_meta) discover
[1.619s] Level 1:colcon.colcon_core.package_discovery:discover_packages(recursive) discover
[1.619s] INFO:colcon.colcon_core.package_discovery:Crawling recursively for packages in '/home/pi/gps/Python-GPS-m8p-d/ros2_gps_ws'
[1.620s] Level 1:colcon.colcon_core.package_identification:_identify(.) by extensions ['ignore', 'ignore_ament_install']
[1.621s] Level 1:colcon.colcon_core.package_identification:_identify(.) by extension 'ignore'
[1.621s] Level 1:colcon.colcon_core.package_identification:_identify(.) by extension 'ignore_ament_install'
[1.622s] Level 1:colcon.colcon_core.package_identification:_identify(.) by extensions ['colcon_pkg']
[1.622s] Level 1:colcon.colcon_core.package_identification:_identify(.) by extension 'colcon_pkg'
[1.623s] Level 1:colcon.colcon_core.package_identification:_identify(.) by extensions ['colcon_meta']
[1.623s] Level 1:colcon.colcon_core.package_identification:_identify(.) by extension 'colcon_meta'
[1.623s] Level 1:colcon.colcon_core.package_identification:_identify(.) by extensions ['ros']
[1.623s] Level 1:colcon.colcon_core.package_identification:_identify(.) by extension 'ros'
[1.724s] Level 1:colcon.colcon_core.package_identification:_identify(.) by extensions ['cmake', 'python']
[1.724s] Level 1:colcon.colcon_core.package_identification:_identify(.) by extension 'cmake'
[1.725s] Level 1:colcon.colcon_core.package_identification:_identify(.) by extension 'python'
[1.725s] Level 1:colcon.colcon_core.package_identification:_identify(.) by extensions ['python_setup_py']
[1.725s] Level 1:colcon.colcon_core.package_identification:_identify(.) by extension 'python_setup_py'
[1.726s] Level 1:colcon.colcon_core.package_identification:_identify(build) by extensions ['ignore', 'ignore_ament_install']
[1.727s] Level 1:colcon.colcon_core.package_identification:_identify(build) by extension 'ignore'
[1.728s] Level 1:colcon.colcon_core.package_identification:_identify(build) ignored
[1.729s] Level 1:colcon.colcon_core.package_identification:_identify(install) by extensions ['ignore', 'ignore_ament_install']
[1.730s] Level 1:colcon.colcon_core.package_identification:_identify(install) by extension 'ignore'
[1.730s] Level 1:colcon.colcon_core.package_identification:_identify(install) ignored
[1.732s] Level 1:colcon.colcon_core.package_identification:_identify(log) by extensions ['ignore', 'ignore_ament_install']
[1.733s] Level 1:colcon.colcon_core.package_identification:_identify(log) by extension 'ignore'
[1.733s] Level 1:colcon.colcon_core.package_identification:_identify(log) ignored
[1.734s] Level 1:colcon.colcon_core.package_identification:_identify(src) by extensions ['ignore', 'ignore_ament_install']
[1.735s] Level 1:colcon.colcon_core.package_identification:_identify(src) by extension 'ignore'
[1.735s] Level 1:colcon.colcon_core.package_identification:_identify(src) by extension 'ignore_ament_install'
[1.736s] Level 1:colcon.colcon_core.package_identification:_identify(src) by extensions ['colcon_pkg']
[1.736s] Level 1:colcon.colcon_core.package_identification:_identify(src) by extension 'colcon_pkg'
[1.736s] Level 1:colcon.colcon_core.package_identification:_identify(src) by extensions ['colcon_meta']
[1.737s] Level 1:colcon.colcon_core.package_identification:_identify(src) by extension 'colcon_meta'
[1.737s] Level 1:colcon.colcon_core.package_identification:_identify(src) by extensions ['ros']
[1.737s] Level 1:colcon.colcon_core.package_identification:_identify(src) by extension 'ros'
[1.738s] Level 1:colcon.colcon_core.package_identification:_identify(src) by extensions ['cmake', 'python']
[1.738s] Level 1:colcon.colcon_core.package_identification:_identify(src) by extension 'cmake'
[1.739s] Level 1:colcon.colcon_core.package_identification:_identify(src) by extension 'python'
[1.739s] Level 1:colcon.colcon_core.package_identification:_identify(src) by extensions ['python_setup_py']
[1.739s] Level 1:colcon.colcon_core.package_identification:_identify(src) by extension 'python_setup_py'
[1.741s] Level 1:colcon.colcon_core.package_identification:_identify(src/gps_umd) by extensions ['ignore', 'ignore_ament_install']
[1.741s] Level 1:colcon.colcon_core.package_identification:_identify(src/gps_umd) by extension 'ignore'
[1.742s] Level 1:colcon.colcon_core.package_identification:_identify(src/gps_umd) by extension 'ignore_ament_install'
[1.742s] Level 1:colcon.colcon_core.package_identification:_identify(src/gps_umd) by extensions ['colcon_pkg']
[1.743s] Level 1:colcon.colcon_core.package_identification:_identify(src/gps_umd) by extension 'colcon_pkg'
[1.743s] Level 1:colcon.colcon_core.package_identification:_identify(src/gps_umd) by extensions ['colcon_meta']
[1.743s] Level 1:colcon.colcon_core.package_identification:_identify(src/gps_umd) by extension 'colcon_meta'
[1.744s] Level 1:colcon.colcon_core.package_identification:_identify(src/gps_umd) by extensions ['ros']
[1.744s] Level 1:colcon.colcon_core.package_identification:_identify(src/gps_umd) by extension 'ros'
[1.745s] Level 1:colcon.colcon_core.package_identification:_identify(src/gps_umd) by extensions ['cmake', 'python']
[1.745s] Level 1:colcon.colcon_core.package_identification:_identify(src/gps_umd) by extension 'cmake'
[1.745s] Level 1:colcon.colcon_core.package_identification:_identify(src/gps_umd) by extension 'python'
[1.746s] Level 1:colcon.colcon_core.package_identification:_identify(src/gps_umd) by extensions ['python_setup_py']
[1.746s] Level 1:colcon.colcon_core.package_identification:_identify(src/gps_umd) by extension 'python_setup_py'
[1.747s] Level 1:colcon.colcon_core.package_identification:_identify(src/gps_umd/build) by extensions ['ignore', 'ignore_ament_install']
[1.748s] Level 1:colcon.colcon_core.package_identification:_identify(src/gps_umd/build) by extension 'ignore'
[1.748s] Level 1:colcon.colcon_core.package_identification:_identify(src/gps_umd/build) ignored
[1.749s] Level 1:colcon.colcon_core.package_identification:_identify(src/gps_umd/gps_msgs) by extensions ['ignore', 'ignore_ament_install']
[1.750s] Level 1:colcon.colcon_core.package_identification:_identify(src/gps_umd/gps_msgs) by extension 'ignore'
[1.751s] Level 1:colcon.colcon_core.package_identification:_identify(src/gps_umd/gps_msgs) by extension 'ignore_ament_install'
[1.751s] Level 1:colcon.colcon_core.package_identification:_identify(src/gps_umd/gps_msgs) by extensions ['colcon_pkg']
[1.752s] Level 1:colcon.colcon_core.package_identification:_identify(src/gps_umd/gps_msgs) by extension 'colcon_pkg'
[1.752s] Level 1:colcon.colcon_core.package_identification:_identify(src/gps_umd/gps_msgs) by extensions ['colcon_meta']
[1.752s] Level 1:colcon.colcon_core.package_identification:_identify(src/gps_umd/gps_msgs) by extension 'colcon_meta'
[1.753s] Level 1:colcon.colcon_core.package_identification:_identify(src/gps_umd/gps_msgs) by extensions ['ros']
[1.753s] Level 1:colcon.colcon_core.package_identification:_identify(src/gps_umd/gps_msgs) by extension 'ros'
[1.771s] DEBUG:colcon.colcon_core.package_identification:Package 'src/gps_umd/gps_msgs' with type 'ros.ament_cmake' and name 'gps_msgs'
[1.773s] Level 1:colcon.colcon_core.package_identification:_identify(src/gps_umd/gps_tools) by extensions ['ignore', 'ignore_ament_install']
[1.773s] Level 1:colcon.colcon_core.package_identification:_identify(src/gps_umd/gps_tools) by extension 'ignore'
[1.774s] Level 1:colcon.colcon_core.package_identification:_identify(src/gps_umd/gps_tools) by extension 'ignore_ament_install'
[1.775s] Level 1:colcon.colcon_core.package_identification:_identify(src/gps_umd/gps_tools) by extensions ['colcon_pkg']
[1.775s] Level 1:colcon.colcon_core.package_identification:_identify(src/gps_umd/gps_tools) by extension 'colcon_pkg'
[1.775s] Level 1:colcon.colcon_core.package_identification:_identify(src/gps_umd/gps_tools) by extensions ['colcon_meta']
[1.776s] Level 1:colcon.colcon_core.package_identification:_identify(src/gps_umd/gps_tools) by extension 'colcon_meta'
[1.776s] Level 1:colcon.colcon_core.package_identification:_identify(src/gps_umd/gps_tools) by extensions ['ros']
[1.776s] Level 1:colcon.colcon_core.package_identification:_identify(src/gps_umd/gps_tools) by extension 'ros'
[1.785s] DEBUG:colcon.colcon_core.package_identification:Package 'src/gps_umd/gps_tools' with type 'ros.ament_cmake' and name 'gps_tools'
[1.786s] Level 1:colcon.colcon_core.package_identification:_identify(src/gps_umd/gps_umd) by extensions ['ignore', 'ignore_ament_install']
[1.787s] Level 1:colcon.colcon_core.package_identification:_identify(src/gps_umd/gps_umd) by extension 'ignore'
[1.788s] Level 1:colcon.colcon_core.package_identification:_identify(src/gps_umd/gps_umd) by extension 'ignore_ament_install'
[1.788s] Level 1:colcon.colcon_core.package_identification:_identify(src/gps_umd/gps_umd) by extensions ['colcon_pkg']
[1.788s] Level 1:colcon.colcon_core.package_identification:_identify(src/gps_umd/gps_umd) by extension 'colcon_pkg'
[1.789s] Level 1:colcon.colcon_core.package_identification:_identify(src/gps_umd/gps_umd) by extensions ['colcon_meta']
[1.789s] Level 1:colcon.colcon_core.package_identification:_identify(src/gps_umd/gps_umd) by extension 'colcon_meta'
[1.789s] Level 1:colcon.colcon_core.package_identification:_identify(src/gps_umd/gps_umd) by extensions ['ros']
[1.790s] Level 1:colcon.colcon_core.package_identification:_identify(src/gps_umd/gps_umd) by extension 'ros'
[1.793s] DEBUG:colcon.colcon_core.package_identification:Package 'src/gps_umd/gps_umd' with type 'ros.catkin' and name 'gps_umd'
[1.795s] Level 1:colcon.colcon_core.package_identification:_identify(src/gps_umd/gpsd_client) by extensions ['ignore', 'ignore_ament_install']
[1.796s] Level 1:colcon.colcon_core.package_identification:_identify(src/gps_umd/gpsd_client) by extension 'ignore'
[1.796s] Level 1:colcon.colcon_core.package_identification:_identify(src/gps_umd/gpsd_client) by extension 'ignore_ament_install'
[1.797s] Level 1:colcon.colcon_core.package_identification:_identify(src/gps_umd/gpsd_client) by extensions ['colcon_pkg']
[1.797s] Level 1:colcon.colcon_core.package_identification:_identify(src/gps_umd/gpsd_client) by extension 'colcon_pkg'
[1.797s] Level 1:colcon.colcon_core.package_identification:_identify(src/gps_umd/gpsd_client) by extensions ['colcon_meta']
[1.797s] Level 1:colcon.colcon_core.package_identification:_identify(src/gps_umd/gpsd_client) by extension 'colcon_meta'
[1.798s] Level 1:colcon.colcon_core.package_identification:_identify(src/gps_umd/gpsd_client) by extensions ['ros']
[1.799s] Level 1:colcon.colcon_core.package_identification:_identify(src/gps_umd/gpsd_client) by extension 'ros'
[1.806s] DEBUG:colcon.colcon_core.package_identification:Package 'src/gps_umd/gpsd_client' with type 'ros.ament_cmake' and name 'gpsd_client'
[1.808s] Level 1:colcon.colcon_core.package_identification:_identify(src/gps_umd/install) by extensions ['ignore', 'ignore_ament_install']
[1.808s] Level 1:colcon.colcon_core.package_identification:_identify(src/gps_umd/install) by extension 'ignore'
[1.809s] Level 1:colcon.colcon_core.package_identification:_identify(src/gps_umd/install) ignored
[1.810s] Level 1:colcon.colcon_core.package_identification:_identify(src/gps_umd/log) by extensions ['ignore', 'ignore_ament_install']
[1.811s] Level 1:colcon.colcon_core.package_identification:_identify(src/gps_umd/log) by extension 'ignore'
[1.811s] Level 1:colcon.colcon_core.package_identification:_identify(src/gps_umd/log) ignored
[1.812s] Level 1:colcon.colcon_core.package_identification:_identify(src/more_interfaces) by extensions ['ignore', 'ignore_ament_install']
[1.813s] Level 1:colcon.colcon_core.package_identification:_identify(src/more_interfaces) by extension 'ignore'
[1.813s] Level 1:colcon.colcon_core.package_identification:_identify(src/more_interfaces) by extension 'ignore_ament_install'
[1.814s] Level 1:colcon.colcon_core.package_identification:_identify(src/more_interfaces) by extensions ['colcon_pkg']
[1.814s] Level 1:colcon.colcon_core.package_identification:_identify(src/more_interfaces) by extension 'colcon_pkg'
[1.815s] Level 1:colcon.colcon_core.package_identification:_identify(src/more_interfaces) by extensions ['colcon_meta']
[1.815s] Level 1:colcon.colcon_core.package_identification:_identify(src/more_interfaces) by extension 'colcon_meta'
[1.815s] Level 1:colcon.colcon_core.package_identification:_identify(src/more_interfaces) by extensions ['ros']
[1.816s] Level 1:colcon.colcon_core.package_identification:_identify(src/more_interfaces) by extension 'ros'
[1.816s] Level 1:colcon.colcon_core.package_identification:_identify(src/more_interfaces) by extensions ['cmake', 'python']
[1.817s] Level 1:colcon.colcon_core.package_identification:_identify(src/more_interfaces) by extension 'cmake'
[1.817s] Level 1:colcon.colcon_core.package_identification:_identify(src/more_interfaces) by extension 'python'
[1.817s] Level 1:colcon.colcon_core.package_identification:_identify(src/more_interfaces) by extensions ['python_setup_py']
[1.818s] Level 1:colcon.colcon_core.package_identification:_identify(src/more_interfaces) by extension 'python_setup_py'
[1.819s] Level 1:colcon.colcon_core.package_identification:_identify(src/more_interfaces/msg) by extensions ['ignore', 'ignore_ament_install']
[1.819s] Level 1:colcon.colcon_core.package_identification:_identify(src/more_interfaces/msg) by extension 'ignore'
[1.820s] Level 1:colcon.colcon_core.package_identification:_identify(src/more_interfaces/msg) by extension 'ignore_ament_install'
[1.820s] Level 1:colcon.colcon_core.package_identification:_identify(src/more_interfaces/msg) by extensions ['colcon_pkg']
[1.821s] Level 1:colcon.colcon_core.package_identification:_identify(src/more_interfaces/msg) by extension 'colcon_pkg'
[1.821s] Level 1:colcon.colcon_core.package_identification:_identify(src/more_interfaces/msg) by extensions ['colcon_meta']
[1.821s] Level 1:colcon.colcon_core.package_identification:_identify(src/more_interfaces/msg) by extension 'colcon_meta'
[1.822s] Level 1:colcon.colcon_core.package_identification:_identify(src/more_interfaces/msg) by extensions ['ros']
[1.822s] Level 1:colcon.colcon_core.package_identification:_identify(src/more_interfaces/msg) by extension 'ros'
[1.823s] Level 1:colcon.colcon_core.package_identification:_identify(src/more_interfaces/msg) by extensions ['cmake', 'python']
[1.823s] Level 1:colcon.colcon_core.package_identification:_identify(src/more_interfaces/msg) by extension 'cmake'
[1.824s] Level 1:colcon.colcon_core.package_identification:_identify(src/more_interfaces/msg) by extension 'python'
[1.824s] Level 1:colcon.colcon_core.package_identification:_identify(src/more_interfaces/msg) by extensions ['python_setup_py']
[1.824s] Level 1:colcon.colcon_core.package_identification:_identify(src/more_interfaces/msg) by extension 'python_setup_py'
[1.826s] Level 1:colcon.colcon_core.package_identification:_identify(src/sensor_data) by extensions ['ignore', 'ignore_ament_install']
[1.826s] Level 1:colcon.colcon_core.package_identification:_identify(src/sensor_data) by extension 'ignore'
[1.827s] Level 1:colcon.colcon_core.package_identification:_identify(src/sensor_data) by extension 'ignore_ament_install'
[1.827s] Level 1:colcon.colcon_core.package_identification:_identify(src/sensor_data) by extensions ['colcon_pkg']
[1.828s] Level 1:colcon.colcon_core.package_identification:_identify(src/sensor_data) by extension 'colcon_pkg'
[1.828s] Level 1:colcon.colcon_core.package_identification:_identify(src/sensor_data) by extensions ['colcon_meta']
[1.828s] Level 1:colcon.colcon_core.package_identification:_identify(src/sensor_data) by extension 'colcon_meta'
[1.829s] Level 1:colcon.colcon_core.package_identification:_identify(src/sensor_data) by extensions ['ros']
[1.829s] Level 1:colcon.colcon_core.package_identification:_identify(src/sensor_data) by extension 'ros'
[1.835s] DEBUG:colcon.colcon_core.package_identification:Package 'src/sensor_data' with type 'ros.ament_python' and name 'sensor_data'
[1.836s] Level 1:colcon.colcon_core.package_identification:_identify(src/sensor_interfaces) by extensions ['ignore', 'ignore_ament_install']
[1.837s] Level 1:colcon.colcon_core.package_identification:_identify(src/sensor_interfaces) by extension 'ignore'
[1.837s] Level 1:colcon.colcon_core.package_identification:_identify(src/sensor_interfaces) by extension 'ignore_ament_install'
[1.838s] Level 1:colcon.colcon_core.package_identification:_identify(src/sensor_interfaces) by extensions ['colcon_pkg']
[1.838s] Level 1:colcon.colcon_core.package_identification:_identify(src/sensor_interfaces) by extension 'colcon_pkg'
[1.838s] Level 1:colcon.colcon_core.package_identification:_identify(src/sensor_interfaces) by extensions ['colcon_meta']
[1.839s] Level 1:colcon.colcon_core.package_identification:_identify(src/sensor_interfaces) by extension 'colcon_meta'
[1.839s] Level 1:colcon.colcon_core.package_identification:_identify(src/sensor_interfaces) by extensions ['ros']
[1.839s] Level 1:colcon.colcon_core.package_identification:_identify(src/sensor_interfaces) by extension 'ros'
[1.843s] DEBUG:colcon.colcon_core.package_identification:Package 'src/sensor_interfaces' with type 'ros.ament_cmake' and name 'sensor_interfaces'
[1.844s] Level 1:colcon.colcon_core.package_discovery:discover_packages(recursive) using defaults
[1.845s] Level 1:colcon.colcon_core.package_discovery:discover_packages(ignore) discover
[1.845s] Level 1:colcon.colcon_core.package_discovery:discover_packages(ignore) using defaults
[1.845s] Level 1:colcon.colcon_core.package_discovery:discover_packages(path) discover
[1.845s] Level 1:colcon.colcon_core.package_discovery:discover_packages(path) using defaults
[2.025s] INFO:colcon.colcon_core.package_selection:Skipping not selected package 'gps_msgs' in 'src/gps_umd/gps_msgs'
[2.026s] INFO:colcon.colcon_core.package_selection:Skipping not selected package 'sensor_interfaces' in 'src/sensor_interfaces'
[2.026s] INFO:colcon.colcon_core.package_selection:Skipping not selected package 'gps_tools' in 'src/gps_umd/gps_tools'
[2.027s] INFO:colcon.colcon_core.package_selection:Skipping not selected package 'gpsd_client' in 'src/gps_umd/gpsd_client'
[2.027s] INFO:colcon.colcon_core.package_selection:Skipping not selected package 'gps_umd' in 'src/gps_umd/gps_umd'
[2.033s] Level 1:colcon.colcon_core.package_discovery:discover_packages(prefix_path) check parameters
[2.034s] Level 1:colcon.colcon_core.package_discovery:discover_packages(prefix_path) discover
[2.070s] DEBUG:colcon.colcon_installed_package_information.package_discovery:Found 270 installed packages in /opt/ros/humble
[2.091s] Level 1:colcon.colcon_core.package_discovery:discover_packages(prefix_path) using defaults
[2.672s] Level 5:colcon.colcon_core.verb:set package 'sensor_data' build argument 'cmake_args' from command line to 'None'
[2.673s] Level 5:colcon.colcon_core.verb:set package 'sensor_data' build argument 'cmake_target' from command line to 'None'
[2.673s] Level 5:colcon.colcon_core.verb:set package 'sensor_data' build argument 'cmake_target_skip_unavailable' from command line to 'False'
[2.673s] Level 5:colcon.colcon_core.verb:set package 'sensor_data' build argument 'cmake_clean_cache' from command line to 'False'
[2.674s] Level 5:colcon.colcon_core.verb:set package 'sensor_data' build argument 'cmake_clean_first' from command line to 'False'
[2.674s] Level 5:colcon.colcon_core.verb:set package 'sensor_data' build argument 'cmake_force_configure' from command line to 'False'
[2.674s] Level 5:colcon.colcon_core.verb:set package 'sensor_data' build argument 'ament_cmake_args' from command line to 'None'
[2.674s] Level 5:colcon.colcon_core.verb:set package 'sensor_data' build argument 'catkin_cmake_args' from command line to 'None'
[2.675s] Level 5:colcon.colcon_core.verb:set package 'sensor_data' build argument 'catkin_skip_building_tests' from command line to 'False'
[2.675s] DEBUG:colcon.colcon_core.verb:Building package 'sensor_data' with the following arguments: {'ament_cmake_args': None, 'build_base': '/home/pi/gps/Python-GPS-m8p-d/ros2_gps_ws/build/sensor_data', 'catkin_cmake_args': None, 'catkin_skip_building_tests': False, 'cmake_args': None, 'cmake_clean_cache': False, 'cmake_clean_first': False, 'cmake_force_configure': False, 'cmake_target': None, 'cmake_target_skip_unavailable': False, 'install_base': '/home/pi/gps/Python-GPS-m8p-d/ros2_gps_ws/install/sensor_data', 'merge_install': False, 'path': '/home/pi/gps/Python-GPS-m8p-d/ros2_gps_ws/src/sensor_data', 'symlink_install': False, 'test_result_base': None}
[2.681s] INFO:colcon.colcon_core.executor:Executing jobs using 'parallel' executor
[2.713s] DEBUG:colcon.colcon_parallel_executor.executor.parallel:run_until_complete
[2.716s] INFO:colcon.colcon_ros.task.ament_python.build:Building ROS package in '/home/pi/gps/Python-GPS-m8p-d/ros2_gps_ws/src/sensor_data' with build type 'ament_python'
[2.717s] Level 1:colcon.colcon_core.shell:create_environment_hook('sensor_data', 'ament_prefix_path')
[2.756s] INFO:colcon.colcon_core.plugin_system:Skipping extension 'colcon_core.shell.bat': Not used on non-Windows systems
[2.758s] INFO:colcon.colcon_core.shell:Creating environment hook '/home/pi/gps/Python-GPS-m8p-d/ros2_gps_ws/install/sensor_data/share/sensor_data/hook/ament_prefix_path.ps1'
[2.763s] INFO:colcon.colcon_core.shell:Creating environment descriptor '/home/pi/gps/Python-GPS-m8p-d/ros2_gps_ws/install/sensor_data/share/sensor_data/hook/ament_prefix_path.dsv'
[2.766s] INFO:colcon.colcon_core.shell:Creating environment hook '/home/pi/gps/Python-GPS-m8p-d/ros2_gps_ws/install/sensor_data/share/sensor_data/hook/ament_prefix_path.sh'
[2.782s] INFO:colcon.colcon_core.shell:Skip shell extension 'powershell' for command environment: Not usable outside of PowerShell
[2.783s] DEBUG:colcon.colcon_core.shell:Skip shell extension 'dsv' for command environment
[5.440s] INFO:colcon.colcon_core.task.python.build:Building Python package in '/home/pi/gps/Python-GPS-m8p-d/ros2_gps_ws/src/sensor_data'
[5.451s] INFO:colcon.colcon_core.shell:Skip shell extension 'powershell' for command environment: Not usable outside of PowerShell
[5.452s] DEBUG:colcon.colcon_core.shell:Skip shell extension 'dsv' for command environment
[8.950s] DEBUG:colcon.colcon_core.event_handler.log_command:Invoking command in '/home/pi/gps/Python-GPS-m8p-d/ros2_gps_ws/build/sensor_data': AMENT_PREFIX_PATH=/home/pi/gps/Python-GPS-m8p-d/ros2_gps_ws/install/gps_msgs:${AMENT_PREFIX_PATH} CMAKE_PREFIX_PATH=/home/pi/gps/Python-GPS-m8p-d/ros2_gps_ws/install/gps_msgs LD_LIBRARY_PATH=/home/pi/gps/Python-GPS-m8p-d/ros2_gps_ws/install/gps_msgs/lib:${LD_LIBRARY_PATH} PYTHONPATH=/home/pi/gps/Python-GPS-m8p-d/ros2_gps_ws/install/sensor_data/lib/python3.10/site-packages:/home/pi/gps/Python-GPS-m8p-d/ros2_gps_ws/install/gps_msgs/local/lib/python3.10/dist-packages:${PYTHONPATH} /usr/bin/python3 setup.py develop --prefix /home/pi/gps/Python-GPS-m8p-d/ros2_gps_ws/install/sensor_data --uninstall --editable --build-directory /home/pi/gps/Python-GPS-m8p-d/ros2_gps_ws/build/sensor_data/build
[13.578s] DEBUG:colcon.colcon_core.event_handler.log_command:Invoked command in '/home/pi/gps/Python-GPS-m8p-d/ros2_gps_ws/build/sensor_data' returned '0': AMENT_PREFIX_PATH=/home/pi/gps/Python-GPS-m8p-d/ros2_gps_ws/install/gps_msgs:${AMENT_PREFIX_PATH} CMAKE_PREFIX_PATH=/home/pi/gps/Python-GPS-m8p-d/ros2_gps_ws/install/gps_msgs LD_LIBRARY_PATH=/home/pi/gps/Python-GPS-m8p-d/ros2_gps_ws/install/gps_msgs/lib:${LD_LIBRARY_PATH} PYTHONPATH=/home/pi/gps/Python-GPS-m8p-d/ros2_gps_ws/install/sensor_data/lib/python3.10/site-packages:/home/pi/gps/Python-GPS-m8p-d/ros2_gps_ws/install/gps_msgs/local/lib/python3.10/dist-packages:${PYTHONPATH} /usr/bin/python3 setup.py develop --prefix /home/pi/gps/Python-GPS-m8p-d/ros2_gps_ws/install/sensor_data --uninstall --editable --build-directory /home/pi/gps/Python-GPS-m8p-d/ros2_gps_ws/build/sensor_data/build
[13.593s] DEBUG:colcon.colcon_core.event_handler.log_command:Invoking command in '/home/pi/gps/Python-GPS-m8p-d/ros2_gps_ws/src/sensor_data': AMENT_PREFIX_PATH=/home/pi/gps/Python-GPS-m8p-d/ros2_gps_ws/install/gps_msgs:${AMENT_PREFIX_PATH} CMAKE_PREFIX_PATH=/home/pi/gps/Python-GPS-m8p-d/ros2_gps_ws/install/gps_msgs LD_LIBRARY_PATH=/home/pi/gps/Python-GPS-m8p-d/ros2_gps_ws/install/gps_msgs/lib:${LD_LIBRARY_PATH} PYTHONPATH=/home/pi/gps/Python-GPS-m8p-d/ros2_gps_ws/install/sensor_data/lib/python3.10/site-packages:/home/pi/gps/Python-GPS-m8p-d/ros2_gps_ws/install/gps_msgs/local/lib/python3.10/dist-packages:${PYTHONPATH} /usr/bin/python3 setup.py egg_info --egg-base ../../build/sensor_data build --build-base /home/pi/gps/Python-GPS-m8p-d/ros2_gps_ws/build/sensor_data/build install --prefix /home/pi/gps/Python-GPS-m8p-d/ros2_gps_ws/install/sensor_data --record /home/pi/gps/Python-GPS-m8p-d/ros2_gps_ws/build/sensor_data/install.log --single-version-externally-managed
[16.558s] DEBUG:colcon.colcon_core.event_handler.log_command:Invoked command in '/home/pi/gps/Python-GPS-m8p-d/ros2_gps_ws/src/sensor_data' returned '0': AMENT_PREFIX_PATH=/home/pi/gps/Python-GPS-m8p-d/ros2_gps_ws/install/gps_msgs:${AMENT_PREFIX_PATH} CMAKE_PREFIX_PATH=/home/pi/gps/Python-GPS-m8p-d/ros2_gps_ws/install/gps_msgs LD_LIBRARY_PATH=/home/pi/gps/Python-GPS-m8p-d/ros2_gps_ws/install/gps_msgs/lib:${LD_LIBRARY_PATH} PYTHONPATH=/home/pi/gps/Python-GPS-m8p-d/ros2_gps_ws/install/sensor_data/lib/python3.10/site-packages:/home/pi/gps/Python-GPS-m8p-d/ros2_gps_ws/install/gps_msgs/local/lib/python3.10/dist-packages:${PYTHONPATH} /usr/bin/python3 setup.py egg_info --egg-base ../../build/sensor_data build --build-base /home/pi/gps/Python-GPS-m8p-d/ros2_gps_ws/build/sensor_data/build install --prefix /home/pi/gps/Python-GPS-m8p-d/ros2_gps_ws/install/sensor_data --record /home/pi/gps/Python-GPS-m8p-d/ros2_gps_ws/build/sensor_data/install.log --single-version-externally-managed
[16.602s] Level 1:colcon.colcon_core.environment:checking '/home/pi/gps/Python-GPS-m8p-d/ros2_gps_ws/install/sensor_data' for CMake module files
[16.607s] Level 1:colcon.colcon_core.environment:checking '/home/pi/gps/Python-GPS-m8p-d/ros2_gps_ws/install/sensor_data' for CMake config files
[16.614s] Level 1:colcon.colcon_core.environment:checking '/home/pi/gps/Python-GPS-m8p-d/ros2_gps_ws/install/sensor_data/lib'
[16.616s] Level 1:colcon.colcon_core.environment:checking '/home/pi/gps/Python-GPS-m8p-d/ros2_gps_ws/install/sensor_data/bin'
[16.616s] Level 1:colcon.colcon_core.environment:checking '/home/pi/gps/Python-GPS-m8p-d/ros2_gps_ws/install/sensor_data/lib/pkgconfig/sensor_data.pc'
[16.619s] Level 1:colcon.colcon_core.environment:checking '/home/pi/gps/Python-GPS-m8p-d/ros2_gps_ws/install/sensor_data/lib/python3.10/site-packages'
[16.619s] Level 1:colcon.colcon_core.shell:create_environment_hook('sensor_data', 'pythonpath')
[16.630s] INFO:colcon.colcon_core.shell:Creating environment hook '/home/pi/gps/Python-GPS-m8p-d/ros2_gps_ws/install/sensor_data/share/sensor_data/hook/pythonpath.ps1'
[16.633s] INFO:colcon.colcon_core.shell:Creating environment descriptor '/home/pi/gps/Python-GPS-m8p-d/ros2_gps_ws/install/sensor_data/share/sensor_data/hook/pythonpath.dsv'
[16.637s] INFO:colcon.colcon_core.shell:Creating environment hook '/home/pi/gps/Python-GPS-m8p-d/ros2_gps_ws/install/sensor_data/share/sensor_data/hook/pythonpath.sh'
[16.642s] Level 1:colcon.colcon_core.environment:checking '/home/pi/gps/Python-GPS-m8p-d/ros2_gps_ws/install/sensor_data/bin'
[16.643s] Level 1:colcon.colcon_core.environment:create_environment_scripts_only(sensor_data)
[16.654s] INFO:colcon.colcon_core.shell:Creating package script '/home/pi/gps/Python-GPS-m8p-d/ros2_gps_ws/install/sensor_data/share/sensor_data/package.ps1'
[16.661s] INFO:colcon.colcon_core.shell:Creating package descriptor '/home/pi/gps/Python-GPS-m8p-d/ros2_gps_ws/install/sensor_data/share/sensor_data/package.dsv'
[16.666s] INFO:colcon.colcon_core.shell:Creating package script '/home/pi/gps/Python-GPS-m8p-d/ros2_gps_ws/install/sensor_data/share/sensor_data/package.sh'
[16.673s] INFO:colcon.colcon_core.shell:Creating package script '/home/pi/gps/Python-GPS-m8p-d/ros2_gps_ws/install/sensor_data/share/sensor_data/package.bash'
[16.681s] INFO:colcon.colcon_core.shell:Creating package script '/home/pi/gps/Python-GPS-m8p-d/ros2_gps_ws/install/sensor_data/share/sensor_data/package.zsh'
[16.687s] Level 1:colcon.colcon_core.environment:create_file_with_runtime_dependencies(/home/pi/gps/Python-GPS-m8p-d/ros2_gps_ws/install/sensor_data/share/colcon-core/packages/sensor_data)
[16.689s] DEBUG:colcon.colcon_parallel_executor.executor.parallel:closing loop
[16.691s] DEBUG:colcon.colcon_parallel_executor.executor.parallel:loop closed
[16.692s] DEBUG:colcon.colcon_parallel_executor.executor.parallel:run_until_complete finished with '0'
[16.693s] DEBUG:colcon.colcon_core.event_reactor:joining thread
[16.752s] INFO:colcon.colcon_core.plugin_system:Skipping extension 'colcon_notification.desktop_notification.notify_send': Could not find 'notify-send'
[16.753s] INFO:colcon.colcon_core.plugin_system:Skipping extension 'colcon_notification.desktop_notification.terminal_notifier': Not used on non-Darwin systems
[16.754s] INFO:colcon.colcon_core.plugin_system:Skipping extension 'colcon_notification.desktop_notification.win32': Not used on non-Windows systems
[16.754s] INFO:colcon.colcon_notification.desktop_notification:Sending desktop notification using 'notify2'
[16.759s] DEBUG:colcon.colcon_notification.desktop_notification.notify2:Failed to initialize notify2: org.freedesktop.DBus.Error.ServiceUnknown: The name org.freedesktop.Notifications was not provided by any .service files
[16.760s] DEBUG:colcon.colcon_core.event_reactor:joined thread
[16.772s] INFO:colcon.colcon_core.shell:Creating prefix script '/home/pi/gps/Python-GPS-m8p-d/ros2_gps_ws/install/local_setup.ps1'
[16.782s] INFO:colcon.colcon_core.shell:Creating prefix util module '/home/pi/gps/Python-GPS-m8p-d/ros2_gps_ws/install/_local_setup_util_ps1.py'
[16.793s] INFO:colcon.colcon_core.shell:Creating prefix chain script '/home/pi/gps/Python-GPS-m8p-d/ros2_gps_ws/install/setup.ps1'
[16.804s] INFO:colcon.colcon_core.shell:Creating prefix script '/home/pi/gps/Python-GPS-m8p-d/ros2_gps_ws/install/local_setup.sh'
[16.809s] INFO:colcon.colcon_core.shell:Creating prefix util module '/home/pi/gps/Python-GPS-m8p-d/ros2_gps_ws/install/_local_setup_util_sh.py'
[16.813s] INFO:colcon.colcon_core.shell:Creating prefix chain script '/home/pi/gps/Python-GPS-m8p-d/ros2_gps_ws/install/setup.sh'
[16.825s] INFO:colcon.colcon_core.shell:Creating prefix script '/home/pi/gps/Python-GPS-m8p-d/ros2_gps_ws/install/local_setup.bash'
[16.829s] INFO:colcon.colcon_core.shell:Creating prefix chain script '/home/pi/gps/Python-GPS-m8p-d/ros2_gps_ws/install/setup.bash'
[16.841s] INFO:colcon.colcon_core.shell:Creating prefix script '/home/pi/gps/Python-GPS-m8p-d/ros2_gps_ws/install/local_setup.zsh'
[16.845s] INFO:colcon.colcon_core.shell:Creating prefix chain script '/home/pi/gps/Python-GPS-m8p-d/ros2_gps_ws/install/setup.zsh'
