[0.254s] Invoking command in '/home/pi/gps/Python-GPS-m8p-d/ros2_gps_ws/build/gps_msgs': CMAKE_PREFIX_PATH=/home/pi/gps/Python-GPS-m8p-d/ros2_gps_ws/src/install/sensor_data:/opt/ros/humble /usr/bin/cmake --build /home/pi/gps/Python-GPS-m8p-d/ros2_gps_ws/build/gps_msgs -- -j4 -l4
[1.512s] [35m[1mConsolidate compiler generated dependencies of target gps_msgs__rosidl_generator_c[0m
[1.565s] [  2%] Built target gps_msgs__cpp
[1.726s] [35m[1mConsolidate compiler generated dependencies of target gps_msgs__rosidl_typesupport_cpp[0m
[1.729s] [35m[1mConsolidate compiler generated dependencies of target gps_msgs__rosidl_typesupport_fastrtps_cpp[0m
[1.805s] [  2%] Built target ament_cmake_python_copy_gps_msgs
[1.830s] [ 12%] Built target gps_msgs__rosidl_generator_c
[2.022s] [35m[1mConsolidate compiler generated dependencies of target gps_msgs__rosidl_typesupport_introspection_cpp[0m
[2.073s] [ 23%] Built target gps_msgs__rosidl_typesupport_cpp
[2.082s] [ 33%] Built target gps_msgs__rosidl_typesupport_fastrtps_cpp
[2.259s] [35m[1mConsolidate compiler generated dependencies of target gps_msgs__rosidl_typesupport_fastrtps_c[0m
[2.305s] [35m[1mConsolidate compiler generated dependencies of target gps_msgs__rosidl_typesupport_introspection_c[0m
[2.434s] [ 43%] Built target gps_msgs__rosidl_typesupport_introspection_cpp
[2.562s] [ 53%] Built target gps_msgs__rosidl_typesupport_introspection_c
[2.593s] [ 64%] Built target gps_msgs__rosidl_typesupport_fastrtps_c
[2.630s] [35m[1mConsolidate compiler generated dependencies of target gps_msgs__rosidl_typesupport_c[0m
[2.772s] [ 74%] Built target gps_msgs__rosidl_typesupport_c
[3.059s] [ 74%] Built target gps_msgs
[3.313s] [ 76%] Built target gps_msgs__py
[3.515s] [35m[1mConsolidate compiler generated dependencies of target gps_msgs__rosidl_generator_py[0m
[3.847s] [ 84%] Built target gps_msgs__rosidl_generator_py
[4.082s] [35m[1mConsolidate compiler generated dependencies of target gps_msgs__rosidl_typesupport_c__pyext[0m
[4.151s] [35m[1mConsolidate compiler generated dependencies of target gps_msgs__rosidl_typesupport_fastrtps_c__pyext[0m
[4.210s] [35m[1mConsolidate compiler generated dependencies of target gps_msgs__rosidl_typesupport_introspection_c__pyext[0m
[4.378s] [ 92%] Built target gps_msgs__rosidl_typesupport_fastrtps_c__pyext
[4.391s] [ 94%] Built target gps_msgs__rosidl_typesupport_c__pyext
[4.481s] [100%] Built target gps_msgs__rosidl_typesupport_introspection_c__pyext
[6.998s] running egg_info
[7.013s] writing gps_msgs.egg-info/PKG-INFO
[7.017s] writing dependency_links to gps_msgs.egg-info/dependency_links.txt
[7.020s] writing top-level names to gps_msgs.egg-info/top_level.txt
[7.063s] reading manifest file 'gps_msgs.egg-info/SOURCES.txt'
[7.076s] writing manifest file 'gps_msgs.egg-info/SOURCES.txt'
[7.486s] [100%] Built target ament_cmake_python_build_gps_msgs_egg
[7.600s] Invoked command in '/home/pi/gps/Python-GPS-m8p-d/ros2_gps_ws/build/gps_msgs' returned '0': CMAKE_PREFIX_PATH=/home/pi/gps/Python-GPS-m8p-d/ros2_gps_ws/src/install/sensor_data:/opt/ros/humble /usr/bin/cmake --build /home/pi/gps/Python-GPS-m8p-d/ros2_gps_ws/build/gps_msgs -- -j4 -l4
[8.609s] Invoking command in '/home/pi/gps/Python-GPS-m8p-d/ros2_gps_ws/build/gps_msgs': CMAKE_PREFIX_PATH=/home/pi/gps/Python-GPS-m8p-d/ros2_gps_ws/src/install/sensor_data:/opt/ros/humble /usr/bin/cmake --install /home/pi/gps/Python-GPS-m8p-d/ros2_gps_ws/build/gps_msgs
[8.706s] -- Install configuration: ""
[8.718s] -- Up-to-date: /home/pi/gps/Python-GPS-m8p-d/ros2_gps_ws/install/gps_msgs/share/ament_index/resource_index/rosidl_interfaces/gps_msgs
[8.719s] -- Up-to-date: /home/pi/gps/Python-GPS-m8p-d/ros2_gps_ws/install/gps_msgs/include/gps_msgs/gps_msgs
[8.721s] -- Up-to-date: /home/pi/gps/Python-GPS-m8p-d/ros2_gps_ws/install/gps_msgs/include/gps_msgs/gps_msgs/msg
[8.726s] -- Up-to-date: /home/pi/gps/Python-GPS-m8p-d/ros2_gps_ws/install/gps_msgs/include/gps_msgs/gps_msgs/msg/gps_status.h
[8.729s] -- Up-to-date: /home/pi/gps/Python-GPS-m8p-d/ros2_gps_ws/install/gps_msgs/include/gps_msgs/gps_msgs/msg/rosidl_generator_c__visibility_control.h
[8.736s] -- Up-to-date: /home/pi/gps/Python-GPS-m8p-d/ros2_gps_ws/install/gps_msgs/include/gps_msgs/gps_msgs/msg/detail
[8.743s] -- Up-to-date: /home/pi/gps/Python-GPS-m8p-d/ros2_gps_ws/install/gps_msgs/include/gps_msgs/gps_msgs/msg/detail/gps_status__type_support.h
[8.745s] -- Up-to-date: /home/pi/gps/Python-GPS-m8p-d/ros2_gps_ws/install/gps_msgs/include/gps_msgs/gps_msgs/msg/detail/gps_fix__functions.h
[8.746s] -- Up-to-date: /home/pi/gps/Python-GPS-m8p-d/ros2_gps_ws/install/gps_msgs/include/gps_msgs/gps_msgs/msg/detail/gps_status__functions.c
[8.747s] -- Up-to-date: /home/pi/gps/Python-GPS-m8p-d/ros2_gps_ws/install/gps_msgs/include/gps_msgs/gps_msgs/msg/detail/gps_fix__functions.c
[8.749s] -- Up-to-date: /home/pi/gps/Python-GPS-m8p-d/ros2_gps_ws/install/gps_msgs/include/gps_msgs/gps_msgs/msg/detail/gps_status__functions.h
[8.750s] -- Up-to-date: /home/pi/gps/Python-GPS-m8p-d/ros2_gps_ws/install/gps_msgs/include/gps_msgs/gps_msgs/msg/detail/gps_fix__type_support.h
[8.751s] -- Up-to-date: /home/pi/gps/Python-GPS-m8p-d/ros2_gps_ws/install/gps_msgs/include/gps_msgs/gps_msgs/msg/detail/gps_status__struct.h
[8.753s] -- Up-to-date: /home/pi/gps/Python-GPS-m8p-d/ros2_gps_ws/install/gps_msgs/include/gps_msgs/gps_msgs/msg/detail/gps_fix__struct.h
[8.755s] -- Up-to-date: /home/pi/gps/Python-GPS-m8p-d/ros2_gps_ws/install/gps_msgs/include/gps_msgs/gps_msgs/msg/gps_fix.h
[8.757s] -- Up-to-date: /home/pi/gps/Python-GPS-m8p-d/ros2_gps_ws/install/gps_msgs/share/gps_msgs/environment/library_path.sh
[8.759s] -- Up-to-date: /home/pi/gps/Python-GPS-m8p-d/ros2_gps_ws/install/gps_msgs/share/gps_msgs/environment/library_path.dsv
[8.762s] -- Up-to-date: /home/pi/gps/Python-GPS-m8p-d/ros2_gps_ws/install/gps_msgs/lib/libgps_msgs__rosidl_generator_c.so
[8.765s] -- Up-to-date: /home/pi/gps/Python-GPS-m8p-d/ros2_gps_ws/install/gps_msgs/include/gps_msgs/gps_msgs
[8.769s] -- Up-to-date: /home/pi/gps/Python-GPS-m8p-d/ros2_gps_ws/install/gps_msgs/include/gps_msgs/gps_msgs/msg
[8.771s] -- Up-to-date: /home/pi/gps/Python-GPS-m8p-d/ros2_gps_ws/install/gps_msgs/include/gps_msgs/gps_msgs/msg/rosidl_typesupport_fastrtps_c__visibility_control.h
[8.772s] -- Up-to-date: /home/pi/gps/Python-GPS-m8p-d/ros2_gps_ws/install/gps_msgs/include/gps_msgs/gps_msgs/msg/detail
[8.776s] -- Up-to-date: /home/pi/gps/Python-GPS-m8p-d/ros2_gps_ws/install/gps_msgs/include/gps_msgs/gps_msgs/msg/detail/gps_status__rosidl_typesupport_fastrtps_c.h
[8.780s] -- Up-to-date: /home/pi/gps/Python-GPS-m8p-d/ros2_gps_ws/install/gps_msgs/include/gps_msgs/gps_msgs/msg/detail/gps_fix__rosidl_typesupport_fastrtps_c.h
[8.786s] -- Up-to-date: /home/pi/gps/Python-GPS-m8p-d/ros2_gps_ws/install/gps_msgs/lib/libgps_msgs__rosidl_typesupport_fastrtps_c.so
[8.792s] -- Up-to-date: /home/pi/gps/Python-GPS-m8p-d/ros2_gps_ws/install/gps_msgs/include/gps_msgs/gps_msgs
[8.798s] -- Up-to-date: /home/pi/gps/Python-GPS-m8p-d/ros2_gps_ws/install/gps_msgs/include/gps_msgs/gps_msgs/msg
[8.802s] -- Up-to-date: /home/pi/gps/Python-GPS-m8p-d/ros2_gps_ws/install/gps_msgs/include/gps_msgs/gps_msgs/msg/detail
[8.811s] -- Up-to-date: /home/pi/gps/Python-GPS-m8p-d/ros2_gps_ws/install/gps_msgs/include/gps_msgs/gps_msgs/msg/detail/gps_status__type_support.c
[8.815s] -- Up-to-date: /home/pi/gps/Python-GPS-m8p-d/ros2_gps_ws/install/gps_msgs/include/gps_msgs/gps_msgs/msg/detail/gps_status__rosidl_typesupport_introspection_c.h
[8.818s] -- Up-to-date: /home/pi/gps/Python-GPS-m8p-d/ros2_gps_ws/install/gps_msgs/include/gps_msgs/gps_msgs/msg/detail/gps_fix__type_support.c
[8.819s] -- Up-to-date: /home/pi/gps/Python-GPS-m8p-d/ros2_gps_ws/install/gps_msgs/include/gps_msgs/gps_msgs/msg/detail/gps_fix__rosidl_typesupport_introspection_c.h
[8.823s] -- Up-to-date: /home/pi/gps/Python-GPS-m8p-d/ros2_gps_ws/install/gps_msgs/include/gps_msgs/gps_msgs/msg/rosidl_typesupport_introspection_c__visibility_control.h
[8.827s] -- Up-to-date: /home/pi/gps/Python-GPS-m8p-d/ros2_gps_ws/install/gps_msgs/lib/libgps_msgs__rosidl_typesupport_introspection_c.so
[8.829s] -- Up-to-date: /home/pi/gps/Python-GPS-m8p-d/ros2_gps_ws/install/gps_msgs/lib/libgps_msgs__rosidl_typesupport_c.so
[8.832s] -- Up-to-date: /home/pi/gps/Python-GPS-m8p-d/ros2_gps_ws/install/gps_msgs/include/gps_msgs/gps_msgs
[8.834s] -- Up-to-date: /home/pi/gps/Python-GPS-m8p-d/ros2_gps_ws/install/gps_msgs/include/gps_msgs/gps_msgs/msg
[8.836s] -- Up-to-date: /home/pi/gps/Python-GPS-m8p-d/ros2_gps_ws/install/gps_msgs/include/gps_msgs/gps_msgs/msg/gps_fix.hpp
[8.837s] -- Up-to-date: /home/pi/gps/Python-GPS-m8p-d/ros2_gps_ws/install/gps_msgs/include/gps_msgs/gps_msgs/msg/detail
[8.842s] -- Up-to-date: /home/pi/gps/Python-GPS-m8p-d/ros2_gps_ws/install/gps_msgs/include/gps_msgs/gps_msgs/msg/detail/gps_status__struct.hpp
[8.851s] -- Up-to-date: /home/pi/gps/Python-GPS-m8p-d/ros2_gps_ws/install/gps_msgs/include/gps_msgs/gps_msgs/msg/detail/gps_fix__builder.hpp
[8.854s] -- Up-to-date: /home/pi/gps/Python-GPS-m8p-d/ros2_gps_ws/install/gps_msgs/include/gps_msgs/gps_msgs/msg/detail/gps_status__builder.hpp
[8.865s] -- Up-to-date: /home/pi/gps/Python-GPS-m8p-d/ros2_gps_ws/install/gps_msgs/include/gps_msgs/gps_msgs/msg/detail/gps_status__traits.hpp
[8.867s] -- Up-to-date: /home/pi/gps/Python-GPS-m8p-d/ros2_gps_ws/install/gps_msgs/include/gps_msgs/gps_msgs/msg/detail/gps_fix__traits.hpp
[8.871s] -- Up-to-date: /home/pi/gps/Python-GPS-m8p-d/ros2_gps_ws/install/gps_msgs/include/gps_msgs/gps_msgs/msg/detail/gps_fix__struct.hpp
[8.881s] -- Up-to-date: /home/pi/gps/Python-GPS-m8p-d/ros2_gps_ws/install/gps_msgs/include/gps_msgs/gps_msgs/msg/gps_status.hpp
[8.882s] -- Up-to-date: /home/pi/gps/Python-GPS-m8p-d/ros2_gps_ws/install/gps_msgs/include/gps_msgs/gps_msgs
[8.884s] -- Up-to-date: /home/pi/gps/Python-GPS-m8p-d/ros2_gps_ws/install/gps_msgs/include/gps_msgs/gps_msgs/msg
[8.886s] -- Up-to-date: /home/pi/gps/Python-GPS-m8p-d/ros2_gps_ws/install/gps_msgs/include/gps_msgs/gps_msgs/msg/rosidl_typesupport_fastrtps_cpp__visibility_control.h
[8.887s] -- Up-to-date: /home/pi/gps/Python-GPS-m8p-d/ros2_gps_ws/install/gps_msgs/include/gps_msgs/gps_msgs/msg/detail
[8.888s] -- Up-to-date: /home/pi/gps/Python-GPS-m8p-d/ros2_gps_ws/install/gps_msgs/include/gps_msgs/gps_msgs/msg/detail/gps_fix__rosidl_typesupport_fastrtps_cpp.hpp
[8.890s] -- Up-to-date: /home/pi/gps/Python-GPS-m8p-d/ros2_gps_ws/install/gps_msgs/include/gps_msgs/gps_msgs/msg/detail/dds_fastrtps
[8.891s] -- Up-to-date: /home/pi/gps/Python-GPS-m8p-d/ros2_gps_ws/install/gps_msgs/include/gps_msgs/gps_msgs/msg/detail/gps_status__rosidl_typesupport_fastrtps_cpp.hpp
[8.893s] -- Up-to-date: /home/pi/gps/Python-GPS-m8p-d/ros2_gps_ws/install/gps_msgs/lib/libgps_msgs__rosidl_typesupport_fastrtps_cpp.so
[8.895s] -- Up-to-date: /home/pi/gps/Python-GPS-m8p-d/ros2_gps_ws/install/gps_msgs/include/gps_msgs/gps_msgs
[8.897s] -- Up-to-date: /home/pi/gps/Python-GPS-m8p-d/ros2_gps_ws/install/gps_msgs/include/gps_msgs/gps_msgs/msg
[8.899s] -- Up-to-date: /home/pi/gps/Python-GPS-m8p-d/ros2_gps_ws/install/gps_msgs/include/gps_msgs/gps_msgs/msg/detail
[8.901s] -- Up-to-date: /home/pi/gps/Python-GPS-m8p-d/ros2_gps_ws/install/gps_msgs/include/gps_msgs/gps_msgs/msg/detail/gps_status__rosidl_typesupport_introspection_cpp.hpp
[8.903s] -- Up-to-date: /home/pi/gps/Python-GPS-m8p-d/ros2_gps_ws/install/gps_msgs/include/gps_msgs/gps_msgs/msg/detail/gps_fix__rosidl_typesupport_introspection_cpp.hpp
[8.905s] -- Up-to-date: /home/pi/gps/Python-GPS-m8p-d/ros2_gps_ws/install/gps_msgs/include/gps_msgs/gps_msgs/msg/detail/gps_status__type_support.cpp
[8.907s] -- Up-to-date: /home/pi/gps/Python-GPS-m8p-d/ros2_gps_ws/install/gps_msgs/include/gps_msgs/gps_msgs/msg/detail/gps_fix__type_support.cpp
[8.909s] -- Up-to-date: /home/pi/gps/Python-GPS-m8p-d/ros2_gps_ws/install/gps_msgs/lib/libgps_msgs__rosidl_typesupport_introspection_cpp.so
[8.911s] -- Up-to-date: /home/pi/gps/Python-GPS-m8p-d/ros2_gps_ws/install/gps_msgs/lib/libgps_msgs__rosidl_typesupport_cpp.so
[8.913s] -- Up-to-date: /home/pi/gps/Python-GPS-m8p-d/ros2_gps_ws/install/gps_msgs/share/gps_msgs/environment/pythonpath.sh
[8.915s] -- Up-to-date: /home/pi/gps/Python-GPS-m8p-d/ros2_gps_ws/install/gps_msgs/share/gps_msgs/environment/pythonpath.dsv
[8.917s] -- Up-to-date: /home/pi/gps/Python-GPS-m8p-d/ros2_gps_ws/install/gps_msgs/local/lib/python3.10/dist-packages/gps_msgs-1.0.5-py3.10.egg-info
[8.919s] -- Installing: /home/pi/gps/Python-GPS-m8p-d/ros2_gps_ws/install/gps_msgs/local/lib/python3.10/dist-packages/gps_msgs-1.0.5-py3.10.egg-info/top_level.txt
[8.921s] -- Installing: /home/pi/gps/Python-GPS-m8p-d/ros2_gps_ws/install/gps_msgs/local/lib/python3.10/dist-packages/gps_msgs-1.0.5-py3.10.egg-info/dependency_links.txt
[8.923s] -- Installing: /home/pi/gps/Python-GPS-m8p-d/ros2_gps_ws/install/gps_msgs/local/lib/python3.10/dist-packages/gps_msgs-1.0.5-py3.10.egg-info/PKG-INFO
[8.926s] -- Installing: /home/pi/gps/Python-GPS-m8p-d/ros2_gps_ws/install/gps_msgs/local/lib/python3.10/dist-packages/gps_msgs-1.0.5-py3.10.egg-info/SOURCES.txt
[8.927s] -- Up-to-date: /home/pi/gps/Python-GPS-m8p-d/ros2_gps_ws/install/gps_msgs/local/lib/python3.10/dist-packages/gps_msgs
[8.929s] -- Up-to-date: /home/pi/gps/Python-GPS-m8p-d/ros2_gps_ws/install/gps_msgs/local/lib/python3.10/dist-packages/gps_msgs/_gps_msgs_s.ep.rosidl_typesupport_c.c
[8.930s] -- Up-to-date: /home/pi/gps/Python-GPS-m8p-d/ros2_gps_ws/install/gps_msgs/local/lib/python3.10/dist-packages/gps_msgs/msg
[8.932s] -- Up-to-date: /home/pi/gps/Python-GPS-m8p-d/ros2_gps_ws/install/gps_msgs/local/lib/python3.10/dist-packages/gps_msgs/msg/_gps_fix_s.c
[8.933s] -- Up-to-date: /home/pi/gps/Python-GPS-m8p-d/ros2_gps_ws/install/gps_msgs/local/lib/python3.10/dist-packages/gps_msgs/msg/_gps_status.py
[8.935s] -- Up-to-date: /home/pi/gps/Python-GPS-m8p-d/ros2_gps_ws/install/gps_msgs/local/lib/python3.10/dist-packages/gps_msgs/msg/_gps_status_s.c
[8.937s] -- Up-to-date: /home/pi/gps/Python-GPS-m8p-d/ros2_gps_ws/install/gps_msgs/local/lib/python3.10/dist-packages/gps_msgs/msg/_gps_fix.py
[8.938s] -- Up-to-date: /home/pi/gps/Python-GPS-m8p-d/ros2_gps_ws/install/gps_msgs/local/lib/python3.10/dist-packages/gps_msgs/msg/__init__.py
[8.941s] -- Up-to-date: /home/pi/gps/Python-GPS-m8p-d/ros2_gps_ws/install/gps_msgs/local/lib/python3.10/dist-packages/gps_msgs/gps_msgs_s__rosidl_typesupport_c.cpython-310-aarch64-linux-gnu.so
[8.943s] -- Up-to-date: /home/pi/gps/Python-GPS-m8p-d/ros2_gps_ws/install/gps_msgs/local/lib/python3.10/dist-packages/gps_msgs/gps_msgs_s__rosidl_typesupport_fastrtps_c.cpython-310-aarch64-linux-gnu.so
[8.945s] -- Up-to-date: /home/pi/gps/Python-GPS-m8p-d/ros2_gps_ws/install/gps_msgs/local/lib/python3.10/dist-packages/gps_msgs/libgps_msgs__rosidl_generator_py.so
[8.947s] -- Up-to-date: /home/pi/gps/Python-GPS-m8p-d/ros2_gps_ws/install/gps_msgs/local/lib/python3.10/dist-packages/gps_msgs/_gps_msgs_s.ep.rosidl_typesupport_introspection_c.c
[8.949s] -- Up-to-date: /home/pi/gps/Python-GPS-m8p-d/ros2_gps_ws/install/gps_msgs/local/lib/python3.10/dist-packages/gps_msgs/__init__.py
[8.951s] -- Up-to-date: /home/pi/gps/Python-GPS-m8p-d/ros2_gps_ws/install/gps_msgs/local/lib/python3.10/dist-packages/gps_msgs/gps_msgs_s__rosidl_typesupport_introspection_c.cpython-310-aarch64-linux-gnu.so
[8.953s] -- Up-to-date: /home/pi/gps/Python-GPS-m8p-d/ros2_gps_ws/install/gps_msgs/local/lib/python3.10/dist-packages/gps_msgs/_gps_msgs_s.ep.rosidl_typesupport_fastrtps_c.c
[9.413s] Listing '/home/pi/gps/Python-GPS-m8p-d/ros2_gps_ws/install/gps_msgs/local/lib/python3.10/dist-packages/gps_msgs'...
[9.415s] Listing '/home/pi/gps/Python-GPS-m8p-d/ros2_gps_ws/install/gps_msgs/local/lib/python3.10/dist-packages/gps_msgs/msg'...
[9.507s] -- Up-to-date: /home/pi/gps/Python-GPS-m8p-d/ros2_gps_ws/install/gps_msgs/local/lib/python3.10/dist-packages/gps_msgs/gps_msgs_s__rosidl_typesupport_fastrtps_c.cpython-310-aarch64-linux-gnu.so
[9.516s] -- Up-to-date: /home/pi/gps/Python-GPS-m8p-d/ros2_gps_ws/install/gps_msgs/local/lib/python3.10/dist-packages/gps_msgs/gps_msgs_s__rosidl_typesupport_introspection_c.cpython-310-aarch64-linux-gnu.so
[9.527s] -- Up-to-date: /home/pi/gps/Python-GPS-m8p-d/ros2_gps_ws/install/gps_msgs/local/lib/python3.10/dist-packages/gps_msgs/gps_msgs_s__rosidl_typesupport_c.cpython-310-aarch64-linux-gnu.so
[9.538s] -- Up-to-date: /home/pi/gps/Python-GPS-m8p-d/ros2_gps_ws/install/gps_msgs/lib/libgps_msgs__rosidl_generator_py.so
[9.542s] -- Up-to-date: /home/pi/gps/Python-GPS-m8p-d/ros2_gps_ws/install/gps_msgs/share/gps_msgs/msg/GPSFix.idl
[9.545s] -- Up-to-date: /home/pi/gps/Python-GPS-m8p-d/ros2_gps_ws/install/gps_msgs/share/gps_msgs/msg/GPSStatus.idl
[9.549s] -- Up-to-date: /home/pi/gps/Python-GPS-m8p-d/ros2_gps_ws/install/gps_msgs/share/gps_msgs/msg/GPSFix.msg
[9.554s] -- Up-to-date: /home/pi/gps/Python-GPS-m8p-d/ros2_gps_ws/install/gps_msgs/share/gps_msgs/msg/GPSStatus.msg
[9.558s] -- Up-to-date: /home/pi/gps/Python-GPS-m8p-d/ros2_gps_ws/install/gps_msgs/share/ament_index/resource_index/package_run_dependencies/gps_msgs
[9.560s] -- Up-to-date: /home/pi/gps/Python-GPS-m8p-d/ros2_gps_ws/install/gps_msgs/share/ament_index/resource_index/parent_prefix_path/gps_msgs
[9.562s] -- Up-to-date: /home/pi/gps/Python-GPS-m8p-d/ros2_gps_ws/install/gps_msgs/share/gps_msgs/environment/ament_prefix_path.sh
[9.564s] -- Up-to-date: /home/pi/gps/Python-GPS-m8p-d/ros2_gps_ws/install/gps_msgs/share/gps_msgs/environment/ament_prefix_path.dsv
[9.566s] -- Up-to-date: /home/pi/gps/Python-GPS-m8p-d/ros2_gps_ws/install/gps_msgs/share/gps_msgs/environment/path.sh
[9.568s] -- Up-to-date: /home/pi/gps/Python-GPS-m8p-d/ros2_gps_ws/install/gps_msgs/share/gps_msgs/environment/path.dsv
[9.571s] -- Up-to-date: /home/pi/gps/Python-GPS-m8p-d/ros2_gps_ws/install/gps_msgs/share/gps_msgs/local_setup.bash
[9.573s] -- Up-to-date: /home/pi/gps/Python-GPS-m8p-d/ros2_gps_ws/install/gps_msgs/share/gps_msgs/local_setup.sh
[9.575s] -- Up-to-date: /home/pi/gps/Python-GPS-m8p-d/ros2_gps_ws/install/gps_msgs/share/gps_msgs/local_setup.zsh
[9.578s] -- Up-to-date: /home/pi/gps/Python-GPS-m8p-d/ros2_gps_ws/install/gps_msgs/share/gps_msgs/local_setup.dsv
[9.580s] -- Installing: /home/pi/gps/Python-GPS-m8p-d/ros2_gps_ws/install/gps_msgs/share/gps_msgs/package.dsv
[9.582s] -- Up-to-date: /home/pi/gps/Python-GPS-m8p-d/ros2_gps_ws/install/gps_msgs/share/ament_index/resource_index/packages/gps_msgs
[9.584s] -- Up-to-date: /home/pi/gps/Python-GPS-m8p-d/ros2_gps_ws/install/gps_msgs/share/gps_msgs/cmake/export_gps_msgs__rosidl_generator_cExport.cmake
[9.590s] -- Up-to-date: /home/pi/gps/Python-GPS-m8p-d/ros2_gps_ws/install/gps_msgs/share/gps_msgs/cmake/export_gps_msgs__rosidl_generator_cExport-noconfig.cmake
[9.605s] -- Up-to-date: /home/pi/gps/Python-GPS-m8p-d/ros2_gps_ws/install/gps_msgs/share/gps_msgs/cmake/export_gps_msgs__rosidl_typesupport_fastrtps_cExport.cmake
[9.607s] -- Up-to-date: /home/pi/gps/Python-GPS-m8p-d/ros2_gps_ws/install/gps_msgs/share/gps_msgs/cmake/export_gps_msgs__rosidl_typesupport_fastrtps_cExport-noconfig.cmake
[9.614s] -- Up-to-date: /home/pi/gps/Python-GPS-m8p-d/ros2_gps_ws/install/gps_msgs/share/gps_msgs/cmake/gps_msgs__rosidl_typesupport_introspection_cExport.cmake
[9.615s] -- Up-to-date: /home/pi/gps/Python-GPS-m8p-d/ros2_gps_ws/install/gps_msgs/share/gps_msgs/cmake/gps_msgs__rosidl_typesupport_introspection_cExport-noconfig.cmake
[9.616s] -- Up-to-date: /home/pi/gps/Python-GPS-m8p-d/ros2_gps_ws/install/gps_msgs/share/gps_msgs/cmake/gps_msgs__rosidl_typesupport_cExport.cmake
[9.618s] -- Up-to-date: /home/pi/gps/Python-GPS-m8p-d/ros2_gps_ws/install/gps_msgs/share/gps_msgs/cmake/gps_msgs__rosidl_typesupport_cExport-noconfig.cmake
[9.619s] -- Up-to-date: /home/pi/gps/Python-GPS-m8p-d/ros2_gps_ws/install/gps_msgs/share/gps_msgs/cmake/export_gps_msgs__rosidl_generator_cppExport.cmake
[9.627s] -- Up-to-date: /home/pi/gps/Python-GPS-m8p-d/ros2_gps_ws/install/gps_msgs/share/gps_msgs/cmake/export_gps_msgs__rosidl_typesupport_fastrtps_cppExport.cmake
[9.632s] -- Up-to-date: /home/pi/gps/Python-GPS-m8p-d/ros2_gps_ws/install/gps_msgs/share/gps_msgs/cmake/export_gps_msgs__rosidl_typesupport_fastrtps_cppExport-noconfig.cmake
[9.639s] -- Up-to-date: /home/pi/gps/Python-GPS-m8p-d/ros2_gps_ws/install/gps_msgs/share/gps_msgs/cmake/gps_msgs__rosidl_typesupport_introspection_cppExport.cmake
[9.642s] -- Up-to-date: /home/pi/gps/Python-GPS-m8p-d/ros2_gps_ws/install/gps_msgs/share/gps_msgs/cmake/gps_msgs__rosidl_typesupport_introspection_cppExport-noconfig.cmake
[9.649s] -- Up-to-date: /home/pi/gps/Python-GPS-m8p-d/ros2_gps_ws/install/gps_msgs/share/gps_msgs/cmake/gps_msgs__rosidl_typesupport_cppExport.cmake
[9.651s] -- Up-to-date: /home/pi/gps/Python-GPS-m8p-d/ros2_gps_ws/install/gps_msgs/share/gps_msgs/cmake/gps_msgs__rosidl_typesupport_cppExport-noconfig.cmake
[9.666s] -- Up-to-date: /home/pi/gps/Python-GPS-m8p-d/ros2_gps_ws/install/gps_msgs/share/gps_msgs/cmake/export_gps_msgs__rosidl_generator_pyExport.cmake
[9.668s] -- Up-to-date: /home/pi/gps/Python-GPS-m8p-d/ros2_gps_ws/install/gps_msgs/share/gps_msgs/cmake/export_gps_msgs__rosidl_generator_pyExport-noconfig.cmake
[9.670s] -- Up-to-date: /home/pi/gps/Python-GPS-m8p-d/ros2_gps_ws/install/gps_msgs/share/gps_msgs/cmake/rosidl_cmake-extras.cmake
[9.672s] -- Up-to-date: /home/pi/gps/Python-GPS-m8p-d/ros2_gps_ws/install/gps_msgs/share/gps_msgs/cmake/ament_cmake_export_dependencies-extras.cmake
[9.674s] -- Up-to-date: /home/pi/gps/Python-GPS-m8p-d/ros2_gps_ws/install/gps_msgs/share/gps_msgs/cmake/ament_cmake_export_include_directories-extras.cmake
[9.676s] -- Up-to-date: /home/pi/gps/Python-GPS-m8p-d/ros2_gps_ws/install/gps_msgs/share/gps_msgs/cmake/ament_cmake_export_libraries-extras.cmake
[9.678s] -- Up-to-date: /home/pi/gps/Python-GPS-m8p-d/ros2_gps_ws/install/gps_msgs/share/gps_msgs/cmake/ament_cmake_export_targets-extras.cmake
[9.680s] -- Up-to-date: /home/pi/gps/Python-GPS-m8p-d/ros2_gps_ws/install/gps_msgs/share/gps_msgs/cmake/rosidl_cmake_export_typesupport_targets-extras.cmake
[9.689s] -- Up-to-date: /home/pi/gps/Python-GPS-m8p-d/ros2_gps_ws/install/gps_msgs/share/gps_msgs/cmake/rosidl_cmake_export_typesupport_libraries-extras.cmake
[9.691s] -- Up-to-date: /home/pi/gps/Python-GPS-m8p-d/ros2_gps_ws/install/gps_msgs/share/gps_msgs/cmake/gps_msgsConfig.cmake
[9.697s] -- Up-to-date: /home/pi/gps/Python-GPS-m8p-d/ros2_gps_ws/install/gps_msgs/share/gps_msgs/cmake/gps_msgsConfig-version.cmake
[9.700s] -- Up-to-date: /home/pi/gps/Python-GPS-m8p-d/ros2_gps_ws/install/gps_msgs/share/gps_msgs/package.xml
[9.715s] -- Up-to-date: /home/pi/gps/Python-GPS-m8p-d/ros2_gps_ws/install/gps_msgs/share/gps_msgs/ros1_ros2_mapping.yaml
[9.729s] Invoked command in '/home/pi/gps/Python-GPS-m8p-d/ros2_gps_ws/build/gps_msgs' returned '0': CMAKE_PREFIX_PATH=/home/pi/gps/Python-GPS-m8p-d/ros2_gps_ws/src/install/sensor_data:/opt/ros/humble /usr/bin/cmake --install /home/pi/gps/Python-GPS-m8p-d/ros2_gps_ws/build/gps_msgs
