[0.153s] Invoking command in '/home/pi/gps/Python-GPS-m8p-d/ros2_gps_ws/build/gps_msgs': CMAKE_PREFIX_PATH=/opt/ros/humble /usr/bin/cmake --build /home/pi/gps/Python-GPS-m8p-d/ros2_gps_ws/build/gps_msgs -- -j4 -l4
[2.671s] [  2%] Built target gps_msgs__cpp
[2.704s] [ 12%] Built target gps_msgs__rosidl_generator_c
[2.862s] [ 12%] Built target ament_cmake_python_copy_gps_msgs
[2.965s] [ 23%] Built target gps_msgs__rosidl_typesupport_cpp
[2.990s] [ 33%] Built target gps_msgs__rosidl_typesupport_fastrtps_cpp
[3.014s] [ 43%] Built target gps_msgs__rosidl_typesupport_introspection_cpp
[3.111s] [ 53%] Built target gps_msgs__rosidl_typesupport_fastrtps_c
[3.180s] [ 64%] Built target gps_msgs__rosidl_typesupport_introspection_c
[3.192s] [ 74%] Built target gps_msgs__rosidl_typesupport_c
[3.358s] [ 74%] Built target gps_msgs
[3.531s] [ 76%] Built target gps_msgs__py
[3.731s] [ 84%] Built target gps_msgs__rosidl_generator_py
[3.968s] [ 89%] Built target gps_msgs__rosidl_typesupport_fastrtps_c__pyext
[3.975s] [ 94%] Built target gps_msgs__rosidl_typesupport_introspection_c__pyext
[3.998s] [100%] Built target gps_msgs__rosidl_typesupport_c__pyext
[5.856s] running egg_info
[5.858s] writing gps_msgs.egg-info/PKG-INFO
[5.860s] writing dependency_links to gps_msgs.egg-info/dependency_links.txt
[5.863s] writing top-level names to gps_msgs.egg-info/top_level.txt
[5.932s] reading manifest file 'gps_msgs.egg-info/SOURCES.txt'
[5.948s] writing manifest file 'gps_msgs.egg-info/SOURCES.txt'
[6.222s] [100%] Built target ament_cmake_python_build_gps_msgs_egg
[6.300s] Invoked command in '/home/pi/gps/Python-GPS-m8p-d/ros2_gps_ws/build/gps_msgs' returned '0': CMAKE_PREFIX_PATH=/opt/ros/humble /usr/bin/cmake --build /home/pi/gps/Python-GPS-m8p-d/ros2_gps_ws/build/gps_msgs -- -j4 -l4
[7.169s] Invoking command in '/home/pi/gps/Python-GPS-m8p-d/ros2_gps_ws/build/gps_msgs': CMAKE_PREFIX_PATH=/opt/ros/humble /usr/bin/cmake --install /home/pi/gps/Python-GPS-m8p-d/ros2_gps_ws/build/gps_msgs
[7.234s] -- Install configuration: ""
[7.241s] -- Up-to-date: /home/pi/gps/Python-GPS-m8p-d/ros2_gps_ws/install/gps_msgs/share/ament_index/resource_index/rosidl_interfaces/gps_msgs
[7.245s] -- Up-to-date: /home/pi/gps/Python-GPS-m8p-d/ros2_gps_ws/install/gps_msgs/include/gps_msgs/gps_msgs
[7.247s] -- Up-to-date: /home/pi/gps/Python-GPS-m8p-d/ros2_gps_ws/install/gps_msgs/include/gps_msgs/gps_msgs/msg
[7.251s] -- Up-to-date: /home/pi/gps/Python-GPS-m8p-d/ros2_gps_ws/install/gps_msgs/include/gps_msgs/gps_msgs/msg/gps_status.h
[7.252s] -- Up-to-date: /home/pi/gps/Python-GPS-m8p-d/ros2_gps_ws/install/gps_msgs/include/gps_msgs/gps_msgs/msg/rosidl_generator_c__visibility_control.h
[7.255s] -- Up-to-date: /home/pi/gps/Python-GPS-m8p-d/ros2_gps_ws/install/gps_msgs/include/gps_msgs/gps_msgs/msg/detail
[7.256s] -- Up-to-date: /home/pi/gps/Python-GPS-m8p-d/ros2_gps_ws/install/gps_msgs/include/gps_msgs/gps_msgs/msg/detail/gps_status__type_support.h
[7.257s] -- Up-to-date: /home/pi/gps/Python-GPS-m8p-d/ros2_gps_ws/install/gps_msgs/include/gps_msgs/gps_msgs/msg/detail/gps_fix__functions.h
[7.259s] -- Up-to-date: /home/pi/gps/Python-GPS-m8p-d/ros2_gps_ws/install/gps_msgs/include/gps_msgs/gps_msgs/msg/detail/gps_status__functions.c
[7.260s] -- Up-to-date: /home/pi/gps/Python-GPS-m8p-d/ros2_gps_ws/install/gps_msgs/include/gps_msgs/gps_msgs/msg/detail/gps_fix__functions.c
[7.261s] -- Up-to-date: /home/pi/gps/Python-GPS-m8p-d/ros2_gps_ws/install/gps_msgs/include/gps_msgs/gps_msgs/msg/detail/gps_status__functions.h
[7.261s] -- Up-to-date: /home/pi/gps/Python-GPS-m8p-d/ros2_gps_ws/install/gps_msgs/include/gps_msgs/gps_msgs/msg/detail/gps_fix__type_support.h
[7.263s] -- Up-to-date: /home/pi/gps/Python-GPS-m8p-d/ros2_gps_ws/install/gps_msgs/include/gps_msgs/gps_msgs/msg/detail/gps_status__struct.h
[7.264s] -- Up-to-date: /home/pi/gps/Python-GPS-m8p-d/ros2_gps_ws/install/gps_msgs/include/gps_msgs/gps_msgs/msg/detail/gps_fix__struct.h
[7.265s] -- Up-to-date: /home/pi/gps/Python-GPS-m8p-d/ros2_gps_ws/install/gps_msgs/include/gps_msgs/gps_msgs/msg/gps_fix.h
[7.266s] -- Up-to-date: /home/pi/gps/Python-GPS-m8p-d/ros2_gps_ws/install/gps_msgs/share/gps_msgs/environment/library_path.sh
[7.267s] -- Up-to-date: /home/pi/gps/Python-GPS-m8p-d/ros2_gps_ws/install/gps_msgs/share/gps_msgs/environment/library_path.dsv
[7.271s] -- Up-to-date: /home/pi/gps/Python-GPS-m8p-d/ros2_gps_ws/install/gps_msgs/lib/libgps_msgs__rosidl_generator_c.so
[7.275s] -- Up-to-date: /home/pi/gps/Python-GPS-m8p-d/ros2_gps_ws/install/gps_msgs/include/gps_msgs/gps_msgs
[7.277s] -- Up-to-date: /home/pi/gps/Python-GPS-m8p-d/ros2_gps_ws/install/gps_msgs/include/gps_msgs/gps_msgs/msg
[7.280s] -- Up-to-date: /home/pi/gps/Python-GPS-m8p-d/ros2_gps_ws/install/gps_msgs/include/gps_msgs/gps_msgs/msg/rosidl_typesupport_fastrtps_c__visibility_control.h
[7.281s] -- Up-to-date: /home/pi/gps/Python-GPS-m8p-d/ros2_gps_ws/install/gps_msgs/include/gps_msgs/gps_msgs/msg/detail
[7.283s] -- Up-to-date: /home/pi/gps/Python-GPS-m8p-d/ros2_gps_ws/install/gps_msgs/include/gps_msgs/gps_msgs/msg/detail/gps_status__rosidl_typesupport_fastrtps_c.h
[7.285s] -- Up-to-date: /home/pi/gps/Python-GPS-m8p-d/ros2_gps_ws/install/gps_msgs/include/gps_msgs/gps_msgs/msg/detail/gps_fix__rosidl_typesupport_fastrtps_c.h
[7.287s] -- Up-to-date: /home/pi/gps/Python-GPS-m8p-d/ros2_gps_ws/install/gps_msgs/lib/libgps_msgs__rosidl_typesupport_fastrtps_c.so
[7.290s] -- Up-to-date: /home/pi/gps/Python-GPS-m8p-d/ros2_gps_ws/install/gps_msgs/include/gps_msgs/gps_msgs
[7.291s] -- Up-to-date: /home/pi/gps/Python-GPS-m8p-d/ros2_gps_ws/install/gps_msgs/include/gps_msgs/gps_msgs/msg
[7.292s] -- Up-to-date: /home/pi/gps/Python-GPS-m8p-d/ros2_gps_ws/install/gps_msgs/include/gps_msgs/gps_msgs/msg/detail
[7.294s] -- Up-to-date: /home/pi/gps/Python-GPS-m8p-d/ros2_gps_ws/install/gps_msgs/include/gps_msgs/gps_msgs/msg/detail/gps_status__type_support.c
[7.295s] -- Up-to-date: /home/pi/gps/Python-GPS-m8p-d/ros2_gps_ws/install/gps_msgs/include/gps_msgs/gps_msgs/msg/detail/gps_status__rosidl_typesupport_introspection_c.h
[7.296s] -- Up-to-date: /home/pi/gps/Python-GPS-m8p-d/ros2_gps_ws/install/gps_msgs/include/gps_msgs/gps_msgs/msg/detail/gps_fix__type_support.c
[7.297s] -- Up-to-date: /home/pi/gps/Python-GPS-m8p-d/ros2_gps_ws/install/gps_msgs/include/gps_msgs/gps_msgs/msg/detail/gps_fix__rosidl_typesupport_introspection_c.h
[7.298s] -- Up-to-date: /home/pi/gps/Python-GPS-m8p-d/ros2_gps_ws/install/gps_msgs/include/gps_msgs/gps_msgs/msg/rosidl_typesupport_introspection_c__visibility_control.h
[7.302s] -- Up-to-date: /home/pi/gps/Python-GPS-m8p-d/ros2_gps_ws/install/gps_msgs/lib/libgps_msgs__rosidl_typesupport_introspection_c.so
[7.307s] -- Up-to-date: /home/pi/gps/Python-GPS-m8p-d/ros2_gps_ws/install/gps_msgs/lib/libgps_msgs__rosidl_typesupport_c.so
[7.310s] -- Up-to-date: /home/pi/gps/Python-GPS-m8p-d/ros2_gps_ws/install/gps_msgs/include/gps_msgs/gps_msgs
[7.311s] -- Up-to-date: /home/pi/gps/Python-GPS-m8p-d/ros2_gps_ws/install/gps_msgs/include/gps_msgs/gps_msgs/msg
[7.312s] -- Up-to-date: /home/pi/gps/Python-GPS-m8p-d/ros2_gps_ws/install/gps_msgs/include/gps_msgs/gps_msgs/msg/gps_fix.hpp
[7.314s] -- Up-to-date: /home/pi/gps/Python-GPS-m8p-d/ros2_gps_ws/install/gps_msgs/include/gps_msgs/gps_msgs/msg/detail
[7.315s] -- Up-to-date: /home/pi/gps/Python-GPS-m8p-d/ros2_gps_ws/install/gps_msgs/include/gps_msgs/gps_msgs/msg/detail/gps_status__struct.hpp
[7.317s] -- Up-to-date: /home/pi/gps/Python-GPS-m8p-d/ros2_gps_ws/install/gps_msgs/include/gps_msgs/gps_msgs/msg/detail/gps_fix__builder.hpp
[7.318s] -- Up-to-date: /home/pi/gps/Python-GPS-m8p-d/ros2_gps_ws/install/gps_msgs/include/gps_msgs/gps_msgs/msg/detail/gps_status__builder.hpp
[7.320s] -- Up-to-date: /home/pi/gps/Python-GPS-m8p-d/ros2_gps_ws/install/gps_msgs/include/gps_msgs/gps_msgs/msg/detail/gps_status__traits.hpp
[7.320s] -- Up-to-date: /home/pi/gps/Python-GPS-m8p-d/ros2_gps_ws/install/gps_msgs/include/gps_msgs/gps_msgs/msg/detail/gps_fix__traits.hpp
[7.321s] -- Up-to-date: /home/pi/gps/Python-GPS-m8p-d/ros2_gps_ws/install/gps_msgs/include/gps_msgs/gps_msgs/msg/detail/gps_fix__struct.hpp
[7.323s] -- Up-to-date: /home/pi/gps/Python-GPS-m8p-d/ros2_gps_ws/install/gps_msgs/include/gps_msgs/gps_msgs/msg/gps_status.hpp
[7.324s] -- Up-to-date: /home/pi/gps/Python-GPS-m8p-d/ros2_gps_ws/install/gps_msgs/include/gps_msgs/gps_msgs
[7.325s] -- Up-to-date: /home/pi/gps/Python-GPS-m8p-d/ros2_gps_ws/install/gps_msgs/include/gps_msgs/gps_msgs/msg
[7.326s] -- Up-to-date: /home/pi/gps/Python-GPS-m8p-d/ros2_gps_ws/install/gps_msgs/include/gps_msgs/gps_msgs/msg/rosidl_typesupport_fastrtps_cpp__visibility_control.h
[7.326s] -- Up-to-date: /home/pi/gps/Python-GPS-m8p-d/ros2_gps_ws/install/gps_msgs/include/gps_msgs/gps_msgs/msg/detail
[7.327s] -- Up-to-date: /home/pi/gps/Python-GPS-m8p-d/ros2_gps_ws/install/gps_msgs/include/gps_msgs/gps_msgs/msg/detail/gps_fix__rosidl_typesupport_fastrtps_cpp.hpp
[7.328s] -- Up-to-date: /home/pi/gps/Python-GPS-m8p-d/ros2_gps_ws/install/gps_msgs/include/gps_msgs/gps_msgs/msg/detail/dds_fastrtps
[7.329s] -- Up-to-date: /home/pi/gps/Python-GPS-m8p-d/ros2_gps_ws/install/gps_msgs/include/gps_msgs/gps_msgs/msg/detail/gps_status__rosidl_typesupport_fastrtps_cpp.hpp
[7.331s] -- Up-to-date: /home/pi/gps/Python-GPS-m8p-d/ros2_gps_ws/install/gps_msgs/lib/libgps_msgs__rosidl_typesupport_fastrtps_cpp.so
[7.334s] -- Up-to-date: /home/pi/gps/Python-GPS-m8p-d/ros2_gps_ws/install/gps_msgs/include/gps_msgs/gps_msgs
[7.335s] -- Up-to-date: /home/pi/gps/Python-GPS-m8p-d/ros2_gps_ws/install/gps_msgs/include/gps_msgs/gps_msgs/msg
[7.336s] -- Up-to-date: /home/pi/gps/Python-GPS-m8p-d/ros2_gps_ws/install/gps_msgs/include/gps_msgs/gps_msgs/msg/detail
[7.337s] -- Up-to-date: /home/pi/gps/Python-GPS-m8p-d/ros2_gps_ws/install/gps_msgs/include/gps_msgs/gps_msgs/msg/detail/gps_status__rosidl_typesupport_introspection_cpp.hpp
[7.339s] -- Up-to-date: /home/pi/gps/Python-GPS-m8p-d/ros2_gps_ws/install/gps_msgs/include/gps_msgs/gps_msgs/msg/detail/gps_fix__rosidl_typesupport_introspection_cpp.hpp
[7.339s] -- Up-to-date: /home/pi/gps/Python-GPS-m8p-d/ros2_gps_ws/install/gps_msgs/include/gps_msgs/gps_msgs/msg/detail/gps_status__type_support.cpp
[7.340s] -- Up-to-date: /home/pi/gps/Python-GPS-m8p-d/ros2_gps_ws/install/gps_msgs/include/gps_msgs/gps_msgs/msg/detail/gps_fix__type_support.cpp
[7.345s] -- Up-to-date: /home/pi/gps/Python-GPS-m8p-d/ros2_gps_ws/install/gps_msgs/lib/libgps_msgs__rosidl_typesupport_introspection_cpp.so
[7.352s] -- Up-to-date: /home/pi/gps/Python-GPS-m8p-d/ros2_gps_ws/install/gps_msgs/lib/libgps_msgs__rosidl_typesupport_cpp.so
[7.355s] -- Up-to-date: /home/pi/gps/Python-GPS-m8p-d/ros2_gps_ws/install/gps_msgs/share/gps_msgs/environment/pythonpath.sh
[7.356s] -- Up-to-date: /home/pi/gps/Python-GPS-m8p-d/ros2_gps_ws/install/gps_msgs/share/gps_msgs/environment/pythonpath.dsv
[7.361s] -- Up-to-date: /home/pi/gps/Python-GPS-m8p-d/ros2_gps_ws/install/gps_msgs/local/lib/python3.10/dist-packages/gps_msgs-1.0.5-py3.10.egg-info
[7.364s] -- Installing: /home/pi/gps/Python-GPS-m8p-d/ros2_gps_ws/install/gps_msgs/local/lib/python3.10/dist-packages/gps_msgs-1.0.5-py3.10.egg-info/top_level.txt
[7.369s] -- Installing: /home/pi/gps/Python-GPS-m8p-d/ros2_gps_ws/install/gps_msgs/local/lib/python3.10/dist-packages/gps_msgs-1.0.5-py3.10.egg-info/dependency_links.txt
[7.373s] -- Installing: /home/pi/gps/Python-GPS-m8p-d/ros2_gps_ws/install/gps_msgs/local/lib/python3.10/dist-packages/gps_msgs-1.0.5-py3.10.egg-info/PKG-INFO
[7.379s] -- Installing: /home/pi/gps/Python-GPS-m8p-d/ros2_gps_ws/install/gps_msgs/local/lib/python3.10/dist-packages/gps_msgs-1.0.5-py3.10.egg-info/SOURCES.txt
[7.383s] -- Up-to-date: /home/pi/gps/Python-GPS-m8p-d/ros2_gps_ws/install/gps_msgs/local/lib/python3.10/dist-packages/gps_msgs
[7.386s] -- Up-to-date: /home/pi/gps/Python-GPS-m8p-d/ros2_gps_ws/install/gps_msgs/local/lib/python3.10/dist-packages/gps_msgs/_gps_msgs_s.ep.rosidl_typesupport_c.c
[7.387s] -- Up-to-date: /home/pi/gps/Python-GPS-m8p-d/ros2_gps_ws/install/gps_msgs/local/lib/python3.10/dist-packages/gps_msgs/msg
[7.389s] -- Up-to-date: /home/pi/gps/Python-GPS-m8p-d/ros2_gps_ws/install/gps_msgs/local/lib/python3.10/dist-packages/gps_msgs/msg/_gps_fix_s.c
[7.390s] -- Up-to-date: /home/pi/gps/Python-GPS-m8p-d/ros2_gps_ws/install/gps_msgs/local/lib/python3.10/dist-packages/gps_msgs/msg/_gps_status.py
[7.392s] -- Up-to-date: /home/pi/gps/Python-GPS-m8p-d/ros2_gps_ws/install/gps_msgs/local/lib/python3.10/dist-packages/gps_msgs/msg/_gps_status_s.c
[7.393s] -- Up-to-date: /home/pi/gps/Python-GPS-m8p-d/ros2_gps_ws/install/gps_msgs/local/lib/python3.10/dist-packages/gps_msgs/msg/_gps_fix.py
[7.394s] -- Up-to-date: /home/pi/gps/Python-GPS-m8p-d/ros2_gps_ws/install/gps_msgs/local/lib/python3.10/dist-packages/gps_msgs/msg/__init__.py
[7.396s] -- Up-to-date: /home/pi/gps/Python-GPS-m8p-d/ros2_gps_ws/install/gps_msgs/local/lib/python3.10/dist-packages/gps_msgs/gps_msgs_s__rosidl_typesupport_c.cpython-310-aarch64-linux-gnu.so
[7.397s] -- Up-to-date: /home/pi/gps/Python-GPS-m8p-d/ros2_gps_ws/install/gps_msgs/local/lib/python3.10/dist-packages/gps_msgs/gps_msgs_s__rosidl_typesupport_fastrtps_c.cpython-310-aarch64-linux-gnu.so
[7.398s] -- Up-to-date: /home/pi/gps/Python-GPS-m8p-d/ros2_gps_ws/install/gps_msgs/local/lib/python3.10/dist-packages/gps_msgs/libgps_msgs__rosidl_generator_py.so
[7.399s] -- Up-to-date: /home/pi/gps/Python-GPS-m8p-d/ros2_gps_ws/install/gps_msgs/local/lib/python3.10/dist-packages/gps_msgs/_gps_msgs_s.ep.rosidl_typesupport_introspection_c.c
[7.400s] -- Up-to-date: /home/pi/gps/Python-GPS-m8p-d/ros2_gps_ws/install/gps_msgs/local/lib/python3.10/dist-packages/gps_msgs/__init__.py
[7.401s] -- Up-to-date: /home/pi/gps/Python-GPS-m8p-d/ros2_gps_ws/install/gps_msgs/local/lib/python3.10/dist-packages/gps_msgs/gps_msgs_s__rosidl_typesupport_introspection_c.cpython-310-aarch64-linux-gnu.so
[7.401s] -- Up-to-date: /home/pi/gps/Python-GPS-m8p-d/ros2_gps_ws/install/gps_msgs/local/lib/python3.10/dist-packages/gps_msgs/_gps_msgs_s.ep.rosidl_typesupport_fastrtps_c.c
[7.700s] Listing '/home/pi/gps/Python-GPS-m8p-d/ros2_gps_ws/install/gps_msgs/local/lib/python3.10/dist-packages/gps_msgs'...
[7.701s] Listing '/home/pi/gps/Python-GPS-m8p-d/ros2_gps_ws/install/gps_msgs/local/lib/python3.10/dist-packages/gps_msgs/msg'...
[7.752s] -- Up-to-date: /home/pi/gps/Python-GPS-m8p-d/ros2_gps_ws/install/gps_msgs/local/lib/python3.10/dist-packages/gps_msgs/gps_msgs_s__rosidl_typesupport_fastrtps_c.cpython-310-aarch64-linux-gnu.so
[7.759s] -- Up-to-date: /home/pi/gps/Python-GPS-m8p-d/ros2_gps_ws/install/gps_msgs/local/lib/python3.10/dist-packages/gps_msgs/gps_msgs_s__rosidl_typesupport_introspection_c.cpython-310-aarch64-linux-gnu.so
[7.766s] -- Up-to-date: /home/pi/gps/Python-GPS-m8p-d/ros2_gps_ws/install/gps_msgs/local/lib/python3.10/dist-packages/gps_msgs/gps_msgs_s__rosidl_typesupport_c.cpython-310-aarch64-linux-gnu.so
[7.775s] -- Up-to-date: /home/pi/gps/Python-GPS-m8p-d/ros2_gps_ws/install/gps_msgs/lib/libgps_msgs__rosidl_generator_py.so
[7.779s] -- Up-to-date: /home/pi/gps/Python-GPS-m8p-d/ros2_gps_ws/install/gps_msgs/share/gps_msgs/msg/GPSFix.idl
[7.782s] -- Up-to-date: /home/pi/gps/Python-GPS-m8p-d/ros2_gps_ws/install/gps_msgs/share/gps_msgs/msg/GPSStatus.idl
[7.784s] -- Up-to-date: /home/pi/gps/Python-GPS-m8p-d/ros2_gps_ws/install/gps_msgs/share/gps_msgs/msg/GPSFix.msg
[7.786s] -- Up-to-date: /home/pi/gps/Python-GPS-m8p-d/ros2_gps_ws/install/gps_msgs/share/gps_msgs/msg/GPSStatus.msg
[7.788s] -- Up-to-date: /home/pi/gps/Python-GPS-m8p-d/ros2_gps_ws/install/gps_msgs/share/ament_index/resource_index/package_run_dependencies/gps_msgs
[7.789s] -- Up-to-date: /home/pi/gps/Python-GPS-m8p-d/ros2_gps_ws/install/gps_msgs/share/ament_index/resource_index/parent_prefix_path/gps_msgs
[7.791s] -- Up-to-date: /home/pi/gps/Python-GPS-m8p-d/ros2_gps_ws/install/gps_msgs/share/gps_msgs/environment/ament_prefix_path.sh
[7.792s] -- Up-to-date: /home/pi/gps/Python-GPS-m8p-d/ros2_gps_ws/install/gps_msgs/share/gps_msgs/environment/ament_prefix_path.dsv
[7.794s] -- Up-to-date: /home/pi/gps/Python-GPS-m8p-d/ros2_gps_ws/install/gps_msgs/share/gps_msgs/environment/path.sh
[7.795s] -- Up-to-date: /home/pi/gps/Python-GPS-m8p-d/ros2_gps_ws/install/gps_msgs/share/gps_msgs/environment/path.dsv
[7.796s] -- Up-to-date: /home/pi/gps/Python-GPS-m8p-d/ros2_gps_ws/install/gps_msgs/share/gps_msgs/local_setup.bash
[7.798s] -- Up-to-date: /home/pi/gps/Python-GPS-m8p-d/ros2_gps_ws/install/gps_msgs/share/gps_msgs/local_setup.sh
[7.799s] -- Up-to-date: /home/pi/gps/Python-GPS-m8p-d/ros2_gps_ws/install/gps_msgs/share/gps_msgs/local_setup.zsh
[7.800s] -- Up-to-date: /home/pi/gps/Python-GPS-m8p-d/ros2_gps_ws/install/gps_msgs/share/gps_msgs/local_setup.dsv
[7.800s] -- Installing: /home/pi/gps/Python-GPS-m8p-d/ros2_gps_ws/install/gps_msgs/share/gps_msgs/package.dsv
[7.804s] -- Up-to-date: /home/pi/gps/Python-GPS-m8p-d/ros2_gps_ws/install/gps_msgs/share/ament_index/resource_index/packages/gps_msgs
[7.812s] -- Up-to-date: /home/pi/gps/Python-GPS-m8p-d/ros2_gps_ws/install/gps_msgs/share/gps_msgs/cmake/export_gps_msgs__rosidl_generator_cExport.cmake
[7.813s] -- Up-to-date: /home/pi/gps/Python-GPS-m8p-d/ros2_gps_ws/install/gps_msgs/share/gps_msgs/cmake/export_gps_msgs__rosidl_generator_cExport-noconfig.cmake
[7.818s] -- Up-to-date: /home/pi/gps/Python-GPS-m8p-d/ros2_gps_ws/install/gps_msgs/share/gps_msgs/cmake/export_gps_msgs__rosidl_typesupport_fastrtps_cExport.cmake
[7.820s] -- Up-to-date: /home/pi/gps/Python-GPS-m8p-d/ros2_gps_ws/install/gps_msgs/share/gps_msgs/cmake/export_gps_msgs__rosidl_typesupport_fastrtps_cExport-noconfig.cmake
[7.825s] -- Up-to-date: /home/pi/gps/Python-GPS-m8p-d/ros2_gps_ws/install/gps_msgs/share/gps_msgs/cmake/gps_msgs__rosidl_typesupport_introspection_cExport.cmake
[7.826s] -- Up-to-date: /home/pi/gps/Python-GPS-m8p-d/ros2_gps_ws/install/gps_msgs/share/gps_msgs/cmake/gps_msgs__rosidl_typesupport_introspection_cExport-noconfig.cmake
[7.831s] -- Up-to-date: /home/pi/gps/Python-GPS-m8p-d/ros2_gps_ws/install/gps_msgs/share/gps_msgs/cmake/gps_msgs__rosidl_typesupport_cExport.cmake
[7.832s] -- Up-to-date: /home/pi/gps/Python-GPS-m8p-d/ros2_gps_ws/install/gps_msgs/share/gps_msgs/cmake/gps_msgs__rosidl_typesupport_cExport-noconfig.cmake
[7.837s] -- Up-to-date: /home/pi/gps/Python-GPS-m8p-d/ros2_gps_ws/install/gps_msgs/share/gps_msgs/cmake/export_gps_msgs__rosidl_generator_cppExport.cmake
[7.842s] -- Up-to-date: /home/pi/gps/Python-GPS-m8p-d/ros2_gps_ws/install/gps_msgs/share/gps_msgs/cmake/export_gps_msgs__rosidl_typesupport_fastrtps_cppExport.cmake
[7.844s] -- Up-to-date: /home/pi/gps/Python-GPS-m8p-d/ros2_gps_ws/install/gps_msgs/share/gps_msgs/cmake/export_gps_msgs__rosidl_typesupport_fastrtps_cppExport-noconfig.cmake
[7.849s] -- Up-to-date: /home/pi/gps/Python-GPS-m8p-d/ros2_gps_ws/install/gps_msgs/share/gps_msgs/cmake/gps_msgs__rosidl_typesupport_introspection_cppExport.cmake
[7.850s] -- Up-to-date: /home/pi/gps/Python-GPS-m8p-d/ros2_gps_ws/install/gps_msgs/share/gps_msgs/cmake/gps_msgs__rosidl_typesupport_introspection_cppExport-noconfig.cmake
[7.854s] -- Up-to-date: /home/pi/gps/Python-GPS-m8p-d/ros2_gps_ws/install/gps_msgs/share/gps_msgs/cmake/gps_msgs__rosidl_typesupport_cppExport.cmake
[7.855s] -- Up-to-date: /home/pi/gps/Python-GPS-m8p-d/ros2_gps_ws/install/gps_msgs/share/gps_msgs/cmake/gps_msgs__rosidl_typesupport_cppExport-noconfig.cmake
[7.861s] -- Up-to-date: /home/pi/gps/Python-GPS-m8p-d/ros2_gps_ws/install/gps_msgs/share/gps_msgs/cmake/export_gps_msgs__rosidl_generator_pyExport.cmake
[7.863s] -- Up-to-date: /home/pi/gps/Python-GPS-m8p-d/ros2_gps_ws/install/gps_msgs/share/gps_msgs/cmake/export_gps_msgs__rosidl_generator_pyExport-noconfig.cmake
[7.864s] -- Up-to-date: /home/pi/gps/Python-GPS-m8p-d/ros2_gps_ws/install/gps_msgs/share/gps_msgs/cmake/rosidl_cmake-extras.cmake
[7.866s] -- Up-to-date: /home/pi/gps/Python-GPS-m8p-d/ros2_gps_ws/install/gps_msgs/share/gps_msgs/cmake/ament_cmake_export_dependencies-extras.cmake
[7.867s] -- Up-to-date: /home/pi/gps/Python-GPS-m8p-d/ros2_gps_ws/install/gps_msgs/share/gps_msgs/cmake/ament_cmake_export_include_directories-extras.cmake
[7.868s] -- Up-to-date: /home/pi/gps/Python-GPS-m8p-d/ros2_gps_ws/install/gps_msgs/share/gps_msgs/cmake/ament_cmake_export_libraries-extras.cmake
[7.870s] -- Up-to-date: /home/pi/gps/Python-GPS-m8p-d/ros2_gps_ws/install/gps_msgs/share/gps_msgs/cmake/ament_cmake_export_targets-extras.cmake
[7.871s] -- Up-to-date: /home/pi/gps/Python-GPS-m8p-d/ros2_gps_ws/install/gps_msgs/share/gps_msgs/cmake/rosidl_cmake_export_typesupport_targets-extras.cmake
[7.873s] -- Up-to-date: /home/pi/gps/Python-GPS-m8p-d/ros2_gps_ws/install/gps_msgs/share/gps_msgs/cmake/rosidl_cmake_export_typesupport_libraries-extras.cmake
[7.874s] -- Up-to-date: /home/pi/gps/Python-GPS-m8p-d/ros2_gps_ws/install/gps_msgs/share/gps_msgs/cmake/gps_msgsConfig.cmake
[7.876s] -- Up-to-date: /home/pi/gps/Python-GPS-m8p-d/ros2_gps_ws/install/gps_msgs/share/gps_msgs/cmake/gps_msgsConfig-version.cmake
[7.876s] -- Up-to-date: /home/pi/gps/Python-GPS-m8p-d/ros2_gps_ws/install/gps_msgs/share/gps_msgs/package.xml
[7.877s] -- Up-to-date: /home/pi/gps/Python-GPS-m8p-d/ros2_gps_ws/install/gps_msgs/share/gps_msgs/ros1_ros2_mapping.yaml
[7.896s] Invoked command in '/home/pi/gps/Python-GPS-m8p-d/ros2_gps_ws/build/gps_msgs' returned '0': CMAKE_PREFIX_PATH=/opt/ros/humble /usr/bin/cmake --install /home/pi/gps/Python-GPS-m8p-d/ros2_gps_ws/build/gps_msgs
