[0.530s] Invoking command in '/home/pi/gps/Python-GPS-m8p-d/ros2_gps_ws/build/sensor_interfaces': CMAKE_PREFIX_PATH=/opt/ros/humble /usr/bin/cmake /home/pi/gps/Python-GPS-m8p-d/ros2_gps_ws/src/sensor_interfaces -DCMAKE_INSTALL_PREFIX=/home/pi/gps/Python-GPS-m8p-d/ros2_gps_ws/install/sensor_interfaces
[1.259s] -- Found ament_cmake: 1.3.2 (/opt/ros/humble/share/ament_cmake/cmake)
[3.276s] -- Found rosidl_default_generators: 1.2.0 (/opt/ros/humble/share/rosidl_default_generators/cmake)
[3.307s] -- Using all available rosidl_typesupport_c: rosidl_typesupport_fastrtps_c;rosidl_typesupport_introspection_c
[3.351s] -- Found rosidl_adapter: 3.1.3 (/opt/ros/humble/share/rosidl_adapter/cmake)
[3.835s] -- Using all available rosidl_typesupport_cpp: rosidl_typesupport_fastrtps_cpp;rosidl_typesupport_introspection_cpp
[6.324s] [31mCMake Error at /opt/ros/humble/share/rosidl_adapter/cmake/rosidl_adapt_interfaces.cmake:59 (message):
[6.326s]   execute_process(/usr/bin/python3.10 -m rosidl_adapter --package-name
[6.327s]   sensor_interfaces --arguments-file
[6.328s]   /home/pi/gps/Python-GPS-m8p-d/ros2_gps_ws/build/sensor_interfaces/rosidl_adapter__arguments__sensor_interfaces.json
[6.329s]   --output-dir
[6.330s]   /home/pi/gps/Python-GPS-m8p-d/ros2_gps_ws/build/sensor_interfaces/rosidl_adapter/sensor_interfaces
[6.331s]   --output-file
[6.332s]   /home/pi/gps/Python-GPS-m8p-d/ros2_gps_ws/build/sensor_interfaces/rosidl_adapter/sensor_interfaces.idls)
[6.333s]   returned error code 1:
[6.333s] 
[6.334s]   Traceback (most recent call last):
[6.335s] 
[6.335s]     File "/usr/lib/python3.10/runpy.py", line 196, in _run_module_as_main
[6.336s]       return _run_code(code, main_globals, None,
[6.337s]     File "/usr/lib/python3.10/runpy.py", line 86, in _run_code
[6.337s]       exec(code, run_globals)
[6.338s]     File "/opt/ros/humble/local/lib/python3.10/dist-packages/rosidl_adapter/__main__.py", line 19, in <module>
[6.339s]       sys.exit(main())
[6.340s]     File "/opt/ros/humble/local/lib/python3.10/dist-packages/rosidl_adapter/main.py", line 53, in main
[6.341s]       abs_idl_file = convert_to_idl(
[6.342s]     File "/opt/ros/humble/local/lib/python3.10/dist-packages/rosidl_adapter/__init__.py", line 24, in convert_to_idl
[6.344s]       return convert_srv_to_idl(
[6.345s]     File "/opt/ros/humble/local/lib/python3.10/dist-packages/rosidl_adapter/srv/__init__.py", line 28, in convert_srv_to_idl
[6.347s]       srv = parse_service_string(package_name, input_file.stem, content)
[6.348s]     File "/opt/ros/humble/local/lib/python3.10/dist-packages/rosidl_adapter/parser.py", line 850, in parse_service_string
[6.349s]       raise InvalidServiceSpecification(
[6.351s] 
[6.352s]   rosidl_adapter.parser.InvalidServiceSpecification: Could not find separator
[6.353s]   '---' between request and response
[6.354s] 
[6.356s] Call Stack (most recent call first):
[6.357s]   /opt/ros/humble/share/rosidl_cmake/cmake/rosidl_generate_interfaces.cmake:130 (rosidl_adapt_interfaces)
[6.359s]   CMakeLists.txt:15 (rosidl_generate_interfaces)
[6.360s] 
[6.361s] [0m
[6.362s] -- Configuring incomplete, errors occurred!
[6.364s] See also "/home/pi/gps/Python-GPS-m8p-d/ros2_gps_ws/build/sensor_interfaces/CMakeFiles/CMakeOutput.log".
[6.426s] Invoked command in '/home/pi/gps/Python-GPS-m8p-d/ros2_gps_ws/build/sensor_interfaces' returned '1': CMAKE_PREFIX_PATH=/opt/ros/humble /usr/bin/cmake /home/pi/gps/Python-GPS-m8p-d/ros2_gps_ws/src/sensor_interfaces -DCMAKE_INSTALL_PREFIX=/home/pi/gps/Python-GPS-m8p-d/ros2_gps_ws/install/sensor_interfaces
