[6.917s] Invoking command in '/home/pi/gps/Python-GPS-m8p-d/ros2_gps_ws/build/sensor_data': AMENT_PREFIX_PATH=/home/pi/gps/Python-GPS-m8p-d/ros2_gps_ws/install/gps_msgs:${AMENT_PREFIX_PATH} CMAKE_PREFIX_PATH=/home/pi/gps/Python-GPS-m8p-d/ros2_gps_ws/install/gps_msgs LD_LIBRARY_PATH=/home/pi/gps/Python-GPS-m8p-d/ros2_gps_ws/install/gps_msgs/lib:${LD_LIBRARY_PATH} PYTHONPATH=/home/pi/gps/Python-GPS-m8p-d/ros2_gps_ws/install/sensor_data/lib/python3.10/site-packages:/home/pi/gps/Python-GPS-m8p-d/ros2_gps_ws/install/gps_msgs/local/lib/python3.10/dist-packages:${PYTHONPATH} /usr/bin/python3 setup.py develop --prefix /home/pi/gps/Python-GPS-m8p-d/ros2_gps_ws/install/sensor_data --uninstall --editable --build-directory /home/pi/gps/Python-GPS-m8p-d/ros2_gps_ws/build/sensor_data/build
[9.552s] running develop
[11.595s] Invoked command in '/home/pi/gps/Python-GPS-m8p-d/ros2_gps_ws/build/sensor_data' returned '0': AMENT_PREFIX_PATH=/home/pi/gps/Python-GPS-m8p-d/ros2_gps_ws/install/gps_msgs:${AMENT_PREFIX_PATH} CMAKE_PREFIX_PATH=/home/pi/gps/Python-GPS-m8p-d/ros2_gps_ws/install/gps_msgs LD_LIBRARY_PATH=/home/pi/gps/Python-GPS-m8p-d/ros2_gps_ws/install/gps_msgs/lib:${LD_LIBRARY_PATH} PYTHONPATH=/home/pi/gps/Python-GPS-m8p-d/ros2_gps_ws/install/sensor_data/lib/python3.10/site-packages:/home/pi/gps/Python-GPS-m8p-d/ros2_gps_ws/install/gps_msgs/local/lib/python3.10/dist-packages:${PYTHONPATH} /usr/bin/python3 setup.py develop --prefix /home/pi/gps/Python-GPS-m8p-d/ros2_gps_ws/install/sensor_data --uninstall --editable --build-directory /home/pi/gps/Python-GPS-m8p-d/ros2_gps_ws/build/sensor_data/build
[11.611s] Invoking command in '/home/pi/gps/Python-GPS-m8p-d/ros2_gps_ws/src/sensor_data': AMENT_PREFIX_PATH=/home/pi/gps/Python-GPS-m8p-d/ros2_gps_ws/install/gps_msgs:${AMENT_PREFIX_PATH} CMAKE_PREFIX_PATH=/home/pi/gps/Python-GPS-m8p-d/ros2_gps_ws/install/gps_msgs LD_LIBRARY_PATH=/home/pi/gps/Python-GPS-m8p-d/ros2_gps_ws/install/gps_msgs/lib:${LD_LIBRARY_PATH} PYTHONPATH=/home/pi/gps/Python-GPS-m8p-d/ros2_gps_ws/install/sensor_data/lib/python3.10/site-packages:/home/pi/gps/Python-GPS-m8p-d/ros2_gps_ws/install/gps_msgs/local/lib/python3.10/dist-packages:${PYTHONPATH} /usr/bin/python3 setup.py egg_info --egg-base ../../build/sensor_data build --build-base /home/pi/gps/Python-GPS-m8p-d/ros2_gps_ws/build/sensor_data/build install --prefix /home/pi/gps/Python-GPS-m8p-d/ros2_gps_ws/install/sensor_data --record /home/pi/gps/Python-GPS-m8p-d/ros2_gps_ws/build/sensor_data/install.log --single-version-externally-managed
[14.065s] running egg_info
[14.069s] writing ../../build/sensor_data/sensor_data.egg-info/PKG-INFO
[14.073s] writing dependency_links to ../../build/sensor_data/sensor_data.egg-info/dependency_links.txt
[14.075s] writing entry points to ../../build/sensor_data/sensor_data.egg-info/entry_points.txt
[14.077s] writing requirements to ../../build/sensor_data/sensor_data.egg-info/requires.txt
[14.078s] writing top-level names to ../../build/sensor_data/sensor_data.egg-info/top_level.txt
[14.120s] reading manifest file '../../build/sensor_data/sensor_data.egg-info/SOURCES.txt'
[14.132s] writing manifest file '../../build/sensor_data/sensor_data.egg-info/SOURCES.txt'
[14.134s] running build
[14.135s] running build_py
[14.142s] copying sensor_data/publish_data.py -> /home/pi/gps/Python-GPS-m8p-d/ros2_gps_ws/build/sensor_data/build/lib/sensor_data
[14.149s] copying sensor_data/gps.py -> /home/pi/gps/Python-GPS-m8p-d/ros2_gps_ws/build/sensor_data/build/lib/sensor_data
[14.155s] copying sensor_data/publisher_member_function.py -> /home/pi/gps/Python-GPS-m8p-d/ros2_gps_ws/build/sensor_data/build/lib/sensor_data
[14.159s] running install
[14.162s] running install_lib
[14.170s] copying /home/pi/gps/Python-GPS-m8p-d/ros2_gps_ws/build/sensor_data/build/lib/sensor_data/publish_data.py -> /home/pi/gps/Python-GPS-m8p-d/ros2_gps_ws/install/sensor_data/lib/python3.10/site-packages/sensor_data
[14.174s] copying /home/pi/gps/Python-GPS-m8p-d/ros2_gps_ws/build/sensor_data/build/lib/sensor_data/gps.py -> /home/pi/gps/Python-GPS-m8p-d/ros2_gps_ws/install/sensor_data/lib/python3.10/site-packages/sensor_data
[14.177s] copying /home/pi/gps/Python-GPS-m8p-d/ros2_gps_ws/build/sensor_data/build/lib/sensor_data/publisher_member_function.py -> /home/pi/gps/Python-GPS-m8p-d/ros2_gps_ws/install/sensor_data/lib/python3.10/site-packages/sensor_data
[14.184s] byte-compiling /home/pi/gps/Python-GPS-m8p-d/ros2_gps_ws/install/sensor_data/lib/python3.10/site-packages/sensor_data/publish_data.py to publish_data.cpython-310.pyc
[14.189s] byte-compiling /home/pi/gps/Python-GPS-m8p-d/ros2_gps_ws/install/sensor_data/lib/python3.10/site-packages/sensor_data/gps.py to gps.cpython-310.pyc
[14.206s] byte-compiling /home/pi/gps/Python-GPS-m8p-d/ros2_gps_ws/install/sensor_data/lib/python3.10/site-packages/sensor_data/publisher_member_function.py to publisher_member_function.cpython-310.pyc
[14.210s] running install_data
[14.228s] running install_egg_info
[14.244s] removing '/home/pi/gps/Python-GPS-m8p-d/ros2_gps_ws/install/sensor_data/lib/python3.10/site-packages/sensor_data-0.0.0-py3.10.egg-info' (and everything under it)
[14.248s] Copying ../../build/sensor_data/sensor_data.egg-info to /home/pi/gps/Python-GPS-m8p-d/ros2_gps_ws/install/sensor_data/lib/python3.10/site-packages/sensor_data-0.0.0-py3.10.egg-info
[14.262s] running install_scripts
[14.408s] Installing listener script to /home/pi/gps/Python-GPS-m8p-d/ros2_gps_ws/install/sensor_data/lib/sensor_data
[14.410s] Installing talker script to /home/pi/gps/Python-GPS-m8p-d/ros2_gps_ws/install/sensor_data/lib/sensor_data
[14.413s] writing list of installed files to '/home/pi/gps/Python-GPS-m8p-d/ros2_gps_ws/build/sensor_data/install.log'
[14.663s] Invoked command in '/home/pi/gps/Python-GPS-m8p-d/ros2_gps_ws/src/sensor_data' returned '0': AMENT_PREFIX_PATH=/home/pi/gps/Python-GPS-m8p-d/ros2_gps_ws/install/gps_msgs:${AMENT_PREFIX_PATH} CMAKE_PREFIX_PATH=/home/pi/gps/Python-GPS-m8p-d/ros2_gps_ws/install/gps_msgs LD_LIBRARY_PATH=/home/pi/gps/Python-GPS-m8p-d/ros2_gps_ws/install/gps_msgs/lib:${LD_LIBRARY_PATH} PYTHONPATH=/home/pi/gps/Python-GPS-m8p-d/ros2_gps_ws/install/sensor_data/lib/python3.10/site-packages:/home/pi/gps/Python-GPS-m8p-d/ros2_gps_ws/install/gps_msgs/local/lib/python3.10/dist-packages:${PYTHONPATH} /usr/bin/python3 setup.py egg_info --egg-base ../../build/sensor_data build --build-base /home/pi/gps/Python-GPS-m8p-d/ros2_gps_ws/build/sensor_data/build install --prefix /home/pi/gps/Python-GPS-m8p-d/ros2_gps_ws/install/sensor_data --record /home/pi/gps/Python-GPS-m8p-d/ros2_gps_ws/build/sensor_data/install.log --single-version-externally-managed
