[0.097s] Invoking command in '/home/pi/gps/Python-GPS-m8p-d/ros2_gps_ws/build/sensor_interfaces': CMAKE_PREFIX_PATH=/opt/ros/humble /usr/bin/cmake /home/pi/gps/Python-GPS-m8p-d/ros2_gps_ws/src/sensor_interfaces -DCMAKE_INSTALL_PREFIX=/home/pi/gps/Python-GPS-m8p-d/ros2_gps_ws/install/sensor_interfaces
[0.199s] -- Found ament_cmake: 1.3.2 (/opt/ros/humble/share/ament_cmake/cmake)
[1.525s] -- Found rosidl_default_generators: 1.2.0 (/opt/ros/humble/share/rosidl_default_generators/cmake)
[1.540s] -- Using all available rosidl_typesupport_c: rosidl_typesupport_fastrtps_c;rosidl_typesupport_introspection_c
[1.564s] -- Found rosidl_adapter: 3.1.3 (/opt/ros/humble/share/rosidl_adapter/cmake)
[1.904s] -- Using all available rosidl_typesupport_cpp: rosidl_typesupport_fastrtps_cpp;rosidl_typesupport_introspection_cpp
[3.929s] [31mCMake Error at /opt/ros/humble/share/rosidl_adapter/cmake/rosidl_adapt_interfaces.cmake:59 (message):
[3.930s]   execute_process(/usr/bin/python3.10 -m rosidl_adapter --package-name
[3.932s]   sensor_interfaces --arguments-file
[3.933s]   /home/pi/gps/Python-GPS-m8p-d/ros2_gps_ws/build/sensor_interfaces/rosidl_adapter__arguments__sensor_interfaces.json
[3.934s]   --output-dir
[3.934s]   /home/pi/gps/Python-GPS-m8p-d/ros2_gps_ws/build/sensor_interfaces/rosidl_adapter/sensor_interfaces
[3.935s]   --output-file
[3.936s]   /home/pi/gps/Python-GPS-m8p-d/ros2_gps_ws/build/sensor_interfaces/rosidl_adapter/sensor_interfaces.idls)
[3.937s]   returned error code 1:
[3.938s] 
[3.939s]   Traceback (most recent call last):
[3.940s] 
[3.941s]     File "/usr/lib/python3.10/runpy.py", line 196, in _run_module_as_main
[3.941s]       return _run_code(code, main_globals, None,
[3.942s]     File "/usr/lib/python3.10/runpy.py", line 86, in _run_code
[3.943s]       exec(code, run_globals)
[3.944s]     File "/opt/ros/humble/local/lib/python3.10/dist-packages/rosidl_adapter/__main__.py", line 19, in <module>
[3.945s]       sys.exit(main())
[3.945s]     File "/opt/ros/humble/local/lib/python3.10/dist-packages/rosidl_adapter/main.py", line 53, in main
[3.946s]       abs_idl_file = convert_to_idl(
[3.947s]     File "/opt/ros/humble/local/lib/python3.10/dist-packages/rosidl_adapter/__init__.py", line 24, in convert_to_idl
[3.948s]       return convert_srv_to_idl(
[3.949s]     File "/opt/ros/humble/local/lib/python3.10/dist-packages/rosidl_adapter/srv/__init__.py", line 28, in convert_srv_to_idl
[3.950s]       srv = parse_service_string(package_name, input_file.stem, content)
[3.951s]     File "/opt/ros/humble/local/lib/python3.10/dist-packages/rosidl_adapter/parser.py", line 850, in parse_service_string
[3.951s]       raise InvalidServiceSpecification(
[3.952s] 
[3.953s]   rosidl_adapter.parser.InvalidServiceSpecification: Could not find separator
[3.954s]   '---' between request and response
[3.955s] 
[3.956s] Call Stack (most recent call first):
[3.956s]   /opt/ros/humble/share/rosidl_cmake/cmake/rosidl_generate_interfaces.cmake:130 (rosidl_adapt_interfaces)
[3.957s]   CMakeLists.txt:16 (rosidl_generate_interfaces)
[3.958s] 
[3.959s] [0m
[3.960s] -- Configuring incomplete, errors occurred!
[3.960s] See also "/home/pi/gps/Python-GPS-m8p-d/ros2_gps_ws/build/sensor_interfaces/CMakeFiles/CMakeOutput.log".
[4.128s] Invoked command in '/home/pi/gps/Python-GPS-m8p-d/ros2_gps_ws/build/sensor_interfaces' returned '1': CMAKE_PREFIX_PATH=/opt/ros/humble /usr/bin/cmake /home/pi/gps/Python-GPS-m8p-d/ros2_gps_ws/src/sensor_interfaces -DCMAKE_INSTALL_PREFIX=/home/pi/gps/Python-GPS-m8p-d/ros2_gps_ws/install/sensor_interfaces
