[1.407s] DEBUG:colcon:Command line arguments: ['/usr/bin/colcon', 'build', '--packages-select', 'sensor_interfaces']
[1.408s] DEBUG:colcon:Parsed command line arguments: Namespace(log_base=None, log_level=None, verb_name='build', build_base='build', install_base='install', merge_install=False, symlink_install=False, test_result_base=None, continue_on_error=False, executor='parallel', parallel_workers=4, event_handlers=None, ignore_user_meta=False, metas=['./colcon.meta'], base_paths=['.'], packages_ignore=None, packages_ignore_regex=None, paths=None, packages_up_to=None, packages_up_to_regex=None, packages_above=None, packages_above_and_dependencies=None, packages_above_depth=None, packages_select_by_dep=None, packages_skip_by_dep=None, packages_skip_up_to=None, packages_select_build_failed=False, packages_skip_build_finished=False, packages_select_test_failures=False, packages_skip_test_passed=False, packages_select=['sensor_interfaces'], packages_skip=None, packages_select_regex=None, packages_skip_regex=None, packages_start=None, packages_end=None, allow_overriding=[], cmake_args=None, cmake_target=None, cmake_target_skip_unavailable=False, cmake_clean_cache=False, cmake_clean_first=False, cmake_force_configure=False, ament_cmake_args=None, catkin_cmake_args=None, catkin_skip_building_tests=False, verb_parser=<colcon_defaults.argument_parser.defaults.DefaultArgumentsDecorator object at 0xffffb7173490>, verb_extension=<colcon_core.verb.build.BuildVerb object at 0xffffb7172f20>, main=<bound method BuildVerb.main of <colcon_core.verb.build.BuildVerb object at 0xffffb7172f20>>)
[1.689s] Level 1:colcon.colcon_core.package_discovery:discover_packages(colcon_meta) check parameters
[1.690s] Level 1:colcon.colcon_core.package_discovery:discover_packages(recursive) check parameters
[1.691s] Level 1:colcon.colcon_core.package_discovery:discover_packages(ignore) check parameters
[1.692s] Level 1:colcon.colcon_core.package_discovery:discover_packages(path) check parameters
[1.692s] Level 1:colcon.colcon_core.package_discovery:discover_packages(colcon_meta) discover
[1.693s] Level 1:colcon.colcon_core.package_discovery:discover_packages(recursive) discover
[1.694s] INFO:colcon.colcon_core.package_discovery:Crawling recursively for packages in '/home/pi/gps/Python-GPS-m8p-d/ros2_gps_ws'
[1.695s] Level 1:colcon.colcon_core.package_identification:_identify(.) by extensions ['ignore', 'ignore_ament_install']
[1.696s] Level 1:colcon.colcon_core.package_identification:_identify(.) by extension 'ignore'
[1.697s] Level 1:colcon.colcon_core.package_identification:_identify(.) by extension 'ignore_ament_install'
[1.698s] Level 1:colcon.colcon_core.package_identification:_identify(.) by extensions ['colcon_pkg']
[1.698s] Level 1:colcon.colcon_core.package_identification:_identify(.) by extension 'colcon_pkg'
[1.699s] Level 1:colcon.colcon_core.package_identification:_identify(.) by extensions ['colcon_meta']
[1.699s] Level 1:colcon.colcon_core.package_identification:_identify(.) by extension 'colcon_meta'
[1.700s] Level 1:colcon.colcon_core.package_identification:_identify(.) by extensions ['ros']
[1.700s] Level 1:colcon.colcon_core.package_identification:_identify(.) by extension 'ros'
[1.812s] Level 1:colcon.colcon_core.package_identification:_identify(.) by extensions ['cmake', 'python']
[1.813s] Level 1:colcon.colcon_core.package_identification:_identify(.) by extension 'cmake'
[1.813s] Level 1:colcon.colcon_core.package_identification:_identify(.) by extension 'python'
[1.814s] Level 1:colcon.colcon_core.package_identification:_identify(.) by extensions ['python_setup_py']
[1.815s] Level 1:colcon.colcon_core.package_identification:_identify(.) by extension 'python_setup_py'
[1.816s] Level 1:colcon.colcon_core.package_identification:_identify(build) by extensions ['ignore', 'ignore_ament_install']
[1.817s] Level 1:colcon.colcon_core.package_identification:_identify(build) by extension 'ignore'
[1.818s] Level 1:colcon.colcon_core.package_identification:_identify(build) ignored
[1.820s] Level 1:colcon.colcon_core.package_identification:_identify(install) by extensions ['ignore', 'ignore_ament_install']
[1.821s] Level 1:colcon.colcon_core.package_identification:_identify(install) by extension 'ignore'
[1.822s] Level 1:colcon.colcon_core.package_identification:_identify(install) ignored
[1.824s] Level 1:colcon.colcon_core.package_identification:_identify(log) by extensions ['ignore', 'ignore_ament_install']
[1.825s] Level 1:colcon.colcon_core.package_identification:_identify(log) by extension 'ignore'
[1.826s] Level 1:colcon.colcon_core.package_identification:_identify(log) ignored
[1.827s] Level 1:colcon.colcon_core.package_identification:_identify(src) by extensions ['ignore', 'ignore_ament_install']
[1.828s] Level 1:colcon.colcon_core.package_identification:_identify(src) by extension 'ignore'
[1.829s] Level 1:colcon.colcon_core.package_identification:_identify(src) by extension 'ignore_ament_install'
[1.830s] Level 1:colcon.colcon_core.package_identification:_identify(src) by extensions ['colcon_pkg']
[1.831s] Level 1:colcon.colcon_core.package_identification:_identify(src) by extension 'colcon_pkg'
[1.832s] Level 1:colcon.colcon_core.package_identification:_identify(src) by extensions ['colcon_meta']
[1.833s] Level 1:colcon.colcon_core.package_identification:_identify(src) by extension 'colcon_meta'
[1.833s] Level 1:colcon.colcon_core.package_identification:_identify(src) by extensions ['ros']
[1.834s] Level 1:colcon.colcon_core.package_identification:_identify(src) by extension 'ros'
[1.835s] Level 1:colcon.colcon_core.package_identification:_identify(src) by extensions ['cmake', 'python']
[1.836s] Level 1:colcon.colcon_core.package_identification:_identify(src) by extension 'cmake'
[1.836s] Level 1:colcon.colcon_core.package_identification:_identify(src) by extension 'python'
[1.837s] Level 1:colcon.colcon_core.package_identification:_identify(src) by extensions ['python_setup_py']
[1.838s] Level 1:colcon.colcon_core.package_identification:_identify(src) by extension 'python_setup_py'
[1.840s] Level 1:colcon.colcon_core.package_identification:_identify(src/gps_umd) by extensions ['ignore', 'ignore_ament_install']
[1.841s] Level 1:colcon.colcon_core.package_identification:_identify(src/gps_umd) by extension 'ignore'
[1.842s] Level 1:colcon.colcon_core.package_identification:_identify(src/gps_umd) by extension 'ignore_ament_install'
[1.843s] Level 1:colcon.colcon_core.package_identification:_identify(src/gps_umd) by extensions ['colcon_pkg']
[1.843s] Level 1:colcon.colcon_core.package_identification:_identify(src/gps_umd) by extension 'colcon_pkg'
[1.844s] Level 1:colcon.colcon_core.package_identification:_identify(src/gps_umd) by extensions ['colcon_meta']
[1.844s] Level 1:colcon.colcon_core.package_identification:_identify(src/gps_umd) by extension 'colcon_meta'
[1.845s] Level 1:colcon.colcon_core.package_identification:_identify(src/gps_umd) by extensions ['ros']
[1.846s] Level 1:colcon.colcon_core.package_identification:_identify(src/gps_umd) by extension 'ros'
[1.847s] Level 1:colcon.colcon_core.package_identification:_identify(src/gps_umd) by extensions ['cmake', 'python']
[1.847s] Level 1:colcon.colcon_core.package_identification:_identify(src/gps_umd) by extension 'cmake'
[1.848s] Level 1:colcon.colcon_core.package_identification:_identify(src/gps_umd) by extension 'python'
[1.849s] Level 1:colcon.colcon_core.package_identification:_identify(src/gps_umd) by extensions ['python_setup_py']
[1.850s] Level 1:colcon.colcon_core.package_identification:_identify(src/gps_umd) by extension 'python_setup_py'
[1.851s] Level 1:colcon.colcon_core.package_identification:_identify(src/gps_umd/build) by extensions ['ignore', 'ignore_ament_install']
[1.852s] Level 1:colcon.colcon_core.package_identification:_identify(src/gps_umd/build) by extension 'ignore'
[1.853s] Level 1:colcon.colcon_core.package_identification:_identify(src/gps_umd/build) ignored
[1.855s] Level 1:colcon.colcon_core.package_identification:_identify(src/gps_umd/gps_msgs) by extensions ['ignore', 'ignore_ament_install']
[1.856s] Level 1:colcon.colcon_core.package_identification:_identify(src/gps_umd/gps_msgs) by extension 'ignore'
[1.857s] Level 1:colcon.colcon_core.package_identification:_identify(src/gps_umd/gps_msgs) by extension 'ignore_ament_install'
[1.858s] Level 1:colcon.colcon_core.package_identification:_identify(src/gps_umd/gps_msgs) by extensions ['colcon_pkg']
[1.859s] Level 1:colcon.colcon_core.package_identification:_identify(src/gps_umd/gps_msgs) by extension 'colcon_pkg'
[1.859s] Level 1:colcon.colcon_core.package_identification:_identify(src/gps_umd/gps_msgs) by extensions ['colcon_meta']
[1.860s] Level 1:colcon.colcon_core.package_identification:_identify(src/gps_umd/gps_msgs) by extension 'colcon_meta'
[1.861s] Level 1:colcon.colcon_core.package_identification:_identify(src/gps_umd/gps_msgs) by extensions ['ros']
[1.862s] Level 1:colcon.colcon_core.package_identification:_identify(src/gps_umd/gps_msgs) by extension 'ros'
[1.893s] DEBUG:colcon.colcon_core.package_identification:Package 'src/gps_umd/gps_msgs' with type 'ros.ament_cmake' and name 'gps_msgs'
[1.895s] Level 1:colcon.colcon_core.package_identification:_identify(src/gps_umd/gps_tools) by extensions ['ignore', 'ignore_ament_install']
[1.896s] Level 1:colcon.colcon_core.package_identification:_identify(src/gps_umd/gps_tools) by extension 'ignore'
[1.897s] Level 1:colcon.colcon_core.package_identification:_identify(src/gps_umd/gps_tools) by extension 'ignore_ament_install'
[1.899s] Level 1:colcon.colcon_core.package_identification:_identify(src/gps_umd/gps_tools) by extensions ['colcon_pkg']
[1.899s] Level 1:colcon.colcon_core.package_identification:_identify(src/gps_umd/gps_tools) by extension 'colcon_pkg'
[1.900s] Level 1:colcon.colcon_core.package_identification:_identify(src/gps_umd/gps_tools) by extensions ['colcon_meta']
[1.901s] Level 1:colcon.colcon_core.package_identification:_identify(src/gps_umd/gps_tools) by extension 'colcon_meta'
[1.903s] Level 1:colcon.colcon_core.package_identification:_identify(src/gps_umd/gps_tools) by extensions ['ros']
[1.903s] Level 1:colcon.colcon_core.package_identification:_identify(src/gps_umd/gps_tools) by extension 'ros'
[1.914s] DEBUG:colcon.colcon_core.package_identification:Package 'src/gps_umd/gps_tools' with type 'ros.ament_cmake' and name 'gps_tools'
[1.915s] Level 1:colcon.colcon_core.package_identification:_identify(src/gps_umd/gps_umd) by extensions ['ignore', 'ignore_ament_install']
[1.916s] Level 1:colcon.colcon_core.package_identification:_identify(src/gps_umd/gps_umd) by extension 'ignore'
[1.917s] Level 1:colcon.colcon_core.package_identification:_identify(src/gps_umd/gps_umd) by extension 'ignore_ament_install'
[1.918s] Level 1:colcon.colcon_core.package_identification:_identify(src/gps_umd/gps_umd) by extensions ['colcon_pkg']
[1.918s] Level 1:colcon.colcon_core.package_identification:_identify(src/gps_umd/gps_umd) by extension 'colcon_pkg'
[1.919s] Level 1:colcon.colcon_core.package_identification:_identify(src/gps_umd/gps_umd) by extensions ['colcon_meta']
[1.920s] Level 1:colcon.colcon_core.package_identification:_identify(src/gps_umd/gps_umd) by extension 'colcon_meta'
[1.921s] Level 1:colcon.colcon_core.package_identification:_identify(src/gps_umd/gps_umd) by extensions ['ros']
[1.921s] Level 1:colcon.colcon_core.package_identification:_identify(src/gps_umd/gps_umd) by extension 'ros'
[1.927s] DEBUG:colcon.colcon_core.package_identification:Package 'src/gps_umd/gps_umd' with type 'ros.catkin' and name 'gps_umd'
[1.928s] Level 1:colcon.colcon_core.package_identification:_identify(src/gps_umd/gpsd_client) by extensions ['ignore', 'ignore_ament_install']
[1.929s] Level 1:colcon.colcon_core.package_identification:_identify(src/gps_umd/gpsd_client) by extension 'ignore'
[1.931s] Level 1:colcon.colcon_core.package_identification:_identify(src/gps_umd/gpsd_client) by extension 'ignore_ament_install'
[1.932s] Level 1:colcon.colcon_core.package_identification:_identify(src/gps_umd/gpsd_client) by extensions ['colcon_pkg']
[1.933s] Level 1:colcon.colcon_core.package_identification:_identify(src/gps_umd/gpsd_client) by extension 'colcon_pkg'
[1.934s] Level 1:colcon.colcon_core.package_identification:_identify(src/gps_umd/gpsd_client) by extensions ['colcon_meta']
[1.935s] Level 1:colcon.colcon_core.package_identification:_identify(src/gps_umd/gpsd_client) by extension 'colcon_meta'
[1.936s] Level 1:colcon.colcon_core.package_identification:_identify(src/gps_umd/gpsd_client) by extensions ['ros']
[1.937s] Level 1:colcon.colcon_core.package_identification:_identify(src/gps_umd/gpsd_client) by extension 'ros'
[1.947s] DEBUG:colcon.colcon_core.package_identification:Package 'src/gps_umd/gpsd_client' with type 'ros.ament_cmake' and name 'gpsd_client'
[1.948s] Level 1:colcon.colcon_core.package_identification:_identify(src/gps_umd/install) by extensions ['ignore', 'ignore_ament_install']
[1.949s] Level 1:colcon.colcon_core.package_identification:_identify(src/gps_umd/install) by extension 'ignore'
[1.950s] Level 1:colcon.colcon_core.package_identification:_identify(src/gps_umd/install) ignored
[1.952s] Level 1:colcon.colcon_core.package_identification:_identify(src/gps_umd/log) by extensions ['ignore', 'ignore_ament_install']
[1.953s] Level 1:colcon.colcon_core.package_identification:_identify(src/gps_umd/log) by extension 'ignore'
[1.954s] Level 1:colcon.colcon_core.package_identification:_identify(src/gps_umd/log) ignored
[1.955s] Level 1:colcon.colcon_core.package_identification:_identify(src/more_interfaces) by extensions ['ignore', 'ignore_ament_install']
[1.956s] Level 1:colcon.colcon_core.package_identification:_identify(src/more_interfaces) by extension 'ignore'
[1.957s] Level 1:colcon.colcon_core.package_identification:_identify(src/more_interfaces) by extension 'ignore_ament_install'
[1.958s] Level 1:colcon.colcon_core.package_identification:_identify(src/more_interfaces) by extensions ['colcon_pkg']
[1.959s] Level 1:colcon.colcon_core.package_identification:_identify(src/more_interfaces) by extension 'colcon_pkg'
[1.960s] Level 1:colcon.colcon_core.package_identification:_identify(src/more_interfaces) by extensions ['colcon_meta']
[1.960s] Level 1:colcon.colcon_core.package_identification:_identify(src/more_interfaces) by extension 'colcon_meta'
[1.961s] Level 1:colcon.colcon_core.package_identification:_identify(src/more_interfaces) by extensions ['ros']
[1.962s] Level 1:colcon.colcon_core.package_identification:_identify(src/more_interfaces) by extension 'ros'
[1.963s] Level 1:colcon.colcon_core.package_identification:_identify(src/more_interfaces) by extensions ['cmake', 'python']
[1.964s] Level 1:colcon.colcon_core.package_identification:_identify(src/more_interfaces) by extension 'cmake'
[1.964s] Level 1:colcon.colcon_core.package_identification:_identify(src/more_interfaces) by extension 'python'
[1.965s] Level 1:colcon.colcon_core.package_identification:_identify(src/more_interfaces) by extensions ['python_setup_py']
[1.966s] Level 1:colcon.colcon_core.package_identification:_identify(src/more_interfaces) by extension 'python_setup_py'
[1.967s] Level 1:colcon.colcon_core.package_identification:_identify(src/more_interfaces/msg) by extensions ['ignore', 'ignore_ament_install']
[1.969s] Level 1:colcon.colcon_core.package_identification:_identify(src/more_interfaces/msg) by extension 'ignore'
[1.970s] Level 1:colcon.colcon_core.package_identification:_identify(src/more_interfaces/msg) by extension 'ignore_ament_install'
[1.970s] Level 1:colcon.colcon_core.package_identification:_identify(src/more_interfaces/msg) by extensions ['colcon_pkg']
[1.971s] Level 1:colcon.colcon_core.package_identification:_identify(src/more_interfaces/msg) by extension 'colcon_pkg'
[1.972s] Level 1:colcon.colcon_core.package_identification:_identify(src/more_interfaces/msg) by extensions ['colcon_meta']
[1.972s] Level 1:colcon.colcon_core.package_identification:_identify(src/more_interfaces/msg) by extension 'colcon_meta'
[1.973s] Level 1:colcon.colcon_core.package_identification:_identify(src/more_interfaces/msg) by extensions ['ros']
[1.974s] Level 1:colcon.colcon_core.package_identification:_identify(src/more_interfaces/msg) by extension 'ros'
[1.975s] Level 1:colcon.colcon_core.package_identification:_identify(src/more_interfaces/msg) by extensions ['cmake', 'python']
[1.976s] Level 1:colcon.colcon_core.package_identification:_identify(src/more_interfaces/msg) by extension 'cmake'
[1.977s] Level 1:colcon.colcon_core.package_identification:_identify(src/more_interfaces/msg) by extension 'python'
[1.978s] Level 1:colcon.colcon_core.package_identification:_identify(src/more_interfaces/msg) by extensions ['python_setup_py']
[1.978s] Level 1:colcon.colcon_core.package_identification:_identify(src/more_interfaces/msg) by extension 'python_setup_py'
[1.980s] Level 1:colcon.colcon_core.package_identification:_identify(src/sensor_data) by extensions ['ignore', 'ignore_ament_install']
[1.981s] Level 1:colcon.colcon_core.package_identification:_identify(src/sensor_data) by extension 'ignore'
[1.982s] Level 1:colcon.colcon_core.package_identification:_identify(src/sensor_data) by extension 'ignore_ament_install'
[1.983s] Level 1:colcon.colcon_core.package_identification:_identify(src/sensor_data) by extensions ['colcon_pkg']
[1.983s] Level 1:colcon.colcon_core.package_identification:_identify(src/sensor_data) by extension 'colcon_pkg'
[1.984s] Level 1:colcon.colcon_core.package_identification:_identify(src/sensor_data) by extensions ['colcon_meta']
[1.985s] Level 1:colcon.colcon_core.package_identification:_identify(src/sensor_data) by extension 'colcon_meta'
[1.986s] Level 1:colcon.colcon_core.package_identification:_identify(src/sensor_data) by extensions ['ros']
[1.986s] Level 1:colcon.colcon_core.package_identification:_identify(src/sensor_data) by extension 'ros'
[1.992s] DEBUG:colcon.colcon_core.package_identification:Package 'src/sensor_data' with type 'ros.ament_python' and name 'sensor_data'
[1.994s] Level 1:colcon.colcon_core.package_identification:_identify(src/sensor_interfaces) by extensions ['ignore', 'ignore_ament_install']
[1.996s] Level 1:colcon.colcon_core.package_identification:_identify(src/sensor_interfaces) by extension 'ignore'
[1.997s] Level 1:colcon.colcon_core.package_identification:_identify(src/sensor_interfaces) by extension 'ignore_ament_install'
[1.998s] Level 1:colcon.colcon_core.package_identification:_identify(src/sensor_interfaces) by extensions ['colcon_pkg']
[1.998s] Level 1:colcon.colcon_core.package_identification:_identify(src/sensor_interfaces) by extension 'colcon_pkg'
[1.999s] Level 1:colcon.colcon_core.package_identification:_identify(src/sensor_interfaces) by extensions ['colcon_meta']
[2.000s] Level 1:colcon.colcon_core.package_identification:_identify(src/sensor_interfaces) by extension 'colcon_meta'
[2.001s] Level 1:colcon.colcon_core.package_identification:_identify(src/sensor_interfaces) by extensions ['ros']
[2.001s] Level 1:colcon.colcon_core.package_identification:_identify(src/sensor_interfaces) by extension 'ros'
[2.006s] DEBUG:colcon.colcon_core.package_identification:Package 'src/sensor_interfaces' with type 'ros.ament_cmake' and name 'sensor_interfaces'
[2.007s] Level 1:colcon.colcon_core.package_discovery:discover_packages(recursive) using defaults
[2.008s] Level 1:colcon.colcon_core.package_discovery:discover_packages(ignore) discover
[2.009s] Level 1:colcon.colcon_core.package_discovery:discover_packages(ignore) using defaults
[2.009s] Level 1:colcon.colcon_core.package_discovery:discover_packages(path) discover
[2.010s] Level 1:colcon.colcon_core.package_discovery:discover_packages(path) using defaults
[2.256s] INFO:colcon.colcon_core.package_selection:Skipping not selected package 'gps_msgs' in 'src/gps_umd/gps_msgs'
[2.256s] INFO:colcon.colcon_core.package_selection:Skipping not selected package 'sensor_data' in 'src/sensor_data'
[2.257s] INFO:colcon.colcon_core.package_selection:Skipping not selected package 'gps_tools' in 'src/gps_umd/gps_tools'
[2.258s] INFO:colcon.colcon_core.package_selection:Skipping not selected package 'gpsd_client' in 'src/gps_umd/gpsd_client'
[2.258s] INFO:colcon.colcon_core.package_selection:Skipping not selected package 'gps_umd' in 'src/gps_umd/gps_umd'
[2.265s] Level 1:colcon.colcon_core.package_discovery:discover_packages(prefix_path) check parameters
[2.266s] Level 1:colcon.colcon_core.package_discovery:discover_packages(prefix_path) discover
[2.305s] DEBUG:colcon.colcon_installed_package_information.package_discovery:Found 270 installed packages in /opt/ros/humble
[2.320s] Level 1:colcon.colcon_core.package_discovery:discover_packages(prefix_path) using defaults
[3.093s] Level 5:colcon.colcon_core.verb:set package 'sensor_interfaces' build argument 'cmake_args' from command line to 'None'
[3.093s] Level 5:colcon.colcon_core.verb:set package 'sensor_interfaces' build argument 'cmake_target' from command line to 'None'
[3.094s] Level 5:colcon.colcon_core.verb:set package 'sensor_interfaces' build argument 'cmake_target_skip_unavailable' from command line to 'False'
[3.094s] Level 5:colcon.colcon_core.verb:set package 'sensor_interfaces' build argument 'cmake_clean_cache' from command line to 'False'
[3.094s] Level 5:colcon.colcon_core.verb:set package 'sensor_interfaces' build argument 'cmake_clean_first' from command line to 'False'
[3.095s] Level 5:colcon.colcon_core.verb:set package 'sensor_interfaces' build argument 'cmake_force_configure' from command line to 'False'
[3.095s] Level 5:colcon.colcon_core.verb:set package 'sensor_interfaces' build argument 'ament_cmake_args' from command line to 'None'
[3.095s] Level 5:colcon.colcon_core.verb:set package 'sensor_interfaces' build argument 'catkin_cmake_args' from command line to 'None'
[3.096s] Level 5:colcon.colcon_core.verb:set package 'sensor_interfaces' build argument 'catkin_skip_building_tests' from command line to 'False'
[3.096s] DEBUG:colcon.colcon_core.verb:Building package 'sensor_interfaces' with the following arguments: {'ament_cmake_args': None, 'build_base': '/home/pi/gps/Python-GPS-m8p-d/ros2_gps_ws/build/sensor_interfaces', 'catkin_cmake_args': None, 'catkin_skip_building_tests': False, 'cmake_args': None, 'cmake_clean_cache': False, 'cmake_clean_first': False, 'cmake_force_configure': False, 'cmake_target': None, 'cmake_target_skip_unavailable': False, 'install_base': '/home/pi/gps/Python-GPS-m8p-d/ros2_gps_ws/install/sensor_interfaces', 'merge_install': False, 'path': '/home/pi/gps/Python-GPS-m8p-d/ros2_gps_ws/src/sensor_interfaces', 'symlink_install': False, 'test_result_base': None}
[3.102s] INFO:colcon.colcon_core.executor:Executing jobs using 'parallel' executor
[3.135s] DEBUG:colcon.colcon_parallel_executor.executor.parallel:run_until_complete
[3.138s] INFO:colcon.colcon_ros.task.ament_cmake.build:Building ROS package in '/home/pi/gps/Python-GPS-m8p-d/ros2_gps_ws/src/sensor_interfaces' with build type 'ament_cmake'
[3.139s] INFO:colcon.colcon_cmake.task.cmake.build:Building CMake package in '/home/pi/gps/Python-GPS-m8p-d/ros2_gps_ws/src/sensor_interfaces'
[3.182s] INFO:colcon.colcon_core.plugin_system:Skipping extension 'colcon_core.shell.bat': Not used on non-Windows systems
[3.183s] INFO:colcon.colcon_core.shell:Skip shell extension 'powershell' for command environment: Not usable outside of PowerShell
[3.184s] DEBUG:colcon.colcon_core.shell:Skip shell extension 'dsv' for command environment
[3.271s] DEBUG:colcon.colcon_core.event_handler.log_command:Invoking command in '/home/pi/gps/Python-GPS-m8p-d/ros2_gps_ws/build/sensor_interfaces': CMAKE_PREFIX_PATH=/opt/ros/humble /usr/bin/cmake /home/pi/gps/Python-GPS-m8p-d/ros2_gps_ws/src/sensor_interfaces -DCMAKE_INSTALL_PREFIX=/home/pi/gps/Python-GPS-m8p-d/ros2_gps_ws/install/sensor_interfaces
[7.178s] DEBUG:colcon.colcon_core.event_handler.log_command:Invoked command in '/home/pi/gps/Python-GPS-m8p-d/ros2_gps_ws/build/sensor_interfaces' returned '1': CMAKE_PREFIX_PATH=/opt/ros/humble /usr/bin/cmake /home/pi/gps/Python-GPS-m8p-d/ros2_gps_ws/src/sensor_interfaces -DCMAKE_INSTALL_PREFIX=/home/pi/gps/Python-GPS-m8p-d/ros2_gps_ws/install/sensor_interfaces
[7.266s] Level 1:colcon.colcon_core.environment:create_environment_scripts_only(sensor_interfaces)
[7.313s] Level 1:colcon.colcon_core.environment:checking '/home/pi/gps/Python-GPS-m8p-d/ros2_gps_ws/install/sensor_interfaces' for CMake module files
[7.317s] Level 1:colcon.colcon_core.environment:checking '/home/pi/gps/Python-GPS-m8p-d/ros2_gps_ws/install/sensor_interfaces' for CMake config files
[7.322s] Level 1:colcon.colcon_core.environment:checking '/home/pi/gps/Python-GPS-m8p-d/ros2_gps_ws/install/sensor_interfaces/bin'
[7.322s] Level 1:colcon.colcon_core.environment:checking '/home/pi/gps/Python-GPS-m8p-d/ros2_gps_ws/install/sensor_interfaces/lib/pkgconfig/sensor_interfaces.pc'
[7.325s] Level 1:colcon.colcon_core.environment:checking '/home/pi/gps/Python-GPS-m8p-d/ros2_gps_ws/install/sensor_interfaces/lib/python3.10/site-packages'
[7.327s] Level 1:colcon.colcon_core.environment:checking '/home/pi/gps/Python-GPS-m8p-d/ros2_gps_ws/install/sensor_interfaces/bin'
[7.342s] INFO:colcon.colcon_core.shell:Creating package script '/home/pi/gps/Python-GPS-m8p-d/ros2_gps_ws/install/sensor_interfaces/share/sensor_interfaces/package.ps1'
[7.348s] INFO:colcon.colcon_core.shell:Creating package descriptor '/home/pi/gps/Python-GPS-m8p-d/ros2_gps_ws/install/sensor_interfaces/share/sensor_interfaces/package.dsv'
[7.352s] INFO:colcon.colcon_core.shell:Creating package script '/home/pi/gps/Python-GPS-m8p-d/ros2_gps_ws/install/sensor_interfaces/share/sensor_interfaces/package.sh'
[7.358s] INFO:colcon.colcon_core.shell:Creating package script '/home/pi/gps/Python-GPS-m8p-d/ros2_gps_ws/install/sensor_interfaces/share/sensor_interfaces/package.bash'
[7.365s] INFO:colcon.colcon_core.shell:Creating package script '/home/pi/gps/Python-GPS-m8p-d/ros2_gps_ws/install/sensor_interfaces/share/sensor_interfaces/package.zsh'
[7.371s] Level 1:colcon.colcon_core.environment:create_file_with_runtime_dependencies(/home/pi/gps/Python-GPS-m8p-d/ros2_gps_ws/install/sensor_interfaces/share/colcon-core/packages/sensor_interfaces)
[7.386s] DEBUG:colcon.colcon_parallel_executor.executor.parallel:closing loop
[7.387s] DEBUG:colcon.colcon_parallel_executor.executor.parallel:loop closed
[7.388s] DEBUG:colcon.colcon_parallel_executor.executor.parallel:run_until_complete finished with '1'
[7.388s] DEBUG:colcon.colcon_core.event_reactor:joining thread
[7.453s] INFO:colcon.colcon_core.plugin_system:Skipping extension 'colcon_notification.desktop_notification.notify_send': Could not find 'notify-send'
[7.454s] INFO:colcon.colcon_core.plugin_system:Skipping extension 'colcon_notification.desktop_notification.terminal_notifier': Not used on non-Darwin systems
[7.455s] INFO:colcon.colcon_core.plugin_system:Skipping extension 'colcon_notification.desktop_notification.win32': Not used on non-Windows systems
[7.455s] INFO:colcon.colcon_notification.desktop_notification:Sending desktop notification using 'notify2'
[7.461s] DEBUG:colcon.colcon_notification.desktop_notification.notify2:Failed to initialize notify2: org.freedesktop.DBus.Error.ServiceUnknown: The name org.freedesktop.Notifications was not provided by any .service files
[7.462s] DEBUG:colcon.colcon_core.event_reactor:joined thread
[7.477s] INFO:colcon.colcon_core.shell:Creating prefix script '/home/pi/gps/Python-GPS-m8p-d/ros2_gps_ws/install/local_setup.ps1'
[7.486s] INFO:colcon.colcon_core.shell:Creating prefix util module '/home/pi/gps/Python-GPS-m8p-d/ros2_gps_ws/install/_local_setup_util_ps1.py'
[7.497s] INFO:colcon.colcon_core.shell:Creating prefix chain script '/home/pi/gps/Python-GPS-m8p-d/ros2_gps_ws/install/setup.ps1'
[7.508s] INFO:colcon.colcon_core.shell:Creating prefix script '/home/pi/gps/Python-GPS-m8p-d/ros2_gps_ws/install/local_setup.sh'
[7.514s] INFO:colcon.colcon_core.shell:Creating prefix util module '/home/pi/gps/Python-GPS-m8p-d/ros2_gps_ws/install/_local_setup_util_sh.py'
[7.519s] INFO:colcon.colcon_core.shell:Creating prefix chain script '/home/pi/gps/Python-GPS-m8p-d/ros2_gps_ws/install/setup.sh'
[7.530s] INFO:colcon.colcon_core.shell:Creating prefix script '/home/pi/gps/Python-GPS-m8p-d/ros2_gps_ws/install/local_setup.bash'
[7.535s] INFO:colcon.colcon_core.shell:Creating prefix chain script '/home/pi/gps/Python-GPS-m8p-d/ros2_gps_ws/install/setup.bash'
[7.545s] INFO:colcon.colcon_core.shell:Creating prefix script '/home/pi/gps/Python-GPS-m8p-d/ros2_gps_ws/install/local_setup.zsh'
[7.550s] INFO:colcon.colcon_core.shell:Creating prefix chain script '/home/pi/gps/Python-GPS-m8p-d/ros2_gps_ws/install/setup.zsh'
