[27.165s] Invoking command in '/home/pi/gps/Python-GPS-m8p-d/ros2_gps_ws/src/sensor_data': PYTHONPATH=/home/pi/gps/Python-GPS-m8p-d/ros2_gps_ws/install/sensor_data/lib/python3.10/site-packages:${PYTHONPATH} /usr/bin/python3 setup.py egg_info --egg-base ../../build/sensor_data build --build-base /home/pi/gps/Python-GPS-m8p-d/ros2_gps_ws/build/sensor_data/build install --prefix /home/pi/gps/Python-GPS-m8p-d/ros2_gps_ws/install/sensor_data --record /home/pi/gps/Python-GPS-m8p-d/ros2_gps_ws/build/sensor_data/install.log --single-version-externally-managed
[44.587s] running egg_info
[44.644s] writing ../../build/sensor_data/sensor_data.egg-info/PKG-INFO
[44.664s] writing dependency_links to ../../build/sensor_data/sensor_data.egg-info/dependency_links.txt
[44.666s] writing entry points to ../../build/sensor_data/sensor_data.egg-info/entry_points.txt
[44.668s] writing requirements to ../../build/sensor_data/sensor_data.egg-info/requires.txt
[44.670s] writing top-level names to ../../build/sensor_data/sensor_data.egg-info/top_level.txt
[44.735s] reading manifest file '../../build/sensor_data/sensor_data.egg-info/SOURCES.txt'
[44.754s] writing manifest file '../../build/sensor_data/sensor_data.egg-info/SOURCES.txt'
[44.758s] running build
[44.761s] running build_py
[44.769s] copying sensor_data/subscriber_member_function.py -> /home/pi/gps/Python-GPS-m8p-d/ros2_gps_ws/build/sensor_data/build/lib/sensor_data
[44.784s] copying sensor_data/my_first_node.py -> /home/pi/gps/Python-GPS-m8p-d/ros2_gps_ws/build/sensor_data/build/lib/sensor_data
[44.793s] copying sensor_data/publisher_member_function.py -> /home/pi/gps/Python-GPS-m8p-d/ros2_gps_ws/build/sensor_data/build/lib/sensor_data
[44.811s] running install
[44.814s] running install_lib
[44.839s] copying /home/pi/gps/Python-GPS-m8p-d/ros2_gps_ws/build/sensor_data/build/lib/sensor_data/subscriber_member_function.py -> /home/pi/gps/Python-GPS-m8p-d/ros2_gps_ws/install/sensor_data/lib/python3.10/site-packages/sensor_data
[44.853s] copying /home/pi/gps/Python-GPS-m8p-d/ros2_gps_ws/build/sensor_data/build/lib/sensor_data/my_first_node.py -> /home/pi/gps/Python-GPS-m8p-d/ros2_gps_ws/install/sensor_data/lib/python3.10/site-packages/sensor_data
[44.871s] copying /home/pi/gps/Python-GPS-m8p-d/ros2_gps_ws/build/sensor_data/build/lib/sensor_data/publisher_member_function.py -> /home/pi/gps/Python-GPS-m8p-d/ros2_gps_ws/install/sensor_data/lib/python3.10/site-packages/sensor_data
[44.879s] byte-compiling /home/pi/gps/Python-GPS-m8p-d/ros2_gps_ws/install/sensor_data/lib/python3.10/site-packages/sensor_data/subscriber_member_function.py to subscriber_member_function.cpython-310.pyc
[44.889s] byte-compiling /home/pi/gps/Python-GPS-m8p-d/ros2_gps_ws/install/sensor_data/lib/python3.10/site-packages/sensor_data/my_first_node.py to my_first_node.cpython-310.pyc
[44.899s] byte-compiling /home/pi/gps/Python-GPS-m8p-d/ros2_gps_ws/install/sensor_data/lib/python3.10/site-packages/sensor_data/publisher_member_function.py to publisher_member_function.cpython-310.pyc
[44.901s] running install_data
[44.973s] copying package.xml -> /home/pi/gps/Python-GPS-m8p-d/ros2_gps_ws/install/sensor_data/share/sensor_data
[44.997s] running install_egg_info
[45.061s] removing '/home/pi/gps/Python-GPS-m8p-d/ros2_gps_ws/install/sensor_data/lib/python3.10/site-packages/sensor_data-0.0.0-py3.10.egg-info' (and everything under it)
[45.113s] Copying ../../build/sensor_data/sensor_data.egg-info to /home/pi/gps/Python-GPS-m8p-d/ros2_gps_ws/install/sensor_data/lib/python3.10/site-packages/sensor_data-0.0.0-py3.10.egg-info
[45.148s] running install_scripts
[45.847s] Installing listener script to /home/pi/gps/Python-GPS-m8p-d/ros2_gps_ws/install/sensor_data/lib/sensor_data
[45.963s] Installing talker script to /home/pi/gps/Python-GPS-m8p-d/ros2_gps_ws/install/sensor_data/lib/sensor_data
[45.969s] writing list of installed files to '/home/pi/gps/Python-GPS-m8p-d/ros2_gps_ws/build/sensor_data/install.log'
[46.588s] Invoked command in '/home/pi/gps/Python-GPS-m8p-d/ros2_gps_ws/src/sensor_data' returned '0': PYTHONPATH=/home/pi/gps/Python-GPS-m8p-d/ros2_gps_ws/install/sensor_data/lib/python3.10/site-packages:${PYTHONPATH} /usr/bin/python3 setup.py egg_info --egg-base ../../build/sensor_data build --build-base /home/pi/gps/Python-GPS-m8p-d/ros2_gps_ws/build/sensor_data/build install --prefix /home/pi/gps/Python-GPS-m8p-d/ros2_gps_ws/install/sensor_data --record /home/pi/gps/Python-GPS-m8p-d/ros2_gps_ws/build/sensor_data/install.log --single-version-externally-managed
