[777.398s] Invoking command in '/home/pi/gps/Python-GPS-m8p-d/ros2_gps_ws/src/sensor_data': PYTHONPATH=/home/pi/gps/Python-GPS-m8p-d/ros2_gps_ws/src/install/sensor_data/lib/python3.10/site-packages:${PYTHONPATH} /usr/bin/python3 setup.py egg_info --egg-base ../build/sensor_data build --build-base /home/pi/gps/Python-GPS-m8p-d/ros2_gps_ws/src/build/sensor_data/build install --prefix /home/pi/gps/Python-GPS-m8p-d/ros2_gps_ws/src/install/sensor_data --record /home/pi/gps/Python-GPS-m8p-d/ros2_gps_ws/src/build/sensor_data/install.log --single-version-externally-managed
[786.748s] running egg_info
[786.754s] creating ../build/sensor_data/sensor_data.egg-info
[786.758s] writing ../build/sensor_data/sensor_data.egg-info/PKG-INFO
[786.760s] writing dependency_links to ../build/sensor_data/sensor_data.egg-info/dependency_links.txt
[786.762s] writing entry points to ../build/sensor_data/sensor_data.egg-info/entry_points.txt
[786.764s] writing requirements to ../build/sensor_data/sensor_data.egg-info/requires.txt
[786.765s] writing top-level names to ../build/sensor_data/sensor_data.egg-info/top_level.txt
[786.767s] writing manifest file '../build/sensor_data/sensor_data.egg-info/SOURCES.txt'
[786.789s] reading manifest file '../build/sensor_data/sensor_data.egg-info/SOURCES.txt'
[786.800s] writing manifest file '../build/sensor_data/sensor_data.egg-info/SOURCES.txt'
[786.802s] running build
[786.803s] running build_py
[786.804s] creating /home/pi/gps/Python-GPS-m8p-d/ros2_gps_ws/src/build/sensor_data/build
[786.805s] creating /home/pi/gps/Python-GPS-m8p-d/ros2_gps_ws/src/build/sensor_data/build/lib
[786.806s] creating /home/pi/gps/Python-GPS-m8p-d/ros2_gps_ws/src/build/sensor_data/build/lib/sensor_data
[786.809s] copying sensor_data/__init__.py -> /home/pi/gps/Python-GPS-m8p-d/ros2_gps_ws/src/build/sensor_data/build/lib/sensor_data
[786.810s] copying sensor_data/first_node.py -> /home/pi/gps/Python-GPS-m8p-d/ros2_gps_ws/src/build/sensor_data/build/lib/sensor_data
[786.814s] running install
[786.816s] running install_lib
[786.826s] creating /home/pi/gps/Python-GPS-m8p-d/ros2_gps_ws/src/install/sensor_data/lib/python3.10/site-packages/sensor_data
[786.829s] copying /home/pi/gps/Python-GPS-m8p-d/ros2_gps_ws/src/build/sensor_data/build/lib/sensor_data/__init__.py -> /home/pi/gps/Python-GPS-m8p-d/ros2_gps_ws/src/install/sensor_data/lib/python3.10/site-packages/sensor_data
[786.830s] copying /home/pi/gps/Python-GPS-m8p-d/ros2_gps_ws/src/build/sensor_data/build/lib/sensor_data/first_node.py -> /home/pi/gps/Python-GPS-m8p-d/ros2_gps_ws/src/install/sensor_data/lib/python3.10/site-packages/sensor_data
[786.837s] byte-compiling /home/pi/gps/Python-GPS-m8p-d/ros2_gps_ws/src/install/sensor_data/lib/python3.10/site-packages/sensor_data/__init__.py to __init__.cpython-310.pyc
[786.843s] byte-compiling /home/pi/gps/Python-GPS-m8p-d/ros2_gps_ws/src/install/sensor_data/lib/python3.10/site-packages/sensor_data/first_node.py to first_node.cpython-310.pyc
[786.847s] running install_data
[786.854s] creating /home/pi/gps/Python-GPS-m8p-d/ros2_gps_ws/src/install/sensor_data/share/ament_index
[786.856s] creating /home/pi/gps/Python-GPS-m8p-d/ros2_gps_ws/src/install/sensor_data/share/ament_index/resource_index
[786.858s] creating /home/pi/gps/Python-GPS-m8p-d/ros2_gps_ws/src/install/sensor_data/share/ament_index/resource_index/packages
[786.860s] copying resource/sensor_data -> /home/pi/gps/Python-GPS-m8p-d/ros2_gps_ws/src/install/sensor_data/share/ament_index/resource_index/packages
[786.863s] copying package.xml -> /home/pi/gps/Python-GPS-m8p-d/ros2_gps_ws/src/install/sensor_data/share/sensor_data
[786.866s] running install_egg_info
[786.891s] Copying ../build/sensor_data/sensor_data.egg-info to /home/pi/gps/Python-GPS-m8p-d/ros2_gps_ws/src/install/sensor_data/lib/python3.10/site-packages/sensor_data-0.0.0-py3.10.egg-info
[786.903s] running install_scripts
[787.384s] Installing test_node script to /home/pi/gps/Python-GPS-m8p-d/ros2_gps_ws/src/install/sensor_data/lib/sensor_data
[787.388s] writing list of installed files to '/home/pi/gps/Python-GPS-m8p-d/ros2_gps_ws/src/build/sensor_data/install.log'
[787.671s] Invoked command in '/home/pi/gps/Python-GPS-m8p-d/ros2_gps_ws/src/sensor_data' returned '0': PYTHONPATH=/home/pi/gps/Python-GPS-m8p-d/ros2_gps_ws/src/install/sensor_data/lib/python3.10/site-packages:${PYTHONPATH} /usr/bin/python3 setup.py egg_info --egg-base ../build/sensor_data build --build-base /home/pi/gps/Python-GPS-m8p-d/ros2_gps_ws/src/build/sensor_data/build install --prefix /home/pi/gps/Python-GPS-m8p-d/ros2_gps_ws/src/install/sensor_data --record /home/pi/gps/Python-GPS-m8p-d/ros2_gps_ws/src/build/sensor_data/install.log --single-version-externally-managed
