-- Found ament_cmake: 1.3.2 (/opt/ros/humble/share/ament_cmake/cmake)
-- Override CMake install command with custom implementation using symlinks instead of copying resources
-- Found rosidl_default_generators: 1.2.0 (/opt/ros/humble/share/rosidl_default_generators/cmake)
-- Using all available rosidl_typesupport_c: rosidl_typesupport_fastrtps_c;rosidl_typesupport_introspection_c
-- Found rosidl_adapter: 3.1.3 (/opt/ros/humble/share/rosidl_adapter/cmake)
-- Using all available rosidl_typesupport_cpp: rosidl_typesupport_fastrtps_cpp;rosidl_typesupport_introspection_cpp
-- Found std_msgs: 4.2.2 (/opt/ros/humble/share/std_msgs/cmake)
-- Found ament_cmake_ros: 0.10.0 (/opt/ros/humble/share/ament_cmake_ros/cmake)
-- Using all available rosidl_typesupport_c: rosidl_typesupport_fastrtps_c;rosidl_typesupport_introspection_c
-- Using all available rosidl_typesupport_cpp: rosidl_typesupport_fastrtps_cpp;rosidl_typesupport_introspection_cpp
-- Found python_cmake_module: 0.10.0 (/opt/ros/humble/share/python_cmake_module/cmake)
-- Using PYTHON_EXECUTABLE: /usr/bin/python3
-- Using PYTHON_INCLUDE_DIRS: /usr/include/python3.10
-- Using PYTHON_LIBRARIES: /usr/lib/aarch64-linux-gnu/libpython3.10.so
-- Configuring done
-- Generating done
-- Build files have been written to: /home/pi/gps/Python-GPS-m8p-d/ros2_gps_ws/build/gps_msgs
[35m[1mConsolidate compiler generated dependencies of target gps_msgs__rosidl_generator_c[0m
failed to create symbolic link '/home/pi/gps/Python-GPS-m8p-d/ros2_gps_ws/build/gps_msgs/ament_cmake_python/gps_msgs/gps_msgs' because existing path cannot be removed: Is a directory
[  2%] Built target gps_msgs__cpp
gmake[2]: *** [CMakeFiles/ament_cmake_python_symlink_gps_msgs.dir/build.make:70: CMakeFiles/ament_cmake_python_symlink_gps_msgs] Error 1
gmake[1]: *** [CMakeFiles/Makefile2:421: CMakeFiles/ament_cmake_python_symlink_gps_msgs.dir/all] Error 2
gmake[1]: *** Waiting for unfinished jobs....
[ 12%] Built target gps_msgs__rosidl_generator_c
gmake: *** [Makefile:146: all] Error 2
