[0.105s] Invoking command in '/home/pi/gps/Python-GPS-m8p-d/ros2_gps_ws/build/gps_msgs': CMAKE_PREFIX_PATH=/opt/ros/humble /usr/bin/cmake /home/pi/gps/Python-GPS-m8p-d/ros2_gps_ws/src/gps_umd/gps_msgs -DCMAKE_INSTALL_PREFIX=/home/pi/gps/Python-GPS-m8p-d/ros2_gps_ws/install/gps_msgs
[0.202s] -- Found ament_cmake: 1.3.2 (/opt/ros/humble/share/ament_cmake/cmake)
[1.428s] -- Override CMake install command with custom implementation using symlinks instead of copying resources
[1.492s] -- Found rosidl_default_generators: 1.2.0 (/opt/ros/humble/share/rosidl_default_generators/cmake)
[1.506s] -- Using all available rosidl_typesupport_c: rosidl_typesupport_fastrtps_c;rosidl_typesupport_introspection_c
[1.529s] -- Found rosidl_adapter: 3.1.3 (/opt/ros/humble/share/rosidl_adapter/cmake)
[1.847s] -- Using all available rosidl_typesupport_cpp: rosidl_typesupport_fastrtps_cpp;rosidl_typesupport_introspection_cpp
[2.079s] -- Found std_msgs: 4.2.2 (/opt/ros/humble/share/std_msgs/cmake)
[5.017s] -- Found ament_cmake_ros: 0.10.0 (/opt/ros/humble/share/ament_cmake_ros/cmake)
[6.932s] -- Using all available rosidl_typesupport_c: rosidl_typesupport_fastrtps_c;rosidl_typesupport_introspection_c
[9.481s] -- Using all available rosidl_typesupport_cpp: rosidl_typesupport_fastrtps_cpp;rosidl_typesupport_introspection_cpp
[9.683s] -- Found python_cmake_module: 0.10.0 (/opt/ros/humble/share/python_cmake_module/cmake)
[9.885s] -- Using PYTHON_EXECUTABLE: /usr/bin/python3
[9.886s] -- Using PYTHON_INCLUDE_DIRS: /usr/include/python3.10
[9.887s] -- Using PYTHON_LIBRARIES: /usr/lib/aarch64-linux-gnu/libpython3.10.so
[10.194s] -- Configuring done
[10.558s] -- Generating done
[10.595s] -- Build files have been written to: /home/pi/gps/Python-GPS-m8p-d/ros2_gps_ws/build/gps_msgs
[10.648s] Invoked command in '/home/pi/gps/Python-GPS-m8p-d/ros2_gps_ws/build/gps_msgs' returned '0': CMAKE_PREFIX_PATH=/opt/ros/humble /usr/bin/cmake /home/pi/gps/Python-GPS-m8p-d/ros2_gps_ws/src/gps_umd/gps_msgs -DCMAKE_INSTALL_PREFIX=/home/pi/gps/Python-GPS-m8p-d/ros2_gps_ws/install/gps_msgs
[10.664s] Invoking command in '/home/pi/gps/Python-GPS-m8p-d/ros2_gps_ws/build/gps_msgs': CMAKE_PREFIX_PATH=/opt/ros/humble /usr/bin/cmake --build /home/pi/gps/Python-GPS-m8p-d/ros2_gps_ws/build/gps_msgs -- -j4 -l4
[10.960s] [35m[1mConsolidate compiler generated dependencies of target gps_msgs__rosidl_generator_c[0m
[11.025s] failed to create symbolic link '/home/pi/gps/Python-GPS-m8p-d/ros2_gps_ws/build/gps_msgs/ament_cmake_python/gps_msgs/gps_msgs' because existing path cannot be removed: Is a directory
[11.032s] [  2%] Built target gps_msgs__cpp
[11.033s] gmake[2]: *** [CMakeFiles/ament_cmake_python_symlink_gps_msgs.dir/build.make:70: CMakeFiles/ament_cmake_python_symlink_gps_msgs] Error 1
[11.035s] gmake[1]: *** [CMakeFiles/Makefile2:421: CMakeFiles/ament_cmake_python_symlink_gps_msgs.dir/all] Error 2
[11.036s] gmake[1]: *** Waiting for unfinished jobs....
[11.057s] [ 12%] Built target gps_msgs__rosidl_generator_c
[11.065s] gmake: *** [Makefile:146: all] Error 2
[11.079s] Invoked command in '/home/pi/gps/Python-GPS-m8p-d/ros2_gps_ws/build/gps_msgs' returned '2': CMAKE_PREFIX_PATH=/opt/ros/humble /usr/bin/cmake --build /home/pi/gps/Python-GPS-m8p-d/ros2_gps_ws/build/gps_msgs -- -j4 -l4
