-- The C compiler identification is GNU 11.2.0
-- The CXX compiler identification is GNU 11.2.0
-- Detecting C compiler ABI info
-- Detecting C compiler ABI info - done
-- Check for working C compiler: /usr/bin/cc - skipped
-- Detecting C compile features
-- Detecting C compile features - done
-- Detecting CXX compiler ABI info
-- Detecting CXX compiler ABI info - done
-- Check for working CXX compiler: /usr/bin/c++ - skipped
-- Detecting CXX compile features
-- Detecting CXX compile features - done
-- Found ament_cmake: 1.3.2 (/opt/ros/humble/share/ament_cmake/cmake)
-- Found Python3: /usr/bin/python3.10 (found version "3.10.4") found components: Interpreter 
-- Found rosidl_default_generators: 1.2.0 (/opt/ros/humble/share/rosidl_default_generators/cmake)
-- Using all available rosidl_typesupport_c: rosidl_typesupport_fastrtps_c;rosidl_typesupport_introspection_c
-- Found rosidl_adapter: 3.1.3 (/opt/ros/humble/share/rosidl_adapter/cmake)
-- Using all available rosidl_typesupport_cpp: rosidl_typesupport_fastrtps_cpp;rosidl_typesupport_introspection_cpp
-- Found std_msgs: 4.2.2 (/opt/ros/humble/share/std_msgs/cmake)
-- Found ament_cmake_ros: 0.10.0 (/opt/ros/humble/share/ament_cmake_ros/cmake)
-- Using all available rosidl_typesupport_c: rosidl_typesupport_fastrtps_c;rosidl_typesupport_introspection_c
-- Using all available rosidl_typesupport_cpp: rosidl_typesupport_fastrtps_cpp;rosidl_typesupport_introspection_cpp
-- Found PythonInterp: /usr/bin/python3 (found suitable version "3.10.4", minimum required is "3.6") 
-- Found python_cmake_module: 0.10.0 (/opt/ros/humble/share/python_cmake_module/cmake)
-- Found PythonLibs: /usr/lib/aarch64-linux-gnu/libpython3.10.so (found suitable version "3.10.4", minimum required is "3.5") 
-- Using PYTHON_EXECUTABLE: /usr/bin/python3
-- Using PYTHON_INCLUDE_DIRS: /usr/include/python3.10
-- Using PYTHON_LIBRARIES: /usr/lib/aarch64-linux-gnu/libpython3.10.so
-- Found PythonExtra: .so  
-- Configuring done
-- Generating done
-- Build files have been written to: /home/pi/gps/Python-GPS-m8p-d/ros2_gps_ws/build/gps_msgs
[  2%] [34m[1mGenerating C code for ROS interfaces[0m
[  5%] [34m[1mGenerating C++ code for ROS interfaces[0m
[  5%] Built target ament_cmake_python_copy_gps_msgs
running egg_info
creating gps_msgs.egg-info
writing gps_msgs.egg-info/PKG-INFO
writing dependency_links to gps_msgs.egg-info/dependency_links.txt
writing top-level names to gps_msgs.egg-info/top_level.txt
writing manifest file 'gps_msgs.egg-info/SOURCES.txt'
reading manifest file 'gps_msgs.egg-info/SOURCES.txt'
writing manifest file 'gps_msgs.egg-info/SOURCES.txt'
[  5%] Built target ament_cmake_python_build_gps_msgs_egg
[  5%] Built target gps_msgs__cpp
[  7%] [34m[1mGenerating C++ type support dispatch for ROS interfaces[0m
[ 10%] [34m[1mGenerating C++ type support for eProsima Fast-RTPS[0m
[ 12%] [34m[1mGenerating C++ introspection for ROS interfaces[0m
[ 15%] [32mBuilding C object CMakeFiles/gps_msgs__rosidl_generator_c.dir/rosidl_generator_c/gps_msgs/msg/detail/gps_fix__functions.c.o[0m
[ 17%] [32mBuilding C object CMakeFiles/gps_msgs__rosidl_generator_c.dir/rosidl_generator_c/gps_msgs/msg/detail/gps_status__functions.c.o[0m
[ 20%] [32m[1mLinking C shared library libgps_msgs__rosidl_generator_c.so[0m
[ 20%] Built target gps_msgs__rosidl_generator_c
[ 23%] [34m[1mGenerating C type support for eProsima Fast-RTPS[0m
[ 25%] [32mBuilding CXX object CMakeFiles/gps_msgs__rosidl_typesupport_cpp.dir/rosidl_typesupport_cpp/gps_msgs/msg/gps_fix__type_support.cpp.o[0m
[ 28%] [32mBuilding CXX object CMakeFiles/gps_msgs__rosidl_typesupport_fastrtps_cpp.dir/rosidl_typesupport_fastrtps_cpp/gps_msgs/msg/detail/dds_fastrtps/gps_fix__type_support.cpp.o[0m
[ 30%] [32mBuilding CXX object CMakeFiles/gps_msgs__rosidl_typesupport_introspection_cpp.dir/rosidl_typesupport_introspection_cpp/gps_msgs/msg/detail/gps_fix__type_support.cpp.o[0m
[ 33%] [32mBuilding CXX object CMakeFiles/gps_msgs__rosidl_typesupport_fastrtps_c.dir/rosidl_typesupport_fastrtps_c/gps_msgs/msg/detail/gps_fix__type_support_c.cpp.o[0m
[ 35%] [32mBuilding CXX object CMakeFiles/gps_msgs__rosidl_typesupport_cpp.dir/rosidl_typesupport_cpp/gps_msgs/msg/gps_status__type_support.cpp.o[0m
[ 41%] [32mBuilding CXX object CMakeFiles/gps_msgs__rosidl_typesupport_fastrtps_cpp.dir/rosidl_typesupport_fastrtps_cpp/gps_msgs/msg/detail/dds_fastrtps/gps_status__type_support.cpp.o[0m
[ 41%] [32mBuilding CXX object CMakeFiles/gps_msgs__rosidl_typesupport_introspection_cpp.dir/rosidl_typesupport_introspection_cpp/gps_msgs/msg/detail/gps_status__type_support.cpp.o[0m
[ 43%] [32mBuilding CXX object CMakeFiles/gps_msgs__rosidl_typesupport_fastrtps_c.dir/rosidl_typesupport_fastrtps_c/gps_msgs/msg/detail/gps_status__type_support_c.cpp.o[0m
[ 46%] [32m[1mLinking CXX shared library libgps_msgs__rosidl_typesupport_cpp.so[0m
[ 46%] Built target gps_msgs__rosidl_typesupport_cpp
[ 48%] [34m[1mGenerating C introspection for ROS interfaces[0m
[ 51%] [32m[1mLinking CXX shared library libgps_msgs__rosidl_typesupport_introspection_cpp.so[0m
[ 53%] [32m[1mLinking CXX shared library libgps_msgs__rosidl_typesupport_fastrtps_cpp.so[0m
[ 53%] Built target gps_msgs__rosidl_typesupport_introspection_cpp
[ 56%] [34m[1mGenerating C type support dispatch for ROS interfaces[0m
[ 56%] Built target gps_msgs__rosidl_typesupport_fastrtps_cpp
[ 58%] [32m[1mLinking CXX shared library libgps_msgs__rosidl_typesupport_fastrtps_c.so[0m
[ 58%] Built target gps_msgs__rosidl_typesupport_fastrtps_c
[ 61%] [32mBuilding C object CMakeFiles/gps_msgs__rosidl_typesupport_introspection_c.dir/rosidl_typesupport_introspection_c/gps_msgs/msg/detail/gps_fix__type_support.c.o[0m
[ 64%] [32mBuilding C object CMakeFiles/gps_msgs__rosidl_typesupport_introspection_c.dir/rosidl_typesupport_introspection_c/gps_msgs/msg/detail/gps_status__type_support.c.o[0m
[ 66%] [32m[1mLinking C shared library libgps_msgs__rosidl_typesupport_introspection_c.so[0m
[ 66%] Built target gps_msgs__rosidl_typesupport_introspection_c
[ 69%] [32mBuilding CXX object CMakeFiles/gps_msgs__rosidl_typesupport_c.dir/rosidl_typesupport_c/gps_msgs/msg/gps_status__type_support.cpp.o[0m
[ 71%] [32mBuilding CXX object CMakeFiles/gps_msgs__rosidl_typesupport_c.dir/rosidl_typesupport_c/gps_msgs/msg/gps_fix__type_support.cpp.o[0m
[ 74%] [32m[1mLinking CXX shared library libgps_msgs__rosidl_typesupport_c.so[0m
[ 74%] Built target gps_msgs__rosidl_typesupport_c
[ 74%] Built target gps_msgs
[ 76%] [34m[1mGenerating Python code for ROS interfaces[0m
[ 76%] Built target gps_msgs__py
[ 79%] [32mBuilding C object CMakeFiles/gps_msgs__rosidl_generator_py.dir/rosidl_generator_py/gps_msgs/msg/_gps_fix_s.c.o[0m
[ 82%] [32mBuilding C object CMakeFiles/gps_msgs__rosidl_generator_py.dir/rosidl_generator_py/gps_msgs/msg/_gps_status_s.c.o[0m
[ 84%] [32m[1mLinking C shared library rosidl_generator_py/gps_msgs/libgps_msgs__rosidl_generator_py.so[0m
[ 84%] Built target gps_msgs__rosidl_generator_py
[ 87%] [32mBuilding C object CMakeFiles/gps_msgs__rosidl_typesupport_fastrtps_c__pyext.dir/rosidl_generator_py/gps_msgs/_gps_msgs_s.ep.rosidl_typesupport_fastrtps_c.c.o[0m
[ 89%] [32mBuilding C object CMakeFiles/gps_msgs__rosidl_typesupport_introspection_c__pyext.dir/rosidl_generator_py/gps_msgs/_gps_msgs_s.ep.rosidl_typesupport_introspection_c.c.o[0m
[ 92%] [32mBuilding C object CMakeFiles/gps_msgs__rosidl_typesupport_c__pyext.dir/rosidl_generator_py/gps_msgs/_gps_msgs_s.ep.rosidl_typesupport_c.c.o[0m
[ 94%] [32m[1mLinking C shared library rosidl_generator_py/gps_msgs/gps_msgs_s__rosidl_typesupport_fastrtps_c.cpython-310-aarch64-linux-gnu.so[0m
[ 97%] [32m[1mLinking C shared library rosidl_generator_py/gps_msgs/gps_msgs_s__rosidl_typesupport_introspection_c.cpython-310-aarch64-linux-gnu.so[0m
[100%] [32m[1mLinking C shared library rosidl_generator_py/gps_msgs/gps_msgs_s__rosidl_typesupport_c.cpython-310-aarch64-linux-gnu.so[0m
[100%] Built target gps_msgs__rosidl_typesupport_fastrtps_c__pyext
[100%] Built target gps_msgs__rosidl_typesupport_introspection_c__pyext
[100%] Built target gps_msgs__rosidl_typesupport_c__pyext
-- Install configuration: ""
-- Installing: /home/pi/gps/Python-GPS-m8p-d/ros2_gps_ws/install/gps_msgs/share/ament_index/resource_index/rosidl_interfaces/gps_msgs
-- Installing: /home/pi/gps/Python-GPS-m8p-d/ros2_gps_ws/install/gps_msgs/include/gps_msgs/gps_msgs
-- Installing: /home/pi/gps/Python-GPS-m8p-d/ros2_gps_ws/install/gps_msgs/include/gps_msgs/gps_msgs/msg
-- Installing: /home/pi/gps/Python-GPS-m8p-d/ros2_gps_ws/install/gps_msgs/include/gps_msgs/gps_msgs/msg/gps_status.h
-- Installing: /home/pi/gps/Python-GPS-m8p-d/ros2_gps_ws/install/gps_msgs/include/gps_msgs/gps_msgs/msg/rosidl_generator_c__visibility_control.h
-- Installing: /home/pi/gps/Python-GPS-m8p-d/ros2_gps_ws/install/gps_msgs/include/gps_msgs/gps_msgs/msg/detail
-- Installing: /home/pi/gps/Python-GPS-m8p-d/ros2_gps_ws/install/gps_msgs/include/gps_msgs/gps_msgs/msg/detail/gps_status__type_support.h
-- Installing: /home/pi/gps/Python-GPS-m8p-d/ros2_gps_ws/install/gps_msgs/include/gps_msgs/gps_msgs/msg/detail/gps_fix__functions.h
-- Installing: /home/pi/gps/Python-GPS-m8p-d/ros2_gps_ws/install/gps_msgs/include/gps_msgs/gps_msgs/msg/detail/gps_status__functions.c
-- Installing: /home/pi/gps/Python-GPS-m8p-d/ros2_gps_ws/install/gps_msgs/include/gps_msgs/gps_msgs/msg/detail/gps_fix__functions.c
-- Installing: /home/pi/gps/Python-GPS-m8p-d/ros2_gps_ws/install/gps_msgs/include/gps_msgs/gps_msgs/msg/detail/gps_status__functions.h
-- Installing: /home/pi/gps/Python-GPS-m8p-d/ros2_gps_ws/install/gps_msgs/include/gps_msgs/gps_msgs/msg/detail/gps_fix__type_support.h
-- Installing: /home/pi/gps/Python-GPS-m8p-d/ros2_gps_ws/install/gps_msgs/include/gps_msgs/gps_msgs/msg/detail/gps_status__struct.h
-- Installing: /home/pi/gps/Python-GPS-m8p-d/ros2_gps_ws/install/gps_msgs/include/gps_msgs/gps_msgs/msg/detail/gps_fix__struct.h
-- Installing: /home/pi/gps/Python-GPS-m8p-d/ros2_gps_ws/install/gps_msgs/include/gps_msgs/gps_msgs/msg/gps_fix.h
-- Installing: /home/pi/gps/Python-GPS-m8p-d/ros2_gps_ws/install/gps_msgs/share/gps_msgs/environment/library_path.sh
-- Installing: /home/pi/gps/Python-GPS-m8p-d/ros2_gps_ws/install/gps_msgs/share/gps_msgs/environment/library_path.dsv
-- Installing: /home/pi/gps/Python-GPS-m8p-d/ros2_gps_ws/install/gps_msgs/lib/libgps_msgs__rosidl_generator_c.so
-- Set runtime path of "/home/pi/gps/Python-GPS-m8p-d/ros2_gps_ws/install/gps_msgs/lib/libgps_msgs__rosidl_generator_c.so" to ""
-- Up-to-date: /home/pi/gps/Python-GPS-m8p-d/ros2_gps_ws/install/gps_msgs/include/gps_msgs/gps_msgs
-- Up-to-date: /home/pi/gps/Python-GPS-m8p-d/ros2_gps_ws/install/gps_msgs/include/gps_msgs/gps_msgs/msg
-- Installing: /home/pi/gps/Python-GPS-m8p-d/ros2_gps_ws/install/gps_msgs/include/gps_msgs/gps_msgs/msg/rosidl_typesupport_fastrtps_c__visibility_control.h
-- Up-to-date: /home/pi/gps/Python-GPS-m8p-d/ros2_gps_ws/install/gps_msgs/include/gps_msgs/gps_msgs/msg/detail
-- Installing: /home/pi/gps/Python-GPS-m8p-d/ros2_gps_ws/install/gps_msgs/include/gps_msgs/gps_msgs/msg/detail/gps_status__rosidl_typesupport_fastrtps_c.h
-- Installing: /home/pi/gps/Python-GPS-m8p-d/ros2_gps_ws/install/gps_msgs/include/gps_msgs/gps_msgs/msg/detail/gps_fix__rosidl_typesupport_fastrtps_c.h
-- Installing: /home/pi/gps/Python-GPS-m8p-d/ros2_gps_ws/install/gps_msgs/lib/libgps_msgs__rosidl_typesupport_fastrtps_c.so
-- Set runtime path of "/home/pi/gps/Python-GPS-m8p-d/ros2_gps_ws/install/gps_msgs/lib/libgps_msgs__rosidl_typesupport_fastrtps_c.so" to ""
-- Up-to-date: /home/pi/gps/Python-GPS-m8p-d/ros2_gps_ws/install/gps_msgs/include/gps_msgs/gps_msgs
-- Up-to-date: /home/pi/gps/Python-GPS-m8p-d/ros2_gps_ws/install/gps_msgs/include/gps_msgs/gps_msgs/msg
-- Up-to-date: /home/pi/gps/Python-GPS-m8p-d/ros2_gps_ws/install/gps_msgs/include/gps_msgs/gps_msgs/msg/detail
-- Installing: /home/pi/gps/Python-GPS-m8p-d/ros2_gps_ws/install/gps_msgs/include/gps_msgs/gps_msgs/msg/detail/gps_status__type_support.c
-- Installing: /home/pi/gps/Python-GPS-m8p-d/ros2_gps_ws/install/gps_msgs/include/gps_msgs/gps_msgs/msg/detail/gps_status__rosidl_typesupport_introspection_c.h
-- Installing: /home/pi/gps/Python-GPS-m8p-d/ros2_gps_ws/install/gps_msgs/include/gps_msgs/gps_msgs/msg/detail/gps_fix__type_support.c
-- Installing: /home/pi/gps/Python-GPS-m8p-d/ros2_gps_ws/install/gps_msgs/include/gps_msgs/gps_msgs/msg/detail/gps_fix__rosidl_typesupport_introspection_c.h
-- Installing: /home/pi/gps/Python-GPS-m8p-d/ros2_gps_ws/install/gps_msgs/include/gps_msgs/gps_msgs/msg/rosidl_typesupport_introspection_c__visibility_control.h
-- Installing: /home/pi/gps/Python-GPS-m8p-d/ros2_gps_ws/install/gps_msgs/lib/libgps_msgs__rosidl_typesupport_introspection_c.so
-- Set runtime path of "/home/pi/gps/Python-GPS-m8p-d/ros2_gps_ws/install/gps_msgs/lib/libgps_msgs__rosidl_typesupport_introspection_c.so" to ""
-- Installing: /home/pi/gps/Python-GPS-m8p-d/ros2_gps_ws/install/gps_msgs/lib/libgps_msgs__rosidl_typesupport_c.so
-- Set runtime path of "/home/pi/gps/Python-GPS-m8p-d/ros2_gps_ws/install/gps_msgs/lib/libgps_msgs__rosidl_typesupport_c.so" to ""
-- Up-to-date: /home/pi/gps/Python-GPS-m8p-d/ros2_gps_ws/install/gps_msgs/include/gps_msgs/gps_msgs
-- Up-to-date: /home/pi/gps/Python-GPS-m8p-d/ros2_gps_ws/install/gps_msgs/include/gps_msgs/gps_msgs/msg
-- Installing: /home/pi/gps/Python-GPS-m8p-d/ros2_gps_ws/install/gps_msgs/include/gps_msgs/gps_msgs/msg/gps_fix.hpp
-- Up-to-date: /home/pi/gps/Python-GPS-m8p-d/ros2_gps_ws/install/gps_msgs/include/gps_msgs/gps_msgs/msg/detail
-- Installing: /home/pi/gps/Python-GPS-m8p-d/ros2_gps_ws/install/gps_msgs/include/gps_msgs/gps_msgs/msg/detail/gps_status__struct.hpp
-- Installing: /home/pi/gps/Python-GPS-m8p-d/ros2_gps_ws/install/gps_msgs/include/gps_msgs/gps_msgs/msg/detail/gps_fix__builder.hpp
-- Installing: /home/pi/gps/Python-GPS-m8p-d/ros2_gps_ws/install/gps_msgs/include/gps_msgs/gps_msgs/msg/detail/gps_status__builder.hpp
-- Installing: /home/pi/gps/Python-GPS-m8p-d/ros2_gps_ws/install/gps_msgs/include/gps_msgs/gps_msgs/msg/detail/gps_status__traits.hpp
-- Installing: /home/pi/gps/Python-GPS-m8p-d/ros2_gps_ws/install/gps_msgs/include/gps_msgs/gps_msgs/msg/detail/gps_fix__traits.hpp
-- Installing: /home/pi/gps/Python-GPS-m8p-d/ros2_gps_ws/install/gps_msgs/include/gps_msgs/gps_msgs/msg/detail/gps_fix__struct.hpp
-- Installing: /home/pi/gps/Python-GPS-m8p-d/ros2_gps_ws/install/gps_msgs/include/gps_msgs/gps_msgs/msg/gps_status.hpp
-- Up-to-date: /home/pi/gps/Python-GPS-m8p-d/ros2_gps_ws/install/gps_msgs/include/gps_msgs/gps_msgs
-- Up-to-date: /home/pi/gps/Python-GPS-m8p-d/ros2_gps_ws/install/gps_msgs/include/gps_msgs/gps_msgs/msg
-- Installing: /home/pi/gps/Python-GPS-m8p-d/ros2_gps_ws/install/gps_msgs/include/gps_msgs/gps_msgs/msg/rosidl_typesupport_fastrtps_cpp__visibility_control.h
-- Up-to-date: /home/pi/gps/Python-GPS-m8p-d/ros2_gps_ws/install/gps_msgs/include/gps_msgs/gps_msgs/msg/detail
-- Installing: /home/pi/gps/Python-GPS-m8p-d/ros2_gps_ws/install/gps_msgs/include/gps_msgs/gps_msgs/msg/detail/gps_fix__rosidl_typesupport_fastrtps_cpp.hpp
-- Installing: /home/pi/gps/Python-GPS-m8p-d/ros2_gps_ws/install/gps_msgs/include/gps_msgs/gps_msgs/msg/detail/dds_fastrtps
-- Installing: /home/pi/gps/Python-GPS-m8p-d/ros2_gps_ws/install/gps_msgs/include/gps_msgs/gps_msgs/msg/detail/gps_status__rosidl_typesupport_fastrtps_cpp.hpp
-- Installing: /home/pi/gps/Python-GPS-m8p-d/ros2_gps_ws/install/gps_msgs/lib/libgps_msgs__rosidl_typesupport_fastrtps_cpp.so
-- Set runtime path of "/home/pi/gps/Python-GPS-m8p-d/ros2_gps_ws/install/gps_msgs/lib/libgps_msgs__rosidl_typesupport_fastrtps_cpp.so" to ""
-- Up-to-date: /home/pi/gps/Python-GPS-m8p-d/ros2_gps_ws/install/gps_msgs/include/gps_msgs/gps_msgs
-- Up-to-date: /home/pi/gps/Python-GPS-m8p-d/ros2_gps_ws/install/gps_msgs/include/gps_msgs/gps_msgs/msg
-- Up-to-date: /home/pi/gps/Python-GPS-m8p-d/ros2_gps_ws/install/gps_msgs/include/gps_msgs/gps_msgs/msg/detail
-- Installing: /home/pi/gps/Python-GPS-m8p-d/ros2_gps_ws/install/gps_msgs/include/gps_msgs/gps_msgs/msg/detail/gps_status__rosidl_typesupport_introspection_cpp.hpp
-- Installing: /home/pi/gps/Python-GPS-m8p-d/ros2_gps_ws/install/gps_msgs/include/gps_msgs/gps_msgs/msg/detail/gps_fix__rosidl_typesupport_introspection_cpp.hpp
-- Installing: /home/pi/gps/Python-GPS-m8p-d/ros2_gps_ws/install/gps_msgs/include/gps_msgs/gps_msgs/msg/detail/gps_status__type_support.cpp
-- Installing: /home/pi/gps/Python-GPS-m8p-d/ros2_gps_ws/install/gps_msgs/include/gps_msgs/gps_msgs/msg/detail/gps_fix__type_support.cpp
-- Installing: /home/pi/gps/Python-GPS-m8p-d/ros2_gps_ws/install/gps_msgs/lib/libgps_msgs__rosidl_typesupport_introspection_cpp.so
-- Set runtime path of "/home/pi/gps/Python-GPS-m8p-d/ros2_gps_ws/install/gps_msgs/lib/libgps_msgs__rosidl_typesupport_introspection_cpp.so" to ""
-- Installing: /home/pi/gps/Python-GPS-m8p-d/ros2_gps_ws/install/gps_msgs/lib/libgps_msgs__rosidl_typesupport_cpp.so
-- Set runtime path of "/home/pi/gps/Python-GPS-m8p-d/ros2_gps_ws/install/gps_msgs/lib/libgps_msgs__rosidl_typesupport_cpp.so" to ""
-- Installing: /home/pi/gps/Python-GPS-m8p-d/ros2_gps_ws/install/gps_msgs/share/gps_msgs/environment/pythonpath.sh
-- Installing: /home/pi/gps/Python-GPS-m8p-d/ros2_gps_ws/install/gps_msgs/share/gps_msgs/environment/pythonpath.dsv
-- Installing: /home/pi/gps/Python-GPS-m8p-d/ros2_gps_ws/install/gps_msgs/local/lib/python3.10/dist-packages/gps_msgs-1.0.5-py3.10.egg-info
-- Installing: /home/pi/gps/Python-GPS-m8p-d/ros2_gps_ws/install/gps_msgs/local/lib/python3.10/dist-packages/gps_msgs-1.0.5-py3.10.egg-info/top_level.txt
-- Installing: /home/pi/gps/Python-GPS-m8p-d/ros2_gps_ws/install/gps_msgs/local/lib/python3.10/dist-packages/gps_msgs-1.0.5-py3.10.egg-info/dependency_links.txt
-- Installing: /home/pi/gps/Python-GPS-m8p-d/ros2_gps_ws/install/gps_msgs/local/lib/python3.10/dist-packages/gps_msgs-1.0.5-py3.10.egg-info/PKG-INFO
-- Installing: /home/pi/gps/Python-GPS-m8p-d/ros2_gps_ws/install/gps_msgs/local/lib/python3.10/dist-packages/gps_msgs-1.0.5-py3.10.egg-info/SOURCES.txt
-- Installing: /home/pi/gps/Python-GPS-m8p-d/ros2_gps_ws/install/gps_msgs/local/lib/python3.10/dist-packages/gps_msgs
-- Installing: /home/pi/gps/Python-GPS-m8p-d/ros2_gps_ws/install/gps_msgs/local/lib/python3.10/dist-packages/gps_msgs/_gps_msgs_s.ep.rosidl_typesupport_c.c
-- Installing: /home/pi/gps/Python-GPS-m8p-d/ros2_gps_ws/install/gps_msgs/local/lib/python3.10/dist-packages/gps_msgs/msg
-- Installing: /home/pi/gps/Python-GPS-m8p-d/ros2_gps_ws/install/gps_msgs/local/lib/python3.10/dist-packages/gps_msgs/msg/_gps_fix_s.c
-- Installing: /home/pi/gps/Python-GPS-m8p-d/ros2_gps_ws/install/gps_msgs/local/lib/python3.10/dist-packages/gps_msgs/msg/_gps_status.py
-- Installing: /home/pi/gps/Python-GPS-m8p-d/ros2_gps_ws/install/gps_msgs/local/lib/python3.10/dist-packages/gps_msgs/msg/_gps_status_s.c
-- Installing: /home/pi/gps/Python-GPS-m8p-d/ros2_gps_ws/install/gps_msgs/local/lib/python3.10/dist-packages/gps_msgs/msg/_gps_fix.py
-- Installing: /home/pi/gps/Python-GPS-m8p-d/ros2_gps_ws/install/gps_msgs/local/lib/python3.10/dist-packages/gps_msgs/msg/__init__.py
-- Installing: /home/pi/gps/Python-GPS-m8p-d/ros2_gps_ws/install/gps_msgs/local/lib/python3.10/dist-packages/gps_msgs/gps_msgs_s__rosidl_typesupport_c.cpython-310-aarch64-linux-gnu.so
-- Installing: /home/pi/gps/Python-GPS-m8p-d/ros2_gps_ws/install/gps_msgs/local/lib/python3.10/dist-packages/gps_msgs/gps_msgs_s__rosidl_typesupport_fastrtps_c.cpython-310-aarch64-linux-gnu.so
-- Installing: /home/pi/gps/Python-GPS-m8p-d/ros2_gps_ws/install/gps_msgs/local/lib/python3.10/dist-packages/gps_msgs/libgps_msgs__rosidl_generator_py.so
-- Installing: /home/pi/gps/Python-GPS-m8p-d/ros2_gps_ws/install/gps_msgs/local/lib/python3.10/dist-packages/gps_msgs/_gps_msgs_s.ep.rosidl_typesupport_introspection_c.c
-- Installing: /home/pi/gps/Python-GPS-m8p-d/ros2_gps_ws/install/gps_msgs/local/lib/python3.10/dist-packages/gps_msgs/__init__.py
-- Installing: /home/pi/gps/Python-GPS-m8p-d/ros2_gps_ws/install/gps_msgs/local/lib/python3.10/dist-packages/gps_msgs/gps_msgs_s__rosidl_typesupport_introspection_c.cpython-310-aarch64-linux-gnu.so
-- Installing: /home/pi/gps/Python-GPS-m8p-d/ros2_gps_ws/install/gps_msgs/local/lib/python3.10/dist-packages/gps_msgs/_gps_msgs_s.ep.rosidl_typesupport_fastrtps_c.c
Listing '/home/pi/gps/Python-GPS-m8p-d/ros2_gps_ws/install/gps_msgs/local/lib/python3.10/dist-packages/gps_msgs'...
Compiling '/home/pi/gps/Python-GPS-m8p-d/ros2_gps_ws/install/gps_msgs/local/lib/python3.10/dist-packages/gps_msgs/__init__.py'...
Listing '/home/pi/gps/Python-GPS-m8p-d/ros2_gps_ws/install/gps_msgs/local/lib/python3.10/dist-packages/gps_msgs/msg'...
Compiling '/home/pi/gps/Python-GPS-m8p-d/ros2_gps_ws/install/gps_msgs/local/lib/python3.10/dist-packages/gps_msgs/msg/__init__.py'...
Compiling '/home/pi/gps/Python-GPS-m8p-d/ros2_gps_ws/install/gps_msgs/local/lib/python3.10/dist-packages/gps_msgs/msg/_gps_fix.py'...
Compiling '/home/pi/gps/Python-GPS-m8p-d/ros2_gps_ws/install/gps_msgs/local/lib/python3.10/dist-packages/gps_msgs/msg/_gps_status.py'...
-- Installing: /home/pi/gps/Python-GPS-m8p-d/ros2_gps_ws/install/gps_msgs/local/lib/python3.10/dist-packages/gps_msgs/gps_msgs_s__rosidl_typesupport_fastrtps_c.cpython-310-aarch64-linux-gnu.so
-- Set runtime path of "/home/pi/gps/Python-GPS-m8p-d/ros2_gps_ws/install/gps_msgs/local/lib/python3.10/dist-packages/gps_msgs/gps_msgs_s__rosidl_typesupport_fastrtps_c.cpython-310-aarch64-linux-gnu.so" to ""
-- Installing: /home/pi/gps/Python-GPS-m8p-d/ros2_gps_ws/install/gps_msgs/local/lib/python3.10/dist-packages/gps_msgs/gps_msgs_s__rosidl_typesupport_introspection_c.cpython-310-aarch64-linux-gnu.so
-- Set runtime path of "/home/pi/gps/Python-GPS-m8p-d/ros2_gps_ws/install/gps_msgs/local/lib/python3.10/dist-packages/gps_msgs/gps_msgs_s__rosidl_typesupport_introspection_c.cpython-310-aarch64-linux-gnu.so" to ""
-- Installing: /home/pi/gps/Python-GPS-m8p-d/ros2_gps_ws/install/gps_msgs/local/lib/python3.10/dist-packages/gps_msgs/gps_msgs_s__rosidl_typesupport_c.cpython-310-aarch64-linux-gnu.so
-- Set runtime path of "/home/pi/gps/Python-GPS-m8p-d/ros2_gps_ws/install/gps_msgs/local/lib/python3.10/dist-packages/gps_msgs/gps_msgs_s__rosidl_typesupport_c.cpython-310-aarch64-linux-gnu.so" to ""
-- Installing: /home/pi/gps/Python-GPS-m8p-d/ros2_gps_ws/install/gps_msgs/lib/libgps_msgs__rosidl_generator_py.so
-- Set runtime path of "/home/pi/gps/Python-GPS-m8p-d/ros2_gps_ws/install/gps_msgs/lib/libgps_msgs__rosidl_generator_py.so" to ""
-- Installing: /home/pi/gps/Python-GPS-m8p-d/ros2_gps_ws/install/gps_msgs/share/gps_msgs/msg/GPSFix.idl
-- Installing: /home/pi/gps/Python-GPS-m8p-d/ros2_gps_ws/install/gps_msgs/share/gps_msgs/msg/GPSStatus.idl
-- Installing: /home/pi/gps/Python-GPS-m8p-d/ros2_gps_ws/install/gps_msgs/share/gps_msgs/msg/GPSFix.msg
-- Installing: /home/pi/gps/Python-GPS-m8p-d/ros2_gps_ws/install/gps_msgs/share/gps_msgs/msg/GPSStatus.msg
-- Installing: /home/pi/gps/Python-GPS-m8p-d/ros2_gps_ws/install/gps_msgs/share/ament_index/resource_index/package_run_dependencies/gps_msgs
-- Installing: /home/pi/gps/Python-GPS-m8p-d/ros2_gps_ws/install/gps_msgs/share/ament_index/resource_index/parent_prefix_path/gps_msgs
-- Installing: /home/pi/gps/Python-GPS-m8p-d/ros2_gps_ws/install/gps_msgs/share/gps_msgs/environment/ament_prefix_path.sh
-- Installing: /home/pi/gps/Python-GPS-m8p-d/ros2_gps_ws/install/gps_msgs/share/gps_msgs/environment/ament_prefix_path.dsv
-- Installing: /home/pi/gps/Python-GPS-m8p-d/ros2_gps_ws/install/gps_msgs/share/gps_msgs/environment/path.sh
-- Installing: /home/pi/gps/Python-GPS-m8p-d/ros2_gps_ws/install/gps_msgs/share/gps_msgs/environment/path.dsv
-- Installing: /home/pi/gps/Python-GPS-m8p-d/ros2_gps_ws/install/gps_msgs/share/gps_msgs/local_setup.bash
-- Installing: /home/pi/gps/Python-GPS-m8p-d/ros2_gps_ws/install/gps_msgs/share/gps_msgs/local_setup.sh
-- Installing: /home/pi/gps/Python-GPS-m8p-d/ros2_gps_ws/install/gps_msgs/share/gps_msgs/local_setup.zsh
-- Installing: /home/pi/gps/Python-GPS-m8p-d/ros2_gps_ws/install/gps_msgs/share/gps_msgs/local_setup.dsv
-- Installing: /home/pi/gps/Python-GPS-m8p-d/ros2_gps_ws/install/gps_msgs/share/gps_msgs/package.dsv
-- Installing: /home/pi/gps/Python-GPS-m8p-d/ros2_gps_ws/install/gps_msgs/share/ament_index/resource_index/packages/gps_msgs
-- Installing: /home/pi/gps/Python-GPS-m8p-d/ros2_gps_ws/install/gps_msgs/share/gps_msgs/cmake/export_gps_msgs__rosidl_generator_cExport.cmake
-- Installing: /home/pi/gps/Python-GPS-m8p-d/ros2_gps_ws/install/gps_msgs/share/gps_msgs/cmake/export_gps_msgs__rosidl_generator_cExport-noconfig.cmake
-- Installing: /home/pi/gps/Python-GPS-m8p-d/ros2_gps_ws/install/gps_msgs/share/gps_msgs/cmake/export_gps_msgs__rosidl_typesupport_fastrtps_cExport.cmake
-- Installing: /home/pi/gps/Python-GPS-m8p-d/ros2_gps_ws/install/gps_msgs/share/gps_msgs/cmake/export_gps_msgs__rosidl_typesupport_fastrtps_cExport-noconfig.cmake
-- Installing: /home/pi/gps/Python-GPS-m8p-d/ros2_gps_ws/install/gps_msgs/share/gps_msgs/cmake/gps_msgs__rosidl_typesupport_introspection_cExport.cmake
-- Installing: /home/pi/gps/Python-GPS-m8p-d/ros2_gps_ws/install/gps_msgs/share/gps_msgs/cmake/gps_msgs__rosidl_typesupport_introspection_cExport-noconfig.cmake
-- Installing: /home/pi/gps/Python-GPS-m8p-d/ros2_gps_ws/install/gps_msgs/share/gps_msgs/cmake/gps_msgs__rosidl_typesupport_cExport.cmake
-- Installing: /home/pi/gps/Python-GPS-m8p-d/ros2_gps_ws/install/gps_msgs/share/gps_msgs/cmake/gps_msgs__rosidl_typesupport_cExport-noconfig.cmake
-- Installing: /home/pi/gps/Python-GPS-m8p-d/ros2_gps_ws/install/gps_msgs/share/gps_msgs/cmake/export_gps_msgs__rosidl_generator_cppExport.cmake
-- Installing: /home/pi/gps/Python-GPS-m8p-d/ros2_gps_ws/install/gps_msgs/share/gps_msgs/cmake/export_gps_msgs__rosidl_typesupport_fastrtps_cppExport.cmake
-- Installing: /home/pi/gps/Python-GPS-m8p-d/ros2_gps_ws/install/gps_msgs/share/gps_msgs/cmake/export_gps_msgs__rosidl_typesupport_fastrtps_cppExport-noconfig.cmake
-- Installing: /home/pi/gps/Python-GPS-m8p-d/ros2_gps_ws/install/gps_msgs/share/gps_msgs/cmake/gps_msgs__rosidl_typesupport_introspection_cppExport.cmake
-- Installing: /home/pi/gps/Python-GPS-m8p-d/ros2_gps_ws/install/gps_msgs/share/gps_msgs/cmake/gps_msgs__rosidl_typesupport_introspection_cppExport-noconfig.cmake
-- Installing: /home/pi/gps/Python-GPS-m8p-d/ros2_gps_ws/install/gps_msgs/share/gps_msgs/cmake/gps_msgs__rosidl_typesupport_cppExport.cmake
-- Installing: /home/pi/gps/Python-GPS-m8p-d/ros2_gps_ws/install/gps_msgs/share/gps_msgs/cmake/gps_msgs__rosidl_typesupport_cppExport-noconfig.cmake
-- Installing: /home/pi/gps/Python-GPS-m8p-d/ros2_gps_ws/install/gps_msgs/share/gps_msgs/cmake/export_gps_msgs__rosidl_generator_pyExport.cmake
-- Installing: /home/pi/gps/Python-GPS-m8p-d/ros2_gps_ws/install/gps_msgs/share/gps_msgs/cmake/export_gps_msgs__rosidl_generator_pyExport-noconfig.cmake
-- Installing: /home/pi/gps/Python-GPS-m8p-d/ros2_gps_ws/install/gps_msgs/share/gps_msgs/cmake/rosidl_cmake-extras.cmake
-- Installing: /home/pi/gps/Python-GPS-m8p-d/ros2_gps_ws/install/gps_msgs/share/gps_msgs/cmake/ament_cmake_export_dependencies-extras.cmake
-- Installing: /home/pi/gps/Python-GPS-m8p-d/ros2_gps_ws/install/gps_msgs/share/gps_msgs/cmake/ament_cmake_export_include_directories-extras.cmake
-- Installing: /home/pi/gps/Python-GPS-m8p-d/ros2_gps_ws/install/gps_msgs/share/gps_msgs/cmake/ament_cmake_export_libraries-extras.cmake
-- Installing: /home/pi/gps/Python-GPS-m8p-d/ros2_gps_ws/install/gps_msgs/share/gps_msgs/cmake/ament_cmake_export_targets-extras.cmake
-- Installing: /home/pi/gps/Python-GPS-m8p-d/ros2_gps_ws/install/gps_msgs/share/gps_msgs/cmake/rosidl_cmake_export_typesupport_targets-extras.cmake
-- Installing: /home/pi/gps/Python-GPS-m8p-d/ros2_gps_ws/install/gps_msgs/share/gps_msgs/cmake/rosidl_cmake_export_typesupport_libraries-extras.cmake
-- Installing: /home/pi/gps/Python-GPS-m8p-d/ros2_gps_ws/install/gps_msgs/share/gps_msgs/cmake/gps_msgsConfig.cmake
-- Installing: /home/pi/gps/Python-GPS-m8p-d/ros2_gps_ws/install/gps_msgs/share/gps_msgs/cmake/gps_msgsConfig-version.cmake
-- Installing: /home/pi/gps/Python-GPS-m8p-d/ros2_gps_ws/install/gps_msgs/share/gps_msgs/package.xml
-- Installing: /home/pi/gps/Python-GPS-m8p-d/ros2_gps_ws/install/gps_msgs/share/gps_msgs/ros1_ros2_mapping.yaml
