[0.155s] Invoking command in '/home/pi/gps/Python-GPS-m8p-d/ros2_gps_ws/build/gps_tools': AMENT_PREFIX_PATH=/home/pi/gps/Python-GPS-m8p-d/ros2_gps_ws/install/gps_msgs:${AMENT_PREFIX_PATH} CMAKE_PREFIX_PATH=/home/pi/gps/Python-GPS-m8p-d/ros2_gps_ws/install/gps_msgs:/home/pi/gps/Python-GPS-m8p-d/ros2_gps_ws/src/gps_umd/install/gps_msgs:/opt/ros/humble LD_LIBRARY_PATH=/home/pi/gps/Python-GPS-m8p-d/ros2_gps_ws/install/gps_msgs/lib:${LD_LIBRARY_PATH} PYTHONPATH=/home/pi/gps/Python-GPS-m8p-d/ros2_gps_ws/install/gps_msgs/local/lib/python3.10/dist-packages:${PYTHONPATH} /usr/bin/cmake /home/pi/gps/Python-GPS-m8p-d/ros2_gps_ws/src/gps_umd/gps_tools -DCMAKE_INSTALL_PREFIX=/home/pi/gps/Python-GPS-m8p-d/ros2_gps_ws/install/gps_tools
[0.812s] -- The C compiler identification is GNU 11.2.0
[1.437s] -- The CXX compiler identification is GNU 11.2.0
[1.507s] -- Detecting C compiler ABI info
[2.296s] -- Detecting C compiler ABI info - done
[2.363s] -- Check for working C compiler: /usr/bin/cc - skipped
[2.365s] -- Detecting C compile features
[2.369s] -- Detecting C compile features - done
[2.398s] -- Detecting CXX compiler ABI info
[3.281s] -- Detecting CXX compiler ABI info - done
[3.352s] -- Check for working CXX compiler: /usr/bin/c++ - skipped
[3.355s] -- Detecting CXX compile features
[3.359s] -- Detecting CXX compile features - done
[3.419s] -- Found ament_cmake: 1.3.2 (/opt/ros/humble/share/ament_cmake/cmake)
[5.655s] -- Found Python3: /usr/bin/python3.10 (found version "3.10.4") found components: Interpreter 
[7.045s] -- Found nav_msgs: 4.2.2 (/opt/ros/humble/share/nav_msgs/cmake)
[7.702s] -- Found rosidl_generator_c: 3.1.3 (/opt/ros/humble/share/rosidl_generator_c/cmake)
[7.811s] -- Found rosidl_adapter: 3.1.3 (/opt/ros/humble/share/rosidl_adapter/cmake)
[7.967s] -- Found rosidl_generator_cpp: 3.1.3 (/opt/ros/humble/share/rosidl_generator_cpp/cmake)
[8.156s] -- Using all available rosidl_typesupport_c: rosidl_typesupport_fastrtps_c;rosidl_typesupport_introspection_c
[8.440s] -- Using all available rosidl_typesupport_cpp: rosidl_typesupport_fastrtps_cpp;rosidl_typesupport_introspection_cpp
[11.274s] -- Found rclcpp: 16.0.1 (/opt/ros/humble/share/rclcpp/cmake)
[12.120s] -- Found rmw_implementation_cmake: 6.1.0 (/opt/ros/humble/share/rmw_implementation_cmake/cmake)
[12.174s] -- Found rmw_fastrtps_cpp: 6.2.1 (/opt/ros/humble/share/rmw_fastrtps_cpp/cmake)
[13.505s] -- Found OpenSSL: /usr/lib/aarch64-linux-gnu/libcrypto.so (found version "3.0.2")  
[13.967s] -- Found FastRTPS: /opt/ros/humble/include  
[14.786s] -- Using RMW implementation 'rmw_fastrtps_cpp' as default
[22.680s] -- Found rclcpp_components: 16.0.1 (/opt/ros/humble/share/rclcpp_components/cmake)
[24.077s] -- Found sensor_msgs: 4.2.2 (/opt/ros/humble/share/sensor_msgs/cmake)
[26.717s] -- Configuring done
[26.932s] -- Generating done
[26.968s] -- Build files have been written to: /home/pi/gps/Python-GPS-m8p-d/ros2_gps_ws/build/gps_tools
[27.052s] Invoked command in '/home/pi/gps/Python-GPS-m8p-d/ros2_gps_ws/build/gps_tools' returned '0': AMENT_PREFIX_PATH=/home/pi/gps/Python-GPS-m8p-d/ros2_gps_ws/install/gps_msgs:${AMENT_PREFIX_PATH} CMAKE_PREFIX_PATH=/home/pi/gps/Python-GPS-m8p-d/ros2_gps_ws/install/gps_msgs:/home/pi/gps/Python-GPS-m8p-d/ros2_gps_ws/src/gps_umd/install/gps_msgs:/opt/ros/humble LD_LIBRARY_PATH=/home/pi/gps/Python-GPS-m8p-d/ros2_gps_ws/install/gps_msgs/lib:${LD_LIBRARY_PATH} PYTHONPATH=/home/pi/gps/Python-GPS-m8p-d/ros2_gps_ws/install/gps_msgs/local/lib/python3.10/dist-packages:${PYTHONPATH} /usr/bin/cmake /home/pi/gps/Python-GPS-m8p-d/ros2_gps_ws/src/gps_umd/gps_tools -DCMAKE_INSTALL_PREFIX=/home/pi/gps/Python-GPS-m8p-d/ros2_gps_ws/install/gps_tools
[27.072s] Invoking command in '/home/pi/gps/Python-GPS-m8p-d/ros2_gps_ws/build/gps_tools': AMENT_PREFIX_PATH=/home/pi/gps/Python-GPS-m8p-d/ros2_gps_ws/install/gps_msgs:${AMENT_PREFIX_PATH} CMAKE_PREFIX_PATH=/home/pi/gps/Python-GPS-m8p-d/ros2_gps_ws/install/gps_msgs:/home/pi/gps/Python-GPS-m8p-d/ros2_gps_ws/src/gps_umd/install/gps_msgs:/opt/ros/humble LD_LIBRARY_PATH=/home/pi/gps/Python-GPS-m8p-d/ros2_gps_ws/install/gps_msgs/lib:${LD_LIBRARY_PATH} PYTHONPATH=/home/pi/gps/Python-GPS-m8p-d/ros2_gps_ws/install/gps_msgs/local/lib/python3.10/dist-packages:${PYTHONPATH} /usr/bin/cmake --build /home/pi/gps/Python-GPS-m8p-d/ros2_gps_ws/build/gps_tools -- -j4 -l4
[27.568s] [ 25%] [32mBuilding CXX object CMakeFiles/utm_odometry_component.dir/src/utm_odometry_component.cpp.o[0m
[27.587s] [ 50%] [32mBuilding CXX object CMakeFiles/utm_odometry_to_navsatfix_component.dir/src/utm_odometry_to_navsatfix_component.cpp.o[0m
[27.651s] [ 50%] Built target ament_cmake_python_copy_gps_tools
[31.044s] running egg_info
[31.051s] creating gps_tools.egg-info
[31.054s] writing gps_tools.egg-info/PKG-INFO
[31.055s] writing dependency_links to gps_tools.egg-info/dependency_links.txt
[31.065s] writing top-level names to gps_tools.egg-info/top_level.txt
[31.067s] writing manifest file 'gps_tools.egg-info/SOURCES.txt'
[31.081s] reading manifest file 'gps_tools.egg-info/SOURCES.txt'
[31.088s] writing manifest file 'gps_tools.egg-info/SOURCES.txt'
[31.407s] [ 50%] Built target ament_cmake_python_build_gps_tools_egg
