[15.578s] Invoking command in '/home/pi/gps/Python-GPS-m8p-d/ros2_gps_ws/src/sensor_data': PYTHONPATH=/home/pi/gps/Python-GPS-m8p-d/ros2_gps_ws/src/install/sensor_data/lib/python3.10/site-packages:${PYTHONPATH} /usr/bin/python3 setup.py egg_info --egg-base ../build/sensor_data build --build-base /home/pi/gps/Python-GPS-m8p-d/ros2_gps_ws/src/build/sensor_data/build install --prefix /home/pi/gps/Python-GPS-m8p-d/ros2_gps_ws/src/install/sensor_data --record /home/pi/gps/Python-GPS-m8p-d/ros2_gps_ws/src/build/sensor_data/install.log --single-version-externally-managed
[19.257s] running egg_info
[19.263s] writing ../build/sensor_data/sensor_data.egg-info/PKG-INFO
[19.313s] writing dependency_links to ../build/sensor_data/sensor_data.egg-info/dependency_links.txt
[19.317s] writing entry points to ../build/sensor_data/sensor_data.egg-info/entry_points.txt
[19.321s] writing requirements to ../build/sensor_data/sensor_data.egg-info/requires.txt
[19.323s] writing top-level names to ../build/sensor_data/sensor_data.egg-info/top_level.txt
[19.352s] reading manifest file '../build/sensor_data/sensor_data.egg-info/SOURCES.txt'
[19.370s] writing manifest file '../build/sensor_data/sensor_data.egg-info/SOURCES.txt'
[19.373s] running build
[19.375s] running build_py
[19.376s] copying sensor_data/my_first_node.py -> /home/pi/gps/Python-GPS-m8p-d/ros2_gps_ws/src/build/sensor_data/build/lib/sensor_data
[19.378s] running install
[19.382s] running install_lib
[19.389s] copying /home/pi/gps/Python-GPS-m8p-d/ros2_gps_ws/src/build/sensor_data/build/lib/sensor_data/my_first_node.py -> /home/pi/gps/Python-GPS-m8p-d/ros2_gps_ws/src/install/sensor_data/lib/python3.10/site-packages/sensor_data
[19.401s] byte-compiling /home/pi/gps/Python-GPS-m8p-d/ros2_gps_ws/src/install/sensor_data/lib/python3.10/site-packages/sensor_data/my_first_node.py to my_first_node.cpython-310.pyc
[19.407s] running install_data
[19.413s] running install_egg_info
[19.430s] removing '/home/pi/gps/Python-GPS-m8p-d/ros2_gps_ws/src/install/sensor_data/lib/python3.10/site-packages/sensor_data-0.0.0-py3.10.egg-info' (and everything under it)
[19.443s] Copying ../build/sensor_data/sensor_data.egg-info to /home/pi/gps/Python-GPS-m8p-d/ros2_gps_ws/src/install/sensor_data/lib/python3.10/site-packages/sensor_data-0.0.0-py3.10.egg-info
[19.468s] running install_scripts
[19.695s] Installing test_node script to /home/pi/gps/Python-GPS-m8p-d/ros2_gps_ws/src/install/sensor_data/lib/sensor_data
[19.720s] writing list of installed files to '/home/pi/gps/Python-GPS-m8p-d/ros2_gps_ws/src/build/sensor_data/install.log'
[20.146s] Invoked command in '/home/pi/gps/Python-GPS-m8p-d/ros2_gps_ws/src/sensor_data' returned '0': PYTHONPATH=/home/pi/gps/Python-GPS-m8p-d/ros2_gps_ws/src/install/sensor_data/lib/python3.10/site-packages:${PYTHONPATH} /usr/bin/python3 setup.py egg_info --egg-base ../build/sensor_data build --build-base /home/pi/gps/Python-GPS-m8p-d/ros2_gps_ws/src/build/sensor_data/build install --prefix /home/pi/gps/Python-GPS-m8p-d/ros2_gps_ws/src/install/sensor_data --record /home/pi/gps/Python-GPS-m8p-d/ros2_gps_ws/src/build/sensor_data/install.log --single-version-externally-managed
