[0.111s] Invoking command in '/home/pi/gps/Python-GPS-m8p-d/ros2_gps_ws/build/sensor_interfaces': CMAKE_PREFIX_PATH=/opt/ros/humble /usr/bin/cmake /home/pi/gps/Python-GPS-m8p-d/ros2_gps_ws/src/sensor_interfaces -DCMAKE_INSTALL_PREFIX=/home/pi/gps/Python-GPS-m8p-d/ros2_gps_ws/install/sensor_interfaces
[0.324s] -- Found ament_cmake: 1.3.2 (/opt/ros/humble/share/ament_cmake/cmake)
[1.819s] -- Found rosidl_default_generators: 1.2.0 (/opt/ros/humble/share/rosidl_default_generators/cmake)
[1.845s] -- Using all available rosidl_typesupport_c: rosidl_typesupport_fastrtps_c;rosidl_typesupport_introspection_c
[1.878s] -- Found rosidl_adapter: 3.1.3 (/opt/ros/humble/share/rosidl_adapter/cmake)
[2.303s] -- Using all available rosidl_typesupport_cpp: rosidl_typesupport_fastrtps_cpp;rosidl_typesupport_introspection_cpp
[4.805s] [31mCMake Error at /opt/ros/humble/share/rosidl_adapter/cmake/rosidl_adapt_interfaces.cmake:59 (message):
[4.807s]   execute_process(/usr/bin/python3.10 -m rosidl_adapter --package-name
[4.807s]   sensor_interfaces --arguments-file
[4.808s]   /home/pi/gps/Python-GPS-m8p-d/ros2_gps_ws/build/sensor_interfaces/rosidl_adapter__arguments__sensor_interfaces.json
[4.809s]   --output-dir
[4.810s]   /home/pi/gps/Python-GPS-m8p-d/ros2_gps_ws/build/sensor_interfaces/rosidl_adapter/sensor_interfaces
[4.812s]   --output-file
[4.813s]   /home/pi/gps/Python-GPS-m8p-d/ros2_gps_ws/build/sensor_interfaces/rosidl_adapter/sensor_interfaces.idls)
[4.814s]   returned error code 1:
[4.815s] 
[4.816s]   Traceback (most recent call last):
[4.817s] 
[4.818s]     File "/usr/lib/python3.10/runpy.py", line 196, in _run_module_as_main
[4.820s]       return _run_code(code, main_globals, None,
[4.821s]     File "/usr/lib/python3.10/runpy.py", line 86, in _run_code
[4.822s]       exec(code, run_globals)
[4.823s]     File "/opt/ros/humble/local/lib/python3.10/dist-packages/rosidl_adapter/__main__.py", line 19, in <module>
[4.824s]       sys.exit(main())
[4.826s]     File "/opt/ros/humble/local/lib/python3.10/dist-packages/rosidl_adapter/main.py", line 53, in main
[4.827s]       abs_idl_file = convert_to_idl(
[4.828s]     File "/opt/ros/humble/local/lib/python3.10/dist-packages/rosidl_adapter/__init__.py", line 24, in convert_to_idl
[4.829s]       return convert_srv_to_idl(
[4.830s]     File "/opt/ros/humble/local/lib/python3.10/dist-packages/rosidl_adapter/srv/__init__.py", line 28, in convert_srv_to_idl
[4.831s]       srv = parse_service_string(package_name, input_file.stem, content)
[4.832s]     File "/opt/ros/humble/local/lib/python3.10/dist-packages/rosidl_adapter/parser.py", line 850, in parse_service_string
[4.833s]       raise InvalidServiceSpecification(
[4.835s] 
[4.838s]   rosidl_adapter.parser.InvalidServiceSpecification: Could not find separator
[4.840s]   '---' between request and response
[4.842s] 
[4.845s] Call Stack (most recent call first):
[4.847s]   /opt/ros/humble/share/rosidl_cmake/cmake/rosidl_generate_interfaces.cmake:130 (rosidl_adapt_interfaces)
[4.849s]   CMakeLists.txt:16 (rosidl_generate_interfaces)
[4.851s] 
[4.852s] [0m
[4.853s] -- Configuring incomplete, errors occurred!
[4.854s] See also "/home/pi/gps/Python-GPS-m8p-d/ros2_gps_ws/build/sensor_interfaces/CMakeFiles/CMakeOutput.log".
[4.902s] Invoked command in '/home/pi/gps/Python-GPS-m8p-d/ros2_gps_ws/build/sensor_interfaces' returned '1': CMAKE_PREFIX_PATH=/opt/ros/humble /usr/bin/cmake /home/pi/gps/Python-GPS-m8p-d/ros2_gps_ws/src/sensor_interfaces -DCMAKE_INSTALL_PREFIX=/home/pi/gps/Python-GPS-m8p-d/ros2_gps_ws/install/sensor_interfaces
