[12.956s] Invoking command in '/home/pi/gps/Python-GPS-m8p-d/ros2_gps_ws/src/sensor_data': PYTHONPATH=/home/pi/gps/Python-GPS-m8p-d/ros2_gps_ws/install/sensor_data/lib/python3.10/site-packages:${PYTHONPATH} /usr/bin/python3 setup.py egg_info --egg-base ../../build/sensor_data build --build-base /home/pi/gps/Python-GPS-m8p-d/ros2_gps_ws/build/sensor_data/build install --prefix /home/pi/gps/Python-GPS-m8p-d/ros2_gps_ws/install/sensor_data --record /home/pi/gps/Python-GPS-m8p-d/ros2_gps_ws/build/sensor_data/install.log --single-version-externally-managed
[22.123s] running egg_info
[22.146s] writing ../../build/sensor_data/sensor_data.egg-info/PKG-INFO
[22.173s] writing dependency_links to ../../build/sensor_data/sensor_data.egg-info/dependency_links.txt
[22.185s] writing entry points to ../../build/sensor_data/sensor_data.egg-info/entry_points.txt
[22.188s] writing requirements to ../../build/sensor_data/sensor_data.egg-info/requires.txt
[22.189s] writing top-level names to ../../build/sensor_data/sensor_data.egg-info/top_level.txt
[22.251s] reading manifest file '../../build/sensor_data/sensor_data.egg-info/SOURCES.txt'
[22.273s] writing manifest file '../../build/sensor_data/sensor_data.egg-info/SOURCES.txt'
[22.278s] running build
[22.279s] running build_py
[22.296s] running install
[22.300s] running install_lib
[22.362s] byte-compiling /home/pi/gps/Python-GPS-m8p-d/ros2_gps_ws/install/sensor_data/lib/python3.10/site-packages/sensor_data/my_first_node.py to my_first_node.cpython-310.pyc
[22.395s] running install_data
[22.397s]   File "/home/pi/gps/Python-GPS-m8p-d/ros2_gps_ws/install/sensor_data/lib/python3.10/site-packages/sensor_data/my_first_node.py", line 26
[22.399s]     
[22.401s]     ^
[22.402s] SyntaxError: expected 'except' or 'finally' block
[22.419s] 
[22.449s] running install_egg_info
[22.492s] removing '/home/pi/gps/Python-GPS-m8p-d/ros2_gps_ws/install/sensor_data/lib/python3.10/site-packages/sensor_data-0.0.0-py3.10.egg-info' (and everything under it)
[22.525s] Copying ../../build/sensor_data/sensor_data.egg-info to /home/pi/gps/Python-GPS-m8p-d/ros2_gps_ws/install/sensor_data/lib/python3.10/site-packages/sensor_data-0.0.0-py3.10.egg-info
[22.550s] running install_scripts
[23.711s] Installing test_node script to /home/pi/gps/Python-GPS-m8p-d/ros2_gps_ws/install/sensor_data/lib/sensor_data
[23.744s] writing list of installed files to '/home/pi/gps/Python-GPS-m8p-d/ros2_gps_ws/build/sensor_data/install.log'
[24.294s] Invoked command in '/home/pi/gps/Python-GPS-m8p-d/ros2_gps_ws/src/sensor_data' returned '0': PYTHONPATH=/home/pi/gps/Python-GPS-m8p-d/ros2_gps_ws/install/sensor_data/lib/python3.10/site-packages:${PYTHONPATH} /usr/bin/python3 setup.py egg_info --egg-base ../../build/sensor_data build --build-base /home/pi/gps/Python-GPS-m8p-d/ros2_gps_ws/build/sensor_data/build install --prefix /home/pi/gps/Python-GPS-m8p-d/ros2_gps_ws/install/sensor_data --record /home/pi/gps/Python-GPS-m8p-d/ros2_gps_ws/build/sensor_data/install.log --single-version-externally-managed
