[2.785s] DEBUG:colcon:Command line arguments: ['/usr/bin/colcon', 'build', '--packages-select', 'gps_umd']
[2.786s] DEBUG:colcon:Parsed command line arguments: Namespace(log_base=None, log_level=None, verb_name='build', build_base='build', install_base='install', merge_install=False, symlink_install=False, test_result_base=None, continue_on_error=False, executor='parallel', parallel_workers=4, event_handlers=None, ignore_user_meta=False, metas=['./colcon.meta'], base_paths=['.'], packages_ignore=None, packages_ignore_regex=None, paths=None, packages_up_to=None, packages_up_to_regex=None, packages_above=None, packages_above_and_dependencies=None, packages_above_depth=None, packages_select_by_dep=None, packages_skip_by_dep=None, packages_skip_up_to=None, packages_select_build_failed=False, packages_skip_build_finished=False, packages_select_test_failures=False, packages_skip_test_passed=False, packages_select=['gps_umd'], packages_skip=None, packages_select_regex=None, packages_skip_regex=None, packages_start=None, packages_end=None, allow_overriding=[], cmake_args=None, cmake_target=None, cmake_target_skip_unavailable=False, cmake_clean_cache=False, cmake_clean_first=False, cmake_force_configure=False, ament_cmake_args=None, catkin_cmake_args=None, catkin_skip_building_tests=False, verb_parser=<colcon_defaults.argument_parser.defaults.DefaultArgumentsDecorator object at 0xffffa6ae7580>, verb_extension=<colcon_core.verb.build.BuildVerb object at 0xffffa6ae7010>, main=<bound method BuildVerb.main of <colcon_core.verb.build.BuildVerb object at 0xffffa6ae7010>>)
[3.723s] Level 1:colcon.colcon_core.package_discovery:discover_packages(colcon_meta) check parameters
[3.725s] Level 1:colcon.colcon_core.package_discovery:discover_packages(recursive) check parameters
[3.730s] Level 1:colcon.colcon_core.package_discovery:discover_packages(ignore) check parameters
[3.731s] Level 1:colcon.colcon_core.package_discovery:discover_packages(path) check parameters
[3.732s] Level 1:colcon.colcon_core.package_discovery:discover_packages(colcon_meta) discover
[3.735s] Level 1:colcon.colcon_core.package_discovery:discover_packages(recursive) discover
[3.736s] INFO:colcon.colcon_core.package_discovery:Crawling recursively for packages in '/home/pi/gps/Python-GPS-m8p-d/ros2_gps_ws'
[3.738s] Level 1:colcon.colcon_core.package_identification:_identify(.) by extensions ['ignore', 'ignore_ament_install']
[3.740s] Level 1:colcon.colcon_core.package_identification:_identify(.) by extension 'ignore'
[3.741s] Level 1:colcon.colcon_core.package_identification:_identify(.) by extension 'ignore_ament_install'
[3.742s] Level 1:colcon.colcon_core.package_identification:_identify(.) by extensions ['colcon_pkg']
[3.743s] Level 1:colcon.colcon_core.package_identification:_identify(.) by extension 'colcon_pkg'
[3.744s] Level 1:colcon.colcon_core.package_identification:_identify(.) by extensions ['colcon_meta']
[3.745s] Level 1:colcon.colcon_core.package_identification:_identify(.) by extension 'colcon_meta'
[3.745s] Level 1:colcon.colcon_core.package_identification:_identify(.) by extensions ['ros']
[3.746s] Level 1:colcon.colcon_core.package_identification:_identify(.) by extension 'ros'
[3.966s] Level 1:colcon.colcon_core.package_identification:_identify(.) by extensions ['cmake', 'python']
[3.968s] Level 1:colcon.colcon_core.package_identification:_identify(.) by extension 'cmake'
[3.969s] Level 1:colcon.colcon_core.package_identification:_identify(.) by extension 'python'
[3.970s] Level 1:colcon.colcon_core.package_identification:_identify(.) by extensions ['python_setup_py']
[3.971s] Level 1:colcon.colcon_core.package_identification:_identify(.) by extension 'python_setup_py'
[3.972s] Level 1:colcon.colcon_core.package_identification:_identify(build) by extensions ['ignore', 'ignore_ament_install']
[3.973s] Level 1:colcon.colcon_core.package_identification:_identify(build) by extension 'ignore'
[3.974s] Level 1:colcon.colcon_core.package_identification:_identify(build) ignored
[3.976s] Level 1:colcon.colcon_core.package_identification:_identify(install) by extensions ['ignore', 'ignore_ament_install']
[3.977s] Level 1:colcon.colcon_core.package_identification:_identify(install) by extension 'ignore'
[3.978s] Level 1:colcon.colcon_core.package_identification:_identify(install) ignored
[3.979s] Level 1:colcon.colcon_core.package_identification:_identify(log) by extensions ['ignore', 'ignore_ament_install']
[3.980s] Level 1:colcon.colcon_core.package_identification:_identify(log) by extension 'ignore'
[3.981s] Level 1:colcon.colcon_core.package_identification:_identify(log) ignored
[3.983s] Level 1:colcon.colcon_core.package_identification:_identify(src) by extensions ['ignore', 'ignore_ament_install']
[3.984s] Level 1:colcon.colcon_core.package_identification:_identify(src) by extension 'ignore'
[3.985s] Level 1:colcon.colcon_core.package_identification:_identify(src) by extension 'ignore_ament_install'
[3.986s] Level 1:colcon.colcon_core.package_identification:_identify(src) by extensions ['colcon_pkg']
[3.987s] Level 1:colcon.colcon_core.package_identification:_identify(src) by extension 'colcon_pkg'
[3.988s] Level 1:colcon.colcon_core.package_identification:_identify(src) by extensions ['colcon_meta']
[3.988s] Level 1:colcon.colcon_core.package_identification:_identify(src) by extension 'colcon_meta'
[3.989s] Level 1:colcon.colcon_core.package_identification:_identify(src) by extensions ['ros']
[3.990s] Level 1:colcon.colcon_core.package_identification:_identify(src) by extension 'ros'
[3.991s] Level 1:colcon.colcon_core.package_identification:_identify(src) by extensions ['cmake', 'python']
[3.992s] Level 1:colcon.colcon_core.package_identification:_identify(src) by extension 'cmake'
[3.993s] Level 1:colcon.colcon_core.package_identification:_identify(src) by extension 'python'
[3.994s] Level 1:colcon.colcon_core.package_identification:_identify(src) by extensions ['python_setup_py']
[3.995s] Level 1:colcon.colcon_core.package_identification:_identify(src) by extension 'python_setup_py'
[3.997s] Level 1:colcon.colcon_core.package_identification:_identify(src/gps_umd) by extensions ['ignore', 'ignore_ament_install']
[3.998s] Level 1:colcon.colcon_core.package_identification:_identify(src/gps_umd) by extension 'ignore'
[3.999s] Level 1:colcon.colcon_core.package_identification:_identify(src/gps_umd) by extension 'ignore_ament_install'
[4.000s] Level 1:colcon.colcon_core.package_identification:_identify(src/gps_umd) by extensions ['colcon_pkg']
[4.001s] Level 1:colcon.colcon_core.package_identification:_identify(src/gps_umd) by extension 'colcon_pkg'
[4.002s] Level 1:colcon.colcon_core.package_identification:_identify(src/gps_umd) by extensions ['colcon_meta']
[4.003s] Level 1:colcon.colcon_core.package_identification:_identify(src/gps_umd) by extension 'colcon_meta'
[4.004s] Level 1:colcon.colcon_core.package_identification:_identify(src/gps_umd) by extensions ['ros']
[4.005s] Level 1:colcon.colcon_core.package_identification:_identify(src/gps_umd) by extension 'ros'
[4.006s] Level 1:colcon.colcon_core.package_identification:_identify(src/gps_umd) by extensions ['cmake', 'python']
[4.007s] Level 1:colcon.colcon_core.package_identification:_identify(src/gps_umd) by extension 'cmake'
[4.008s] Level 1:colcon.colcon_core.package_identification:_identify(src/gps_umd) by extension 'python'
[4.009s] Level 1:colcon.colcon_core.package_identification:_identify(src/gps_umd) by extensions ['python_setup_py']
[4.010s] Level 1:colcon.colcon_core.package_identification:_identify(src/gps_umd) by extension 'python_setup_py'
[4.012s] Level 1:colcon.colcon_core.package_identification:_identify(src/gps_umd/build) by extensions ['ignore', 'ignore_ament_install']
[4.013s] Level 1:colcon.colcon_core.package_identification:_identify(src/gps_umd/build) by extension 'ignore'
[4.014s] Level 1:colcon.colcon_core.package_identification:_identify(src/gps_umd/build) ignored
[4.015s] Level 1:colcon.colcon_core.package_identification:_identify(src/gps_umd/gps_msgs) by extensions ['ignore', 'ignore_ament_install']
[4.017s] Level 1:colcon.colcon_core.package_identification:_identify(src/gps_umd/gps_msgs) by extension 'ignore'
[4.018s] Level 1:colcon.colcon_core.package_identification:_identify(src/gps_umd/gps_msgs) by extension 'ignore_ament_install'
[4.019s] Level 1:colcon.colcon_core.package_identification:_identify(src/gps_umd/gps_msgs) by extensions ['colcon_pkg']
[4.020s] Level 1:colcon.colcon_core.package_identification:_identify(src/gps_umd/gps_msgs) by extension 'colcon_pkg'
[4.021s] Level 1:colcon.colcon_core.package_identification:_identify(src/gps_umd/gps_msgs) by extensions ['colcon_meta']
[4.022s] Level 1:colcon.colcon_core.package_identification:_identify(src/gps_umd/gps_msgs) by extension 'colcon_meta'
[4.023s] Level 1:colcon.colcon_core.package_identification:_identify(src/gps_umd/gps_msgs) by extensions ['ros']
[4.023s] Level 1:colcon.colcon_core.package_identification:_identify(src/gps_umd/gps_msgs) by extension 'ros'
[4.076s] DEBUG:colcon.colcon_core.package_identification:Package 'src/gps_umd/gps_msgs' with type 'ros.ament_cmake' and name 'gps_msgs'
[4.078s] Level 1:colcon.colcon_core.package_identification:_identify(src/gps_umd/gps_tools) by extensions ['ignore', 'ignore_ament_install']
[4.079s] Level 1:colcon.colcon_core.package_identification:_identify(src/gps_umd/gps_tools) by extension 'ignore'
[4.080s] Level 1:colcon.colcon_core.package_identification:_identify(src/gps_umd/gps_tools) by extension 'ignore_ament_install'
[4.081s] Level 1:colcon.colcon_core.package_identification:_identify(src/gps_umd/gps_tools) by extensions ['colcon_pkg']
[4.082s] Level 1:colcon.colcon_core.package_identification:_identify(src/gps_umd/gps_tools) by extension 'colcon_pkg'
[4.083s] Level 1:colcon.colcon_core.package_identification:_identify(src/gps_umd/gps_tools) by extensions ['colcon_meta']
[4.084s] Level 1:colcon.colcon_core.package_identification:_identify(src/gps_umd/gps_tools) by extension 'colcon_meta'
[4.085s] Level 1:colcon.colcon_core.package_identification:_identify(src/gps_umd/gps_tools) by extensions ['ros']
[4.085s] Level 1:colcon.colcon_core.package_identification:_identify(src/gps_umd/gps_tools) by extension 'ros'
[4.098s] DEBUG:colcon.colcon_core.package_identification:Package 'src/gps_umd/gps_tools' with type 'ros.ament_cmake' and name 'gps_tools'
[4.100s] Level 1:colcon.colcon_core.package_identification:_identify(src/gps_umd/gps_umd) by extensions ['ignore', 'ignore_ament_install']
[4.102s] Level 1:colcon.colcon_core.package_identification:_identify(src/gps_umd/gps_umd) by extension 'ignore'
[4.103s] Level 1:colcon.colcon_core.package_identification:_identify(src/gps_umd/gps_umd) by extension 'ignore_ament_install'
[4.105s] Level 1:colcon.colcon_core.package_identification:_identify(src/gps_umd/gps_umd) by extensions ['colcon_pkg']
[4.107s] Level 1:colcon.colcon_core.package_identification:_identify(src/gps_umd/gps_umd) by extension 'colcon_pkg'
[4.108s] Level 1:colcon.colcon_core.package_identification:_identify(src/gps_umd/gps_umd) by extensions ['colcon_meta']
[4.110s] Level 1:colcon.colcon_core.package_identification:_identify(src/gps_umd/gps_umd) by extension 'colcon_meta'
[4.112s] Level 1:colcon.colcon_core.package_identification:_identify(src/gps_umd/gps_umd) by extensions ['ros']
[4.113s] Level 1:colcon.colcon_core.package_identification:_identify(src/gps_umd/gps_umd) by extension 'ros'
[4.122s] DEBUG:colcon.colcon_core.package_identification:Package 'src/gps_umd/gps_umd' with type 'ros.catkin' and name 'gps_umd'
[4.124s] Level 1:colcon.colcon_core.package_identification:_identify(src/gps_umd/gpsd_client) by extensions ['ignore', 'ignore_ament_install']
[4.125s] Level 1:colcon.colcon_core.package_identification:_identify(src/gps_umd/gpsd_client) by extension 'ignore'
[4.126s] Level 1:colcon.colcon_core.package_identification:_identify(src/gps_umd/gpsd_client) by extension 'ignore_ament_install'
[4.127s] Level 1:colcon.colcon_core.package_identification:_identify(src/gps_umd/gpsd_client) by extensions ['colcon_pkg']
[4.128s] Level 1:colcon.colcon_core.package_identification:_identify(src/gps_umd/gpsd_client) by extension 'colcon_pkg'
[4.129s] Level 1:colcon.colcon_core.package_identification:_identify(src/gps_umd/gpsd_client) by extensions ['colcon_meta']
[4.130s] Level 1:colcon.colcon_core.package_identification:_identify(src/gps_umd/gpsd_client) by extension 'colcon_meta'
[4.131s] Level 1:colcon.colcon_core.package_identification:_identify(src/gps_umd/gpsd_client) by extensions ['ros']
[4.132s] Level 1:colcon.colcon_core.package_identification:_identify(src/gps_umd/gpsd_client) by extension 'ros'
[4.144s] DEBUG:colcon.colcon_core.package_identification:Package 'src/gps_umd/gpsd_client' with type 'ros.ament_cmake' and name 'gpsd_client'
[4.146s] Level 1:colcon.colcon_core.package_identification:_identify(src/gps_umd/install) by extensions ['ignore', 'ignore_ament_install']
[4.147s] Level 1:colcon.colcon_core.package_identification:_identify(src/gps_umd/install) by extension 'ignore'
[4.148s] Level 1:colcon.colcon_core.package_identification:_identify(src/gps_umd/install) ignored
[4.150s] Level 1:colcon.colcon_core.package_identification:_identify(src/gps_umd/log) by extensions ['ignore', 'ignore_ament_install']
[4.151s] Level 1:colcon.colcon_core.package_identification:_identify(src/gps_umd/log) by extension 'ignore'
[4.152s] Level 1:colcon.colcon_core.package_identification:_identify(src/gps_umd/log) ignored
[4.154s] Level 1:colcon.colcon_core.package_identification:_identify(src/more_interfaces) by extensions ['ignore', 'ignore_ament_install']
[4.155s] Level 1:colcon.colcon_core.package_identification:_identify(src/more_interfaces) by extension 'ignore'
[4.156s] Level 1:colcon.colcon_core.package_identification:_identify(src/more_interfaces) by extension 'ignore_ament_install'
[4.157s] Level 1:colcon.colcon_core.package_identification:_identify(src/more_interfaces) by extensions ['colcon_pkg']
[4.158s] Level 1:colcon.colcon_core.package_identification:_identify(src/more_interfaces) by extension 'colcon_pkg'
[4.159s] Level 1:colcon.colcon_core.package_identification:_identify(src/more_interfaces) by extensions ['colcon_meta']
[4.160s] Level 1:colcon.colcon_core.package_identification:_identify(src/more_interfaces) by extension 'colcon_meta'
[4.161s] Level 1:colcon.colcon_core.package_identification:_identify(src/more_interfaces) by extensions ['ros']
[4.162s] Level 1:colcon.colcon_core.package_identification:_identify(src/more_interfaces) by extension 'ros'
[4.163s] Level 1:colcon.colcon_core.package_identification:_identify(src/more_interfaces) by extensions ['cmake', 'python']
[4.164s] Level 1:colcon.colcon_core.package_identification:_identify(src/more_interfaces) by extension 'cmake'
[4.165s] Level 1:colcon.colcon_core.package_identification:_identify(src/more_interfaces) by extension 'python'
[4.166s] Level 1:colcon.colcon_core.package_identification:_identify(src/more_interfaces) by extensions ['python_setup_py']
[4.167s] Level 1:colcon.colcon_core.package_identification:_identify(src/more_interfaces) by extension 'python_setup_py'
[4.169s] Level 1:colcon.colcon_core.package_identification:_identify(src/more_interfaces/msg) by extensions ['ignore', 'ignore_ament_install']
[4.170s] Level 1:colcon.colcon_core.package_identification:_identify(src/more_interfaces/msg) by extension 'ignore'
[4.171s] Level 1:colcon.colcon_core.package_identification:_identify(src/more_interfaces/msg) by extension 'ignore_ament_install'
[4.173s] Level 1:colcon.colcon_core.package_identification:_identify(src/more_interfaces/msg) by extensions ['colcon_pkg']
[4.173s] Level 1:colcon.colcon_core.package_identification:_identify(src/more_interfaces/msg) by extension 'colcon_pkg'
[4.174s] Level 1:colcon.colcon_core.package_identification:_identify(src/more_interfaces/msg) by extensions ['colcon_meta']
[4.175s] Level 1:colcon.colcon_core.package_identification:_identify(src/more_interfaces/msg) by extension 'colcon_meta'
[4.176s] Level 1:colcon.colcon_core.package_identification:_identify(src/more_interfaces/msg) by extensions ['ros']
[4.177s] Level 1:colcon.colcon_core.package_identification:_identify(src/more_interfaces/msg) by extension 'ros'
[4.179s] Level 1:colcon.colcon_core.package_identification:_identify(src/more_interfaces/msg) by extensions ['cmake', 'python']
[4.180s] Level 1:colcon.colcon_core.package_identification:_identify(src/more_interfaces/msg) by extension 'cmake'
[4.181s] Level 1:colcon.colcon_core.package_identification:_identify(src/more_interfaces/msg) by extension 'python'
[4.182s] Level 1:colcon.colcon_core.package_identification:_identify(src/more_interfaces/msg) by extensions ['python_setup_py']
[4.183s] Level 1:colcon.colcon_core.package_identification:_identify(src/more_interfaces/msg) by extension 'python_setup_py'
[4.185s] Level 1:colcon.colcon_core.package_identification:_identify(src/sensor_data) by extensions ['ignore', 'ignore_ament_install']
[4.187s] Level 1:colcon.colcon_core.package_identification:_identify(src/sensor_data) by extension 'ignore'
[4.188s] Level 1:colcon.colcon_core.package_identification:_identify(src/sensor_data) by extension 'ignore_ament_install'
[4.189s] Level 1:colcon.colcon_core.package_identification:_identify(src/sensor_data) by extensions ['colcon_pkg']
[4.190s] Level 1:colcon.colcon_core.package_identification:_identify(src/sensor_data) by extension 'colcon_pkg'
[4.191s] Level 1:colcon.colcon_core.package_identification:_identify(src/sensor_data) by extensions ['colcon_meta']
[4.192s] Level 1:colcon.colcon_core.package_identification:_identify(src/sensor_data) by extension 'colcon_meta'
[4.193s] Level 1:colcon.colcon_core.package_identification:_identify(src/sensor_data) by extensions ['ros']
[4.194s] Level 1:colcon.colcon_core.package_identification:_identify(src/sensor_data) by extension 'ros'
[4.201s] DEBUG:colcon.colcon_core.package_identification:Package 'src/sensor_data' with type 'ros.ament_python' and name 'sensor_data'
[4.202s] Level 1:colcon.colcon_core.package_discovery:discover_packages(recursive) using defaults
[4.203s] Level 1:colcon.colcon_core.package_discovery:discover_packages(ignore) discover
[4.204s] Level 1:colcon.colcon_core.package_discovery:discover_packages(ignore) using defaults
[4.205s] Level 1:colcon.colcon_core.package_discovery:discover_packages(path) discover
[4.205s] Level 1:colcon.colcon_core.package_discovery:discover_packages(path) using defaults
[4.640s] INFO:colcon.colcon_core.package_selection:Skipping not selected package 'gps_msgs' in 'src/gps_umd/gps_msgs'
[4.641s] INFO:colcon.colcon_core.package_selection:Skipping not selected package 'sensor_data' in 'src/sensor_data'
[4.642s] INFO:colcon.colcon_core.package_selection:Skipping not selected package 'gps_tools' in 'src/gps_umd/gps_tools'
[4.642s] INFO:colcon.colcon_core.package_selection:Skipping not selected package 'gpsd_client' in 'src/gps_umd/gpsd_client'
[4.651s] Level 1:colcon.colcon_core.package_discovery:discover_packages(prefix_path) check parameters
[4.652s] Level 1:colcon.colcon_core.package_discovery:discover_packages(prefix_path) discover
[4.701s] DEBUG:colcon.colcon_installed_package_information.package_discovery:Found 270 installed packages in /opt/ros/humble
[4.716s] Level 1:colcon.colcon_core.package_discovery:discover_packages(prefix_path) using defaults
[5.547s] Level 5:colcon.colcon_core.verb:set package 'gps_umd' build argument 'cmake_args' from command line to 'None'
[5.548s] Level 5:colcon.colcon_core.verb:set package 'gps_umd' build argument 'cmake_target' from command line to 'None'
[5.548s] Level 5:colcon.colcon_core.verb:set package 'gps_umd' build argument 'cmake_target_skip_unavailable' from command line to 'False'
[5.549s] Level 5:colcon.colcon_core.verb:set package 'gps_umd' build argument 'cmake_clean_cache' from command line to 'False'
[5.549s] Level 5:colcon.colcon_core.verb:set package 'gps_umd' build argument 'cmake_clean_first' from command line to 'False'
[5.550s] Level 5:colcon.colcon_core.verb:set package 'gps_umd' build argument 'cmake_force_configure' from command line to 'False'
[5.550s] Level 5:colcon.colcon_core.verb:set package 'gps_umd' build argument 'ament_cmake_args' from command line to 'None'
[5.551s] Level 5:colcon.colcon_core.verb:set package 'gps_umd' build argument 'catkin_cmake_args' from command line to 'None'
[5.551s] Level 5:colcon.colcon_core.verb:set package 'gps_umd' build argument 'catkin_skip_building_tests' from command line to 'False'
[5.552s] DEBUG:colcon.colcon_core.verb:Building package 'gps_umd' with the following arguments: {'ament_cmake_args': None, 'build_base': '/home/pi/gps/Python-GPS-m8p-d/ros2_gps_ws/build/gps_umd', 'catkin_cmake_args': None, 'catkin_skip_building_tests': False, 'cmake_args': None, 'cmake_clean_cache': False, 'cmake_clean_first': False, 'cmake_force_configure': False, 'cmake_target': None, 'cmake_target_skip_unavailable': False, 'install_base': '/home/pi/gps/Python-GPS-m8p-d/ros2_gps_ws/install/gps_umd', 'merge_install': False, 'path': '/home/pi/gps/Python-GPS-m8p-d/ros2_gps_ws/src/gps_umd/gps_umd', 'symlink_install': False, 'test_result_base': None}
[5.559s] INFO:colcon.colcon_core.executor:Executing jobs using 'parallel' executor
[5.599s] DEBUG:colcon.colcon_parallel_executor.executor.parallel:run_until_complete
[5.603s] INFO:colcon.colcon_ros.task.catkin.build:Building ROS package in '/home/pi/gps/Python-GPS-m8p-d/ros2_gps_ws/src/gps_umd/gps_umd' with build type 'catkin'
[5.605s] INFO:colcon.colcon_cmake.task.cmake.build:Building CMake package in '/home/pi/gps/Python-GPS-m8p-d/ros2_gps_ws/src/gps_umd/gps_umd'
[5.686s] INFO:colcon.colcon_core.plugin_system:Skipping extension 'colcon_core.shell.bat': Not used on non-Windows systems
[5.688s] INFO:colcon.colcon_core.shell:Skip shell extension 'powershell' for command environment: Not usable outside of PowerShell
[5.689s] DEBUG:colcon.colcon_core.shell:Skip shell extension 'dsv' for command environment
[5.718s] ERROR:colcon.colcon_cmake.task.cmake.build:Failed to find the following files:
- /home/pi/gps/Python-GPS-m8p-d/ros2_gps_ws/install/gps_tools/share/gps_tools/package.sh
- /home/pi/gps/Python-GPS-m8p-d/ros2_gps_ws/install/gpsd_client/share/gpsd_client/package.sh
Check that the following packages have been built:
- gps_tools
- gpsd_client
[5.720s] Level 1:colcon.colcon_core.environment:create_environment_scripts_only(gps_umd)
[5.802s] Level 1:colcon.colcon_core.environment:checking '/home/pi/gps/Python-GPS-m8p-d/ros2_gps_ws/install/gps_umd' for CMake module files
[5.809s] Level 1:colcon.colcon_core.environment:checking '/home/pi/gps/Python-GPS-m8p-d/ros2_gps_ws/install/gps_umd' for CMake config files
[5.815s] Level 1:colcon.colcon_core.environment:checking '/home/pi/gps/Python-GPS-m8p-d/ros2_gps_ws/install/gps_umd/bin'
[5.816s] Level 1:colcon.colcon_core.environment:checking '/home/pi/gps/Python-GPS-m8p-d/ros2_gps_ws/install/gps_umd/lib/pkgconfig/gps_umd.pc'
[5.819s] Level 1:colcon.colcon_core.environment:checking '/home/pi/gps/Python-GPS-m8p-d/ros2_gps_ws/install/gps_umd/lib/python3.10/site-packages'
[5.821s] Level 1:colcon.colcon_core.environment:checking '/home/pi/gps/Python-GPS-m8p-d/ros2_gps_ws/install/gps_umd/bin'
[5.835s] INFO:colcon.colcon_core.shell:Creating package script '/home/pi/gps/Python-GPS-m8p-d/ros2_gps_ws/install/gps_umd/share/gps_umd/package.ps1'
[5.845s] INFO:colcon.colcon_core.shell:Creating package descriptor '/home/pi/gps/Python-GPS-m8p-d/ros2_gps_ws/install/gps_umd/share/gps_umd/package.dsv'
[5.862s] INFO:colcon.colcon_core.shell:Creating package script '/home/pi/gps/Python-GPS-m8p-d/ros2_gps_ws/install/gps_umd/share/gps_umd/package.sh'
[5.870s] INFO:colcon.colcon_core.shell:Creating package script '/home/pi/gps/Python-GPS-m8p-d/ros2_gps_ws/install/gps_umd/share/gps_umd/package.bash'
[5.881s] INFO:colcon.colcon_core.shell:Creating package script '/home/pi/gps/Python-GPS-m8p-d/ros2_gps_ws/install/gps_umd/share/gps_umd/package.zsh'
[5.891s] Level 1:colcon.colcon_core.environment:create_file_with_runtime_dependencies(/home/pi/gps/Python-GPS-m8p-d/ros2_gps_ws/install/gps_umd/share/colcon-core/packages/gps_umd)
[5.906s] DEBUG:colcon.colcon_parallel_executor.executor.parallel:closing loop
[5.907s] DEBUG:colcon.colcon_parallel_executor.executor.parallel:loop closed
[5.908s] DEBUG:colcon.colcon_parallel_executor.executor.parallel:run_until_complete finished with '1'
[5.908s] DEBUG:colcon.colcon_core.event_reactor:joining thread
[6.010s] INFO:colcon.colcon_core.plugin_system:Skipping extension 'colcon_notification.desktop_notification.notify_send': Could not find 'notify-send'
[6.011s] INFO:colcon.colcon_core.plugin_system:Skipping extension 'colcon_notification.desktop_notification.terminal_notifier': Not used on non-Darwin systems
[6.012s] INFO:colcon.colcon_core.plugin_system:Skipping extension 'colcon_notification.desktop_notification.win32': Not used on non-Windows systems
[6.013s] INFO:colcon.colcon_notification.desktop_notification:Sending desktop notification using 'notify2'
[6.201s] DEBUG:colcon.colcon_notification.desktop_notification.notify2:Failed to initialize notify2: org.freedesktop.DBus.Error.ServiceUnknown: The name org.freedesktop.Notifications was not provided by any .service files
[6.204s] DEBUG:colcon.colcon_core.event_reactor:joined thread
[6.227s] INFO:colcon.colcon_core.shell:Creating prefix script '/home/pi/gps/Python-GPS-m8p-d/ros2_gps_ws/install/local_setup.ps1'
[6.240s] INFO:colcon.colcon_core.shell:Creating prefix util module '/home/pi/gps/Python-GPS-m8p-d/ros2_gps_ws/install/_local_setup_util_ps1.py'
[6.265s] INFO:colcon.colcon_core.shell:Creating prefix chain script '/home/pi/gps/Python-GPS-m8p-d/ros2_gps_ws/install/setup.ps1'
[6.279s] INFO:colcon.colcon_core.shell:Creating prefix script '/home/pi/gps/Python-GPS-m8p-d/ros2_gps_ws/install/local_setup.sh'
[6.287s] INFO:colcon.colcon_core.shell:Creating prefix util module '/home/pi/gps/Python-GPS-m8p-d/ros2_gps_ws/install/_local_setup_util_sh.py'
[6.292s] INFO:colcon.colcon_core.shell:Creating prefix chain script '/home/pi/gps/Python-GPS-m8p-d/ros2_gps_ws/install/setup.sh'
[6.305s] INFO:colcon.colcon_core.shell:Creating prefix script '/home/pi/gps/Python-GPS-m8p-d/ros2_gps_ws/install/local_setup.bash'
[6.312s] INFO:colcon.colcon_core.shell:Creating prefix chain script '/home/pi/gps/Python-GPS-m8p-d/ros2_gps_ws/install/setup.bash'
[6.326s] INFO:colcon.colcon_core.shell:Creating prefix script '/home/pi/gps/Python-GPS-m8p-d/ros2_gps_ws/install/local_setup.zsh'
[6.334s] INFO:colcon.colcon_core.shell:Creating prefix chain script '/home/pi/gps/Python-GPS-m8p-d/ros2_gps_ws/install/setup.zsh'
