[6.790s] Invoking command in '/home/pi/gps/Python-GPS-m8p-d/ros2_gps_ws/src/sensor_data': PYTHONPATH=/home/pi/gps/Python-GPS-m8p-d/ros2_gps_ws/src/install/sensor_data/lib/python3.10/site-packages:${PYTHONPATH} /usr/bin/python3 setup.py egg_info --egg-base ../build/sensor_data build --build-base /home/pi/gps/Python-GPS-m8p-d/ros2_gps_ws/src/build/sensor_data/build install --prefix /home/pi/gps/Python-GPS-m8p-d/ros2_gps_ws/src/install/sensor_data --record /home/pi/gps/Python-GPS-m8p-d/ros2_gps_ws/src/build/sensor_data/install.log --single-version-externally-managed
[9.297s] running egg_info
[9.301s] writing ../build/sensor_data/sensor_data.egg-info/PKG-INFO
[9.303s] writing dependency_links to ../build/sensor_data/sensor_data.egg-info/dependency_links.txt
[9.305s] writing entry points to ../build/sensor_data/sensor_data.egg-info/entry_points.txt
[9.307s] writing requirements to ../build/sensor_data/sensor_data.egg-info/requires.txt
[9.308s] writing top-level names to ../build/sensor_data/sensor_data.egg-info/top_level.txt
[9.323s] reading manifest file '../build/sensor_data/sensor_data.egg-info/SOURCES.txt'
[9.336s] writing manifest file '../build/sensor_data/sensor_data.egg-info/SOURCES.txt'
[9.337s] running build
[9.338s] running build_py
[9.340s] running install
[9.342s] running install_lib
[9.352s] running install_data
[9.356s] running install_egg_info
[9.369s] removing '/home/pi/gps/Python-GPS-m8p-d/ros2_gps_ws/src/install/sensor_data/lib/python3.10/site-packages/sensor_data-0.0.0-py3.10.egg-info' (and everything under it)
[9.372s] Copying ../build/sensor_data/sensor_data.egg-info to /home/pi/gps/Python-GPS-m8p-d/ros2_gps_ws/src/install/sensor_data/lib/python3.10/site-packages/sensor_data-0.0.0-py3.10.egg-info
[9.385s] running install_scripts
[9.532s] Installing test_node script to /home/pi/gps/Python-GPS-m8p-d/ros2_gps_ws/src/install/sensor_data/lib/sensor_data
[9.536s] writing list of installed files to '/home/pi/gps/Python-GPS-m8p-d/ros2_gps_ws/src/build/sensor_data/install.log'
[9.795s] Invoked command in '/home/pi/gps/Python-GPS-m8p-d/ros2_gps_ws/src/sensor_data' returned '0': PYTHONPATH=/home/pi/gps/Python-GPS-m8p-d/ros2_gps_ws/src/install/sensor_data/lib/python3.10/site-packages:${PYTHONPATH} /usr/bin/python3 setup.py egg_info --egg-base ../build/sensor_data build --build-base /home/pi/gps/Python-GPS-m8p-d/ros2_gps_ws/src/build/sensor_data/build install --prefix /home/pi/gps/Python-GPS-m8p-d/ros2_gps_ws/src/install/sensor_data --record /home/pi/gps/Python-GPS-m8p-d/ros2_gps_ws/src/build/sensor_data/install.log --single-version-externally-managed
