[0.144s] Invoking command in '/home/pi/gps/Python-GPS-m8p-d/ros2_gps_ws/build/gps_msgs': CMAKE_PREFIX_PATH=/opt/ros/humble /usr/bin/cmake /home/pi/gps/Python-GPS-m8p-d/ros2_gps_ws/src/gps_umd/gps_msgs -DAMENT_CMAKE_SYMLINK_INSTALL=1 -DCMAKE_INSTALL_PREFIX=/home/pi/gps/Python-GPS-m8p-d/ros2_gps_ws/install/gps_msgs
[0.781s] -- Found ament_cmake: 1.3.2 (/opt/ros/humble/share/ament_cmake/cmake)
[2.145s] -- Override CMake install command with custom implementation using symlinks instead of copying resources
[2.337s] -- Found rosidl_default_generators: 1.2.0 (/opt/ros/humble/share/rosidl_default_generators/cmake)
[2.385s] -- Using all available rosidl_typesupport_c: rosidl_typesupport_fastrtps_c;rosidl_typesupport_introspection_c
[2.428s] -- Found rosidl_adapter: 3.1.3 (/opt/ros/humble/share/rosidl_adapter/cmake)
[2.885s] -- Using all available rosidl_typesupport_cpp: rosidl_typesupport_fastrtps_cpp;rosidl_typesupport_introspection_cpp
[3.233s] -- Found std_msgs: 4.2.2 (/opt/ros/humble/share/std_msgs/cmake)
[6.466s] -- Found ament_cmake_ros: 0.10.0 (/opt/ros/humble/share/ament_cmake_ros/cmake)
[8.463s] -- Using all available rosidl_typesupport_c: rosidl_typesupport_fastrtps_c;rosidl_typesupport_introspection_c
[11.197s] -- Using all available rosidl_typesupport_cpp: rosidl_typesupport_fastrtps_cpp;rosidl_typesupport_introspection_cpp
[11.408s] -- Found python_cmake_module: 0.10.0 (/opt/ros/humble/share/python_cmake_module/cmake)
[11.636s] -- Using PYTHON_EXECUTABLE: /usr/bin/python3
[11.637s] -- Using PYTHON_INCLUDE_DIRS: /usr/include/python3.10
[11.637s] -- Using PYTHON_LIBRARIES: /usr/lib/aarch64-linux-gnu/libpython3.10.so
[12.056s] -- Configuring done
[12.971s] -- Generating done
[13.007s] -- Build files have been written to: /home/pi/gps/Python-GPS-m8p-d/ros2_gps_ws/build/gps_msgs
[13.103s] Invoked command in '/home/pi/gps/Python-GPS-m8p-d/ros2_gps_ws/build/gps_msgs' returned '0': CMAKE_PREFIX_PATH=/opt/ros/humble /usr/bin/cmake /home/pi/gps/Python-GPS-m8p-d/ros2_gps_ws/src/gps_umd/gps_msgs -DAMENT_CMAKE_SYMLINK_INSTALL=1 -DCMAKE_INSTALL_PREFIX=/home/pi/gps/Python-GPS-m8p-d/ros2_gps_ws/install/gps_msgs
[13.124s] Invoking command in '/home/pi/gps/Python-GPS-m8p-d/ros2_gps_ws/build/gps_msgs': CMAKE_PREFIX_PATH=/opt/ros/humble /usr/bin/cmake --build /home/pi/gps/Python-GPS-m8p-d/ros2_gps_ws/build/gps_msgs -- -j4 -l4
[13.516s] [35m[1mConsolidate compiler generated dependencies of target gps_msgs__rosidl_generator_c[0m
[13.542s] failed to create symbolic link '/home/pi/gps/Python-GPS-m8p-d/ros2_gps_ws/build/gps_msgs/ament_cmake_python/gps_msgs/gps_msgs' because existing path cannot be removed: Is a directory
[13.549s] gmake[2]: *** [CMakeFiles/ament_cmake_python_symlink_gps_msgs.dir/build.make:70: CMakeFiles/ament_cmake_python_symlink_gps_msgs] Error 1
[13.551s] gmake[1]: *** [CMakeFiles/Makefile2:421: CMakeFiles/ament_cmake_python_symlink_gps_msgs.dir/all] Error 2
[13.552s] gmake[1]: *** Waiting for unfinished jobs....
[13.563s] [  2%] Built target gps_msgs__cpp
[13.926s] [ 12%] Built target gps_msgs__rosidl_generator_c
[13.934s] gmake: *** [Makefile:146: all] Error 2
[13.946s] Invoked command in '/home/pi/gps/Python-GPS-m8p-d/ros2_gps_ws/build/gps_msgs' returned '2': CMAKE_PREFIX_PATH=/opt/ros/humble /usr/bin/cmake --build /home/pi/gps/Python-GPS-m8p-d/ros2_gps_ws/build/gps_msgs -- -j4 -l4
